CRITICAL - 2022-08-28 15:55:18 --> Undefined variable: db
#0 C:\trupti\new_klamp_accounting\app\Models\TradingModel.php(2364): CodeIgniter\Debug\Exceptions->errorHandler(8, 'Undefined varia...', 'C:\\trupti\\new_k...', 2364, Array)
#1 C:\trupti\new_klamp_accounting\app\Controllers\Trading.php(2190): App\Models\TradingModel->purchase_general_voucher('2021-04-01', '2022-03-31')
#2 C:\trupti\new_klamp_accounting\system\CodeIgniter.php(918): App\Controllers\Trading->purchase_general_voucher()
#3 C:\trupti\new_klamp_accounting\system\CodeIgniter.php(404): CodeIgniter\CodeIgniter->runController(Object(App\Controllers\Trading))
#4 C:\trupti\new_klamp_accounting\system\CodeIgniter.php(312): CodeIgniter\CodeIgniter->handleRequest(NULL, Object(Config\Cache), false)
#5 C:\trupti\new_klamp_accounting\public\index.php(45): CodeIgniter\CodeIgniter->run()
#6 C:\trupti\new_klamp_accounting\system\Commands\Server\rewrite.php(34): require_once('C:\\trupti\\new_k...')
#7 {main}
CRITICAL - 2022-08-28 15:55:55 --> Invalid file: trading/purchase_general_voucher.php
#0 C:\trupti\new_klamp_accounting\system\View\View.php(228): CodeIgniter\Exceptions\FrameworkException::forInvalidFile('trading/purchas...')
#1 C:\trupti\new_klamp_accounting\app\Common.php(48): CodeIgniter\View\View->render('trading/purchas...', Array, true)
#2 C:\trupti\new_klamp_accounting\app\Controllers\Trading.php(2199): view('trading/purchas...', Array)
#3 C:\trupti\new_klamp_accounting\system\CodeIgniter.php(918): App\Controllers\Trading->purchase_general_voucher()
#4 C:\trupti\new_klamp_accounting\system\CodeIgniter.php(404): CodeIgniter\CodeIgniter->runController(Object(App\Controllers\Trading))
#5 C:\trupti\new_klamp_accounting\system\CodeIgniter.php(312): CodeIgniter\CodeIgniter->handleRequest(NULL, Object(Config\Cache), false)
#6 C:\trupti\new_klamp_accounting\public\index.php(45): CodeIgniter\CodeIgniter->run()
#7 C:\trupti\new_klamp_accounting\system\Commands\Server\rewrite.php(34): require_once('C:\\trupti\\new_k...')
#8 {main}
CRITICAL - 2022-08-28 15:56:30 --> Undefined variable: data
#0 C:\trupti\new_klamp_accounting\app\Views\trading\purchase_general_voucher.php(142): CodeIgniter\Debug\Exceptions->errorHandler(8, 'Undefined varia...', 'C:\\trupti\\new_k...', 142, Array)
#1 C:\trupti\new_klamp_accounting\system\View\View.php(246): include('C:\\trupti\\new_k...')
#2 C:\trupti\new_klamp_accounting\app\Common.php(48): CodeIgniter\View\View->render('trading/purchas...', Array, true)
#3 C:\trupti\new_klamp_accounting\app\Controllers\Trading.php(2199): view('trading/purchas...', Array)
#4 C:\trupti\new_klamp_accounting\system\CodeIgniter.php(918): App\Controllers\Trading->purchase_general_voucher()
#5 C:\trupti\new_klamp_accounting\system\CodeIgniter.php(404): CodeIgniter\CodeIgniter->runController(Object(App\Controllers\Trading))
#6 C:\trupti\new_klamp_accounting\system\CodeIgniter.php(312): CodeIgniter\CodeIgniter->handleRequest(NULL, Object(Config\Cache), false)
#7 C:\trupti\new_klamp_accounting\public\index.php(45): CodeIgniter\CodeIgniter->run()
#8 C:\trupti\new_klamp_accounting\system\Commands\Server\rewrite.php(34): require_once('C:\\trupti\\new_k...')
#9 {main}
CRITICAL - 2022-08-28 15:59:07 --> syntax error, unexpected '}', expecting end of file
#0 C:\trupti\new_klamp_accounting\app\Common.php(48): CodeIgniter\View\View->render('trading/purchas...', Array, true)
#1 C:\trupti\new_klamp_accounting\app\Controllers\Trading.php(2199): view('trading/purchas...', Array)
#2 C:\trupti\new_klamp_accounting\system\CodeIgniter.php(918): App\Controllers\Trading->purchase_general_voucher()
#3 C:\trupti\new_klamp_accounting\system\CodeIgniter.php(404): CodeIgniter\CodeIgniter->runController(Object(App\Controllers\Trading))
#4 C:\trupti\new_klamp_accounting\system\CodeIgniter.php(312): CodeIgniter\CodeIgniter->handleRequest(NULL, Object(Config\Cache), false)
#5 C:\trupti\new_klamp_accounting\public\index.php(45): CodeIgniter\CodeIgniter->run()
#6 C:\trupti\new_klamp_accounting\system\Commands\Server\rewrite.php(34): require_once('C:\\trupti\\new_k...')
#7 {main}
CRITICAL - 2022-08-28 16:13:16 --> Undefined variable: start_date
#0 C:\trupti\new_klamp_accounting\app\Models\TradingModel.php(2371): CodeIgniter\Debug\Exceptions->errorHandler(8, 'Undefined varia...', 'C:\\trupti\\new_k...', 2371, Array)
#1 C:\trupti\new_klamp_accounting\app\Controllers\Trading.php(2190): App\Models\TradingModel->purchase_general_voucher(Array)
#2 C:\trupti\new_klamp_accounting\system\CodeIgniter.php(918): App\Controllers\Trading->purchase_general_voucher()
#3 C:\trupti\new_klamp_accounting\system\CodeIgniter.php(404): CodeIgniter\CodeIgniter->runController(Object(App\Controllers\Trading))
#4 C:\trupti\new_klamp_accounting\system\CodeIgniter.php(312): CodeIgniter\CodeIgniter->handleRequest(NULL, Object(Config\Cache), false)
#5 C:\trupti\new_klamp_accounting\public\index.php(45): CodeIgniter\CodeIgniter->run()
#6 C:\trupti\new_klamp_accounting\system\Commands\Server\rewrite.php(34): require_once('C:\\trupti\\new_k...')
#7 {main}
CRITICAL - 2022-08-28 16:17:27 --> Undefined index: party_name
#0 C:\trupti\new_klamp_accounting\app\Controllers\Addbook.php(342): CodeIgniter\Debug\Exceptions->errorHandler(8, 'Undefined index...', 'C:\\trupti\\new_k...', 342, Array)
#1 C:\trupti\new_klamp_accounting\system\CodeIgniter.php(918): App\Controllers\Addbook->Getdata('search_account')
#2 C:\trupti\new_klamp_accounting\system\CodeIgniter.php(404): CodeIgniter\CodeIgniter->runController(Object(App\Controllers\Addbook))
#3 C:\trupti\new_klamp_accounting\system\CodeIgniter.php(312): CodeIgniter\CodeIgniter->handleRequest(NULL, Object(Config\Cache), false)
#4 C:\trupti\new_klamp_accounting\public\index.php(45): CodeIgniter\CodeIgniter->run()
#5 C:\trupti\new_klamp_accounting\system\Commands\Server\rewrite.php(34): require_once('C:\\trupti\\new_k...')
#6 {main}
CRITICAL - 2022-08-28 16:17:28 --> Undefined index: party_name
#0 C:\trupti\new_klamp_accounting\app\Controllers\Addbook.php(342): CodeIgniter\Debug\Exceptions->errorHandler(8, 'Undefined index...', 'C:\\trupti\\new_k...', 342, Array)
#1 C:\trupti\new_klamp_accounting\system\CodeIgniter.php(918): App\Controllers\Addbook->Getdata('search_account')
#2 C:\trupti\new_klamp_accounting\system\CodeIgniter.php(404): CodeIgniter\CodeIgniter->runController(Object(App\Controllers\Addbook))
#3 C:\trupti\new_klamp_accounting\system\CodeIgniter.php(312): CodeIgniter\CodeIgniter->handleRequest(NULL, Object(Config\Cache), false)
#4 C:\trupti\new_klamp_accounting\public\index.php(45): CodeIgniter\CodeIgniter->run()
#5 C:\trupti\new_klamp_accounting\system\Commands\Server\rewrite.php(34): require_once('C:\\trupti\\new_k...')
#6 {main}
CRITICAL - 2022-08-28 16:17:36 --> Undefined index: party_name
#0 C:\trupti\new_klamp_accounting\app\Controllers\Addbook.php(342): CodeIgniter\Debug\Exceptions->errorHandler(8, 'Undefined index...', 'C:\\trupti\\new_k...', 342, Array)
#1 C:\trupti\new_klamp_accounting\system\CodeIgniter.php(918): App\Controllers\Addbook->Getdata('search_account')
#2 C:\trupti\new_klamp_accounting\system\CodeIgniter.php(404): CodeIgniter\CodeIgniter->runController(Object(App\Controllers\Addbook))
#3 C:\trupti\new_klamp_accounting\system\CodeIgniter.php(312): CodeIgniter\CodeIgniter->handleRequest(NULL, Object(Config\Cache), false)
#4 C:\trupti\new_klamp_accounting\public\index.php(45): CodeIgniter\CodeIgniter->run()
#5 C:\trupti\new_klamp_accounting\system\Commands\Server\rewrite.php(34): require_once('C:\\trupti\\new_k...')
#6 {main}
CRITICAL - 2022-08-28 16:24:58 --> Undefined variable: get
#0 C:\trupti\new_klamp_accounting\app\Controllers\Trading.php(2190): CodeIgniter\Debug\Exceptions->errorHandler(8, 'Undefined varia...', 'C:\\trupti\\new_k...', 2190, Array)
#1 C:\trupti\new_klamp_accounting\system\CodeIgniter.php(918): App\Controllers\Trading->purchase_general_voucher()
#2 C:\trupti\new_klamp_accounting\system\CodeIgniter.php(404): CodeIgniter\CodeIgniter->runController(Object(App\Controllers\Trading))
#3 C:\trupti\new_klamp_accounting\system\CodeIgniter.php(312): CodeIgniter\CodeIgniter->handleRequest(NULL, Object(Config\Cache), false)
#4 C:\trupti\new_klamp_accounting\public\index.php(45): CodeIgniter\CodeIgniter->run()
#5 C:\trupti\new_klamp_accounting\system\Commands\Server\rewrite.php(34): require_once('C:\\trupti\\new_k...')
#6 {main}
CRITICAL - 2022-08-28 16:31:08 --> Undefined index: from
#0 C:\trupti\new_klamp_accounting\app\Models\TradingModel.php(2365): CodeIgniter\Debug\Exceptions->errorHandler(8, 'Undefined index...', 'C:\\trupti\\new_k...', 2365, Array)
#1 C:\trupti\new_klamp_accounting\app\Controllers\Trading.php(2193): App\Models\TradingModel->purchase_general_voucher(Array)
#2 C:\trupti\new_klamp_accounting\system\CodeIgniter.php(918): App\Controllers\Trading->purchase_general_voucher()
#3 C:\trupti\new_klamp_accounting\system\CodeIgniter.php(404): CodeIgniter\CodeIgniter->runController(Object(App\Controllers\Trading))
#4 C:\trupti\new_klamp_accounting\system\CodeIgniter.php(312): CodeIgniter\CodeIgniter->handleRequest(NULL, Object(Config\Cache), false)
#5 C:\trupti\new_klamp_accounting\public\index.php(45): CodeIgniter\CodeIgniter->run()
#6 C:\trupti\new_klamp_accounting\system\Commands\Server\rewrite.php(34): require_once('C:\\trupti\\new_k...')
#7 {main}
CRITICAL - 2022-08-28 16:32:32 --> Undefined index: from
#0 C:\trupti\new_klamp_accounting\app\Models\TradingModel.php(2365): CodeIgniter\Debug\Exceptions->errorHandler(8, 'Undefined index...', 'C:\\trupti\\new_k...', 2365, Array)
#1 C:\trupti\new_klamp_accounting\app\Controllers\Trading.php(2193): App\Models\TradingModel->purchase_general_voucher(Array)
#2 C:\trupti\new_klamp_accounting\system\CodeIgniter.php(918): App\Controllers\Trading->purchase_general_voucher()
#3 C:\trupti\new_klamp_accounting\system\CodeIgniter.php(404): CodeIgniter\CodeIgniter->runController(Object(App\Controllers\Trading))
#4 C:\trupti\new_klamp_accounting\system\CodeIgniter.php(312): CodeIgniter\CodeIgniter->handleRequest(NULL, Object(Config\Cache), false)
#5 C:\trupti\new_klamp_accounting\public\index.php(45): CodeIgniter\CodeIgniter->run()
#6 C:\trupti\new_klamp_accounting\system\Commands\Server\rewrite.php(34): require_once('C:\\trupti\\new_k...')
#7 {main}
CRITICAL - 2022-08-28 16:45:18 --> You must set the database table to be used with your query.
#0 C:\trupti\new_klamp_accounting\system\Model.php(1237): CodeIgniter\Database\BaseConnection->table(NULL)
#1 C:\trupti\new_klamp_accounting\system\Model.php(1816): CodeIgniter\Model->builder()
#2 C:\trupti\new_klamp_accounting\app\Controllers\Trading.php(2233): CodeIgniter\Model->__call('sales_general_v...', Array)
#3 C:\trupti\new_klamp_accounting\system\CodeIgniter.php(918): App\Controllers\Trading->sales_general_voucher()
#4 C:\trupti\new_klamp_accounting\system\CodeIgniter.php(404): CodeIgniter\CodeIgniter->runController(Object(App\Controllers\Trading))
#5 C:\trupti\new_klamp_accounting\system\CodeIgniter.php(312): CodeIgniter\CodeIgniter->handleRequest(NULL, Object(Config\Cache), false)
#6 C:\trupti\new_klamp_accounting\public\index.php(45): CodeIgniter\CodeIgniter->run()
#7 C:\trupti\new_klamp_accounting\system\Commands\Server\rewrite.php(34): require_once('C:\\trupti\\new_k...')
#8 {main}
CRITICAL - 2022-08-28 22:07:20 --> Unknown column 'doc_date' in 'where clause'
#0 C:\trupti\new_klamp_accounting\system\Database\MySQLi\Connection.php(331): mysqli->query('SELECT `p`.*, `...')
#1 C:\trupti\new_klamp_accounting\system\Database\BaseConnection.php(741): CodeIgniter\Database\MySQLi\Connection->execute('SELECT `p`.*, `...')
#2 C:\trupti\new_klamp_accounting\system\Database\BaseConnection.php(669): CodeIgniter\Database\BaseConnection->simpleQuery('SELECT `p`.*, `...')
#3 C:\trupti\new_klamp_accounting\system\Database\BaseBuilder.php(1860): CodeIgniter\Database\BaseConnection->query('SELECT `p`.*, `...', Array, false)
#4 C:\trupti\new_klamp_accounting\app\Models\TradingModel.php(2414): CodeIgniter\Database\BaseBuilder->get()
#5 C:\trupti\new_klamp_accounting\app\Controllers\Trading.php(2233): App\Models\TradingModel->sales_general_voucher(Array)
#6 C:\trupti\new_klamp_accounting\system\CodeIgniter.php(918): App\Controllers\Trading->sales_general_voucher()
#7 C:\trupti\new_klamp_accounting\system\CodeIgniter.php(404): CodeIgniter\CodeIgniter->runController(Object(App\Controllers\Trading))
#8 C:\trupti\new_klamp_accounting\system\CodeIgniter.php(312): CodeIgniter\CodeIgniter->handleRequest(NULL, Object(Config\Cache), false)
#9 C:\trupti\new_klamp_accounting\public\index.php(45): CodeIgniter\CodeIgniter->run()
#10 C:\trupti\new_klamp_accounting\system\Commands\Server\rewrite.php(34): require_once('C:\\trupti\\new_k...')
#11 {main}
CRITICAL - 2022-08-28 22:08:39 --> Undefined variable: purchase_general_return
#0 C:\trupti\new_klamp_accounting\app\Views\trading\sales_general_voucher.php(134): CodeIgniter\Debug\Exceptions->errorHandler(8, 'Undefined varia...', 'C:\\trupti\\new_k...', 134, Array)
#1 C:\trupti\new_klamp_accounting\system\View\View.php(246): include('C:\\trupti\\new_k...')
#2 C:\trupti\new_klamp_accounting\app\Common.php(48): CodeIgniter\View\View->render('trading/sales_g...', Array, true)
#3 C:\trupti\new_klamp_accounting\app\Controllers\Trading.php(2239): view('trading/sales_g...', Array)
#4 C:\trupti\new_klamp_accounting\system\CodeIgniter.php(918): App\Controllers\Trading->sales_general_voucher()
#5 C:\trupti\new_klamp_accounting\system\CodeIgniter.php(404): CodeIgniter\CodeIgniter->runController(Object(App\Controllers\Trading))
#6 C:\trupti\new_klamp_accounting\system\CodeIgniter.php(312): CodeIgniter\CodeIgniter->handleRequest(NULL, Object(Config\Cache), false)
#7 C:\trupti\new_klamp_accounting\public\index.php(45): CodeIgniter\CodeIgniter->run()
#8 C:\trupti\new_klamp_accounting\system\Commands\Server\rewrite.php(34): require_once('C:\\trupti\\new_k...')
#9 {main}
