CRITICAL - 2022-08-18 10:14:11 --> Table 'manifest_erp.gl_group' doesn't exist
#0 C:\trupti\new_klamp_accounting\system\Database\MySQLi\Connection.php(331): mysqli->query('SELECT `id`\nFRO...')
#1 C:\trupti\new_klamp_accounting\system\Database\BaseConnection.php(741): CodeIgniter\Database\MySQLi\Connection->execute('SELECT `id`\nFRO...')
#2 C:\trupti\new_klamp_accounting\system\Database\BaseConnection.php(669): CodeIgniter\Database\BaseConnection->simpleQuery('SELECT `id`\nFRO...')
#3 C:\trupti\new_klamp_accounting\system\Database\BaseBuilder.php(1860): CodeIgniter\Database\BaseConnection->query('SELECT `id`\nFRO...', Array, false)
#4 C:\trupti\new_klamp_accounting\app\Helpers\report_helper.php(6958): CodeIgniter\Database\BaseBuilder->get()
#5 C:\trupti\new_klamp_accounting\app\Controllers\Addbook.php(1612): get_ledger_outstanding_list(Array)
#6 C:\trupti\new_klamp_accounting\system\CodeIgniter.php(918): App\Controllers\Addbook->Ledger_outstanding_list()
#7 C:\trupti\new_klamp_accounting\system\CodeIgniter.php(404): CodeIgniter\CodeIgniter->runController(Object(App\Controllers\Addbook))
#8 C:\trupti\new_klamp_accounting\system\CodeIgniter.php(312): CodeIgniter\CodeIgniter->handleRequest(NULL, Object(Config\Cache), false)
#9 C:\trupti\new_klamp_accounting\public\index.php(45): CodeIgniter\CodeIgniter->run()
#10 C:\trupti\new_klamp_accounting\system\Commands\Server\rewrite.php(34): require_once('C:\\trupti\\new_k...')
#11 {main}
CRITICAL - 2022-08-18 10:14:40 --> Undefined index: total
#0 C:\trupti\new_klamp_accounting\app\Helpers\report_helper.php(7332): CodeIgniter\Debug\Exceptions->errorHandler(8, 'Undefined index...', 'C:\\trupti\\new_k...', 7332, Array)
#1 C:\trupti\new_klamp_accounting\app\Controllers\Addbook.php(1612): get_ledger_outstanding_list(Array)
#2 C:\trupti\new_klamp_accounting\system\CodeIgniter.php(918): App\Controllers\Addbook->Ledger_outstanding_list()
#3 C:\trupti\new_klamp_accounting\system\CodeIgniter.php(404): CodeIgniter\CodeIgniter->runController(Object(App\Controllers\Addbook))
#4 C:\trupti\new_klamp_accounting\system\CodeIgniter.php(312): CodeIgniter\CodeIgniter->handleRequest(NULL, Object(Config\Cache), false)
#5 C:\trupti\new_klamp_accounting\public\index.php(45): CodeIgniter\CodeIgniter->run()
#6 C:\trupti\new_klamp_accounting\system\Commands\Server\rewrite.php(34): require_once('C:\\trupti\\new_k...')
#7 {main}
CRITICAL - 2022-08-18 10:15:28 --> Undefined index: total
#0 C:\trupti\new_klamp_accounting\app\Helpers\report_helper.php(7332): CodeIgniter\Debug\Exceptions->errorHandler(8, 'Undefined index...', 'C:\\trupti\\new_k...', 7332, Array)
#1 C:\trupti\new_klamp_accounting\app\Controllers\Addbook.php(1612): get_ledger_outstanding_list(Array)
#2 C:\trupti\new_klamp_accounting\system\CodeIgniter.php(918): App\Controllers\Addbook->Ledger_outstanding_list()
#3 C:\trupti\new_klamp_accounting\system\CodeIgniter.php(404): CodeIgniter\CodeIgniter->runController(Object(App\Controllers\Addbook))
#4 C:\trupti\new_klamp_accounting\system\CodeIgniter.php(312): CodeIgniter\CodeIgniter->handleRequest(NULL, Object(Config\Cache), false)
#5 C:\trupti\new_klamp_accounting\public\index.php(45): CodeIgniter\CodeIgniter->run()
#6 C:\trupti\new_klamp_accounting\system\Commands\Server\rewrite.php(34): require_once('C:\\trupti\\new_k...')
#7 {main}
CRITICAL - 2022-08-18 10:16:08 --> Undefined index: total
#0 C:\trupti\new_klamp_accounting\app\Helpers\report_helper.php(7332): CodeIgniter\Debug\Exceptions->errorHandler(8, 'Undefined index...', 'C:\\trupti\\new_k...', 7332, Array)
#1 C:\trupti\new_klamp_accounting\app\Controllers\Addbook.php(1612): get_ledger_outstanding_list(Array)
#2 C:\trupti\new_klamp_accounting\system\CodeIgniter.php(918): App\Controllers\Addbook->Ledger_outstanding_list()
#3 C:\trupti\new_klamp_accounting\system\CodeIgniter.php(404): CodeIgniter\CodeIgniter->runController(Object(App\Controllers\Addbook))
#4 C:\trupti\new_klamp_accounting\system\CodeIgniter.php(312): CodeIgniter\CodeIgniter->handleRequest(NULL, Object(Config\Cache), false)
#5 C:\trupti\new_klamp_accounting\public\index.php(45): CodeIgniter\CodeIgniter->run()
#6 C:\trupti\new_klamp_accounting\system\Commands\Server\rewrite.php(34): require_once('C:\\trupti\\new_k...')
#7 {main}
CRITICAL - 2022-08-18 11:55:15 --> Undefined variable: account_id
#0 C:\trupti\new_klamp_accounting\app\Helpers\report_helper.php(7001): CodeIgniter\Debug\Exceptions->errorHandler(8, 'Undefined varia...', 'C:\\trupti\\new_k...', 7001, Array)
#1 C:\trupti\new_klamp_accounting\app\Controllers\Addbook.php(1622): get_ledger_outstanding_list(Array)
#2 C:\trupti\new_klamp_accounting\system\CodeIgniter.php(918): App\Controllers\Addbook->Ledger_outstanding_list()
#3 C:\trupti\new_klamp_accounting\system\CodeIgniter.php(404): CodeIgniter\CodeIgniter->runController(Object(App\Controllers\Addbook))
#4 C:\trupti\new_klamp_accounting\system\CodeIgniter.php(312): CodeIgniter\CodeIgniter->handleRequest(NULL, Object(Config\Cache), false)
#5 C:\trupti\new_klamp_accounting\public\index.php(45): CodeIgniter\CodeIgniter->run()
#6 C:\trupti\new_klamp_accounting\system\Commands\Server\rewrite.php(34): require_once('C:\\trupti\\new_k...')
#7 {main}
CRITICAL - 2022-08-18 11:57:02 --> Undefined index: thirty
#0 C:\trupti\new_klamp_accounting\app\Controllers\Addbook.php(1624): CodeIgniter\Debug\Exceptions->errorHandler(8, 'Undefined index...', 'C:\\trupti\\new_k...', 1624, Array)
#1 C:\trupti\new_klamp_accounting\system\CodeIgniter.php(918): App\Controllers\Addbook->Ledger_outstanding_list()
#2 C:\trupti\new_klamp_accounting\system\CodeIgniter.php(404): CodeIgniter\CodeIgniter->runController(Object(App\Controllers\Addbook))
#3 C:\trupti\new_klamp_accounting\system\CodeIgniter.php(312): CodeIgniter\CodeIgniter->handleRequest(NULL, Object(Config\Cache), false)
#4 C:\trupti\new_klamp_accounting\public\index.php(45): CodeIgniter\CodeIgniter->run()
#5 C:\trupti\new_klamp_accounting\system\Commands\Server\rewrite.php(34): require_once('C:\\trupti\\new_k...')
#6 {main}
CRITICAL - 2022-08-18 11:58:13 --> Illegal string offset 'from'
#0 C:\trupti\new_klamp_accounting\app\Helpers\report_helper.php(6946): CodeIgniter\Debug\Exceptions->errorHandler(2, 'Illegal string ...', 'C:\\trupti\\new_k...', 6946, Array)
#1 C:\trupti\new_klamp_accounting\app\Controllers\Addbook.php(1622): get_ledger_outstanding_list('2022-07-19', '2022-08-18')
#2 C:\trupti\new_klamp_accounting\system\CodeIgniter.php(918): App\Controllers\Addbook->Ledger_outstanding_list()
#3 C:\trupti\new_klamp_accounting\system\CodeIgniter.php(404): CodeIgniter\CodeIgniter->runController(Object(App\Controllers\Addbook))
#4 C:\trupti\new_klamp_accounting\system\CodeIgniter.php(312): CodeIgniter\CodeIgniter->handleRequest(NULL, Object(Config\Cache), false)
#5 C:\trupti\new_klamp_accounting\public\index.php(45): CodeIgniter\CodeIgniter->run()
#6 C:\trupti\new_klamp_accounting\system\Commands\Server\rewrite.php(34): require_once('C:\\trupti\\new_k...')
#7 {main}
CRITICAL - 2022-08-18 12:08:38 --> Undefined variable: gmodel
#0 C:\trupti\new_klamp_accounting\app\Helpers\report_helper.php(7189): CodeIgniter\Debug\Exceptions->errorHandler(8, 'Undefined varia...', 'C:\\trupti\\new_k...', 7189, Array)
#1 C:\trupti\new_klamp_accounting\app\Controllers\Addbook.php(1622): get_ledger_outstanding_list('2022-07-17', '2022-08-18')
#2 C:\trupti\new_klamp_accounting\system\CodeIgniter.php(918): App\Controllers\Addbook->Ledger_outstanding_list()
#3 C:\trupti\new_klamp_accounting\system\CodeIgniter.php(404): CodeIgniter\CodeIgniter->runController(Object(App\Controllers\Addbook))
#4 C:\trupti\new_klamp_accounting\system\CodeIgniter.php(312): CodeIgniter\CodeIgniter->handleRequest(NULL, Object(Config\Cache), false)
#5 C:\trupti\new_klamp_accounting\public\index.php(45): CodeIgniter\CodeIgniter->run()
#6 C:\trupti\new_klamp_accounting\system\Commands\Server\rewrite.php(34): require_once('C:\\trupti\\new_k...')
#7 {main}
CRITICAL - 2022-08-18 12:09:35 --> Class 'GeneralModel' not found
#0 C:\trupti\new_klamp_accounting\app\Controllers\Addbook.php(1622): get_ledger_outstanding_list('2022-07-19', '2022-08-18')
#1 C:\trupti\new_klamp_accounting\system\CodeIgniter.php(918): App\Controllers\Addbook->Ledger_outstanding_list()
#2 C:\trupti\new_klamp_accounting\system\CodeIgniter.php(404): CodeIgniter\CodeIgniter->runController(Object(App\Controllers\Addbook))
#3 C:\trupti\new_klamp_accounting\system\CodeIgniter.php(312): CodeIgniter\CodeIgniter->handleRequest(NULL, Object(Config\Cache), false)
#4 C:\trupti\new_klamp_accounting\public\index.php(45): CodeIgniter\CodeIgniter->run()
#5 C:\trupti\new_klamp_accounting\system\Commands\Server\rewrite.php(34): require_once('C:\\trupti\\new_k...')
#6 {main}
CRITICAL - 2022-08-18 12:09:40 --> Class 'GeneralModel' not found
#0 C:\trupti\new_klamp_accounting\app\Controllers\Addbook.php(1622): get_ledger_outstanding_list('2022-07-19', '2022-08-18')
#1 C:\trupti\new_klamp_accounting\system\CodeIgniter.php(918): App\Controllers\Addbook->Ledger_outstanding_list()
#2 C:\trupti\new_klamp_accounting\system\CodeIgniter.php(404): CodeIgniter\CodeIgniter->runController(Object(App\Controllers\Addbook))
#3 C:\trupti\new_klamp_accounting\system\CodeIgniter.php(312): CodeIgniter\CodeIgniter->handleRequest(NULL, Object(Config\Cache), false)
#4 C:\trupti\new_klamp_accounting\public\index.php(45): CodeIgniter\CodeIgniter->run()
#5 C:\trupti\new_klamp_accounting\system\Commands\Server\rewrite.php(34): require_once('C:\\trupti\\new_k...')
#6 {main}
CRITICAL - 2022-08-18 12:27:41 --> Undefined index: receivable_amount
#0 C:\trupti\new_klamp_accounting\app\Helpers\report_helper.php(7210): CodeIgniter\Debug\Exceptions->errorHandler(8, 'Undefined index...', 'C:\\trupti\\new_k...', 7210, Array)
#1 C:\trupti\new_klamp_accounting\app\Controllers\Addbook.php(1622): get_ledger_outstanding_list('2022-07-19', '2022-08-18')
#2 C:\trupti\new_klamp_accounting\system\CodeIgniter.php(918): App\Controllers\Addbook->Ledger_outstanding_list()
#3 C:\trupti\new_klamp_accounting\system\CodeIgniter.php(404): CodeIgniter\CodeIgniter->runController(Object(App\Controllers\Addbook))
#4 C:\trupti\new_klamp_accounting\system\CodeIgniter.php(312): CodeIgniter\CodeIgniter->handleRequest(NULL, Object(Config\Cache), false)
#5 C:\trupti\new_klamp_accounting\public\index.php(45): CodeIgniter\CodeIgniter->run()
#6 C:\trupti\new_klamp_accounting\system\Commands\Server\rewrite.php(34): require_once('C:\\trupti\\new_k...')
#7 {main}
CRITICAL - 2022-08-18 13:10:30 --> Undefined variable: row
#0 C:\trupti\new_klamp_accounting\app\Views\addbook\ledger_outstanding_list.php(117): CodeIgniter\Debug\Exceptions->errorHandler(8, 'Undefined varia...', 'C:\\trupti\\new_k...', 117, Array)
#1 C:\trupti\new_klamp_accounting\system\View\View.php(246): include('C:\\trupti\\new_k...')
#2 C:\trupti\new_klamp_accounting\app\Common.php(48): CodeIgniter\View\View->render('addbook/ledger_...', Array, true)
#3 C:\trupti\new_klamp_accounting\app\Controllers\Addbook.php(1634): view('addbook/ledger_...', Array)
#4 C:\trupti\new_klamp_accounting\system\CodeIgniter.php(918): App\Controllers\Addbook->Ledger_outstanding_list()
#5 C:\trupti\new_klamp_accounting\system\CodeIgniter.php(404): CodeIgniter\CodeIgniter->runController(Object(App\Controllers\Addbook))
#6 C:\trupti\new_klamp_accounting\system\CodeIgniter.php(312): CodeIgniter\CodeIgniter->handleRequest(NULL, Object(Config\Cache), false)
#7 C:\trupti\new_klamp_accounting\public\index.php(45): CodeIgniter\CodeIgniter->run()
#8 C:\trupti\new_klamp_accounting\system\Commands\Server\rewrite.php(34): require_once('C:\\trupti\\new_k...')
#9 {main}
CRITICAL - 2022-08-18 13:24:56 --> You have an error in your SQL syntax; check the manual that corresponds to your MariaDB server version for the right syntax to use near '> '2022-07-19'
AND DATE(invoice_date) <= '2022-08-18'' at line 6
#0 C:\trupti\new_klamp_accounting\system\Database\MySQLi\Connection.php(331): mysqli->query('SELECT SUM(net_...')
#1 C:\trupti\new_klamp_accounting\system\Database\BaseConnection.php(741): CodeIgniter\Database\MySQLi\Connection->execute('SELECT SUM(net_...')
#2 C:\trupti\new_klamp_accounting\system\Database\BaseConnection.php(669): CodeIgniter\Database\BaseConnection->simpleQuery('SELECT SUM(net_...')
#3 C:\trupti\new_klamp_accounting\system\Database\BaseBuilder.php(1860): CodeIgniter\Database\BaseConnection->query('SELECT SUM(net_...', Array, false)
#4 C:\trupti\new_klamp_accounting\app\Helpers\report_helper.php(7009): CodeIgniter\Database\BaseBuilder->get()
#5 C:\trupti\new_klamp_accounting\app\Controllers\Addbook.php(1622): get_ledger_outstanding_list('2022-07-19', '2022-08-18')
#6 C:\trupti\new_klamp_accounting\system\CodeIgniter.php(918): App\Controllers\Addbook->Ledger_outstanding_list()
#7 C:\trupti\new_klamp_accounting\system\CodeIgniter.php(404): CodeIgniter\CodeIgniter->runController(Object(App\Controllers\Addbook))
#8 C:\trupti\new_klamp_accounting\system\CodeIgniter.php(312): CodeIgniter\CodeIgniter->handleRequest(NULL, Object(Config\Cache), false)
#9 C:\trupti\new_klamp_accounting\public\index.php(45): CodeIgniter\CodeIgniter->run()
#10 C:\trupti\new_klamp_accounting\system\Commands\Server\rewrite.php(34): require_once('C:\\trupti\\new_k...')
#11 {main}
CRITICAL - 2022-08-18 14:52:17 --> Undefined index: total
#0 C:\trupti\new_klamp_accounting\app\Helpers\report_helper.php(7022): CodeIgniter\Debug\Exceptions->errorHandler(8, 'Undefined index...', 'C:\\trupti\\new_k...', 7022, Array)
#1 C:\trupti\new_klamp_accounting\app\Controllers\Addbook.php(1622): get_ledger_outstanding_list('2022-07-19', '2022-08-18')
#2 C:\trupti\new_klamp_accounting\system\CodeIgniter.php(918): App\Controllers\Addbook->Ledger_outstanding_list()
#3 C:\trupti\new_klamp_accounting\system\CodeIgniter.php(404): CodeIgniter\CodeIgniter->runController(Object(App\Controllers\Addbook))
#4 C:\trupti\new_klamp_accounting\system\CodeIgniter.php(312): CodeIgniter\CodeIgniter->handleRequest(NULL, Object(Config\Cache), false)
#5 C:\trupti\new_klamp_accounting\public\index.php(45): CodeIgniter\CodeIgniter->run()
#6 C:\trupti\new_klamp_accounting\system\Commands\Server\rewrite.php(34): require_once('C:\\trupti\\new_k...')
#7 {main}
CRITICAL - 2022-08-18 16:07:56 --> Undefined variable: thirty
#0 C:\trupti\new_klamp_accounting\app\Views\addbook\ledger_outstanding_list.php(108): CodeIgniter\Debug\Exceptions->errorHandler(8, 'Undefined varia...', 'C:\\trupti\\new_k...', 108, Array)
#1 C:\trupti\new_klamp_accounting\system\View\View.php(246): include('C:\\trupti\\new_k...')
#2 C:\trupti\new_klamp_accounting\app\Common.php(48): CodeIgniter\View\View->render('addbook/ledger_...', Array, true)
#3 C:\trupti\new_klamp_accounting\app\Controllers\Addbook.php(1634): view('addbook/ledger_...', Array)
#4 C:\trupti\new_klamp_accounting\system\CodeIgniter.php(918): App\Controllers\Addbook->Ledger_outstanding_list()
#5 C:\trupti\new_klamp_accounting\system\CodeIgniter.php(404): CodeIgniter\CodeIgniter->runController(Object(App\Controllers\Addbook))
#6 C:\trupti\new_klamp_accounting\system\CodeIgniter.php(312): CodeIgniter\CodeIgniter->handleRequest(NULL, Object(Config\Cache), false)
#7 C:\trupti\new_klamp_accounting\public\index.php(45): CodeIgniter\CodeIgniter->run()
#8 C:\trupti\new_klamp_accounting\system\Commands\Server\rewrite.php(34): require_once('C:\\trupti\\new_k...')
#9 {main}
