CRITICAL - 2022-09-02 15:33:15 --> Undefined index: account
#0 C:\trupti\new_klamp_accounting\app\Models\PurchaseModel.php(361): CodeIgniter\Debug\Exceptions->errorHandler(8, 'Undefined index...', 'C:\\trupti\\new_k...', 361, Array)
#1 C:\trupti\new_klamp_accounting\app\Controllers\Purchase.php(127): App\Models\PurchaseModel->insert_edit_purchasechallan(Array)
#2 C:\trupti\new_klamp_accounting\system\CodeIgniter.php(918): App\Controllers\Purchase->add_purchasechallan()
#3 C:\trupti\new_klamp_accounting\system\CodeIgniter.php(404): CodeIgniter\CodeIgniter->runController(Object(App\Controllers\Purchase))
#4 C:\trupti\new_klamp_accounting\system\CodeIgniter.php(312): CodeIgniter\CodeIgniter->handleRequest(NULL, Object(Config\Cache), false)
#5 C:\trupti\new_klamp_accounting\public\index.php(45): CodeIgniter\CodeIgniter->run()
#6 C:\trupti\new_klamp_accounting\system\Commands\Server\rewrite.php(34): require_once('C:\\trupti\\new_k...')
#7 {main}
CRITICAL - 2022-09-02 15:33:27 --> Undefined index: account
#0 C:\trupti\new_klamp_accounting\app\Models\PurchaseModel.php(361): CodeIgniter\Debug\Exceptions->errorHandler(8, 'Undefined index...', 'C:\\trupti\\new_k...', 361, Array)
#1 C:\trupti\new_klamp_accounting\app\Controllers\Purchase.php(127): App\Models\PurchaseModel->insert_edit_purchasechallan(Array)
#2 C:\trupti\new_klamp_accounting\system\CodeIgniter.php(918): App\Controllers\Purchase->add_purchasechallan()
#3 C:\trupti\new_klamp_accounting\system\CodeIgniter.php(404): CodeIgniter\CodeIgniter->runController(Object(App\Controllers\Purchase))
#4 C:\trupti\new_klamp_accounting\system\CodeIgniter.php(312): CodeIgniter\CodeIgniter->handleRequest(NULL, Object(Config\Cache), false)
#5 C:\trupti\new_klamp_accounting\public\index.php(45): CodeIgniter\CodeIgniter->run()
#6 C:\trupti\new_klamp_accounting\system\Commands\Server\rewrite.php(34): require_once('C:\\trupti\\new_k...')
#7 {main}
CRITICAL - 2022-09-02 15:33:46 --> Undefined index: taxability
#0 C:\trupti\new_klamp_accounting\app\Models\PurchaseModel.php(587): CodeIgniter\Debug\Exceptions->errorHandler(8, 'Undefined index...', 'C:\\trupti\\new_k...', 587, Array)
#1 C:\trupti\new_klamp_accounting\app\Controllers\Purchase.php(127): App\Models\PurchaseModel->insert_edit_purchasechallan(Array)
#2 C:\trupti\new_klamp_accounting\system\CodeIgniter.php(918): App\Controllers\Purchase->add_purchasechallan()
#3 C:\trupti\new_klamp_accounting\system\CodeIgniter.php(404): CodeIgniter\CodeIgniter->runController(Object(App\Controllers\Purchase))
#4 C:\trupti\new_klamp_accounting\system\CodeIgniter.php(312): CodeIgniter\CodeIgniter->handleRequest(NULL, Object(Config\Cache), false)
#5 C:\trupti\new_klamp_accounting\public\index.php(45): CodeIgniter\CodeIgniter->run()
#6 C:\trupti\new_klamp_accounting\system\Commands\Server\rewrite.php(34): require_once('C:\\trupti\\new_k...')
#7 {main}
CRITICAL - 2022-09-02 15:34:26 --> Undefined offset: 2
#0 C:\trupti\new_klamp_accounting\app\Models\PurchaseModel.php(607): CodeIgniter\Debug\Exceptions->errorHandler(8, 'Undefined offse...', 'C:\\trupti\\new_k...', 607, Array)
#1 C:\trupti\new_klamp_accounting\app\Controllers\Purchase.php(127): App\Models\PurchaseModel->insert_edit_purchasechallan(Array)
#2 C:\trupti\new_klamp_accounting\system\CodeIgniter.php(918): App\Controllers\Purchase->add_purchasechallan()
#3 C:\trupti\new_klamp_accounting\system\CodeIgniter.php(404): CodeIgniter\CodeIgniter->runController(Object(App\Controllers\Purchase))
#4 C:\trupti\new_klamp_accounting\system\CodeIgniter.php(312): CodeIgniter\CodeIgniter->handleRequest(NULL, Object(Config\Cache), false)
#5 C:\trupti\new_klamp_accounting\public\index.php(45): CodeIgniter\CodeIgniter->run()
#6 C:\trupti\new_klamp_accounting\system\Commands\Server\rewrite.php(34): require_once('C:\\trupti\\new_k...')
#7 {main}
CRITICAL - 2022-09-02 15:38:33 --> Undefined offset: 2
#0 C:\trupti\new_klamp_accounting\app\Models\PurchaseModel.php(608): CodeIgniter\Debug\Exceptions->errorHandler(8, 'Undefined offse...', 'C:\\trupti\\new_k...', 608, Array)
#1 C:\trupti\new_klamp_accounting\app\Controllers\Purchase.php(127): App\Models\PurchaseModel->insert_edit_purchasechallan(Array)
#2 C:\trupti\new_klamp_accounting\system\CodeIgniter.php(918): App\Controllers\Purchase->add_purchasechallan()
#3 C:\trupti\new_klamp_accounting\system\CodeIgniter.php(404): CodeIgniter\CodeIgniter->runController(Object(App\Controllers\Purchase))
#4 C:\trupti\new_klamp_accounting\system\CodeIgniter.php(312): CodeIgniter\CodeIgniter->handleRequest(NULL, Object(Config\Cache), false)
#5 C:\trupti\new_klamp_accounting\public\index.php(45): CodeIgniter\CodeIgniter->run()
#6 C:\trupti\new_klamp_accounting\system\Commands\Server\rewrite.php(34): require_once('C:\\trupti\\new_k...')
#7 {main}
CRITICAL - 2022-09-02 15:40:01 --> Undefined offset: 2
#0 C:\trupti\new_klamp_accounting\app\Models\PurchaseModel.php(608): CodeIgniter\Debug\Exceptions->errorHandler(8, 'Undefined offse...', 'C:\\trupti\\new_k...', 608, Array)
#1 C:\trupti\new_klamp_accounting\app\Controllers\Purchase.php(127): App\Models\PurchaseModel->insert_edit_purchasechallan(Array)
#2 C:\trupti\new_klamp_accounting\system\CodeIgniter.php(918): App\Controllers\Purchase->add_purchasechallan()
#3 C:\trupti\new_klamp_accounting\system\CodeIgniter.php(404): CodeIgniter\CodeIgniter->runController(Object(App\Controllers\Purchase))
#4 C:\trupti\new_klamp_accounting\system\CodeIgniter.php(312): CodeIgniter\CodeIgniter->handleRequest(NULL, Object(Config\Cache), false)
#5 C:\trupti\new_klamp_accounting\public\index.php(45): CodeIgniter\CodeIgniter->run()
#6 C:\trupti\new_klamp_accounting\system\Commands\Server\rewrite.php(34): require_once('C:\\trupti\\new_k...')
#7 {main}
CRITICAL - 2022-09-02 17:13:56 --> Undefined index: item_uom
#0 C:\trupti\new_klamp_accounting\app\Views\purchase\create_purchasechallan.php(361): CodeIgniter\Debug\Exceptions->errorHandler(8, 'Undefined index...', 'C:\\trupti\\new_k...', 361, Array)
#1 C:\trupti\new_klamp_accounting\system\View\View.php(246): include('C:\\trupti\\new_k...')
#2 C:\trupti\new_klamp_accounting\app\Common.php(48): CodeIgniter\View\View->render('purchase/create...', Array, true)
#3 C:\trupti\new_klamp_accounting\app\Controllers\Purchase.php(143): view('purchase/create...', Array)
#4 C:\trupti\new_klamp_accounting\system\CodeIgniter.php(918): App\Controllers\Purchase->add_purchasechallan('1')
#5 C:\trupti\new_klamp_accounting\system\CodeIgniter.php(404): CodeIgniter\CodeIgniter->runController(Object(App\Controllers\Purchase))
#6 C:\trupti\new_klamp_accounting\system\CodeIgniter.php(312): CodeIgniter\CodeIgniter->handleRequest(NULL, Object(Config\Cache), false)
#7 C:\trupti\new_klamp_accounting\public\index.php(45): CodeIgniter\CodeIgniter->run()
#8 C:\trupti\new_klamp_accounting\system\Commands\Server\rewrite.php(34): require_once('C:\\trupti\\new_k...')
#9 {main}
CRITICAL - 2022-09-02 17:14:40 --> Undefined index: taxability
#0 C:\trupti\new_klamp_accounting\app\Views\purchase\create_purchasechallan.php(399): CodeIgniter\Debug\Exceptions->errorHandler(8, 'Undefined index...', 'C:\\trupti\\new_k...', 399, Array)
#1 C:\trupti\new_klamp_accounting\system\View\View.php(246): include('C:\\trupti\\new_k...')
#2 C:\trupti\new_klamp_accounting\app\Common.php(48): CodeIgniter\View\View->render('purchase/create...', Array, true)
#3 C:\trupti\new_klamp_accounting\app\Controllers\Purchase.php(143): view('purchase/create...', Array)
#4 C:\trupti\new_klamp_accounting\system\CodeIgniter.php(918): App\Controllers\Purchase->add_purchasechallan('1')
#5 C:\trupti\new_klamp_accounting\system\CodeIgniter.php(404): CodeIgniter\CodeIgniter->runController(Object(App\Controllers\Purchase))
#6 C:\trupti\new_klamp_accounting\system\CodeIgniter.php(312): CodeIgniter\CodeIgniter->handleRequest(NULL, Object(Config\Cache), false)
#7 C:\trupti\new_klamp_accounting\public\index.php(45): CodeIgniter\CodeIgniter->run()
#8 C:\trupti\new_klamp_accounting\system\Commands\Server\rewrite.php(34): require_once('C:\\trupti\\new_k...')
#9 {main}
CRITICAL - 2022-09-02 17:17:40 --> A non-numeric value encountered
#0 C:\trupti\new_klamp_accounting\app\Models\PurchaseModel.php(253): CodeIgniter\Debug\Exceptions->errorHandler(2, 'A non-numeric v...', 'C:\\trupti\\new_k...', 253, Array)
#1 C:\trupti\new_klamp_accounting\app\Controllers\Purchase.php(127): App\Models\PurchaseModel->insert_edit_purchasechallan(Array)
#2 C:\trupti\new_klamp_accounting\system\CodeIgniter.php(918): App\Controllers\Purchase->add_purchasechallan()
#3 C:\trupti\new_klamp_accounting\system\CodeIgniter.php(404): CodeIgniter\CodeIgniter->runController(Object(App\Controllers\Purchase))
#4 C:\trupti\new_klamp_accounting\system\CodeIgniter.php(312): CodeIgniter\CodeIgniter->handleRequest(NULL, Object(Config\Cache), false)
#5 C:\trupti\new_klamp_accounting\public\index.php(45): CodeIgniter\CodeIgniter->run()
#6 C:\trupti\new_klamp_accounting\system\Commands\Server\rewrite.php(34): require_once('C:\\trupti\\new_k...')
#7 {main}
CRITICAL - 2022-09-02 17:17:53 --> A non-numeric value encountered
#0 C:\trupti\new_klamp_accounting\app\Models\PurchaseModel.php(253): CodeIgniter\Debug\Exceptions->errorHandler(2, 'A non-numeric v...', 'C:\\trupti\\new_k...', 253, Array)
#1 C:\trupti\new_klamp_accounting\app\Controllers\Purchase.php(127): App\Models\PurchaseModel->insert_edit_purchasechallan(Array)
#2 C:\trupti\new_klamp_accounting\system\CodeIgniter.php(918): App\Controllers\Purchase->add_purchasechallan()
#3 C:\trupti\new_klamp_accounting\system\CodeIgniter.php(404): CodeIgniter\CodeIgniter->runController(Object(App\Controllers\Purchase))
#4 C:\trupti\new_klamp_accounting\system\CodeIgniter.php(312): CodeIgniter\CodeIgniter->handleRequest(NULL, Object(Config\Cache), false)
#5 C:\trupti\new_klamp_accounting\public\index.php(45): CodeIgniter\CodeIgniter->run()
#6 C:\trupti\new_klamp_accounting\system\Commands\Server\rewrite.php(34): require_once('C:\\trupti\\new_k...')
#7 {main}
CRITICAL - 2022-09-02 17:24:41 --> Undefined index: taxability
#0 C:\trupti\new_klamp_accounting\app\Views\purchase\create_purchasechallan.php(383): CodeIgniter\Debug\Exceptions->errorHandler(8, 'Undefined index...', 'C:\\trupti\\new_k...', 383, Array)
#1 C:\trupti\new_klamp_accounting\system\View\View.php(246): include('C:\\trupti\\new_k...')
#2 C:\trupti\new_klamp_accounting\app\Common.php(48): CodeIgniter\View\View->render('purchase/create...', Array, true)
#3 C:\trupti\new_klamp_accounting\app\Controllers\Purchase.php(143): view('purchase/create...', Array)
#4 C:\trupti\new_klamp_accounting\system\CodeIgniter.php(918): App\Controllers\Purchase->add_purchasechallan('1')
#5 C:\trupti\new_klamp_accounting\system\CodeIgniter.php(404): CodeIgniter\CodeIgniter->runController(Object(App\Controllers\Purchase))
#6 C:\trupti\new_klamp_accounting\system\CodeIgniter.php(312): CodeIgniter\CodeIgniter->handleRequest(NULL, Object(Config\Cache), false)
#7 C:\trupti\new_klamp_accounting\public\index.php(45): CodeIgniter\CodeIgniter->run()
#8 C:\trupti\new_klamp_accounting\system\Commands\Server\rewrite.php(34): require_once('C:\\trupti\\new_k...')
#9 {main}
CRITICAL - 2022-09-02 17:25:00 --> Undefined index: taxability
#0 C:\trupti\new_klamp_accounting\app\Views\purchase\create_purchasechallan.php(408): CodeIgniter\Debug\Exceptions->errorHandler(8, 'Undefined index...', 'C:\\trupti\\new_k...', 408, Array)
#1 C:\trupti\new_klamp_accounting\system\View\View.php(246): include('C:\\trupti\\new_k...')
#2 C:\trupti\new_klamp_accounting\app\Common.php(48): CodeIgniter\View\View->render('purchase/create...', Array, true)
#3 C:\trupti\new_klamp_accounting\app\Controllers\Purchase.php(143): view('purchase/create...', Array)
#4 C:\trupti\new_klamp_accounting\system\CodeIgniter.php(918): App\Controllers\Purchase->add_purchasechallan('1')
#5 C:\trupti\new_klamp_accounting\system\CodeIgniter.php(404): CodeIgniter\CodeIgniter->runController(Object(App\Controllers\Purchase))
#6 C:\trupti\new_klamp_accounting\system\CodeIgniter.php(312): CodeIgniter\CodeIgniter->handleRequest(NULL, Object(Config\Cache), false)
#7 C:\trupti\new_klamp_accounting\public\index.php(45): CodeIgniter\CodeIgniter->run()
#8 C:\trupti\new_klamp_accounting\system\Commands\Server\rewrite.php(34): require_once('C:\\trupti\\new_k...')
#9 {main}
CRITICAL - 2022-09-02 17:25:57 --> Undefined variable: new_itempid
#0 C:\trupti\new_klamp_accounting\app\Models\PurchaseModel.php(413): CodeIgniter\Debug\Exceptions->errorHandler(8, 'Undefined varia...', 'C:\\trupti\\new_k...', 413, Array)
#1 C:\trupti\new_klamp_accounting\app\Controllers\Purchase.php(127): App\Models\PurchaseModel->insert_edit_purchasechallan(Array)
#2 C:\trupti\new_klamp_accounting\system\CodeIgniter.php(918): App\Controllers\Purchase->add_purchasechallan()
#3 C:\trupti\new_klamp_accounting\system\CodeIgniter.php(404): CodeIgniter\CodeIgniter->runController(Object(App\Controllers\Purchase))
#4 C:\trupti\new_klamp_accounting\system\CodeIgniter.php(312): CodeIgniter\CodeIgniter->handleRequest(NULL, Object(Config\Cache), false)
#5 C:\trupti\new_klamp_accounting\public\index.php(45): CodeIgniter\CodeIgniter->run()
#6 C:\trupti\new_klamp_accounting\system\Commands\Server\rewrite.php(34): require_once('C:\\trupti\\new_k...')
#7 {main}
CRITICAL - 2022-09-02 17:28:12 --> Undefined index: taxability
#0 C:\trupti\new_klamp_accounting\app\Models\PurchaseModel.php(429): CodeIgniter\Debug\Exceptions->errorHandler(8, 'Undefined index...', 'C:\\trupti\\new_k...', 429, Array)
#1 C:\trupti\new_klamp_accounting\app\Controllers\Purchase.php(127): App\Models\PurchaseModel->insert_edit_purchasechallan(Array)
#2 C:\trupti\new_klamp_accounting\system\CodeIgniter.php(918): App\Controllers\Purchase->add_purchasechallan()
#3 C:\trupti\new_klamp_accounting\system\CodeIgniter.php(404): CodeIgniter\CodeIgniter->runController(Object(App\Controllers\Purchase))
#4 C:\trupti\new_klamp_accounting\system\CodeIgniter.php(312): CodeIgniter\CodeIgniter->handleRequest(NULL, Object(Config\Cache), false)
#5 C:\trupti\new_klamp_accounting\public\index.php(45): CodeIgniter\CodeIgniter->run()
#6 C:\trupti\new_klamp_accounting\system\Commands\Server\rewrite.php(34): require_once('C:\\trupti\\new_k...')
#7 {main}
CRITICAL - 2022-09-02 17:29:28 --> Undefined offset: 2
#0 C:\trupti\new_klamp_accounting\app\Models\PurchaseModel.php(420): CodeIgniter\Debug\Exceptions->errorHandler(8, 'Undefined offse...', 'C:\\trupti\\new_k...', 420, Array)
#1 C:\trupti\new_klamp_accounting\app\Controllers\Purchase.php(127): App\Models\PurchaseModel->insert_edit_purchasechallan(Array)
#2 C:\trupti\new_klamp_accounting\system\CodeIgniter.php(918): App\Controllers\Purchase->add_purchasechallan()
#3 C:\trupti\new_klamp_accounting\system\CodeIgniter.php(404): CodeIgniter\CodeIgniter->runController(Object(App\Controllers\Purchase))
#4 C:\trupti\new_klamp_accounting\system\CodeIgniter.php(312): CodeIgniter\CodeIgniter->handleRequest(NULL, Object(Config\Cache), false)
#5 C:\trupti\new_klamp_accounting\public\index.php(45): CodeIgniter\CodeIgniter->run()
#6 C:\trupti\new_klamp_accounting\system\Commands\Server\rewrite.php(34): require_once('C:\\trupti\\new_k...')
#7 {main}
CRITICAL - 2022-09-02 17:37:41 --> syntax error, unexpected '$item' (T_VARIABLE)
#0 C:\trupti\new_klamp_accounting\system\Autoloader\Autoloader.php(296): CodeIgniter\Autoloader\Autoloader->requireFile('C:\\trupti\\new_k...')
#1 C:\trupti\new_klamp_accounting\system\Autoloader\Autoloader.php(258): CodeIgniter\Autoloader\Autoloader->loadInNamespace('App\\Models\\Purc...')
#2 [internal function]: CodeIgniter\Autoloader\Autoloader->loadClass('App\\Models\\Purc...')
#3 C:\trupti\new_klamp_accounting\app\Controllers\Purchase.php(18): spl_autoload_call('App\\Models\\Purc...')
#4 C:\trupti\new_klamp_accounting\system\CodeIgniter.php(891): App\Controllers\Purchase->initController(Object(CodeIgniter\HTTP\IncomingRequest), Object(CodeIgniter\HTTP\Response), Object(CodeIgniter\Log\Logger))
#5 C:\trupti\new_klamp_accounting\system\CodeIgniter.php(399): CodeIgniter\CodeIgniter->createController()
#6 C:\trupti\new_klamp_accounting\system\CodeIgniter.php(312): CodeIgniter\CodeIgniter->handleRequest(NULL, Object(Config\Cache), false)
#7 C:\trupti\new_klamp_accounting\public\index.php(45): CodeIgniter\CodeIgniter->run()
#8 C:\trupti\new_klamp_accounting\system\Commands\Server\rewrite.php(34): require_once('C:\\trupti\\new_k...')
#9 {main}
CRITICAL - 2022-09-02 17:39:56 --> syntax error, unexpected '$item' (T_VARIABLE)
#0 C:\trupti\new_klamp_accounting\system\Autoloader\Autoloader.php(296): CodeIgniter\Autoloader\Autoloader->requireFile('C:\\trupti\\new_k...')
#1 C:\trupti\new_klamp_accounting\system\Autoloader\Autoloader.php(258): CodeIgniter\Autoloader\Autoloader->loadInNamespace('App\\Models\\Purc...')
#2 [internal function]: CodeIgniter\Autoloader\Autoloader->loadClass('App\\Models\\Purc...')
#3 C:\trupti\new_klamp_accounting\app\Controllers\Purchase.php(18): spl_autoload_call('App\\Models\\Purc...')
#4 C:\trupti\new_klamp_accounting\system\CodeIgniter.php(891): App\Controllers\Purchase->initController(Object(CodeIgniter\HTTP\IncomingRequest), Object(CodeIgniter\HTTP\Response), Object(CodeIgniter\Log\Logger))
#5 C:\trupti\new_klamp_accounting\system\CodeIgniter.php(399): CodeIgniter\CodeIgniter->createController()
#6 C:\trupti\new_klamp_accounting\system\CodeIgniter.php(312): CodeIgniter\CodeIgniter->handleRequest(NULL, Object(Config\Cache), false)
#7 C:\trupti\new_klamp_accounting\public\index.php(45): CodeIgniter\CodeIgniter->run()
#8 C:\trupti\new_klamp_accounting\system\Commands\Server\rewrite.php(34): require_once('C:\\trupti\\new_k...')
#9 {main}
CRITICAL - 2022-09-02 17:44:09 --> Undefined variable: new_accountpid
#0 C:\trupti\new_klamp_accounting\app\Models\PurchaseModel.php(464): CodeIgniter\Debug\Exceptions->errorHandler(8, 'Undefined varia...', 'C:\\trupti\\new_k...', 464, Array)
#1 C:\trupti\new_klamp_accounting\app\Controllers\Purchase.php(127): App\Models\PurchaseModel->insert_edit_purchasechallan(Array)
#2 C:\trupti\new_klamp_accounting\system\CodeIgniter.php(918): App\Controllers\Purchase->add_purchasechallan()
#3 C:\trupti\new_klamp_accounting\system\CodeIgniter.php(404): CodeIgniter\CodeIgniter->runController(Object(App\Controllers\Purchase))
#4 C:\trupti\new_klamp_accounting\system\CodeIgniter.php(312): CodeIgniter\CodeIgniter->handleRequest(NULL, Object(Config\Cache), false)
#5 C:\trupti\new_klamp_accounting\public\index.php(45): CodeIgniter\CodeIgniter->run()
#6 C:\trupti\new_klamp_accounting\system\Commands\Server\rewrite.php(34): require_once('C:\\trupti\\new_k...')
#7 {main}
CRITICAL - 2022-09-02 17:44:15 --> Undefined variable: new_accountpid
#0 C:\trupti\new_klamp_accounting\app\Models\PurchaseModel.php(464): CodeIgniter\Debug\Exceptions->errorHandler(8, 'Undefined varia...', 'C:\\trupti\\new_k...', 464, Array)
#1 C:\trupti\new_klamp_accounting\app\Controllers\Purchase.php(127): App\Models\PurchaseModel->insert_edit_purchasechallan(Array)
#2 C:\trupti\new_klamp_accounting\system\CodeIgniter.php(918): App\Controllers\Purchase->add_purchasechallan()
#3 C:\trupti\new_klamp_accounting\system\CodeIgniter.php(404): CodeIgniter\CodeIgniter->runController(Object(App\Controllers\Purchase))
#4 C:\trupti\new_klamp_accounting\system\CodeIgniter.php(312): CodeIgniter\CodeIgniter->handleRequest(NULL, Object(Config\Cache), false)
#5 C:\trupti\new_klamp_accounting\public\index.php(45): CodeIgniter\CodeIgniter->run()
#6 C:\trupti\new_klamp_accounting\system\Commands\Server\rewrite.php(34): require_once('C:\\trupti\\new_k...')
#7 {main}
CRITICAL - 2022-09-02 18:31:29 --> Undefined variable: total_challan_qty
#0 C:\trupti\new_klamp_accounting\app\Models\PurchaseModel.php(1898): CodeIgniter\Debug\Exceptions->errorHandler(8, 'Undefined varia...', 'C:\\trupti\\new_k...', 1898, Array)
#1 C:\trupti\new_klamp_accounting\app\Controllers\Purchase.php(92): App\Models\PurchaseModel->search_purchase_challan_data(Array)
#2 C:\trupti\new_klamp_accounting\system\CodeIgniter.php(918): App\Controllers\Purchase->Getdata('get_purchase_ch...')
#3 C:\trupti\new_klamp_accounting\system\CodeIgniter.php(404): CodeIgniter\CodeIgniter->runController(Object(App\Controllers\Purchase))
#4 C:\trupti\new_klamp_accounting\system\CodeIgniter.php(312): CodeIgniter\CodeIgniter->handleRequest(NULL, Object(Config\Cache), false)
#5 C:\trupti\new_klamp_accounting\public\index.php(45): CodeIgniter\CodeIgniter->run()
#6 C:\trupti\new_klamp_accounting\system\Commands\Server\rewrite.php(34): require_once('C:\\trupti\\new_k...')
#7 {main}
CRITICAL - 2022-09-02 18:31:30 --> Undefined variable: total_challan_qty
#0 C:\trupti\new_klamp_accounting\app\Models\PurchaseModel.php(1898): CodeIgniter\Debug\Exceptions->errorHandler(8, 'Undefined varia...', 'C:\\trupti\\new_k...', 1898, Array)
#1 C:\trupti\new_klamp_accounting\app\Controllers\Purchase.php(92): App\Models\PurchaseModel->search_purchase_challan_data(Array)
#2 C:\trupti\new_klamp_accounting\system\CodeIgniter.php(918): App\Controllers\Purchase->Getdata('get_purchase_ch...')
#3 C:\trupti\new_klamp_accounting\system\CodeIgniter.php(404): CodeIgniter\CodeIgniter->runController(Object(App\Controllers\Purchase))
#4 C:\trupti\new_klamp_accounting\system\CodeIgniter.php(312): CodeIgniter\CodeIgniter->handleRequest(NULL, Object(Config\Cache), false)
#5 C:\trupti\new_klamp_accounting\public\index.php(45): CodeIgniter\CodeIgniter->run()
#6 C:\trupti\new_klamp_accounting\system\Commands\Server\rewrite.php(34): require_once('C:\\trupti\\new_k...')
#7 {main}
CRITICAL - 2022-09-02 18:31:31 --> Undefined variable: total_challan_qty
#0 C:\trupti\new_klamp_accounting\app\Models\PurchaseModel.php(1898): CodeIgniter\Debug\Exceptions->errorHandler(8, 'Undefined varia...', 'C:\\trupti\\new_k...', 1898, Array)
#1 C:\trupti\new_klamp_accounting\app\Controllers\Purchase.php(92): App\Models\PurchaseModel->search_purchase_challan_data(Array)
#2 C:\trupti\new_klamp_accounting\system\CodeIgniter.php(918): App\Controllers\Purchase->Getdata('get_purchase_ch...')
#3 C:\trupti\new_klamp_accounting\system\CodeIgniter.php(404): CodeIgniter\CodeIgniter->runController(Object(App\Controllers\Purchase))
#4 C:\trupti\new_klamp_accounting\system\CodeIgniter.php(312): CodeIgniter\CodeIgniter->handleRequest(NULL, Object(Config\Cache), false)
#5 C:\trupti\new_klamp_accounting\public\index.php(45): CodeIgniter\CodeIgniter->run()
#6 C:\trupti\new_klamp_accounting\system\Commands\Server\rewrite.php(34): require_once('C:\\trupti\\new_k...')
#7 {main}
CRITICAL - 2022-09-02 18:31:33 --> Undefined variable: total_challan_qty
#0 C:\trupti\new_klamp_accounting\app\Models\PurchaseModel.php(1898): CodeIgniter\Debug\Exceptions->errorHandler(8, 'Undefined varia...', 'C:\\trupti\\new_k...', 1898, Array)
#1 C:\trupti\new_klamp_accounting\app\Controllers\Purchase.php(92): App\Models\PurchaseModel->search_purchase_challan_data(Array)
#2 C:\trupti\new_klamp_accounting\system\CodeIgniter.php(918): App\Controllers\Purchase->Getdata('get_purchase_ch...')
#3 C:\trupti\new_klamp_accounting\system\CodeIgniter.php(404): CodeIgniter\CodeIgniter->runController(Object(App\Controllers\Purchase))
#4 C:\trupti\new_klamp_accounting\system\CodeIgniter.php(312): CodeIgniter\CodeIgniter->handleRequest(NULL, Object(Config\Cache), false)
#5 C:\trupti\new_klamp_accounting\public\index.php(45): CodeIgniter\CodeIgniter->run()
#6 C:\trupti\new_klamp_accounting\system\Commands\Server\rewrite.php(34): require_once('C:\\trupti\\new_k...')
#7 {main}
CRITICAL - 2022-09-02 18:31:42 --> Undefined variable: total_challan_qty
#0 C:\trupti\new_klamp_accounting\app\Models\PurchaseModel.php(1898): CodeIgniter\Debug\Exceptions->errorHandler(8, 'Undefined varia...', 'C:\\trupti\\new_k...', 1898, Array)
#1 C:\trupti\new_klamp_accounting\app\Controllers\Purchase.php(92): App\Models\PurchaseModel->search_purchase_challan_data(Array)
#2 C:\trupti\new_klamp_accounting\system\CodeIgniter.php(918): App\Controllers\Purchase->Getdata('get_purchase_ch...')
#3 C:\trupti\new_klamp_accounting\system\CodeIgniter.php(404): CodeIgniter\CodeIgniter->runController(Object(App\Controllers\Purchase))
#4 C:\trupti\new_klamp_accounting\system\CodeIgniter.php(312): CodeIgniter\CodeIgniter->handleRequest(NULL, Object(Config\Cache), false)
#5 C:\trupti\new_klamp_accounting\public\index.php(45): CodeIgniter\CodeIgniter->run()
#6 C:\trupti\new_klamp_accounting\system\Commands\Server\rewrite.php(34): require_once('C:\\trupti\\new_k...')
#7 {main}
