CRITICAL - 2022-06-30 10:00:21 --> Undefined variable: account_id
#0 D:\trupti\klamp_accounting\app\Views\addbook\creditnote.php(22): CodeIgniter\Debug\Exceptions->errorHandler(8, 'Undefined varia...', 'D:\\trupti\\klamp...', 22, Array)
#1 D:\trupti\klamp_accounting\system\View\View.php(246): include('D:\\trupti\\klamp...')
#2 D:\trupti\klamp_accounting\app\Common.php(48): CodeIgniter\View\View->render('addbook/creditn...', Array, true)
#3 D:\trupti\klamp_accounting\app\Controllers\Addbook.php(896): view('addbook/creditn...', Array)
#4 D:\trupti\klamp_accounting\system\CodeIgniter.php(918): App\Controllers\Addbook->Sales_return_register()
#5 D:\trupti\klamp_accounting\system\CodeIgniter.php(404): CodeIgniter\CodeIgniter->runController(Object(App\Controllers\Addbook))
#6 D:\trupti\klamp_accounting\system\CodeIgniter.php(312): CodeIgniter\CodeIgniter->handleRequest(NULL, Object(Config\Cache), false)
#7 D:\trupti\klamp_accounting\public\index.php(45): CodeIgniter\CodeIgniter->run()
#8 D:\trupti\klamp_accounting\system\Commands\Server\rewrite.php(34): require_once('D:\\trupti\\klamp...')
#9 {main}
CRITICAL - 2022-06-30 10:10:48 --> Call to a member function format() on bool
#0 D:\trupti\klamp_accounting\app\Models\AddbookModel.php(4358): db_date('20-21-1011')
#1 D:\trupti\klamp_accounting\app\Controllers\Addbook.php(922): App\Models\AddbookModel->get_Creditnote_gst_register(Array)
#2 D:\trupti\klamp_accounting\system\CodeIgniter.php(918): App\Controllers\Addbook->Creditnote_gst_register()
#3 D:\trupti\klamp_accounting\system\CodeIgniter.php(404): CodeIgniter\CodeIgniter->runController(Object(App\Controllers\Addbook))
#4 D:\trupti\klamp_accounting\system\CodeIgniter.php(312): CodeIgniter\CodeIgniter->handleRequest(NULL, Object(Config\Cache), false)
#5 D:\trupti\klamp_accounting\public\index.php(45): CodeIgniter\CodeIgniter->run()
#6 D:\trupti\klamp_accounting\system\Commands\Server\rewrite.php(34): require_once('D:\\trupti\\klamp...')
#7 {main}
CRITICAL - 2022-06-30 10:38:24 --> Undefined variable: account_id
#0 D:\trupti\klamp_accounting\app\Views\addbook\debitnote.php(22): CodeIgniter\Debug\Exceptions->errorHandler(8, 'Undefined varia...', 'D:\\trupti\\klamp...', 22, Array)
#1 D:\trupti\klamp_accounting\system\View\View.php(246): include('D:\\trupti\\klamp...')
#2 D:\trupti\klamp_accounting\app\Common.php(48): CodeIgniter\View\View->render('addbook/debitno...', Array, true)
#3 D:\trupti\klamp_accounting\app\Controllers\Addbook.php(1155): view('addbook/debitno...', Array)
#4 D:\trupti\klamp_accounting\system\CodeIgniter.php(918): App\Controllers\Addbook->Purchase_return_register()
#5 D:\trupti\klamp_accounting\system\CodeIgniter.php(404): CodeIgniter\CodeIgniter->runController(Object(App\Controllers\Addbook))
#6 D:\trupti\klamp_accounting\system\CodeIgniter.php(312): CodeIgniter\CodeIgniter->handleRequest(NULL, Object(Config\Cache), false)
#7 D:\trupti\klamp_accounting\public\index.php(45): CodeIgniter\CodeIgniter->run()
#8 D:\trupti\klamp_accounting\system\Commands\Server\rewrite.php(34): require_once('D:\\trupti\\klamp...')
#9 {main}
CRITICAL - 2022-06-30 10:39:47 --> You must set the database table to be used with your query.
#0 D:\trupti\klamp_accounting\system\Model.php(1237): CodeIgniter\Database\BaseConnection->table(NULL)
#1 D:\trupti\klamp_accounting\system\Model.php(1816): CodeIgniter\Model->builder()
#2 D:\trupti\klamp_accounting\app\Controllers\Master.php(895): CodeIgniter\Model->__call('search_purchase...', Array)
#3 D:\trupti\klamp_accounting\system\CodeIgniter.php(918): App\Controllers\Master->Getdata('search_purchase...')
#4 D:\trupti\klamp_accounting\system\CodeIgniter.php(404): CodeIgniter\CodeIgniter->runController(Object(App\Controllers\Master))
#5 D:\trupti\klamp_accounting\system\CodeIgniter.php(312): CodeIgniter\CodeIgniter->handleRequest(NULL, Object(Config\Cache), false)
#6 D:\trupti\klamp_accounting\public\index.php(45): CodeIgniter\CodeIgniter->run()
#7 D:\trupti\klamp_accounting\system\Commands\Server\rewrite.php(34): require_once('D:\\trupti\\klamp...')
#8 {main}
CRITICAL - 2022-06-30 10:39:51 --> Undefined variable: result
#0 D:\trupti\klamp_accounting\app\Models\PurchaseModel.php(1902): CodeIgniter\Debug\Exceptions->errorHandler(8, 'Undefined varia...', 'D:\\trupti\\klamp...', 1902, Array)
#1 D:\trupti\klamp_accounting\app\Controllers\Purchase.php(76): App\Models\PurchaseModel->get_purchaseinvoice_databyid(Array)
#2 D:\trupti\klamp_accounting\system\CodeIgniter.php(918): App\Controllers\Purchase->Getdata('search_purchase...')
#3 D:\trupti\klamp_accounting\system\CodeIgniter.php(404): CodeIgniter\CodeIgniter->runController(Object(App\Controllers\Purchase))
#4 D:\trupti\klamp_accounting\system\CodeIgniter.php(312): CodeIgniter\CodeIgniter->handleRequest(NULL, Object(Config\Cache), false)
#5 D:\trupti\klamp_accounting\public\index.php(45): CodeIgniter\CodeIgniter->run()
#6 D:\trupti\klamp_accounting\system\Commands\Server\rewrite.php(34): require_once('D:\\trupti\\klamp...')
#7 {main}
CRITICAL - 2022-06-30 11:56:15 --> Undefined index: name
#0 D:\trupti\klamp_accounting\app\Models\AddbookModel.php(2152): CodeIgniter\Debug\Exceptions->errorHandler(8, 'Undefined index...', 'D:\\trupti\\klamp...', 2152, Array)
#1 D:\trupti\klamp_accounting\app\Controllers\Addbook.php(531): App\Models\AddbookModel->get_Gnrl_purchase_rtn_register_xls(Array)
#2 D:\trupti\klamp_accounting\system\CodeIgniter.php(918): App\Controllers\Addbook->Gnrl_purchase_rtn_register_xls()
#3 D:\trupti\klamp_accounting\system\CodeIgniter.php(404): CodeIgniter\CodeIgniter->runController(Object(App\Controllers\Addbook))
#4 D:\trupti\klamp_accounting\system\CodeIgniter.php(312): CodeIgniter\CodeIgniter->handleRequest(NULL, Object(Config\Cache), false)
#5 D:\trupti\klamp_accounting\public\index.php(45): CodeIgniter\CodeIgniter->run()
#6 D:\trupti\klamp_accounting\system\Commands\Server\rewrite.php(34): require_once('D:\\trupti\\klamp...')
#7 {main}
CRITICAL - 2022-06-30 12:17:41 --> Undefined variable: account_id
#0 D:\trupti\klamp_accounting\app\Views\addbook\payment.php(22): CodeIgniter\Debug\Exceptions->errorHandler(8, 'Undefined varia...', 'D:\\trupti\\klamp...', 22, Array)
#1 D:\trupti\klamp_accounting\system\View\View.php(246): include('D:\\trupti\\klamp...')
#2 D:\trupti\klamp_accounting\app\Common.php(48): CodeIgniter\View\View->render('addbook/payment', Array, true)
#3 D:\trupti\klamp_accounting\app\Controllers\Addbook.php(1205): view('addbook/payment', Array)
#4 D:\trupti\klamp_accounting\system\CodeIgniter.php(918): App\Controllers\Addbook->payment()
#5 D:\trupti\klamp_accounting\system\CodeIgniter.php(404): CodeIgniter\CodeIgniter->runController(Object(App\Controllers\Addbook))
#6 D:\trupti\klamp_accounting\system\CodeIgniter.php(312): CodeIgniter\CodeIgniter->handleRequest(NULL, Object(Config\Cache), false)
#7 D:\trupti\klamp_accounting\public\index.php(45): CodeIgniter\CodeIgniter->run()
#8 D:\trupti\klamp_accounting\system\Commands\Server\rewrite.php(34): require_once('D:\\trupti\\klamp...')
#9 {main}
CRITICAL - 2022-06-30 12:38:51 --> date_format() expects parameter 1 to be DateTimeInterface, bool given
#0 [internal function]: CodeIgniter\Debug\Exceptions->errorHandler(2, 'date_format() e...', 'D:\\trupti\\klamp...', 95, Array)
#1 D:\trupti\klamp_accounting\app\Helpers\base_helper.php(95): date_format(false, 'd-m-Y')
#2 D:\trupti\klamp_accounting\app\Views\addbook\receipt.php(171): user_date('20-21-1011')
#3 D:\trupti\klamp_accounting\system\View\View.php(246): include('D:\\trupti\\klamp...')
#4 D:\trupti\klamp_accounting\app\Common.php(48): CodeIgniter\View\View->render('addbook/receipt', Array, true)
#5 D:\trupti\klamp_accounting\app\Controllers\Addbook.php(1326): view('addbook/receipt', Array)
#6 D:\trupti\klamp_accounting\system\CodeIgniter.php(918): App\Controllers\Addbook->receipt()
#7 D:\trupti\klamp_accounting\system\CodeIgniter.php(404): CodeIgniter\CodeIgniter->runController(Object(App\Controllers\Addbook))
#8 D:\trupti\klamp_accounting\system\CodeIgniter.php(312): CodeIgniter\CodeIgniter->handleRequest(NULL, Object(Config\Cache), false)
#9 D:\trupti\klamp_accounting\public\index.php(45): CodeIgniter\CodeIgniter->run()
#10 D:\trupti\klamp_accounting\system\Commands\Server\rewrite.php(34): require_once('D:\\trupti\\klamp...')
#11 {main}
CRITICAL - 2022-06-30 12:40:21 --> Undefined variable: account_id
#0 D:\trupti\klamp_accounting\app\Views\addbook\receipt.php(22): CodeIgniter\Debug\Exceptions->errorHandler(8, 'Undefined varia...', 'D:\\trupti\\klamp...', 22, Array)
#1 D:\trupti\klamp_accounting\system\View\View.php(246): include('D:\\trupti\\klamp...')
#2 D:\trupti\klamp_accounting\app\Common.php(48): CodeIgniter\View\View->render('addbook/receipt', Array, true)
#3 D:\trupti\klamp_accounting\app\Controllers\Addbook.php(1326): view('addbook/receipt', Array)
#4 D:\trupti\klamp_accounting\system\CodeIgniter.php(918): App\Controllers\Addbook->receipt()
#5 D:\trupti\klamp_accounting\system\CodeIgniter.php(404): CodeIgniter\CodeIgniter->runController(Object(App\Controllers\Addbook))
#6 D:\trupti\klamp_accounting\system\CodeIgniter.php(312): CodeIgniter\CodeIgniter->handleRequest(NULL, Object(Config\Cache), false)
#7 D:\trupti\klamp_accounting\public\index.php(45): CodeIgniter\CodeIgniter->run()
#8 D:\trupti\klamp_accounting\system\Commands\Server\rewrite.php(34): require_once('D:\\trupti\\klamp...')
#9 {main}
CRITICAL - 2022-06-30 12:41:19 --> date_format() expects parameter 1 to be DateTimeInterface, bool given
#0 [internal function]: CodeIgniter\Debug\Exceptions->errorHandler(2, 'date_format() e...', 'D:\\trupti\\klamp...', 95, Array)
#1 D:\trupti\klamp_accounting\app\Helpers\base_helper.php(95): date_format(false, 'd-m-Y')
#2 D:\trupti\klamp_accounting\app\Views\addbook\receipt.php(171): user_date('20-21-1011')
#3 D:\trupti\klamp_accounting\system\View\View.php(246): include('D:\\trupti\\klamp...')
#4 D:\trupti\klamp_accounting\app\Common.php(48): CodeIgniter\View\View->render('addbook/receipt', Array, true)
#5 D:\trupti\klamp_accounting\app\Controllers\Addbook.php(1326): view('addbook/receipt', Array)
#6 D:\trupti\klamp_accounting\system\CodeIgniter.php(918): App\Controllers\Addbook->receipt()
#7 D:\trupti\klamp_accounting\system\CodeIgniter.php(404): CodeIgniter\CodeIgniter->runController(Object(App\Controllers\Addbook))
#8 D:\trupti\klamp_accounting\system\CodeIgniter.php(312): CodeIgniter\CodeIgniter->handleRequest(NULL, Object(Config\Cache), false)
#9 D:\trupti\klamp_accounting\public\index.php(45): CodeIgniter\CodeIgniter->run()
#10 D:\trupti\klamp_accounting\system\Commands\Server\rewrite.php(34): require_once('D:\\trupti\\klamp...')
#11 {main}
CRITICAL - 2022-06-30 13:19:44 --> Undefined variable: account_id
#0 D:\trupti\klamp_accounting\app\Views\addbook\contra.php(22): CodeIgniter\Debug\Exceptions->errorHandler(8, 'Undefined varia...', 'D:\\trupti\\klamp...', 22, Array)
#1 D:\trupti\klamp_accounting\system\View\View.php(246): include('D:\\trupti\\klamp...')
#2 D:\trupti\klamp_accounting\app\Common.php(48): CodeIgniter\View\View->render('addbook/contra', Array, true)
#3 D:\trupti\klamp_accounting\app\Controllers\Addbook.php(1263): view('addbook/contra', Array)
#4 D:\trupti\klamp_accounting\system\CodeIgniter.php(918): App\Controllers\Addbook->contra()
#5 D:\trupti\klamp_accounting\system\CodeIgniter.php(404): CodeIgniter\CodeIgniter->runController(Object(App\Controllers\Addbook))
#6 D:\trupti\klamp_accounting\system\CodeIgniter.php(312): CodeIgniter\CodeIgniter->handleRequest(NULL, Object(Config\Cache), false)
#7 D:\trupti\klamp_accounting\public\index.php(45): CodeIgniter\CodeIgniter->run()
#8 D:\trupti\klamp_accounting\system\Commands\Server\rewrite.php(34): require_once('D:\\trupti\\klamp...')
#9 {main}
CRITICAL - 2022-06-30 16:23:44 --> Undefined variable: result
#0 D:\trupti\klamp_accounting\app\Models\SalesModel.php(2012): CodeIgniter\Debug\Exceptions->errorHandler(8, 'Undefined varia...', 'D:\\trupti\\klamp...', 2012, Array)
#1 D:\trupti\klamp_accounting\app\Controllers\Sales.php(538): App\Models\SalesModel->get_Saleinvoice_databyid(Array)
#2 D:\trupti\klamp_accounting\system\CodeIgniter.php(918): App\Controllers\Sales->Getdata('search_sales_in...')
#3 D:\trupti\klamp_accounting\system\CodeIgniter.php(404): CodeIgniter\CodeIgniter->runController(Object(App\Controllers\Sales))
#4 D:\trupti\klamp_accounting\system\CodeIgniter.php(312): CodeIgniter\CodeIgniter->handleRequest(NULL, Object(Config\Cache), false)
#5 D:\trupti\klamp_accounting\public\index.php(45): CodeIgniter\CodeIgniter->run()
#6 D:\trupti\klamp_accounting\system\Commands\Server\rewrite.php(34): require_once('D:\\trupti\\klamp...')
#7 {main}
CRITICAL - 2022-06-30 16:25:12 --> Undefined variable: salesinvoice
#0 D:\trupti\klamp_accounting\app\Views\pdf\sales_return.php(231): CodeIgniter\Debug\Exceptions->errorHandler(8, 'Undefined varia...', 'D:\\trupti\\klamp...', 231, Array)
#1 D:\trupti\klamp_accounting\system\View\View.php(246): include('D:\\trupti\\klamp...')
#2 D:\trupti\klamp_accounting\app\Common.php(48): CodeIgniter\View\View->render('pdf/sales_retur...', Array, true)
#3 D:\trupti\klamp_accounting\app\Controllers\Sales.php(236): view('pdf/sales_retur...', Array)
#4 D:\trupti\klamp_accounting\system\CodeIgniter.php(918): App\Controllers\Sales->pdf_return('50')
#5 D:\trupti\klamp_accounting\system\CodeIgniter.php(404): CodeIgniter\CodeIgniter->runController(Object(App\Controllers\Sales))
#6 D:\trupti\klamp_accounting\system\CodeIgniter.php(312): CodeIgniter\CodeIgniter->handleRequest(NULL, Object(Config\Cache), false)
#7 D:\trupti\klamp_accounting\public\index.php(45): CodeIgniter\CodeIgniter->run()
#8 D:\trupti\klamp_accounting\system\Commands\Server\rewrite.php(34): require_once('D:\\trupti\\klamp...')
#9 {main}
CRITICAL - 2022-06-30 16:25:41 --> Undefined variable: salesinvoice
#0 D:\trupti\klamp_accounting\app\Views\pdf\sales_return.php(231): CodeIgniter\Debug\Exceptions->errorHandler(8, 'Undefined varia...', 'D:\\trupti\\klamp...', 231, Array)
#1 D:\trupti\klamp_accounting\system\View\View.php(246): include('D:\\trupti\\klamp...')
#2 D:\trupti\klamp_accounting\app\Common.php(48): CodeIgniter\View\View->render('pdf/sales_retur...', Array, true)
#3 D:\trupti\klamp_accounting\app\Controllers\Sales.php(236): view('pdf/sales_retur...', Array)
#4 D:\trupti\klamp_accounting\system\CodeIgniter.php(918): App\Controllers\Sales->pdf_return('50')
#5 D:\trupti\klamp_accounting\system\CodeIgniter.php(404): CodeIgniter\CodeIgniter->runController(Object(App\Controllers\Sales))
#6 D:\trupti\klamp_accounting\system\CodeIgniter.php(312): CodeIgniter\CodeIgniter->handleRequest(NULL, Object(Config\Cache), false)
#7 D:\trupti\klamp_accounting\public\index.php(45): CodeIgniter\CodeIgniter->run()
#8 D:\trupti\klamp_accounting\system\Commands\Server\rewrite.php(34): require_once('D:\\trupti\\klamp...')
#9 {main}
CRITICAL - 2022-06-30 17:14:12 --> Undefined variable: result
#0 D:\trupti\klamp_accounting\app\Models\SalesModel.php(2012): CodeIgniter\Debug\Exceptions->errorHandler(8, 'Undefined varia...', 'D:\\trupti\\klamp...', 2012, Array)
#1 D:\trupti\klamp_accounting\app\Controllers\Sales.php(538): App\Models\SalesModel->get_Saleinvoice_databyid(Array)
#2 D:\trupti\klamp_accounting\system\CodeIgniter.php(918): App\Controllers\Sales->Getdata('search_sales_in...')
#3 D:\trupti\klamp_accounting\system\CodeIgniter.php(404): CodeIgniter\CodeIgniter->runController(Object(App\Controllers\Sales))
#4 D:\trupti\klamp_accounting\system\CodeIgniter.php(312): CodeIgniter\CodeIgniter->handleRequest(NULL, Object(Config\Cache), false)
#5 D:\trupti\klamp_accounting\public\index.php(45): CodeIgniter\CodeIgniter->run()
#6 D:\trupti\klamp_accounting\system\Commands\Server\rewrite.php(34): require_once('D:\\trupti\\klamp...')
#7 {main}
CRITICAL - 2022-06-30 17:37:50 --> Undefined variable: result
#0 D:\trupti\klamp_accounting\app\Models\SalesModel.php(2012): CodeIgniter\Debug\Exceptions->errorHandler(8, 'Undefined varia...', 'D:\\trupti\\klamp...', 2012, Array)
#1 D:\trupti\klamp_accounting\app\Controllers\Sales.php(538): App\Models\SalesModel->get_Saleinvoice_databyid(Array)
#2 D:\trupti\klamp_accounting\system\CodeIgniter.php(918): App\Controllers\Sales->Getdata('search_sales_in...')
#3 D:\trupti\klamp_accounting\system\CodeIgniter.php(404): CodeIgniter\CodeIgniter->runController(Object(App\Controllers\Sales))
#4 D:\trupti\klamp_accounting\system\CodeIgniter.php(312): CodeIgniter\CodeIgniter->handleRequest(NULL, Object(Config\Cache), false)
#5 D:\trupti\klamp_accounting\public\index.php(45): CodeIgniter\CodeIgniter->run()
#6 D:\trupti\klamp_accounting\system\Commands\Server\rewrite.php(34): require_once('D:\\trupti\\klamp...')
#7 {main}
CRITICAL - 2022-06-30 17:37:52 --> Undefined variable: result
#0 D:\trupti\klamp_accounting\app\Models\SalesModel.php(2012): CodeIgniter\Debug\Exceptions->errorHandler(8, 'Undefined varia...', 'D:\\trupti\\klamp...', 2012, Array)
#1 D:\trupti\klamp_accounting\app\Controllers\Sales.php(538): App\Models\SalesModel->get_Saleinvoice_databyid(Array)
#2 D:\trupti\klamp_accounting\system\CodeIgniter.php(918): App\Controllers\Sales->Getdata('search_sales_in...')
#3 D:\trupti\klamp_accounting\system\CodeIgniter.php(404): CodeIgniter\CodeIgniter->runController(Object(App\Controllers\Sales))
#4 D:\trupti\klamp_accounting\system\CodeIgniter.php(312): CodeIgniter\CodeIgniter->handleRequest(NULL, Object(Config\Cache), false)
#5 D:\trupti\klamp_accounting\public\index.php(45): CodeIgniter\CodeIgniter->run()
#6 D:\trupti\klamp_accounting\system\Commands\Server\rewrite.php(34): require_once('D:\\trupti\\klamp...')
#7 {main}
CRITICAL - 2022-06-30 17:52:39 --> Unknown column 'acc.status' in 'where clause'
#0 D:\trupti\klamp_accounting\system\Database\MySQLi\Connection.php(331): mysqli->query('SELECT `acc`.`n...')
#1 D:\trupti\klamp_accounting\system\Database\BaseConnection.php(741): CodeIgniter\Database\MySQLi\Connection->execute('SELECT `acc`.`n...')
#2 D:\trupti\klamp_accounting\system\Database\BaseConnection.php(669): CodeIgniter\Database\BaseConnection->simpleQuery('SELECT `acc`.`n...')
#3 D:\trupti\klamp_accounting\system\Database\BaseBuilder.php(1860): CodeIgniter\Database\BaseConnection->query('SELECT `acc`.`n...', Array, false)
#4 D:\trupti\klamp_accounting\app\Models\MasterModel.php(651): CodeIgniter\Database\BaseBuilder->get()
#5 D:\trupti\klamp_accounting\app\Controllers\Master.php(815): App\Models\MasterModel->search_pur_delivery(Array)
#6 D:\trupti\klamp_accounting\system\CodeIgniter.php(918): App\Controllers\Master->Getdata('search_pur_deli...')
#7 D:\trupti\klamp_accounting\system\CodeIgniter.php(404): CodeIgniter\CodeIgniter->runController(Object(App\Controllers\Master))
#8 D:\trupti\klamp_accounting\system\CodeIgniter.php(312): CodeIgniter\CodeIgniter->handleRequest(NULL, Object(Config\Cache), false)
#9 D:\trupti\klamp_accounting\public\index.php(45): CodeIgniter\CodeIgniter->run()
#10 D:\trupti\klamp_accounting\system\Commands\Server\rewrite.php(34): require_once('D:\\trupti\\klamp...')
#11 {main}
CRITICAL - 2022-06-30 17:52:42 --> Unknown column 'acc.status' in 'where clause'
#0 D:\trupti\klamp_accounting\system\Database\MySQLi\Connection.php(331): mysqli->query('SELECT `acc`.`n...')
#1 D:\trupti\klamp_accounting\system\Database\BaseConnection.php(741): CodeIgniter\Database\MySQLi\Connection->execute('SELECT `acc`.`n...')
#2 D:\trupti\klamp_accounting\system\Database\BaseConnection.php(669): CodeIgniter\Database\BaseConnection->simpleQuery('SELECT `acc`.`n...')
#3 D:\trupti\klamp_accounting\system\Database\BaseBuilder.php(1860): CodeIgniter\Database\BaseConnection->query('SELECT `acc`.`n...', Array, false)
#4 D:\trupti\klamp_accounting\app\Models\MasterModel.php(651): CodeIgniter\Database\BaseBuilder->get()
#5 D:\trupti\klamp_accounting\app\Controllers\Master.php(815): App\Models\MasterModel->search_pur_delivery(Array)
#6 D:\trupti\klamp_accounting\system\CodeIgniter.php(918): App\Controllers\Master->Getdata('search_pur_deli...')
#7 D:\trupti\klamp_accounting\system\CodeIgniter.php(404): CodeIgniter\CodeIgniter->runController(Object(App\Controllers\Master))
#8 D:\trupti\klamp_accounting\system\CodeIgniter.php(312): CodeIgniter\CodeIgniter->handleRequest(NULL, Object(Config\Cache), false)
#9 D:\trupti\klamp_accounting\public\index.php(45): CodeIgniter\CodeIgniter->run()
#10 D:\trupti\klamp_accounting\system\Commands\Server\rewrite.php(34): require_once('D:\\trupti\\klamp...')
#11 {main}
CRITICAL - 2022-06-30 17:52:43 --> Unknown column 'acc.status' in 'where clause'
#0 D:\trupti\klamp_accounting\system\Database\MySQLi\Connection.php(331): mysqli->query('SELECT `acc`.`n...')
#1 D:\trupti\klamp_accounting\system\Database\BaseConnection.php(741): CodeIgniter\Database\MySQLi\Connection->execute('SELECT `acc`.`n...')
#2 D:\trupti\klamp_accounting\system\Database\BaseConnection.php(669): CodeIgniter\Database\BaseConnection->simpleQuery('SELECT `acc`.`n...')
#3 D:\trupti\klamp_accounting\system\Database\BaseBuilder.php(1860): CodeIgniter\Database\BaseConnection->query('SELECT `acc`.`n...', Array, false)
#4 D:\trupti\klamp_accounting\app\Models\MasterModel.php(651): CodeIgniter\Database\BaseBuilder->get()
#5 D:\trupti\klamp_accounting\app\Controllers\Master.php(815): App\Models\MasterModel->search_pur_delivery(Array)
#6 D:\trupti\klamp_accounting\system\CodeIgniter.php(918): App\Controllers\Master->Getdata('search_pur_deli...')
#7 D:\trupti\klamp_accounting\system\CodeIgniter.php(404): CodeIgniter\CodeIgniter->runController(Object(App\Controllers\Master))
#8 D:\trupti\klamp_accounting\system\CodeIgniter.php(312): CodeIgniter\CodeIgniter->handleRequest(NULL, Object(Config\Cache), false)
#9 D:\trupti\klamp_accounting\public\index.php(45): CodeIgniter\CodeIgniter->run()
#10 D:\trupti\klamp_accounting\system\Commands\Server\rewrite.php(34): require_once('D:\\trupti\\klamp...')
#11 {main}
CRITICAL - 2022-06-30 17:52:44 --> Unknown column 'acc.status' in 'where clause'
#0 D:\trupti\klamp_accounting\system\Database\MySQLi\Connection.php(331): mysqli->query('SELECT `acc`.`n...')
#1 D:\trupti\klamp_accounting\system\Database\BaseConnection.php(741): CodeIgniter\Database\MySQLi\Connection->execute('SELECT `acc`.`n...')
#2 D:\trupti\klamp_accounting\system\Database\BaseConnection.php(669): CodeIgniter\Database\BaseConnection->simpleQuery('SELECT `acc`.`n...')
#3 D:\trupti\klamp_accounting\system\Database\BaseBuilder.php(1860): CodeIgniter\Database\BaseConnection->query('SELECT `acc`.`n...', Array, false)
#4 D:\trupti\klamp_accounting\app\Models\MasterModel.php(651): CodeIgniter\Database\BaseBuilder->get()
#5 D:\trupti\klamp_accounting\app\Controllers\Master.php(815): App\Models\MasterModel->search_pur_delivery(Array)
#6 D:\trupti\klamp_accounting\system\CodeIgniter.php(918): App\Controllers\Master->Getdata('search_pur_deli...')
#7 D:\trupti\klamp_accounting\system\CodeIgniter.php(404): CodeIgniter\CodeIgniter->runController(Object(App\Controllers\Master))
#8 D:\trupti\klamp_accounting\system\CodeIgniter.php(312): CodeIgniter\CodeIgniter->handleRequest(NULL, Object(Config\Cache), false)
#9 D:\trupti\klamp_accounting\public\index.php(45): CodeIgniter\CodeIgniter->run()
#10 D:\trupti\klamp_accounting\system\Commands\Server\rewrite.php(34): require_once('D:\\trupti\\klamp...')
#11 {main}
CRITICAL - 2022-06-30 17:52:45 --> Unknown column 'acc.status' in 'where clause'
#0 D:\trupti\klamp_accounting\system\Database\MySQLi\Connection.php(331): mysqli->query('SELECT `acc`.`n...')
#1 D:\trupti\klamp_accounting\system\Database\BaseConnection.php(741): CodeIgniter\Database\MySQLi\Connection->execute('SELECT `acc`.`n...')
#2 D:\trupti\klamp_accounting\system\Database\BaseConnection.php(669): CodeIgniter\Database\BaseConnection->simpleQuery('SELECT `acc`.`n...')
#3 D:\trupti\klamp_accounting\system\Database\BaseBuilder.php(1860): CodeIgniter\Database\BaseConnection->query('SELECT `acc`.`n...', Array, false)
#4 D:\trupti\klamp_accounting\app\Models\MasterModel.php(651): CodeIgniter\Database\BaseBuilder->get()
#5 D:\trupti\klamp_accounting\app\Controllers\Master.php(815): App\Models\MasterModel->search_pur_delivery(Array)
#6 D:\trupti\klamp_accounting\system\CodeIgniter.php(918): App\Controllers\Master->Getdata('search_pur_deli...')
#7 D:\trupti\klamp_accounting\system\CodeIgniter.php(404): CodeIgniter\CodeIgniter->runController(Object(App\Controllers\Master))
#8 D:\trupti\klamp_accounting\system\CodeIgniter.php(312): CodeIgniter\CodeIgniter->handleRequest(NULL, Object(Config\Cache), false)
#9 D:\trupti\klamp_accounting\public\index.php(45): CodeIgniter\CodeIgniter->run()
#10 D:\trupti\klamp_accounting\system\Commands\Server\rewrite.php(34): require_once('D:\\trupti\\klamp...')
#11 {main}
CRITICAL - 2022-06-30 17:52:46 --> Unknown column 'acc.status' in 'where clause'
#0 D:\trupti\klamp_accounting\system\Database\MySQLi\Connection.php(331): mysqli->query('SELECT `acc`.`n...')
#1 D:\trupti\klamp_accounting\system\Database\BaseConnection.php(741): CodeIgniter\Database\MySQLi\Connection->execute('SELECT `acc`.`n...')
#2 D:\trupti\klamp_accounting\system\Database\BaseConnection.php(669): CodeIgniter\Database\BaseConnection->simpleQuery('SELECT `acc`.`n...')
#3 D:\trupti\klamp_accounting\system\Database\BaseBuilder.php(1860): CodeIgniter\Database\BaseConnection->query('SELECT `acc`.`n...', Array, false)
#4 D:\trupti\klamp_accounting\app\Models\MasterModel.php(651): CodeIgniter\Database\BaseBuilder->get()
#5 D:\trupti\klamp_accounting\app\Controllers\Master.php(815): App\Models\MasterModel->search_pur_delivery(Array)
#6 D:\trupti\klamp_accounting\system\CodeIgniter.php(918): App\Controllers\Master->Getdata('search_pur_deli...')
#7 D:\trupti\klamp_accounting\system\CodeIgniter.php(404): CodeIgniter\CodeIgniter->runController(Object(App\Controllers\Master))
#8 D:\trupti\klamp_accounting\system\CodeIgniter.php(312): CodeIgniter\CodeIgniter->handleRequest(NULL, Object(Config\Cache), false)
#9 D:\trupti\klamp_accounting\public\index.php(45): CodeIgniter\CodeIgniter->run()
#10 D:\trupti\klamp_accounting\system\Commands\Server\rewrite.php(34): require_once('D:\\trupti\\klamp...')
#11 {main}
CRITICAL - 2022-06-30 17:52:47 --> Unknown column 'acc.status' in 'where clause'
#0 D:\trupti\klamp_accounting\system\Database\MySQLi\Connection.php(331): mysqli->query('SELECT `acc`.`n...')
#1 D:\trupti\klamp_accounting\system\Database\BaseConnection.php(741): CodeIgniter\Database\MySQLi\Connection->execute('SELECT `acc`.`n...')
#2 D:\trupti\klamp_accounting\system\Database\BaseConnection.php(669): CodeIgniter\Database\BaseConnection->simpleQuery('SELECT `acc`.`n...')
#3 D:\trupti\klamp_accounting\system\Database\BaseBuilder.php(1860): CodeIgniter\Database\BaseConnection->query('SELECT `acc`.`n...', Array, false)
#4 D:\trupti\klamp_accounting\app\Models\MasterModel.php(651): CodeIgniter\Database\BaseBuilder->get()
#5 D:\trupti\klamp_accounting\app\Controllers\Master.php(815): App\Models\MasterModel->search_pur_delivery(Array)
#6 D:\trupti\klamp_accounting\system\CodeIgniter.php(918): App\Controllers\Master->Getdata('search_pur_deli...')
#7 D:\trupti\klamp_accounting\system\CodeIgniter.php(404): CodeIgniter\CodeIgniter->runController(Object(App\Controllers\Master))
#8 D:\trupti\klamp_accounting\system\CodeIgniter.php(312): CodeIgniter\CodeIgniter->handleRequest(NULL, Object(Config\Cache), false)
#9 D:\trupti\klamp_accounting\public\index.php(45): CodeIgniter\CodeIgniter->run()
#10 D:\trupti\klamp_accounting\system\Commands\Server\rewrite.php(34): require_once('D:\\trupti\\klamp...')
#11 {main}
CRITICAL - 2022-06-30 17:52:48 --> Unknown column 'acc.status' in 'where clause'
#0 D:\trupti\klamp_accounting\system\Database\MySQLi\Connection.php(331): mysqli->query('SELECT `acc`.`n...')
#1 D:\trupti\klamp_accounting\system\Database\BaseConnection.php(741): CodeIgniter\Database\MySQLi\Connection->execute('SELECT `acc`.`n...')
#2 D:\trupti\klamp_accounting\system\Database\BaseConnection.php(669): CodeIgniter\Database\BaseConnection->simpleQuery('SELECT `acc`.`n...')
#3 D:\trupti\klamp_accounting\system\Database\BaseBuilder.php(1860): CodeIgniter\Database\BaseConnection->query('SELECT `acc`.`n...', Array, false)
#4 D:\trupti\klamp_accounting\app\Models\MasterModel.php(651): CodeIgniter\Database\BaseBuilder->get()
#5 D:\trupti\klamp_accounting\app\Controllers\Master.php(815): App\Models\MasterModel->search_pur_delivery(Array)
#6 D:\trupti\klamp_accounting\system\CodeIgniter.php(918): App\Controllers\Master->Getdata('search_pur_deli...')
#7 D:\trupti\klamp_accounting\system\CodeIgniter.php(404): CodeIgniter\CodeIgniter->runController(Object(App\Controllers\Master))
#8 D:\trupti\klamp_accounting\system\CodeIgniter.php(312): CodeIgniter\CodeIgniter->handleRequest(NULL, Object(Config\Cache), false)
#9 D:\trupti\klamp_accounting\public\index.php(45): CodeIgniter\CodeIgniter->run()
#10 D:\trupti\klamp_accounting\system\Commands\Server\rewrite.php(34): require_once('D:\\trupti\\klamp...')
#11 {main}
CRITICAL - 2022-06-30 17:52:48 --> Unknown column 'acc.status' in 'where clause'
#0 D:\trupti\klamp_accounting\system\Database\MySQLi\Connection.php(331): mysqli->query('SELECT `acc`.`n...')
#1 D:\trupti\klamp_accounting\system\Database\BaseConnection.php(741): CodeIgniter\Database\MySQLi\Connection->execute('SELECT `acc`.`n...')
#2 D:\trupti\klamp_accounting\system\Database\BaseConnection.php(669): CodeIgniter\Database\BaseConnection->simpleQuery('SELECT `acc`.`n...')
#3 D:\trupti\klamp_accounting\system\Database\BaseBuilder.php(1860): CodeIgniter\Database\BaseConnection->query('SELECT `acc`.`n...', Array, false)
#4 D:\trupti\klamp_accounting\app\Models\MasterModel.php(651): CodeIgniter\Database\BaseBuilder->get()
#5 D:\trupti\klamp_accounting\app\Controllers\Master.php(815): App\Models\MasterModel->search_pur_delivery(Array)
#6 D:\trupti\klamp_accounting\system\CodeIgniter.php(918): App\Controllers\Master->Getdata('search_pur_deli...')
#7 D:\trupti\klamp_accounting\system\CodeIgniter.php(404): CodeIgniter\CodeIgniter->runController(Object(App\Controllers\Master))
#8 D:\trupti\klamp_accounting\system\CodeIgniter.php(312): CodeIgniter\CodeIgniter->handleRequest(NULL, Object(Config\Cache), false)
#9 D:\trupti\klamp_accounting\public\index.php(45): CodeIgniter\CodeIgniter->run()
#10 D:\trupti\klamp_accounting\system\Commands\Server\rewrite.php(34): require_once('D:\\trupti\\klamp...')
#11 {main}
CRITICAL - 2022-06-30 17:52:49 --> Unknown column 'acc.status' in 'where clause'
#0 D:\trupti\klamp_accounting\system\Database\MySQLi\Connection.php(331): mysqli->query('SELECT `acc`.`n...')
#1 D:\trupti\klamp_accounting\system\Database\BaseConnection.php(741): CodeIgniter\Database\MySQLi\Connection->execute('SELECT `acc`.`n...')
#2 D:\trupti\klamp_accounting\system\Database\BaseConnection.php(669): CodeIgniter\Database\BaseConnection->simpleQuery('SELECT `acc`.`n...')
#3 D:\trupti\klamp_accounting\system\Database\BaseBuilder.php(1860): CodeIgniter\Database\BaseConnection->query('SELECT `acc`.`n...', Array, false)
#4 D:\trupti\klamp_accounting\app\Models\MasterModel.php(651): CodeIgniter\Database\BaseBuilder->get()
#5 D:\trupti\klamp_accounting\app\Controllers\Master.php(815): App\Models\MasterModel->search_pur_delivery(Array)
#6 D:\trupti\klamp_accounting\system\CodeIgniter.php(918): App\Controllers\Master->Getdata('search_pur_deli...')
#7 D:\trupti\klamp_accounting\system\CodeIgniter.php(404): CodeIgniter\CodeIgniter->runController(Object(App\Controllers\Master))
#8 D:\trupti\klamp_accounting\system\CodeIgniter.php(312): CodeIgniter\CodeIgniter->handleRequest(NULL, Object(Config\Cache), false)
#9 D:\trupti\klamp_accounting\public\index.php(45): CodeIgniter\CodeIgniter->run()
#10 D:\trupti\klamp_accounting\system\Commands\Server\rewrite.php(34): require_once('D:\\trupti\\klamp...')
#11 {main}
CRITICAL - 2022-06-30 17:52:50 --> Unknown column 'acc.status' in 'where clause'
#0 D:\trupti\klamp_accounting\system\Database\MySQLi\Connection.php(331): mysqli->query('SELECT `acc`.`n...')
#1 D:\trupti\klamp_accounting\system\Database\BaseConnection.php(741): CodeIgniter\Database\MySQLi\Connection->execute('SELECT `acc`.`n...')
#2 D:\trupti\klamp_accounting\system\Database\BaseConnection.php(669): CodeIgniter\Database\BaseConnection->simpleQuery('SELECT `acc`.`n...')
#3 D:\trupti\klamp_accounting\system\Database\BaseBuilder.php(1860): CodeIgniter\Database\BaseConnection->query('SELECT `acc`.`n...', Array, false)
#4 D:\trupti\klamp_accounting\app\Models\MasterModel.php(651): CodeIgniter\Database\BaseBuilder->get()
#5 D:\trupti\klamp_accounting\app\Controllers\Master.php(815): App\Models\MasterModel->search_pur_delivery(Array)
#6 D:\trupti\klamp_accounting\system\CodeIgniter.php(918): App\Controllers\Master->Getdata('search_pur_deli...')
#7 D:\trupti\klamp_accounting\system\CodeIgniter.php(404): CodeIgniter\CodeIgniter->runController(Object(App\Controllers\Master))
#8 D:\trupti\klamp_accounting\system\CodeIgniter.php(312): CodeIgniter\CodeIgniter->handleRequest(NULL, Object(Config\Cache), false)
#9 D:\trupti\klamp_accounting\public\index.php(45): CodeIgniter\CodeIgniter->run()
#10 D:\trupti\klamp_accounting\system\Commands\Server\rewrite.php(34): require_once('D:\\trupti\\klamp...')
#11 {main}
CRITICAL - 2022-06-30 17:52:51 --> Unknown column 'acc.status' in 'where clause'
#0 D:\trupti\klamp_accounting\system\Database\MySQLi\Connection.php(331): mysqli->query('SELECT `acc`.`n...')
#1 D:\trupti\klamp_accounting\system\Database\BaseConnection.php(741): CodeIgniter\Database\MySQLi\Connection->execute('SELECT `acc`.`n...')
#2 D:\trupti\klamp_accounting\system\Database\BaseConnection.php(669): CodeIgniter\Database\BaseConnection->simpleQuery('SELECT `acc`.`n...')
#3 D:\trupti\klamp_accounting\system\Database\BaseBuilder.php(1860): CodeIgniter\Database\BaseConnection->query('SELECT `acc`.`n...', Array, false)
#4 D:\trupti\klamp_accounting\app\Models\MasterModel.php(651): CodeIgniter\Database\BaseBuilder->get()
#5 D:\trupti\klamp_accounting\app\Controllers\Master.php(815): App\Models\MasterModel->search_pur_delivery(Array)
#6 D:\trupti\klamp_accounting\system\CodeIgniter.php(918): App\Controllers\Master->Getdata('search_pur_deli...')
#7 D:\trupti\klamp_accounting\system\CodeIgniter.php(404): CodeIgniter\CodeIgniter->runController(Object(App\Controllers\Master))
#8 D:\trupti\klamp_accounting\system\CodeIgniter.php(312): CodeIgniter\CodeIgniter->handleRequest(NULL, Object(Config\Cache), false)
#9 D:\trupti\klamp_accounting\public\index.php(45): CodeIgniter\CodeIgniter->run()
#10 D:\trupti\klamp_accounting\system\Commands\Server\rewrite.php(34): require_once('D:\\trupti\\klamp...')
#11 {main}
CRITICAL - 2022-06-30 17:52:51 --> Unknown column 'acc.status' in 'where clause'
#0 D:\trupti\klamp_accounting\system\Database\MySQLi\Connection.php(331): mysqli->query('SELECT `acc`.`n...')
#1 D:\trupti\klamp_accounting\system\Database\BaseConnection.php(741): CodeIgniter\Database\MySQLi\Connection->execute('SELECT `acc`.`n...')
#2 D:\trupti\klamp_accounting\system\Database\BaseConnection.php(669): CodeIgniter\Database\BaseConnection->simpleQuery('SELECT `acc`.`n...')
#3 D:\trupti\klamp_accounting\system\Database\BaseBuilder.php(1860): CodeIgniter\Database\BaseConnection->query('SELECT `acc`.`n...', Array, false)
#4 D:\trupti\klamp_accounting\app\Models\MasterModel.php(651): CodeIgniter\Database\BaseBuilder->get()
#5 D:\trupti\klamp_accounting\app\Controllers\Master.php(815): App\Models\MasterModel->search_pur_delivery(Array)
#6 D:\trupti\klamp_accounting\system\CodeIgniter.php(918): App\Controllers\Master->Getdata('search_pur_deli...')
#7 D:\trupti\klamp_accounting\system\CodeIgniter.php(404): CodeIgniter\CodeIgniter->runController(Object(App\Controllers\Master))
#8 D:\trupti\klamp_accounting\system\CodeIgniter.php(312): CodeIgniter\CodeIgniter->handleRequest(NULL, Object(Config\Cache), false)
#9 D:\trupti\klamp_accounting\public\index.php(45): CodeIgniter\CodeIgniter->run()
#10 D:\trupti\klamp_accounting\system\Commands\Server\rewrite.php(34): require_once('D:\\trupti\\klamp...')
#11 {main}
CRITICAL - 2022-06-30 17:53:13 --> Unknown column 'acc.status' in 'where clause'
#0 D:\trupti\klamp_accounting\system\Database\MySQLi\Connection.php(331): mysqli->query('SELECT `acc`.`n...')
#1 D:\trupti\klamp_accounting\system\Database\BaseConnection.php(741): CodeIgniter\Database\MySQLi\Connection->execute('SELECT `acc`.`n...')
#2 D:\trupti\klamp_accounting\system\Database\BaseConnection.php(669): CodeIgniter\Database\BaseConnection->simpleQuery('SELECT `acc`.`n...')
#3 D:\trupti\klamp_accounting\system\Database\BaseBuilder.php(1860): CodeIgniter\Database\BaseConnection->query('SELECT `acc`.`n...', Array, false)
#4 D:\trupti\klamp_accounting\app\Models\MasterModel.php(651): CodeIgniter\Database\BaseBuilder->get()
#5 D:\trupti\klamp_accounting\app\Controllers\Master.php(815): App\Models\MasterModel->search_pur_delivery(Array)
#6 D:\trupti\klamp_accounting\system\CodeIgniter.php(918): App\Controllers\Master->Getdata('search_pur_deli...')
#7 D:\trupti\klamp_accounting\system\CodeIgniter.php(404): CodeIgniter\CodeIgniter->runController(Object(App\Controllers\Master))
#8 D:\trupti\klamp_accounting\system\CodeIgniter.php(312): CodeIgniter\CodeIgniter->handleRequest(NULL, Object(Config\Cache), false)
#9 D:\trupti\klamp_accounting\public\index.php(45): CodeIgniter\CodeIgniter->run()
#10 D:\trupti\klamp_accounting\system\Commands\Server\rewrite.php(34): require_once('D:\\trupti\\klamp...')
#11 {main}
CRITICAL - 2022-06-30 17:53:14 --> Unknown column 'acc.status' in 'where clause'
#0 D:\trupti\klamp_accounting\system\Database\MySQLi\Connection.php(331): mysqli->query('SELECT `acc`.`n...')
#1 D:\trupti\klamp_accounting\system\Database\BaseConnection.php(741): CodeIgniter\Database\MySQLi\Connection->execute('SELECT `acc`.`n...')
#2 D:\trupti\klamp_accounting\system\Database\BaseConnection.php(669): CodeIgniter\Database\BaseConnection->simpleQuery('SELECT `acc`.`n...')
#3 D:\trupti\klamp_accounting\system\Database\BaseBuilder.php(1860): CodeIgniter\Database\BaseConnection->query('SELECT `acc`.`n...', Array, false)
#4 D:\trupti\klamp_accounting\app\Models\MasterModel.php(651): CodeIgniter\Database\BaseBuilder->get()
#5 D:\trupti\klamp_accounting\app\Controllers\Master.php(815): App\Models\MasterModel->search_pur_delivery(Array)
#6 D:\trupti\klamp_accounting\system\CodeIgniter.php(918): App\Controllers\Master->Getdata('search_pur_deli...')
#7 D:\trupti\klamp_accounting\system\CodeIgniter.php(404): CodeIgniter\CodeIgniter->runController(Object(App\Controllers\Master))
#8 D:\trupti\klamp_accounting\system\CodeIgniter.php(312): CodeIgniter\CodeIgniter->handleRequest(NULL, Object(Config\Cache), false)
#9 D:\trupti\klamp_accounting\public\index.php(45): CodeIgniter\CodeIgniter->run()
#10 D:\trupti\klamp_accounting\system\Commands\Server\rewrite.php(34): require_once('D:\\trupti\\klamp...')
#11 {main}
CRITICAL - 2022-06-30 18:06:45 --> Undefined index: ship_city
#0 D:\trupti\klamp_accounting\app\Models\MasterModel.php(2405): CodeIgniter\Debug\Exceptions->errorHandler(8, 'Undefined index...', 'D:\\trupti\\klamp...', 2405, Array)
#1 D:\trupti\klamp_accounting\app\Controllers\Master.php(840): App\Models\MasterModel->search_sun_credit(Array)
#2 D:\trupti\klamp_accounting\system\CodeIgniter.php(918): App\Controllers\Master->Getdata('search_sun_cred...')
#3 D:\trupti\klamp_accounting\system\CodeIgniter.php(404): CodeIgniter\CodeIgniter->runController(Object(App\Controllers\Master))
#4 D:\trupti\klamp_accounting\system\CodeIgniter.php(312): CodeIgniter\CodeIgniter->handleRequest(NULL, Object(Config\Cache), false)
#5 D:\trupti\klamp_accounting\public\index.php(45): CodeIgniter\CodeIgniter->run()
#6 D:\trupti\klamp_accounting\system\Commands\Server\rewrite.php(34): require_once('D:\\trupti\\klamp...')
#7 {main}
