CRITICAL - 2022-06-16 10:57:53 --> Cache unable to write to D:\trupti\klamp_accounting\writable\cache/
#0 D:\trupti\klamp_accounting\system\Cache\Handlers\FileHandler.php(78): CodeIgniter\Cache\Exceptions\CacheException::forUnableToWrite('D:\\trupti\\klamp...')
#1 D:\trupti\klamp_accounting\system\Cache\CacheFactory.php(84): CodeIgniter\Cache\Handlers\FileHandler->__construct(Object(Config\Cache))
#2 D:\trupti\klamp_accounting\system\Config\Services.php(123): CodeIgniter\Cache\CacheFactory::getHandler(Object(Config\Cache))
#3 D:\trupti\klamp_accounting\system\Config\BaseService.php(123): CodeIgniter\Config\Services::cache(Object(Config\Cache), false)
#4 D:\trupti\klamp_accounting\system\Config\Services.php(115): CodeIgniter\Config\BaseService::getSharedInstance('cache', NULL)
#5 D:\trupti\klamp_accounting\system\Common.php(102): CodeIgniter\Config\Services::cache()
#6 D:\trupti\klamp_accounting\system\CodeIgniter.php(629): cache()
#7 D:\trupti\klamp_accounting\system\CodeIgniter.php(298): CodeIgniter\CodeIgniter->displayCache(Object(Config\Cache))
#8 D:\trupti\klamp_accounting\system\CLI\Console.php(86): CodeIgniter\CodeIgniter->run()
#9 D:\trupti\klamp_accounting\spark(57): CodeIgniter\CLI\Console->run()
#10 {main}
CRITICAL - 2022-06-16 11:03:23 --> Cache unable to write to D:\trupti\klamp_accounting\writable\cache/
#0 D:\trupti\klamp_accounting\system\Cache\Handlers\FileHandler.php(78): CodeIgniter\Cache\Exceptions\CacheException::forUnableToWrite('D:\\trupti\\klamp...')
#1 D:\trupti\klamp_accounting\system\Cache\CacheFactory.php(84): CodeIgniter\Cache\Handlers\FileHandler->__construct(Object(Config\Cache))
#2 D:\trupti\klamp_accounting\system\Config\Services.php(123): CodeIgniter\Cache\CacheFactory::getHandler(Object(Config\Cache))
#3 D:\trupti\klamp_accounting\system\Config\BaseService.php(123): CodeIgniter\Config\Services::cache(Object(Config\Cache), false)
#4 D:\trupti\klamp_accounting\system\Config\Services.php(115): CodeIgniter\Config\BaseService::getSharedInstance('cache', NULL)
#5 D:\trupti\klamp_accounting\system\Common.php(102): CodeIgniter\Config\Services::cache()
#6 D:\trupti\klamp_accounting\system\CodeIgniter.php(629): cache()
#7 D:\trupti\klamp_accounting\system\CodeIgniter.php(298): CodeIgniter\CodeIgniter->displayCache(Object(Config\Cache))
#8 D:\trupti\klamp_accounting\system\CLI\Console.php(86): CodeIgniter\CodeIgniter->run()
#9 D:\trupti\klamp_accounting\spark(57): CodeIgniter\CLI\Console->run()
#10 {main}
CRITICAL - 2022-06-16 11:53:37 --> Cache unable to write to D:\trupti\klamp_accounting\writable\cache/
#0 D:\trupti\klamp_accounting\system\Cache\Handlers\FileHandler.php(78): CodeIgniter\Cache\Exceptions\CacheException::forUnableToWrite('D:\\trupti\\klamp...')
#1 D:\trupti\klamp_accounting\system\Cache\CacheFactory.php(84): CodeIgniter\Cache\Handlers\FileHandler->__construct(Object(Config\Cache))
#2 D:\trupti\klamp_accounting\system\Config\Services.php(123): CodeIgniter\Cache\CacheFactory::getHandler(Object(Config\Cache))
#3 D:\trupti\klamp_accounting\system\Config\BaseService.php(123): CodeIgniter\Config\Services::cache(Object(Config\Cache), false)
#4 D:\trupti\klamp_accounting\system\Config\Services.php(115): CodeIgniter\Config\BaseService::getSharedInstance('cache', NULL)
#5 D:\trupti\klamp_accounting\system\Common.php(102): CodeIgniter\Config\Services::cache()
#6 D:\trupti\klamp_accounting\system\CodeIgniter.php(629): cache()
#7 D:\trupti\klamp_accounting\system\CodeIgniter.php(298): CodeIgniter\CodeIgniter->displayCache(Object(Config\Cache))
#8 D:\trupti\klamp_accounting\system\CLI\Console.php(86): CodeIgniter\CodeIgniter->run()
#9 D:\trupti\klamp_accounting\spark(57): CodeIgniter\CLI\Console->run()
#10 {main}
CRITICAL - 2022-06-16 11:53:57 --> Cache unable to write to D:\trupti\klamp_accounting\writable\cache/
#0 D:\trupti\klamp_accounting\system\Cache\Handlers\FileHandler.php(78): CodeIgniter\Cache\Exceptions\CacheException::forUnableToWrite('D:\\trupti\\klamp...')
#1 D:\trupti\klamp_accounting\system\Cache\CacheFactory.php(84): CodeIgniter\Cache\Handlers\FileHandler->__construct(Object(Config\Cache))
#2 D:\trupti\klamp_accounting\system\Config\Services.php(123): CodeIgniter\Cache\CacheFactory::getHandler(Object(Config\Cache))
#3 D:\trupti\klamp_accounting\system\Config\BaseService.php(123): CodeIgniter\Config\Services::cache(Object(Config\Cache), false)
#4 D:\trupti\klamp_accounting\system\Config\Services.php(115): CodeIgniter\Config\BaseService::getSharedInstance('cache', NULL)
#5 D:\trupti\klamp_accounting\system\Common.php(102): CodeIgniter\Config\Services::cache()
#6 D:\trupti\klamp_accounting\system\CodeIgniter.php(629): cache()
#7 D:\trupti\klamp_accounting\system\CodeIgniter.php(298): CodeIgniter\CodeIgniter->displayCache(Object(Config\Cache))
#8 D:\trupti\klamp_accounting\system\CLI\Console.php(86): CodeIgniter\CodeIgniter->run()
#9 D:\trupti\klamp_accounting\spark(57): CodeIgniter\CLI\Console->run()
#10 {main}
CRITICAL - 2022-06-16 11:55:52 --> Cache unable to write to D:\trupti\klamp_accounting\writable\cache/
#0 D:\trupti\klamp_accounting\system\Cache\Handlers\FileHandler.php(78): CodeIgniter\Cache\Exceptions\CacheException::forUnableToWrite('D:\\trupti\\klamp...')
#1 D:\trupti\klamp_accounting\system\Cache\CacheFactory.php(84): CodeIgniter\Cache\Handlers\FileHandler->__construct(Object(Config\Cache))
#2 D:\trupti\klamp_accounting\system\Config\Services.php(123): CodeIgniter\Cache\CacheFactory::getHandler(Object(Config\Cache))
#3 D:\trupti\klamp_accounting\system\Config\BaseService.php(123): CodeIgniter\Config\Services::cache(Object(Config\Cache), false)
#4 D:\trupti\klamp_accounting\system\Config\Services.php(115): CodeIgniter\Config\BaseService::getSharedInstance('cache', NULL)
#5 D:\trupti\klamp_accounting\system\Common.php(102): CodeIgniter\Config\Services::cache()
#6 D:\trupti\klamp_accounting\system\CodeIgniter.php(629): cache()
#7 D:\trupti\klamp_accounting\system\CodeIgniter.php(298): CodeIgniter\CodeIgniter->displayCache(Object(Config\Cache))
#8 D:\trupti\klamp_accounting\system\CLI\Console.php(86): CodeIgniter\CodeIgniter->run()
#9 D:\trupti\klamp_accounting\spark(57): CodeIgniter\CLI\Console->run()
#10 {main}
CRITICAL - 2022-06-16 11:56:59 --> Cache unable to write to D:\trupti\klamp_accounting\writable\cache/
#0 D:\trupti\klamp_accounting\system\Cache\Handlers\FileHandler.php(78): CodeIgniter\Cache\Exceptions\CacheException::forUnableToWrite('D:\\trupti\\klamp...')
#1 D:\trupti\klamp_accounting\system\Cache\CacheFactory.php(84): CodeIgniter\Cache\Handlers\FileHandler->__construct(Object(Config\Cache))
#2 D:\trupti\klamp_accounting\system\Config\Services.php(123): CodeIgniter\Cache\CacheFactory::getHandler(Object(Config\Cache))
#3 D:\trupti\klamp_accounting\system\Config\BaseService.php(123): CodeIgniter\Config\Services::cache(Object(Config\Cache), false)
#4 D:\trupti\klamp_accounting\system\Config\Services.php(115): CodeIgniter\Config\BaseService::getSharedInstance('cache', NULL)
#5 D:\trupti\klamp_accounting\system\Common.php(102): CodeIgniter\Config\Services::cache()
#6 D:\trupti\klamp_accounting\system\CodeIgniter.php(629): cache()
#7 D:\trupti\klamp_accounting\system\CodeIgniter.php(298): CodeIgniter\CodeIgniter->displayCache(Object(Config\Cache))
#8 D:\trupti\klamp_accounting\system\CLI\Console.php(86): CodeIgniter\CodeIgniter->run()
#9 D:\trupti\klamp_accounting\spark(57): CodeIgniter\CLI\Console->run()
#10 {main}
CRITICAL - 2022-06-16 12:09:48 --> Unable to connect to the database.
#0 D:\trupti\klamp_accounting\system\Database\BaseConnection.php(646): CodeIgniter\Database\BaseConnection->initialize()
#1 D:\trupti\klamp_accounting\system\Database\BaseBuilder.php(1860): CodeIgniter\Database\BaseConnection->query('SELECT *\nFROM `...', Array, false)
#2 D:\trupti\klamp_accounting\app\Models\AuthModel.php(33): CodeIgniter\Database\BaseBuilder->get()
#3 D:\trupti\klamp_accounting\app\Controllers\Auth.php(19): App\Models\AuthModel->login(Array)
#4 D:\trupti\klamp_accounting\system\CodeIgniter.php(918): App\Controllers\Auth->index()
#5 D:\trupti\klamp_accounting\system\CodeIgniter.php(404): CodeIgniter\CodeIgniter->runController(Object(App\Controllers\Auth))
#6 D:\trupti\klamp_accounting\system\CodeIgniter.php(312): CodeIgniter\CodeIgniter->handleRequest(NULL, Object(Config\Cache), false)
#7 D:\trupti\klamp_accounting\public\index.php(45): CodeIgniter\CodeIgniter->run()
#8 D:\trupti\klamp_accounting\system\Commands\Server\rewrite.php(34): require_once('D:\\trupti\\klamp...')
#9 {main}
CRITICAL - 2022-06-16 12:13:28 --> Unable to connect to the database.
#0 D:\trupti\klamp_accounting\system\Database\BaseConnection.php(646): CodeIgniter\Database\BaseConnection->initialize()
#1 D:\trupti\klamp_accounting\system\Database\BaseBuilder.php(1860): CodeIgniter\Database\BaseConnection->query('SELECT *\nFROM `...', Array, false)
#2 D:\trupti\klamp_accounting\app\Models\AuthModel.php(33): CodeIgniter\Database\BaseBuilder->get()
#3 D:\trupti\klamp_accounting\app\Controllers\Auth.php(19): App\Models\AuthModel->login(Array)
#4 D:\trupti\klamp_accounting\system\CodeIgniter.php(918): App\Controllers\Auth->index()
#5 D:\trupti\klamp_accounting\system\CodeIgniter.php(404): CodeIgniter\CodeIgniter->runController(Object(App\Controllers\Auth))
#6 D:\trupti\klamp_accounting\system\CodeIgniter.php(312): CodeIgniter\CodeIgniter->handleRequest(NULL, Object(Config\Cache), false)
#7 D:\trupti\klamp_accounting\public\index.php(45): CodeIgniter\CodeIgniter->run()
#8 D:\trupti\klamp_accounting\system\Commands\Server\rewrite.php(34): require_once('D:\\trupti\\klamp...')
#9 {main}
CRITICAL - 2022-06-16 12:15:04 --> Unknown column 'state_code' in 'field list'
#0 D:\trupti\klamp_accounting\system\Database\MySQLi\Connection.php(331): mysqli->query('SELECT `name`, ...')
#1 D:\trupti\klamp_accounting\system\Database\BaseConnection.php(741): CodeIgniter\Database\MySQLi\Connection->execute('SELECT `name`, ...')
#2 D:\trupti\klamp_accounting\system\Database\BaseConnection.php(669): CodeIgniter\Database\BaseConnection->simpleQuery('SELECT `name`, ...')
#3 D:\trupti\klamp_accounting\system\Database\BaseBuilder.php(1860): CodeIgniter\Database\BaseConnection->query('SELECT `name`, ...', Array, false)
#4 D:\trupti\klamp_accounting\app\Models\GeneralModel.php(17): CodeIgniter\Database\BaseBuilder->get()
#5 D:\trupti\klamp_accounting\app\Models\CompanyModel.php(478): App\Models\GeneralModel->get_data_table('states', Array, 'name,state_code')
#6 D:\trupti\klamp_accounting\app\Controllers\Company.php(181): App\Models\CompanyModel->company_login('5')
#7 D:\trupti\klamp_accounting\system\CodeIgniter.php(918): App\Controllers\Company->opencompany('5')
#8 D:\trupti\klamp_accounting\system\CodeIgniter.php(404): CodeIgniter\CodeIgniter->runController(Object(App\Controllers\Company))
#9 D:\trupti\klamp_accounting\system\CodeIgniter.php(312): CodeIgniter\CodeIgniter->handleRequest(NULL, Object(Config\Cache), false)
#10 D:\trupti\klamp_accounting\public\index.php(45): CodeIgniter\CodeIgniter->run()
#11 D:\trupti\klamp_accounting\system\Commands\Server\rewrite.php(34): require_once('D:\\trupti\\klamp...')
#12 {main}
CRITICAL - 2022-06-16 12:15:22 --> Undefined index: searchTerm
#0 D:\trupti\klamp_accounting\app\Controllers\Company.php(133): CodeIgniter\Debug\Exceptions->errorHandler(8, 'Undefined index...', 'D:\\trupti\\klamp...', 133, Array)
#1 D:\trupti\klamp_accounting\system\CodeIgniter.php(918): App\Controllers\Company->Getdata('searchCompanyGr...')
#2 D:\trupti\klamp_accounting\system\CodeIgniter.php(404): CodeIgniter\CodeIgniter->runController(Object(App\Controllers\Company))
#3 D:\trupti\klamp_accounting\system\CodeIgniter.php(312): CodeIgniter\CodeIgniter->handleRequest(NULL, Object(Config\Cache), false)
#4 D:\trupti\klamp_accounting\public\index.php(45): CodeIgniter\CodeIgniter->run()
#5 D:\trupti\klamp_accounting\system\Commands\Server\rewrite.php(34): require_once('D:\\trupti\\klamp...')
#6 {main}
CRITICAL - 2022-06-16 12:16:33 --> Unknown column 'state_code' in 'field list'
#0 D:\trupti\klamp_accounting\system\Database\MySQLi\Connection.php(331): mysqli->query('SELECT `name`, ...')
#1 D:\trupti\klamp_accounting\system\Database\BaseConnection.php(741): CodeIgniter\Database\MySQLi\Connection->execute('SELECT `name`, ...')
#2 D:\trupti\klamp_accounting\system\Database\BaseConnection.php(669): CodeIgniter\Database\BaseConnection->simpleQuery('SELECT `name`, ...')
#3 D:\trupti\klamp_accounting\system\Database\BaseBuilder.php(1860): CodeIgniter\Database\BaseConnection->query('SELECT `name`, ...', Array, false)
#4 D:\trupti\klamp_accounting\app\Models\GeneralModel.php(17): CodeIgniter\Database\BaseBuilder->get()
#5 D:\trupti\klamp_accounting\app\Models\CompanyModel.php(478): App\Models\GeneralModel->get_data_table('states', Array, 'name,state_code')
#6 D:\trupti\klamp_accounting\app\Controllers\Company.php(181): App\Models\CompanyModel->company_login('6')
#7 D:\trupti\klamp_accounting\system\CodeIgniter.php(918): App\Controllers\Company->opencompany('6')
#8 D:\trupti\klamp_accounting\system\CodeIgniter.php(404): CodeIgniter\CodeIgniter->runController(Object(App\Controllers\Company))
#9 D:\trupti\klamp_accounting\system\CodeIgniter.php(312): CodeIgniter\CodeIgniter->handleRequest(NULL, Object(Config\Cache), false)
#10 D:\trupti\klamp_accounting\public\index.php(45): CodeIgniter\CodeIgniter->run()
#11 D:\trupti\klamp_accounting\system\Commands\Server\rewrite.php(34): require_once('D:\\trupti\\klamp...')
#12 {main}
CRITICAL - 2022-06-16 12:19:50 --> Undefined index: searchTerm
#0 D:\trupti\klamp_accounting\app\Controllers\Company.php(133): CodeIgniter\Debug\Exceptions->errorHandler(8, 'Undefined index...', 'D:\\trupti\\klamp...', 133, Array)
#1 D:\trupti\klamp_accounting\system\CodeIgniter.php(918): App\Controllers\Company->Getdata('searchCompanyGr...')
#2 D:\trupti\klamp_accounting\system\CodeIgniter.php(404): CodeIgniter\CodeIgniter->runController(Object(App\Controllers\Company))
#3 D:\trupti\klamp_accounting\system\CodeIgniter.php(312): CodeIgniter\CodeIgniter->handleRequest(NULL, Object(Config\Cache), false)
#4 D:\trupti\klamp_accounting\public\index.php(45): CodeIgniter\CodeIgniter->run()
#5 D:\trupti\klamp_accounting\system\Commands\Server\rewrite.php(34): require_once('D:\\trupti\\klamp...')
#6 {main}
CRITICAL - 2022-06-16 12:24:39 --> Unknown column 'i.opening_meter' in 'field list'
#0 D:\trupti\klamp_accounting\system\Database\MySQLi\Connection.php(331): mysqli->query('SELECT `i`.`id`...')
#1 D:\trupti\klamp_accounting\system\Database\BaseConnection.php(741): CodeIgniter\Database\MySQLi\Connection->execute('SELECT `i`.`id`...')
#2 D:\trupti\klamp_accounting\system\Database\BaseConnection.php(669): CodeIgniter\Database\BaseConnection->simpleQuery('SELECT `i`.`id`...')
#3 D:\trupti\klamp_accounting\system\Database\BaseBuilder.php(1860): CodeIgniter\Database\BaseConnection->query('SELECT `i`.`id`...', Array, false)
#4 D:\trupti\klamp_accounting\vendor\hermawan\codeigniter4-datatables\src\DataTableQuery.php(215): CodeIgniter\Database\BaseBuilder->get()
#5 D:\trupti\klamp_accounting\vendor\hermawan\codeigniter4-datatables\src\DataTableQuery.php(70): Hermawan\DataTables\DataTableQuery->queryResult()
#6 D:\trupti\klamp_accounting\vendor\hermawan\codeigniter4-datatables\src\DataTable.php(175): Hermawan\DataTables\DataTableQuery->getDataResult()
#7 D:\trupti\klamp_accounting\app\Models\StockModel.php(555): Hermawan\DataTables\DataTable->toJson()
#8 D:\trupti\klamp_accounting\app\Controllers\Stock.php(183): App\Models\StockModel->get_Gray_ItemStock_data(Array, Array)
#9 D:\trupti\klamp_accounting\system\CodeIgniter.php(918): App\Controllers\Stock->Getdata('Gray_ItemStock')
#10 D:\trupti\klamp_accounting\system\CodeIgniter.php(404): CodeIgniter\CodeIgniter->runController(Object(App\Controllers\Stock))
#11 D:\trupti\klamp_accounting\system\CodeIgniter.php(312): CodeIgniter\CodeIgniter->handleRequest(NULL, Object(Config\Cache), false)
#12 D:\trupti\klamp_accounting\public\index.php(45): CodeIgniter\CodeIgniter->run()
#13 D:\trupti\klamp_accounting\system\Commands\Server\rewrite.php(34): require_once('D:\\trupti\\klamp...')
#14 {main}
CRITICAL - 2022-06-16 12:24:52 --> Unknown column 'i.opening_meter' in 'field list'
#0 D:\trupti\klamp_accounting\system\Database\MySQLi\Connection.php(331): mysqli->query('SELECT `i`.`id`...')
#1 D:\trupti\klamp_accounting\system\Database\BaseConnection.php(741): CodeIgniter\Database\MySQLi\Connection->execute('SELECT `i`.`id`...')
#2 D:\trupti\klamp_accounting\system\Database\BaseConnection.php(669): CodeIgniter\Database\BaseConnection->simpleQuery('SELECT `i`.`id`...')
#3 D:\trupti\klamp_accounting\system\Database\BaseBuilder.php(1860): CodeIgniter\Database\BaseConnection->query('SELECT `i`.`id`...', Array, false)
#4 D:\trupti\klamp_accounting\vendor\hermawan\codeigniter4-datatables\src\DataTableQuery.php(215): CodeIgniter\Database\BaseBuilder->get()
#5 D:\trupti\klamp_accounting\vendor\hermawan\codeigniter4-datatables\src\DataTableQuery.php(70): Hermawan\DataTables\DataTableQuery->queryResult()
#6 D:\trupti\klamp_accounting\vendor\hermawan\codeigniter4-datatables\src\DataTable.php(175): Hermawan\DataTables\DataTableQuery->getDataResult()
#7 D:\trupti\klamp_accounting\app\Models\StockModel.php(555): Hermawan\DataTables\DataTable->toJson()
#8 D:\trupti\klamp_accounting\app\Controllers\Stock.php(183): App\Models\StockModel->get_Gray_ItemStock_data(Array, Array)
#9 D:\trupti\klamp_accounting\system\CodeIgniter.php(918): App\Controllers\Stock->Getdata('Gray_ItemStock')
#10 D:\trupti\klamp_accounting\system\CodeIgniter.php(404): CodeIgniter\CodeIgniter->runController(Object(App\Controllers\Stock))
#11 D:\trupti\klamp_accounting\system\CodeIgniter.php(312): CodeIgniter\CodeIgniter->handleRequest(NULL, Object(Config\Cache), false)
#12 D:\trupti\klamp_accounting\public\index.php(45): CodeIgniter\CodeIgniter->run()
#13 D:\trupti\klamp_accounting\system\Commands\Server\rewrite.php(34): require_once('D:\\trupti\\klamp...')
#14 {main}
CRITICAL - 2022-06-16 13:03:14 --> Unknown database 'tru2022xjpw'
#0 D:\trupti\klamp_accounting\system\Database\MySQLi\Connection.php(278): mysqli->select_db('TRU2022XJPW')
#1 D:\trupti\klamp_accounting\app\Helpers\base_helper.php(131): CodeIgniter\Database\MySQLi\Connection->setDatabase('TRU2022XJPW')
#2 D:\trupti\klamp_accounting\app\Models\AccountModel.php(195): getManagedData('account a', Array, Array, 'and is_delete=0')
#3 D:\trupti\klamp_accounting\app\Controllers\Account.php(53): App\Models\AccountModel->get_account_data(Array)
#4 D:\trupti\klamp_accounting\system\CodeIgniter.php(918): App\Controllers\Account->Getdata('account')
#5 D:\trupti\klamp_accounting\system\CodeIgniter.php(404): CodeIgniter\CodeIgniter->runController(Object(App\Controllers\Account))
#6 D:\trupti\klamp_accounting\system\CodeIgniter.php(312): CodeIgniter\CodeIgniter->handleRequest(NULL, Object(Config\Cache), false)
#7 D:\trupti\klamp_accounting\public\index.php(45): CodeIgniter\CodeIgniter->run()
#8 D:\trupti\klamp_accounting\system\Commands\Server\rewrite.php(34): require_once('D:\\trupti\\klamp...')
#9 {main}
CRITICAL - 2022-06-16 13:03:23 --> Unknown database 'tru2022xjpw'
#0 D:\trupti\klamp_accounting\system\Database\MySQLi\Connection.php(278): mysqli->select_db('TRU2022XJPW')
#1 D:\trupti\klamp_accounting\app\Helpers\base_helper.php(131): CodeIgniter\Database\MySQLi\Connection->setDatabase('TRU2022XJPW')
#2 D:\trupti\klamp_accounting\app\Models\AccountModel.php(195): getManagedData('account a', Array, Array, 'and is_delete=0')
#3 D:\trupti\klamp_accounting\app\Controllers\Account.php(53): App\Models\AccountModel->get_account_data(Array)
#4 D:\trupti\klamp_accounting\system\CodeIgniter.php(918): App\Controllers\Account->Getdata('account')
#5 D:\trupti\klamp_accounting\system\CodeIgniter.php(404): CodeIgniter\CodeIgniter->runController(Object(App\Controllers\Account))
#6 D:\trupti\klamp_accounting\system\CodeIgniter.php(312): CodeIgniter\CodeIgniter->handleRequest(NULL, Object(Config\Cache), false)
#7 D:\trupti\klamp_accounting\public\index.php(45): CodeIgniter\CodeIgniter->run()
#8 D:\trupti\klamp_accounting\system\Commands\Server\rewrite.php(34): require_once('D:\\trupti\\klamp...')
#9 {main}
CRITICAL - 2022-06-16 13:03:42 --> Unknown database 'tru2022xjpw'
#0 D:\trupti\klamp_accounting\system\Database\MySQLi\Connection.php(278): mysqli->select_db('TRU2022XJPW')
#1 D:\trupti\klamp_accounting\app\Helpers\base_helper.php(131): CodeIgniter\Database\MySQLi\Connection->setDatabase('TRU2022XJPW')
#2 D:\trupti\klamp_accounting\app\Models\AccountModel.php(195): getManagedData('account a', Array, Array, 'and is_delete=0')
#3 D:\trupti\klamp_accounting\app\Controllers\Account.php(53): App\Models\AccountModel->get_account_data(Array)
#4 D:\trupti\klamp_accounting\system\CodeIgniter.php(918): App\Controllers\Account->Getdata('account')
#5 D:\trupti\klamp_accounting\system\CodeIgniter.php(404): CodeIgniter\CodeIgniter->runController(Object(App\Controllers\Account))
#6 D:\trupti\klamp_accounting\system\CodeIgniter.php(312): CodeIgniter\CodeIgniter->handleRequest(NULL, Object(Config\Cache), false)
#7 D:\trupti\klamp_accounting\public\index.php(45): CodeIgniter\CodeIgniter->run()
#8 D:\trupti\klamp_accounting\system\Commands\Server\rewrite.php(34): require_once('D:\\trupti\\klamp...')
#9 {main}
CRITICAL - 2022-06-16 13:04:22 --> Unknown database 'tru2022xjpw'
#0 D:\trupti\klamp_accounting\system\Database\MySQLi\Connection.php(278): mysqli->select_db('TRU2022XJPW')
#1 D:\trupti\klamp_accounting\app\Helpers\base_helper.php(131): CodeIgniter\Database\MySQLi\Connection->setDatabase('TRU2022XJPW')
#2 D:\trupti\klamp_accounting\app\Models\AccountModel.php(195): getManagedData('account a', Array, Array, 'and is_delete=0')
#3 D:\trupti\klamp_accounting\app\Controllers\Account.php(53): App\Models\AccountModel->get_account_data(Array)
#4 D:\trupti\klamp_accounting\system\CodeIgniter.php(918): App\Controllers\Account->Getdata('account')
#5 D:\trupti\klamp_accounting\system\CodeIgniter.php(404): CodeIgniter\CodeIgniter->runController(Object(App\Controllers\Account))
#6 D:\trupti\klamp_accounting\system\CodeIgniter.php(312): CodeIgniter\CodeIgniter->handleRequest(NULL, Object(Config\Cache), false)
#7 D:\trupti\klamp_accounting\public\index.php(45): CodeIgniter\CodeIgniter->run()
#8 D:\trupti\klamp_accounting\system\Commands\Server\rewrite.php(34): require_once('D:\\trupti\\klamp...')
#9 {main}
CRITICAL - 2022-06-16 13:04:34 --> Unknown database 'tru2022xjpw'
#0 D:\trupti\klamp_accounting\system\Database\MySQLi\Connection.php(278): mysqli->select_db('TRU2022XJPW')
#1 D:\trupti\klamp_accounting\app\Helpers\base_helper.php(131): CodeIgniter\Database\MySQLi\Connection->setDatabase('TRU2022XJPW')
#2 D:\trupti\klamp_accounting\app\Models\AccountModel.php(195): getManagedData('account a', Array, Array, 'and is_delete=0')
#3 D:\trupti\klamp_accounting\app\Controllers\Account.php(53): App\Models\AccountModel->get_account_data(Array)
#4 D:\trupti\klamp_accounting\system\CodeIgniter.php(918): App\Controllers\Account->Getdata('account')
#5 D:\trupti\klamp_accounting\system\CodeIgniter.php(404): CodeIgniter\CodeIgniter->runController(Object(App\Controllers\Account))
#6 D:\trupti\klamp_accounting\system\CodeIgniter.php(312): CodeIgniter\CodeIgniter->handleRequest(NULL, Object(Config\Cache), false)
#7 D:\trupti\klamp_accounting\public\index.php(45): CodeIgniter\CodeIgniter->run()
#8 D:\trupti\klamp_accounting\system\Commands\Server\rewrite.php(34): require_once('D:\\trupti\\klamp...')
#9 {main}
CRITICAL - 2022-06-16 13:08:58 --> Unknown database 'tru2022xjpw'
#0 D:\trupti\klamp_accounting\system\Database\MySQLi\Connection.php(278): mysqli->select_db('TRU2022XJPW')
#1 D:\trupti\klamp_accounting\app\Helpers\base_helper.php(132): CodeIgniter\Database\MySQLi\Connection->setDatabase('TRU2022XJPW')
#2 D:\trupti\klamp_accounting\app\Models\AccountModel.php(195): getManagedData('account a', Array, Array, 'and is_delete=0')
#3 D:\trupti\klamp_accounting\app\Controllers\Account.php(53): App\Models\AccountModel->get_account_data(Array)
#4 D:\trupti\klamp_accounting\system\CodeIgniter.php(918): App\Controllers\Account->Getdata('account')
#5 D:\trupti\klamp_accounting\system\CodeIgniter.php(404): CodeIgniter\CodeIgniter->runController(Object(App\Controllers\Account))
#6 D:\trupti\klamp_accounting\system\CodeIgniter.php(312): CodeIgniter\CodeIgniter->handleRequest(NULL, Object(Config\Cache), false)
#7 D:\trupti\klamp_accounting\public\index.php(45): CodeIgniter\CodeIgniter->run()
#8 D:\trupti\klamp_accounting\system\Commands\Server\rewrite.php(34): require_once('D:\\trupti\\klamp...')
#9 {main}
CRITICAL - 2022-06-16 13:09:12 --> Unknown database 'tru2022xjpw'
#0 D:\trupti\klamp_accounting\system\Database\MySQLi\Connection.php(278): mysqli->select_db('TRU2022XJPW')
#1 D:\trupti\klamp_accounting\app\Helpers\base_helper.php(132): CodeIgniter\Database\MySQLi\Connection->setDatabase('TRU2022XJPW')
#2 D:\trupti\klamp_accounting\app\Models\AccountModel.php(195): getManagedData('account a', Array, Array, 'and is_delete=0')
#3 D:\trupti\klamp_accounting\app\Controllers\Account.php(53): App\Models\AccountModel->get_account_data(Array)
#4 D:\trupti\klamp_accounting\system\CodeIgniter.php(918): App\Controllers\Account->Getdata('account')
#5 D:\trupti\klamp_accounting\system\CodeIgniter.php(404): CodeIgniter\CodeIgniter->runController(Object(App\Controllers\Account))
#6 D:\trupti\klamp_accounting\system\CodeIgniter.php(312): CodeIgniter\CodeIgniter->handleRequest(NULL, Object(Config\Cache), false)
#7 D:\trupti\klamp_accounting\public\index.php(45): CodeIgniter\CodeIgniter->run()
#8 D:\trupti\klamp_accounting\system\Commands\Server\rewrite.php(34): require_once('D:\\trupti\\klamp...')
#9 {main}
CRITICAL - 2022-06-16 13:09:25 --> Unknown database 'tru2022xjpw'
#0 D:\trupti\klamp_accounting\system\Database\MySQLi\Connection.php(278): mysqli->select_db('TRU2022XJPW')
#1 D:\trupti\klamp_accounting\app\Helpers\base_helper.php(132): CodeIgniter\Database\MySQLi\Connection->setDatabase('TRU2022XJPW')
#2 D:\trupti\klamp_accounting\app\Models\AccountModel.php(195): getManagedData('account a', Array, Array, 'and is_delete=0')
#3 D:\trupti\klamp_accounting\app\Controllers\Account.php(53): App\Models\AccountModel->get_account_data(Array)
#4 D:\trupti\klamp_accounting\system\CodeIgniter.php(918): App\Controllers\Account->Getdata('account')
#5 D:\trupti\klamp_accounting\system\CodeIgniter.php(404): CodeIgniter\CodeIgniter->runController(Object(App\Controllers\Account))
#6 D:\trupti\klamp_accounting\system\CodeIgniter.php(312): CodeIgniter\CodeIgniter->handleRequest(NULL, Object(Config\Cache), false)
#7 D:\trupti\klamp_accounting\public\index.php(45): CodeIgniter\CodeIgniter->run()
#8 D:\trupti\klamp_accounting\system\Commands\Server\rewrite.php(34): require_once('D:\\trupti\\klamp...')
#9 {main}
CRITICAL - 2022-06-16 13:10:30 --> Unknown database 'tru2022xjpw'
#0 D:\trupti\klamp_accounting\system\Database\MySQLi\Connection.php(278): mysqli->select_db('TRU2022XJPW')
#1 D:\trupti\klamp_accounting\app\Helpers\base_helper.php(132): CodeIgniter\Database\MySQLi\Connection->setDatabase('TRU2022XJPW')
#2 D:\trupti\klamp_accounting\app\Models\AccountModel.php(195): getManagedData('account a', Array, Array, 'and is_delete=0')
#3 D:\trupti\klamp_accounting\app\Controllers\Account.php(53): App\Models\AccountModel->get_account_data(Array)
#4 D:\trupti\klamp_accounting\system\CodeIgniter.php(918): App\Controllers\Account->Getdata('account')
#5 D:\trupti\klamp_accounting\system\CodeIgniter.php(404): CodeIgniter\CodeIgniter->runController(Object(App\Controllers\Account))
#6 D:\trupti\klamp_accounting\system\CodeIgniter.php(312): CodeIgniter\CodeIgniter->handleRequest(NULL, Object(Config\Cache), false)
#7 D:\trupti\klamp_accounting\public\index.php(45): CodeIgniter\CodeIgniter->run()
#8 D:\trupti\klamp_accounting\system\Commands\Server\rewrite.php(34): require_once('D:\\trupti\\klamp...')
#9 {main}
CRITICAL - 2022-06-16 13:11:49 --> Unknown database 'tru2022xjpw'
#0 D:\trupti\klamp_accounting\system\Database\MySQLi\Connection.php(278): mysqli->select_db('TRU2022XJPW')
#1 D:\trupti\klamp_accounting\app\Helpers\base_helper.php(132): CodeIgniter\Database\MySQLi\Connection->setDatabase('TRU2022XJPW')
#2 D:\trupti\klamp_accounting\app\Models\AccountModel.php(195): getManagedData('account a', Array, Array, 'and is_delete=0')
#3 D:\trupti\klamp_accounting\app\Controllers\Account.php(53): App\Models\AccountModel->get_account_data(Array)
#4 D:\trupti\klamp_accounting\system\CodeIgniter.php(918): App\Controllers\Account->Getdata('account')
#5 D:\trupti\klamp_accounting\system\CodeIgniter.php(404): CodeIgniter\CodeIgniter->runController(Object(App\Controllers\Account))
#6 D:\trupti\klamp_accounting\system\CodeIgniter.php(312): CodeIgniter\CodeIgniter->handleRequest(NULL, Object(Config\Cache), false)
#7 D:\trupti\klamp_accounting\public\index.php(45): CodeIgniter\CodeIgniter->run()
#8 D:\trupti\klamp_accounting\system\Commands\Server\rewrite.php(34): require_once('D:\\trupti\\klamp...')
#9 {main}
CRITICAL - 2022-06-16 13:12:56 --> Unknown database 'tru2022xjpw'
#0 D:\trupti\klamp_accounting\system\Database\MySQLi\Connection.php(278): mysqli->select_db('TRU2022XJPW')
#1 D:\trupti\klamp_accounting\app\Helpers\base_helper.php(132): CodeIgniter\Database\MySQLi\Connection->setDatabase('TRU2022XJPW')
#2 D:\trupti\klamp_accounting\app\Models\AccountModel.php(195): getManagedData('account a', Array, Array, 'and is_delete=0')
#3 D:\trupti\klamp_accounting\app\Controllers\Account.php(53): App\Models\AccountModel->get_account_data(Array)
#4 D:\trupti\klamp_accounting\system\CodeIgniter.php(918): App\Controllers\Account->Getdata('account')
#5 D:\trupti\klamp_accounting\system\CodeIgniter.php(404): CodeIgniter\CodeIgniter->runController(Object(App\Controllers\Account))
#6 D:\trupti\klamp_accounting\system\CodeIgniter.php(312): CodeIgniter\CodeIgniter->handleRequest(NULL, Object(Config\Cache), false)
#7 D:\trupti\klamp_accounting\public\index.php(45): CodeIgniter\CodeIgniter->run()
#8 D:\trupti\klamp_accounting\system\Commands\Server\rewrite.php(34): require_once('D:\\trupti\\klamp...')
#9 {main}
CRITICAL - 2022-06-16 13:19:32 --> Unknown database 'tru2022xjpw'
#0 D:\trupti\klamp_accounting\system\Database\MySQLi\Connection.php(278): mysqli->select_db('TRU2022XJPW')
#1 D:\trupti\klamp_accounting\app\Helpers\base_helper.php(132): CodeIgniter\Database\MySQLi\Connection->setDatabase('TRU2022XJPW')
#2 D:\trupti\klamp_accounting\app\Models\AccountModel.php(195): getManagedData('account a', Array, Array, 'and is_delete=0')
#3 D:\trupti\klamp_accounting\app\Controllers\Account.php(53): App\Models\AccountModel->get_account_data(Array)
#4 D:\trupti\klamp_accounting\system\CodeIgniter.php(918): App\Controllers\Account->Getdata('account')
#5 D:\trupti\klamp_accounting\system\CodeIgniter.php(404): CodeIgniter\CodeIgniter->runController(Object(App\Controllers\Account))
#6 D:\trupti\klamp_accounting\system\CodeIgniter.php(312): CodeIgniter\CodeIgniter->handleRequest(NULL, Object(Config\Cache), false)
#7 D:\trupti\klamp_accounting\public\index.php(45): CodeIgniter\CodeIgniter->run()
#8 D:\trupti\klamp_accounting\system\Commands\Server\rewrite.php(34): require_once('D:\\trupti\\klamp...')
#9 {main}
CRITICAL - 2022-06-16 14:32:15 --> Unknown column 'i.opening_meter' in 'field list'
#0 D:\trupti\klamp_accounting\system\Database\MySQLi\Connection.php(331): mysqli->query('SELECT `i`.`id`...')
#1 D:\trupti\klamp_accounting\system\Database\BaseConnection.php(741): CodeIgniter\Database\MySQLi\Connection->execute('SELECT `i`.`id`...')
#2 D:\trupti\klamp_accounting\system\Database\BaseConnection.php(669): CodeIgniter\Database\BaseConnection->simpleQuery('SELECT `i`.`id`...')
#3 D:\trupti\klamp_accounting\system\Database\BaseBuilder.php(1860): CodeIgniter\Database\BaseConnection->query('SELECT `i`.`id`...', Array, false)
#4 D:\trupti\klamp_accounting\vendor\hermawan\codeigniter4-datatables\src\DataTableQuery.php(215): CodeIgniter\Database\BaseBuilder->get()
#5 D:\trupti\klamp_accounting\vendor\hermawan\codeigniter4-datatables\src\DataTableQuery.php(70): Hermawan\DataTables\DataTableQuery->queryResult()
#6 D:\trupti\klamp_accounting\vendor\hermawan\codeigniter4-datatables\src\DataTable.php(175): Hermawan\DataTables\DataTableQuery->getDataResult()
#7 D:\trupti\klamp_accounting\app\Models\StockModel.php(555): Hermawan\DataTables\DataTable->toJson()
#8 D:\trupti\klamp_accounting\app\Controllers\Stock.php(183): App\Models\StockModel->get_Gray_ItemStock_data(Array, Array)
#9 D:\trupti\klamp_accounting\system\CodeIgniter.php(918): App\Controllers\Stock->Getdata('Gray_ItemStock')
#10 D:\trupti\klamp_accounting\system\CodeIgniter.php(404): CodeIgniter\CodeIgniter->runController(Object(App\Controllers\Stock))
#11 D:\trupti\klamp_accounting\system\CodeIgniter.php(312): CodeIgniter\CodeIgniter->handleRequest(NULL, Object(Config\Cache), false)
#12 D:\trupti\klamp_accounting\public\index.php(45): CodeIgniter\CodeIgniter->run()
#13 D:\trupti\klamp_accounting\system\Commands\Server\rewrite.php(34): require_once('D:\\trupti\\klamp...')
#14 {main}
CRITICAL - 2022-06-16 15:03:03 --> You must set the database table to be used with your query.
#0 D:\trupti\klamp_accounting\system\Model.php(1237): CodeIgniter\Database\BaseConnection->table(NULL)
#1 D:\trupti\klamp_accounting\system\Model.php(1816): CodeIgniter\Model->builder()
#2 D:\trupti\klamp_accounting\app\Controllers\Addbook.php(226): CodeIgniter\Model->__call('get_legderoutst...', Array)
#3 D:\trupti\klamp_accounting\system\CodeIgniter.php(918): App\Controllers\Addbook->Ledger_outstanding_report()
#4 D:\trupti\klamp_accounting\system\CodeIgniter.php(404): CodeIgniter\CodeIgniter->runController(Object(App\Controllers\Addbook))
#5 D:\trupti\klamp_accounting\system\CodeIgniter.php(312): CodeIgniter\CodeIgniter->handleRequest(NULL, Object(Config\Cache), false)
#6 D:\trupti\klamp_accounting\public\index.php(45): CodeIgniter\CodeIgniter->run()
#7 D:\trupti\klamp_accounting\system\Commands\Server\rewrite.php(34): require_once('D:\\trupti\\klamp...')
#8 {main}
CRITICAL - 2022-06-16 15:13:09 --> Undefined index: net_amount
#0 D:\trupti\klamp_accounting\app\Helpers\report_helper.php(5411): CodeIgniter\Debug\Exceptions->errorHandler(8, 'Undefined index...', 'D:\\trupti\\klamp...', 5411, Array)
#1 D:\trupti\klamp_accounting\app\Controllers\Addbook.php(226): get_legderoutstanding_data()
#2 D:\trupti\klamp_accounting\system\CodeIgniter.php(918): App\Controllers\Addbook->Ledger_outstanding_report()
#3 D:\trupti\klamp_accounting\system\CodeIgniter.php(404): CodeIgniter\CodeIgniter->runController(Object(App\Controllers\Addbook))
#4 D:\trupti\klamp_accounting\system\CodeIgniter.php(312): CodeIgniter\CodeIgniter->handleRequest(NULL, Object(Config\Cache), false)
#5 D:\trupti\klamp_accounting\public\index.php(45): CodeIgniter\CodeIgniter->run()
#6 D:\trupti\klamp_accounting\system\Commands\Server\rewrite.php(34): require_once('D:\\trupti\\klamp...')
#7 {main}
CRITICAL - 2022-06-16 15:34:40 --> Undefined variable: account_name
#0 D:\trupti\klamp_accounting\app\Helpers\report_helper.php(5440): CodeIgniter\Debug\Exceptions->errorHandler(8, 'Undefined varia...', 'D:\\trupti\\klamp...', 5440, Array)
#1 D:\trupti\klamp_accounting\app\Controllers\Addbook.php(226): get_legderoutstanding_data()
#2 D:\trupti\klamp_accounting\system\CodeIgniter.php(918): App\Controllers\Addbook->Ledger_outstanding_report()
#3 D:\trupti\klamp_accounting\system\CodeIgniter.php(404): CodeIgniter\CodeIgniter->runController(Object(App\Controllers\Addbook))
#4 D:\trupti\klamp_accounting\system\CodeIgniter.php(312): CodeIgniter\CodeIgniter->handleRequest(NULL, Object(Config\Cache), false)
#5 D:\trupti\klamp_accounting\public\index.php(45): CodeIgniter\CodeIgniter->run()
#6 D:\trupti\klamp_accounting\system\Commands\Server\rewrite.php(34): require_once('D:\\trupti\\klamp...')
#7 {main}
CRITICAL - 2022-06-16 15:35:08 --> Undefined variable: name
#0 D:\trupti\klamp_accounting\app\Helpers\report_helper.php(5440): CodeIgniter\Debug\Exceptions->errorHandler(8, 'Undefined varia...', 'D:\\trupti\\klamp...', 5440, Array)
#1 D:\trupti\klamp_accounting\app\Controllers\Addbook.php(226): get_legderoutstanding_data()
#2 D:\trupti\klamp_accounting\system\CodeIgniter.php(918): App\Controllers\Addbook->Ledger_outstanding_report()
#3 D:\trupti\klamp_accounting\system\CodeIgniter.php(404): CodeIgniter\CodeIgniter->runController(Object(App\Controllers\Addbook))
#4 D:\trupti\klamp_accounting\system\CodeIgniter.php(312): CodeIgniter\CodeIgniter->handleRequest(NULL, Object(Config\Cache), false)
#5 D:\trupti\klamp_accounting\public\index.php(45): CodeIgniter\CodeIgniter->run()
#6 D:\trupti\klamp_accounting\system\Commands\Server\rewrite.php(34): require_once('D:\\trupti\\klamp...')
#7 {main}
CRITICAL - 2022-06-16 15:35:47 --> Undefined variable: intrest_rate
#0 D:\trupti\klamp_accounting\app\Helpers\report_helper.php(5444): CodeIgniter\Debug\Exceptions->errorHandler(8, 'Undefined varia...', 'D:\\trupti\\klamp...', 5444, Array)
#1 D:\trupti\klamp_accounting\app\Controllers\Addbook.php(226): get_legderoutstanding_data()
#2 D:\trupti\klamp_accounting\system\CodeIgniter.php(918): App\Controllers\Addbook->Ledger_outstanding_report()
#3 D:\trupti\klamp_accounting\system\CodeIgniter.php(404): CodeIgniter\CodeIgniter->runController(Object(App\Controllers\Addbook))
#4 D:\trupti\klamp_accounting\system\CodeIgniter.php(312): CodeIgniter\CodeIgniter->handleRequest(NULL, Object(Config\Cache), false)
#5 D:\trupti\klamp_accounting\public\index.php(45): CodeIgniter\CodeIgniter->run()
#6 D:\trupti\klamp_accounting\system\Commands\Server\rewrite.php(34): require_once('D:\\trupti\\klamp...')
#7 {main}
CRITICAL - 2022-06-16 15:57:50 --> Undefined variable: account_id
#0 D:\trupti\klamp_accounting\app\Helpers\report_helper.php(5416): CodeIgniter\Debug\Exceptions->errorHandler(8, 'Undefined varia...', 'D:\\trupti\\klamp...', 5416, Array)
#1 D:\trupti\klamp_accounting\app\Controllers\Addbook.php(226): get_legderoutstanding_data()
#2 D:\trupti\klamp_accounting\system\CodeIgniter.php(918): App\Controllers\Addbook->Ledger_outstanding_report()
#3 D:\trupti\klamp_accounting\system\CodeIgniter.php(404): CodeIgniter\CodeIgniter->runController(Object(App\Controllers\Addbook))
#4 D:\trupti\klamp_accounting\system\CodeIgniter.php(312): CodeIgniter\CodeIgniter->handleRequest(NULL, Object(Config\Cache), false)
#5 D:\trupti\klamp_accounting\public\index.php(45): CodeIgniter\CodeIgniter->run()
#6 D:\trupti\klamp_accounting\system\Commands\Server\rewrite.php(34): require_once('D:\\trupti\\klamp...')
#7 {main}
CRITICAL - 2022-06-16 15:59:23 --> Unknown column 'type' in 'where clause'
#0 D:\trupti\klamp_accounting\system\Database\MySQLi\Connection.php(331): mysqli->query('SELECT SUM(net_...')
#1 D:\trupti\klamp_accounting\system\Database\BaseConnection.php(741): CodeIgniter\Database\MySQLi\Connection->execute('SELECT SUM(net_...')
#2 D:\trupti\klamp_accounting\system\Database\BaseConnection.php(669): CodeIgniter\Database\BaseConnection->simpleQuery('SELECT SUM(net_...')
#3 D:\trupti\klamp_accounting\system\Database\BaseBuilder.php(1860): CodeIgniter\Database\BaseConnection->query('SELECT SUM(net_...', Array, false)
#4 D:\trupti\klamp_accounting\app\Helpers\report_helper.php(5417): CodeIgniter\Database\BaseBuilder->get()
#5 D:\trupti\klamp_accounting\app\Controllers\Addbook.php(226): get_legderoutstanding_data()
#6 D:\trupti\klamp_accounting\system\CodeIgniter.php(918): App\Controllers\Addbook->Ledger_outstanding_report()
#7 D:\trupti\klamp_accounting\system\CodeIgniter.php(404): CodeIgniter\CodeIgniter->runController(Object(App\Controllers\Addbook))
#8 D:\trupti\klamp_accounting\system\CodeIgniter.php(312): CodeIgniter\CodeIgniter->handleRequest(NULL, Object(Config\Cache), false)
#9 D:\trupti\klamp_accounting\public\index.php(45): CodeIgniter\CodeIgniter->run()
#10 D:\trupti\klamp_accounting\system\Commands\Server\rewrite.php(34): require_once('D:\\trupti\\klamp...')
#11 {main}
CRITICAL - 2022-06-16 16:53:33 --> Unknown column 'net_amount' in 'field list'
#0 D:\trupti\klamp_accounting\system\Database\MySQLi\Connection.php(331): mysqli->query('SELECT SUM(net_...')
#1 D:\trupti\klamp_accounting\system\Database\BaseConnection.php(741): CodeIgniter\Database\MySQLi\Connection->execute('SELECT SUM(net_...')
#2 D:\trupti\klamp_accounting\system\Database\BaseConnection.php(669): CodeIgniter\Database\BaseConnection->simpleQuery('SELECT SUM(net_...')
#3 D:\trupti\klamp_accounting\system\Database\BaseBuilder.php(1860): CodeIgniter\Database\BaseConnection->query('SELECT SUM(net_...', Array, false)
#4 D:\trupti\klamp_accounting\app\Helpers\report_helper.php(5452): CodeIgniter\Database\BaseBuilder->get()
#5 D:\trupti\klamp_accounting\app\Controllers\Addbook.php(226): get_legderoutstanding_data()
#6 D:\trupti\klamp_accounting\system\CodeIgniter.php(918): App\Controllers\Addbook->Ledger_outstanding_report()
#7 D:\trupti\klamp_accounting\system\CodeIgniter.php(404): CodeIgniter\CodeIgniter->runController(Object(App\Controllers\Addbook))
#8 D:\trupti\klamp_accounting\system\CodeIgniter.php(312): CodeIgniter\CodeIgniter->handleRequest(NULL, Object(Config\Cache), false)
#9 D:\trupti\klamp_accounting\public\index.php(45): CodeIgniter\CodeIgniter->run()
#10 D:\trupti\klamp_accounting\system\Commands\Server\rewrite.php(34): require_once('D:\\trupti\\klamp...')
#11 {main}
CRITICAL - 2022-06-16 17:25:09 --> Undefined variable: start_date
#0 D:\trupti\klamp_accounting\app\Helpers\report_helper.php(5410): CodeIgniter\Debug\Exceptions->errorHandler(8, 'Undefined varia...', 'D:\\trupti\\klamp...', 5410, Array)
#1 D:\trupti\klamp_accounting\app\Controllers\Addbook.php(227): get_legderoutstanding_data(Array)
#2 D:\trupti\klamp_accounting\system\CodeIgniter.php(918): App\Controllers\Addbook->Ledger_outstanding_report()
#3 D:\trupti\klamp_accounting\system\CodeIgniter.php(404): CodeIgniter\CodeIgniter->runController(Object(App\Controllers\Addbook))
#4 D:\trupti\klamp_accounting\system\CodeIgniter.php(312): CodeIgniter\CodeIgniter->handleRequest(NULL, Object(Config\Cache), false)
#5 D:\trupti\klamp_accounting\public\index.php(45): CodeIgniter\CodeIgniter->run()
#6 D:\trupti\klamp_accounting\system\Commands\Server\rewrite.php(34): require_once('D:\\trupti\\klamp...')
#7 {main}
CRITICAL - 2022-06-16 17:36:41 --> Undefined variable: receivable_amount
#0 D:\trupti\klamp_accounting\app\Helpers\report_helper.php(5506): CodeIgniter\Debug\Exceptions->errorHandler(8, 'Undefined varia...', 'D:\\trupti\\klamp...', 5506, Array)
#1 D:\trupti\klamp_accounting\app\Controllers\Addbook.php(227): get_legderoutstanding_data(Array)
#2 D:\trupti\klamp_accounting\system\CodeIgniter.php(918): App\Controllers\Addbook->Ledger_outstanding_report()
#3 D:\trupti\klamp_accounting\system\CodeIgniter.php(404): CodeIgniter\CodeIgniter->runController(Object(App\Controllers\Addbook))
#4 D:\trupti\klamp_accounting\system\CodeIgniter.php(312): CodeIgniter\CodeIgniter->handleRequest(NULL, Object(Config\Cache), false)
#5 D:\trupti\klamp_accounting\public\index.php(45): CodeIgniter\CodeIgniter->run()
#6 D:\trupti\klamp_accounting\system\Commands\Server\rewrite.php(34): require_once('D:\\trupti\\klamp...')
#7 {main}
