CRITICAL - 2022-06-25 10:15:50 --> Table 'manifest_erp.sales_invoice' doesn't exist
#0 D:\trupti\klamp_accounting\system\Database\MySQLi\Connection.php(331): mysqli->query('SELECT `si`.*, ...')
#1 D:\trupti\klamp_accounting\system\Database\BaseConnection.php(741): CodeIgniter\Database\MySQLi\Connection->execute('SELECT `si`.*, ...')
#2 D:\trupti\klamp_accounting\system\Database\BaseConnection.php(669): CodeIgniter\Database\BaseConnection->simpleQuery('SELECT `si`.*, ...')
#3 D:\trupti\klamp_accounting\system\Database\BaseBuilder.php(1860): CodeIgniter\Database\BaseConnection->query('SELECT `si`.*, ...', Array, false)
#4 D:\trupti\klamp_accounting\app\Helpers\gst_helper.php(780): CodeIgniter\Database\BaseBuilder->get()
#5 D:\trupti\klamp_accounting\app\Controllers\Gst.php(33): get_gstr1_detail('2022-04-01', '2023-03-31')
#6 D:\trupti\klamp_accounting\system\CodeIgniter.php(918): App\Controllers\Gst->gstr1()
#7 D:\trupti\klamp_accounting\system\CodeIgniter.php(404): CodeIgniter\CodeIgniter->runController(Object(App\Controllers\Gst))
#8 D:\trupti\klamp_accounting\system\CodeIgniter.php(312): CodeIgniter\CodeIgniter->handleRequest(NULL, Object(Config\Cache), false)
#9 D:\trupti\klamp_accounting\public\index.php(45): CodeIgniter\CodeIgniter->run()
#10 D:\trupti\klamp_accounting\system\Commands\Server\rewrite.php(34): require_once('D:\\trupti\\klamp...')
#11 {main}
CRITICAL - 2022-06-25 10:15:59 --> Argument 1 passed to CodeIgniter\Database\MySQLi\Connection::setDatabase() must be of the type string, null given, called in D:\trupti\klamp_accounting\app\Models\AddbookModel.php on line 3031
#0 D:\trupti\klamp_accounting\app\Models\AddbookModel.php(3031): CodeIgniter\Database\MySQLi\Connection->setDatabase(NULL)
#1 D:\trupti\klamp_accounting\app\Controllers\Addbook.php(1255): App\Models\AddbookModel->get_receipt_register(Array)
#2 D:\trupti\klamp_accounting\system\CodeIgniter.php(918): App\Controllers\Addbook->receipt()
#3 D:\trupti\klamp_accounting\system\CodeIgniter.php(404): CodeIgniter\CodeIgniter->runController(Object(App\Controllers\Addbook))
#4 D:\trupti\klamp_accounting\system\CodeIgniter.php(312): CodeIgniter\CodeIgniter->handleRequest(NULL, Object(Config\Cache), false)
#5 D:\trupti\klamp_accounting\public\index.php(45): CodeIgniter\CodeIgniter->run()
#6 D:\trupti\klamp_accounting\system\Commands\Server\rewrite.php(34): require_once('D:\\trupti\\klamp...')
#7 {main}
CRITICAL - 2022-06-25 10:27:04 --> Invalid file: addbook/contra.php
#0 D:\trupti\klamp_accounting\system\View\View.php(228): CodeIgniter\Exceptions\FrameworkException::forInvalidFile('addbook/contra....')
#1 D:\trupti\klamp_accounting\app\Common.php(48): CodeIgniter\View\View->render('addbook/contra', Array, true)
#2 D:\trupti\klamp_accounting\app\Controllers\Addbook.php(1218): view('addbook/contra', Array)
#3 D:\trupti\klamp_accounting\system\CodeIgniter.php(918): App\Controllers\Addbook->contra()
#4 D:\trupti\klamp_accounting\system\CodeIgniter.php(404): CodeIgniter\CodeIgniter->runController(Object(App\Controllers\Addbook))
#5 D:\trupti\klamp_accounting\system\CodeIgniter.php(312): CodeIgniter\CodeIgniter->handleRequest(NULL, Object(Config\Cache), false)
#6 D:\trupti\klamp_accounting\public\index.php(45): CodeIgniter\CodeIgniter->run()
#7 D:\trupti\klamp_accounting\system\Commands\Server\rewrite.php(34): require_once('D:\\trupti\\klamp...')
#8 {main}
CRITICAL - 2022-06-25 10:40:00 --> Invalid file: addbook/contra.php
#0 D:\trupti\klamp_accounting\system\View\View.php(228): CodeIgniter\Exceptions\FrameworkException::forInvalidFile('addbook/contra....')
#1 D:\trupti\klamp_accounting\app\Common.php(48): CodeIgniter\View\View->render('addbook/contra', Array, true)
#2 D:\trupti\klamp_accounting\app\Controllers\Addbook.php(1218): view('addbook/contra', Array)
#3 D:\trupti\klamp_accounting\system\CodeIgniter.php(918): App\Controllers\Addbook->contra()
#4 D:\trupti\klamp_accounting\system\CodeIgniter.php(404): CodeIgniter\CodeIgniter->runController(Object(App\Controllers\Addbook))
#5 D:\trupti\klamp_accounting\system\CodeIgniter.php(312): CodeIgniter\CodeIgniter->handleRequest(NULL, Object(Config\Cache), false)
#6 D:\trupti\klamp_accounting\public\index.php(45): CodeIgniter\CodeIgniter->run()
#7 D:\trupti\klamp_accounting\system\Commands\Server\rewrite.php(34): require_once('D:\\trupti\\klamp...')
#8 {main}
CRITICAL - 2022-06-25 12:22:43 --> A non-numeric value encountered
#0 D:\trupti\klamp_accounting\app\Views\addbook\bank.php(156): CodeIgniter\Debug\Exceptions->errorHandler(2, 'A non-numeric v...', 'D:\\trupti\\klamp...', 156, Array)
#1 D:\trupti\klamp_accounting\system\View\View.php(246): include('D:\\trupti\\klamp...')
#2 D:\trupti\klamp_accounting\app\Common.php(48): CodeIgniter\View\View->render('addbook/bank', Array, true)
#3 D:\trupti\klamp_accounting\app\Controllers\Addbook.php(1431): view('addbook/bank', Array)
#4 D:\trupti\klamp_accounting\system\CodeIgniter.php(918): App\Controllers\Addbook->Bank()
#5 D:\trupti\klamp_accounting\system\CodeIgniter.php(404): CodeIgniter\CodeIgniter->runController(Object(App\Controllers\Addbook))
#6 D:\trupti\klamp_accounting\system\CodeIgniter.php(312): CodeIgniter\CodeIgniter->handleRequest(NULL, Object(Config\Cache), false)
#7 D:\trupti\klamp_accounting\public\index.php(45): CodeIgniter\CodeIgniter->run()
#8 D:\trupti\klamp_accounting\system\Commands\Server\rewrite.php(34): require_once('D:\\trupti\\klamp...')
#9 {main}
CRITICAL - 2022-06-25 12:28:35 --> A non-numeric value encountered
#0 D:\trupti\klamp_accounting\app\Views\addbook\bank.php(156): CodeIgniter\Debug\Exceptions->errorHandler(2, 'A non-numeric v...', 'D:\\trupti\\klamp...', 156, Array)
#1 D:\trupti\klamp_accounting\system\View\View.php(246): include('D:\\trupti\\klamp...')
#2 D:\trupti\klamp_accounting\app\Common.php(48): CodeIgniter\View\View->render('addbook/bank', Array, true)
#3 D:\trupti\klamp_accounting\app\Controllers\Addbook.php(1431): view('addbook/bank', Array)
#4 D:\trupti\klamp_accounting\system\CodeIgniter.php(918): App\Controllers\Addbook->Bank()
#5 D:\trupti\klamp_accounting\system\CodeIgniter.php(404): CodeIgniter\CodeIgniter->runController(Object(App\Controllers\Addbook))
#6 D:\trupti\klamp_accounting\system\CodeIgniter.php(312): CodeIgniter\CodeIgniter->handleRequest(NULL, Object(Config\Cache), false)
#7 D:\trupti\klamp_accounting\public\index.php(45): CodeIgniter\CodeIgniter->run()
#8 D:\trupti\klamp_accounting\system\Commands\Server\rewrite.php(34): require_once('D:\\trupti\\klamp...')
#9 {main}
CRITICAL - 2022-06-25 12:31:15 --> number_format() expects parameter 1 to be float, string given
#0 [internal function]: CodeIgniter\Debug\Exceptions->errorHandler(2, 'number_format()...', 'D:\\trupti\\klamp...', 128, Array)
#1 D:\trupti\klamp_accounting\app\Views\addbook\bank.php(128): number_format('', 2)
#2 D:\trupti\klamp_accounting\system\View\View.php(246): include('D:\\trupti\\klamp...')
#3 D:\trupti\klamp_accounting\app\Common.php(48): CodeIgniter\View\View->render('addbook/bank', Array, true)
#4 D:\trupti\klamp_accounting\app\Controllers\Addbook.php(1431): view('addbook/bank', Array)
#5 D:\trupti\klamp_accounting\system\CodeIgniter.php(918): App\Controllers\Addbook->Bank()
#6 D:\trupti\klamp_accounting\system\CodeIgniter.php(404): CodeIgniter\CodeIgniter->runController(Object(App\Controllers\Addbook))
#7 D:\trupti\klamp_accounting\system\CodeIgniter.php(312): CodeIgniter\CodeIgniter->handleRequest(NULL, Object(Config\Cache), false)
#8 D:\trupti\klamp_accounting\public\index.php(45): CodeIgniter\CodeIgniter->run()
#9 D:\trupti\klamp_accounting\system\Commands\Server\rewrite.php(34): require_once('D:\\trupti\\klamp...')
#10 {main}
CRITICAL - 2022-06-25 13:07:06 --> Undefined index: cash
#0 D:\trupti\klamp_accounting\app\Models\AddbookModel.php(2214): CodeIgniter\Debug\Exceptions->errorHandler(8, 'Undefined index...', 'D:\\trupti\\klamp...', 2214, Array)
#1 D:\trupti\klamp_accounting\app\Controllers\Addbook.php(1443): App\Models\AddbookModel->get_Bank_xls(Array)
#2 D:\trupti\klamp_accounting\system\CodeIgniter.php(918): App\Controllers\Addbook->Bank_xls()
#3 D:\trupti\klamp_accounting\system\CodeIgniter.php(404): CodeIgniter\CodeIgniter->runController(Object(App\Controllers\Addbook))
#4 D:\trupti\klamp_accounting\system\CodeIgniter.php(312): CodeIgniter\CodeIgniter->handleRequest(NULL, Object(Config\Cache), false)
#5 D:\trupti\klamp_accounting\public\index.php(45): CodeIgniter\CodeIgniter->run()
#6 D:\trupti\klamp_accounting\system\Commands\Server\rewrite.php(34): require_once('D:\\trupti\\klamp...')
#7 {main}
CRITICAL - 2022-06-25 14:55:12 --> A non-numeric value encountered
#0 D:\trupti\klamp_accounting\app\Views\pdf\return_detail.php(204): CodeIgniter\Debug\Exceptions->errorHandler(2, 'A non-numeric v...', 'D:\\trupti\\klamp...', 204, Array)
#1 D:\trupti\klamp_accounting\system\View\View.php(246): include('D:\\trupti\\klamp...')
#2 D:\trupti\klamp_accounting\app\Common.php(48): CodeIgniter\View\View->render('pdf/return_deta...', Array, true)
#3 D:\trupti\klamp_accounting\app\Controllers\Sales.php(218): view('pdf/return_deta...', Array)
#4 D:\trupti\klamp_accounting\system\CodeIgniter.php(918): App\Controllers\Sales->pdf_return('43')
#5 D:\trupti\klamp_accounting\system\CodeIgniter.php(404): CodeIgniter\CodeIgniter->runController(Object(App\Controllers\Sales))
#6 D:\trupti\klamp_accounting\system\CodeIgniter.php(312): CodeIgniter\CodeIgniter->handleRequest(NULL, Object(Config\Cache), false)
#7 D:\trupti\klamp_accounting\public\index.php(45): CodeIgniter\CodeIgniter->run()
#8 D:\trupti\klamp_accounting\system\Commands\Server\rewrite.php(34): require_once('D:\\trupti\\klamp...')
#9 {main}
CRITICAL - 2022-06-25 15:18:19 --> A non-numeric value encountered
#0 D:\trupti\klamp_accounting\app\Views\pdf\return_detail.php(204): CodeIgniter\Debug\Exceptions->errorHandler(2, 'A non-numeric v...', 'D:\\trupti\\klamp...', 204, Array)
#1 D:\trupti\klamp_accounting\system\View\View.php(246): include('D:\\trupti\\klamp...')
#2 D:\trupti\klamp_accounting\app\Common.php(48): CodeIgniter\View\View->render('pdf/return_deta...', Array, true)
#3 D:\trupti\klamp_accounting\app\Controllers\Sales.php(218): view('pdf/return_deta...', Array)
#4 D:\trupti\klamp_accounting\system\CodeIgniter.php(918): App\Controllers\Sales->pdf_return('43')
#5 D:\trupti\klamp_accounting\system\CodeIgniter.php(404): CodeIgniter\CodeIgniter->runController(Object(App\Controllers\Sales))
#6 D:\trupti\klamp_accounting\system\CodeIgniter.php(312): CodeIgniter\CodeIgniter->handleRequest(NULL, Object(Config\Cache), false)
#7 D:\trupti\klamp_accounting\public\index.php(45): CodeIgniter\CodeIgniter->run()
#8 D:\trupti\klamp_accounting\system\Commands\Server\rewrite.php(34): require_once('D:\\trupti\\klamp...')
#9 {main}
CRITICAL - 2022-06-25 16:58:12 --> Undefined variable: item
#0 D:\trupti\klamp_accounting\app\Views\pdf\general_detail.php(181): CodeIgniter\Debug\Exceptions->errorHandler(8, 'Undefined varia...', 'D:\\trupti\\klamp...', 181, Array)
#1 D:\trupti\klamp_accounting\system\View\View.php(246): include('D:\\trupti\\klamp...')
#2 D:\trupti\klamp_accounting\app\Common.php(48): CodeIgniter\View\View->render('pdf/general_det...', Array, true)
#3 D:\trupti\klamp_accounting\app\Controllers\Sales.php(261): view('pdf/general_det...', Array)
#4 D:\trupti\klamp_accounting\system\CodeIgniter.php(918): App\Controllers\Sales->pdf_general('14')
#5 D:\trupti\klamp_accounting\system\CodeIgniter.php(404): CodeIgniter\CodeIgniter->runController(Object(App\Controllers\Sales))
#6 D:\trupti\klamp_accounting\system\CodeIgniter.php(312): CodeIgniter\CodeIgniter->handleRequest(NULL, Object(Config\Cache), false)
#7 D:\trupti\klamp_accounting\public\index.php(45): CodeIgniter\CodeIgniter->run()
#8 D:\trupti\klamp_accounting\system\Commands\Server\rewrite.php(34): require_once('D:\\trupti\\klamp...')
#9 {main}
CRITICAL - 2022-06-25 17:07:12 --> Undefined variable: item
#0 D:\trupti\klamp_accounting\app\Views\pdf\general_detail.php(269): CodeIgniter\Debug\Exceptions->errorHandler(8, 'Undefined varia...', 'D:\\trupti\\klamp...', 269, Array)
#1 D:\trupti\klamp_accounting\system\View\View.php(246): include('D:\\trupti\\klamp...')
#2 D:\trupti\klamp_accounting\app\Common.php(48): CodeIgniter\View\View->render('pdf/general_det...', Array, true)
#3 D:\trupti\klamp_accounting\app\Controllers\Sales.php(261): view('pdf/general_det...', Array)
#4 D:\trupti\klamp_accounting\system\CodeIgniter.php(918): App\Controllers\Sales->pdf_general('14')
#5 D:\trupti\klamp_accounting\system\CodeIgniter.php(404): CodeIgniter\CodeIgniter->runController(Object(App\Controllers\Sales))
#6 D:\trupti\klamp_accounting\system\CodeIgniter.php(312): CodeIgniter\CodeIgniter->handleRequest(NULL, Object(Config\Cache), false)
#7 D:\trupti\klamp_accounting\public\index.php(45): CodeIgniter\CodeIgniter->run()
#8 D:\trupti\klamp_accounting\system\Commands\Server\rewrite.php(34): require_once('D:\\trupti\\klamp...')
#9 {main}
CRITICAL - 2022-06-25 17:08:44 --> Undefined variable: item
#0 D:\trupti\klamp_accounting\app\Views\pdf\general_detail.php(277): CodeIgniter\Debug\Exceptions->errorHandler(8, 'Undefined varia...', 'D:\\trupti\\klamp...', 277, Array)
#1 D:\trupti\klamp_accounting\system\View\View.php(246): include('D:\\trupti\\klamp...')
#2 D:\trupti\klamp_accounting\app\Common.php(48): CodeIgniter\View\View->render('pdf/general_det...', Array, true)
#3 D:\trupti\klamp_accounting\app\Controllers\Sales.php(261): view('pdf/general_det...', Array)
#4 D:\trupti\klamp_accounting\system\CodeIgniter.php(918): App\Controllers\Sales->pdf_general('14')
#5 D:\trupti\klamp_accounting\system\CodeIgniter.php(404): CodeIgniter\CodeIgniter->runController(Object(App\Controllers\Sales))
#6 D:\trupti\klamp_accounting\system\CodeIgniter.php(312): CodeIgniter\CodeIgniter->handleRequest(NULL, Object(Config\Cache), false)
#7 D:\trupti\klamp_accounting\public\index.php(45): CodeIgniter\CodeIgniter->run()
#8 D:\trupti\klamp_accounting\system\Commands\Server\rewrite.php(34): require_once('D:\\trupti\\klamp...')
#9 {main}
CRITICAL - 2022-06-25 17:09:39 --> Undefined variable: final_sub
#0 D:\trupti\klamp_accounting\app\Views\pdf\general_detail.php(282): CodeIgniter\Debug\Exceptions->errorHandler(8, 'Undefined varia...', 'D:\\trupti\\klamp...', 282, Array)
#1 D:\trupti\klamp_accounting\system\View\View.php(246): include('D:\\trupti\\klamp...')
#2 D:\trupti\klamp_accounting\app\Common.php(48): CodeIgniter\View\View->render('pdf/general_det...', Array, true)
#3 D:\trupti\klamp_accounting\app\Controllers\Sales.php(261): view('pdf/general_det...', Array)
#4 D:\trupti\klamp_accounting\system\CodeIgniter.php(918): App\Controllers\Sales->pdf_general('14')
#5 D:\trupti\klamp_accounting\system\CodeIgniter.php(404): CodeIgniter\CodeIgniter->runController(Object(App\Controllers\Sales))
#6 D:\trupti\klamp_accounting\system\CodeIgniter.php(312): CodeIgniter\CodeIgniter->handleRequest(NULL, Object(Config\Cache), false)
#7 D:\trupti\klamp_accounting\public\index.php(45): CodeIgniter\CodeIgniter->run()
#8 D:\trupti\klamp_accounting\system\Commands\Server\rewrite.php(34): require_once('D:\\trupti\\klamp...')
#9 {main}
CRITICAL - 2022-06-25 17:10:24 --> Undefined variable: final_sub
#0 D:\trupti\klamp_accounting\app\Views\pdf\general_detail.php(282): CodeIgniter\Debug\Exceptions->errorHandler(8, 'Undefined varia...', 'D:\\trupti\\klamp...', 282, Array)
#1 D:\trupti\klamp_accounting\system\View\View.php(246): include('D:\\trupti\\klamp...')
#2 D:\trupti\klamp_accounting\app\Common.php(48): CodeIgniter\View\View->render('pdf/general_det...', Array, true)
#3 D:\trupti\klamp_accounting\app\Controllers\Sales.php(261): view('pdf/general_det...', Array)
#4 D:\trupti\klamp_accounting\system\CodeIgniter.php(918): App\Controllers\Sales->pdf_general('14')
#5 D:\trupti\klamp_accounting\system\CodeIgniter.php(404): CodeIgniter\CodeIgniter->runController(Object(App\Controllers\Sales))
#6 D:\trupti\klamp_accounting\system\CodeIgniter.php(312): CodeIgniter\CodeIgniter->handleRequest(NULL, Object(Config\Cache), false)
#7 D:\trupti\klamp_accounting\public\index.php(45): CodeIgniter\CodeIgniter->run()
#8 D:\trupti\klamp_accounting\system\Commands\Server\rewrite.php(34): require_once('D:\\trupti\\klamp...')
#9 {main}
CRITICAL - 2022-06-25 17:11:14 --> Undefined variable: discount_amt
#0 D:\trupti\klamp_accounting\app\Views\pdf\general_detail.php(286): CodeIgniter\Debug\Exceptions->errorHandler(8, 'Undefined varia...', 'D:\\trupti\\klamp...', 286, Array)
#1 D:\trupti\klamp_accounting\system\View\View.php(246): include('D:\\trupti\\klamp...')
#2 D:\trupti\klamp_accounting\app\Common.php(48): CodeIgniter\View\View->render('pdf/general_det...', Array, true)
#3 D:\trupti\klamp_accounting\app\Controllers\Sales.php(261): view('pdf/general_det...', Array)
#4 D:\trupti\klamp_accounting\system\CodeIgniter.php(918): App\Controllers\Sales->pdf_general('14')
#5 D:\trupti\klamp_accounting\system\CodeIgniter.php(404): CodeIgniter\CodeIgniter->runController(Object(App\Controllers\Sales))
#6 D:\trupti\klamp_accounting\system\CodeIgniter.php(312): CodeIgniter\CodeIgniter->handleRequest(NULL, Object(Config\Cache), false)
#7 D:\trupti\klamp_accounting\public\index.php(45): CodeIgniter\CodeIgniter->run()
#8 D:\trupti\klamp_accounting\system\Commands\Server\rewrite.php(34): require_once('D:\\trupti\\klamp...')
#9 {main}
CRITICAL - 2022-06-25 17:11:45 --> Undefined variable: item
#0 D:\trupti\klamp_accounting\app\Views\pdf\general_detail.php(484): CodeIgniter\Debug\Exceptions->errorHandler(8, 'Undefined varia...', 'D:\\trupti\\klamp...', 484, Array)
#1 D:\trupti\klamp_accounting\system\View\View.php(246): include('D:\\trupti\\klamp...')
#2 D:\trupti\klamp_accounting\app\Common.php(48): CodeIgniter\View\View->render('pdf/general_det...', Array, true)
#3 D:\trupti\klamp_accounting\app\Controllers\Sales.php(261): view('pdf/general_det...', Array)
#4 D:\trupti\klamp_accounting\system\CodeIgniter.php(918): App\Controllers\Sales->pdf_general('14')
#5 D:\trupti\klamp_accounting\system\CodeIgniter.php(404): CodeIgniter\CodeIgniter->runController(Object(App\Controllers\Sales))
#6 D:\trupti\klamp_accounting\system\CodeIgniter.php(312): CodeIgniter\CodeIgniter->handleRequest(NULL, Object(Config\Cache), false)
#7 D:\trupti\klamp_accounting\public\index.php(45): CodeIgniter\CodeIgniter->run()
#8 D:\trupti\klamp_accounting\system\Commands\Server\rewrite.php(34): require_once('D:\\trupti\\klamp...')
#9 {main}
CRITICAL - 2022-06-25 17:49:14 --> Undefined variable: fin_igst
#0 D:\trupti\klamp_accounting\app\Views\pdf\general_detail.php(278): CodeIgniter\Debug\Exceptions->errorHandler(8, 'Undefined varia...', 'D:\\trupti\\klamp...', 278, Array)
#1 D:\trupti\klamp_accounting\system\View\View.php(246): include('D:\\trupti\\klamp...')
#2 D:\trupti\klamp_accounting\app\Common.php(48): CodeIgniter\View\View->render('pdf/general_det...', Array, true)
#3 D:\trupti\klamp_accounting\app\Controllers\Sales.php(261): view('pdf/general_det...', Array)
#4 D:\trupti\klamp_accounting\system\CodeIgniter.php(918): App\Controllers\Sales->pdf_general('14')
#5 D:\trupti\klamp_accounting\system\CodeIgniter.php(404): CodeIgniter\CodeIgniter->runController(Object(App\Controllers\Sales))
#6 D:\trupti\klamp_accounting\system\CodeIgniter.php(312): CodeIgniter\CodeIgniter->handleRequest(NULL, Object(Config\Cache), false)
#7 D:\trupti\klamp_accounting\public\index.php(45): CodeIgniter\CodeIgniter->run()
#8 D:\trupti\klamp_accounting\system\Commands\Server\rewrite.php(34): require_once('D:\\trupti\\klamp...')
#9 {main}
