CRITICAL - 2022-07-23 11:29:38 --> Undefined index: data
#0 D:\trupti\new_klamp_accounting\app\Views\gst\gstr2_cr_dr_invoices.php(144): CodeIgniter\Debug\Exceptions->errorHandler(8, 'Undefined index...', 'D:\\trupti\\new_k...', 144, Array)
#1 D:\trupti\new_klamp_accounting\system\View\View.php(246): include('D:\\trupti\\new_k...')
#2 D:\trupti\new_klamp_accounting\app\Common.php(48): CodeIgniter\View\View->render('gst/gstr2_cr_dr...', Array, true)
#3 D:\trupti\new_klamp_accounting\app\Controllers\Gst.php(587): view('gst/gstr2_cr_dr...', Array)
#4 D:\trupti\new_klamp_accounting\system\CodeIgniter.php(918): App\Controllers\Gst->gstr2_cr_dr_invoices()
#5 D:\trupti\new_klamp_accounting\system\CodeIgniter.php(404): CodeIgniter\CodeIgniter->runController(Object(App\Controllers\Gst))
#6 D:\trupti\new_klamp_accounting\system\CodeIgniter.php(312): CodeIgniter\CodeIgniter->handleRequest(NULL, Object(Config\Cache), false)
#7 D:\trupti\new_klamp_accounting\public\index.php(45): CodeIgniter\CodeIgniter->run()
#8 D:\trupti\new_klamp_accounting\system\Commands\Server\rewrite.php(34): require_once('D:\\trupti\\new_k...')
#9 {main}
CRITICAL - 2022-07-23 11:29:50 --> Undefined index: data
#0 D:\trupti\new_klamp_accounting\app\Views\gst\gstr2_cr_dr_invoices.php(144): CodeIgniter\Debug\Exceptions->errorHandler(8, 'Undefined index...', 'D:\\trupti\\new_k...', 144, Array)
#1 D:\trupti\new_klamp_accounting\system\View\View.php(246): include('D:\\trupti\\new_k...')
#2 D:\trupti\new_klamp_accounting\app\Common.php(48): CodeIgniter\View\View->render('gst/gstr2_cr_dr...', Array, true)
#3 D:\trupti\new_klamp_accounting\app\Controllers\Gst.php(587): view('gst/gstr2_cr_dr...', Array)
#4 D:\trupti\new_klamp_accounting\system\CodeIgniter.php(918): App\Controllers\Gst->gstr2_cr_dr_invoices()
#5 D:\trupti\new_klamp_accounting\system\CodeIgniter.php(404): CodeIgniter\CodeIgniter->runController(Object(App\Controllers\Gst))
#6 D:\trupti\new_klamp_accounting\system\CodeIgniter.php(312): CodeIgniter\CodeIgniter->handleRequest(NULL, Object(Config\Cache), false)
#7 D:\trupti\new_klamp_accounting\public\index.php(45): CodeIgniter\CodeIgniter->run()
#8 D:\trupti\new_klamp_accounting\system\Commands\Server\rewrite.php(34): require_once('D:\\trupti\\new_k...')
#9 {main}
CRITICAL - 2022-07-23 11:40:30 --> You must set the database table to be used with your query.
#0 D:\trupti\new_klamp_accounting\system\Model.php(1237): CodeIgniter\Database\BaseConnection->table(NULL)
#1 D:\trupti\new_klamp_accounting\system\Model.php(1816): CodeIgniter\Model->builder()
#2 D:\trupti\new_klamp_accounting\app\Controllers\Master.php(895): CodeIgniter\Model->__call('search_purchase...', Array)
#3 D:\trupti\new_klamp_accounting\system\CodeIgniter.php(918): App\Controllers\Master->Getdata('search_purchase...')
#4 D:\trupti\new_klamp_accounting\system\CodeIgniter.php(404): CodeIgniter\CodeIgniter->runController(Object(App\Controllers\Master))
#5 D:\trupti\new_klamp_accounting\system\CodeIgniter.php(312): CodeIgniter\CodeIgniter->handleRequest(NULL, Object(Config\Cache), false)
#6 D:\trupti\new_klamp_accounting\public\index.php(45): CodeIgniter\CodeIgniter->run()
#7 D:\trupti\new_klamp_accounting\system\Commands\Server\rewrite.php(34): require_once('D:\\trupti\\new_k...')
#8 {main}
CRITICAL - 2022-07-23 11:40:34 --> Undefined variable: result
#0 D:\trupti\new_klamp_accounting\app\Models\PurchaseModel.php(1931): CodeIgniter\Debug\Exceptions->errorHandler(8, 'Undefined varia...', 'D:\\trupti\\new_k...', 1931, Array)
#1 D:\trupti\new_klamp_accounting\app\Controllers\Purchase.php(76): App\Models\PurchaseModel->get_purchaseinvoice_databyid(Array)
#2 D:\trupti\new_klamp_accounting\system\CodeIgniter.php(918): App\Controllers\Purchase->Getdata('search_purchase...')
#3 D:\trupti\new_klamp_accounting\system\CodeIgniter.php(404): CodeIgniter\CodeIgniter->runController(Object(App\Controllers\Purchase))
#4 D:\trupti\new_klamp_accounting\system\CodeIgniter.php(312): CodeIgniter\CodeIgniter->handleRequest(NULL, Object(Config\Cache), false)
#5 D:\trupti\new_klamp_accounting\public\index.php(45): CodeIgniter\CodeIgniter->run()
#6 D:\trupti\new_klamp_accounting\system\Commands\Server\rewrite.php(34): require_once('D:\\trupti\\new_k...')
#7 {main}
CRITICAL - 2022-07-23 11:41:35 --> Unknown column 'bank_name' in 'field list'
#0 D:\trupti\new_klamp_accounting\system\Database\MySQLi\Connection.php(331): mysqli->query('INSERT INTO `pu...')
#1 D:\trupti\new_klamp_accounting\system\Database\BaseConnection.php(741): CodeIgniter\Database\MySQLi\Connection->execute('INSERT INTO `pu...')
#2 D:\trupti\new_klamp_accounting\system\Database\BaseConnection.php(669): CodeIgniter\Database\BaseConnection->simpleQuery('INSERT INTO `pu...')
#3 D:\trupti\new_klamp_accounting\system\Database\BaseBuilder.php(2249): CodeIgniter\Database\BaseConnection->query('INSERT INTO `pu...', Array, false)
#4 D:\trupti\new_klamp_accounting\app\Models\PurchaseModel.php(736): CodeIgniter\Database\BaseBuilder->insert(Array)
#5 D:\trupti\new_klamp_accounting\app\Controllers\Purchase.php(201): App\Models\PurchaseModel->insert_edit_purchasereturn(Array)
#6 D:\trupti\new_klamp_accounting\system\CodeIgniter.php(918): App\Controllers\Purchase->add_purchasereturn()
#7 D:\trupti\new_klamp_accounting\system\CodeIgniter.php(404): CodeIgniter\CodeIgniter->runController(Object(App\Controllers\Purchase))
#8 D:\trupti\new_klamp_accounting\system\CodeIgniter.php(312): CodeIgniter\CodeIgniter->handleRequest(NULL, Object(Config\Cache), false)
#9 D:\trupti\new_klamp_accounting\public\index.php(45): CodeIgniter\CodeIgniter->run()
#10 D:\trupti\new_klamp_accounting\system\Commands\Server\rewrite.php(34): require_once('D:\\trupti\\new_k...')
#11 {main}
CRITICAL - 2022-07-23 11:41:45 --> Unknown column 'bank_name' in 'field list'
#0 D:\trupti\new_klamp_accounting\system\Database\MySQLi\Connection.php(331): mysqli->query('INSERT INTO `pu...')
#1 D:\trupti\new_klamp_accounting\system\Database\BaseConnection.php(741): CodeIgniter\Database\MySQLi\Connection->execute('INSERT INTO `pu...')
#2 D:\trupti\new_klamp_accounting\system\Database\BaseConnection.php(669): CodeIgniter\Database\BaseConnection->simpleQuery('INSERT INTO `pu...')
#3 D:\trupti\new_klamp_accounting\system\Database\BaseBuilder.php(2249): CodeIgniter\Database\BaseConnection->query('INSERT INTO `pu...', Array, false)
#4 D:\trupti\new_klamp_accounting\app\Models\PurchaseModel.php(736): CodeIgniter\Database\BaseBuilder->insert(Array)
#5 D:\trupti\new_klamp_accounting\app\Controllers\Purchase.php(201): App\Models\PurchaseModel->insert_edit_purchasereturn(Array)
#6 D:\trupti\new_klamp_accounting\system\CodeIgniter.php(918): App\Controllers\Purchase->add_purchasereturn()
#7 D:\trupti\new_klamp_accounting\system\CodeIgniter.php(404): CodeIgniter\CodeIgniter->runController(Object(App\Controllers\Purchase))
#8 D:\trupti\new_klamp_accounting\system\CodeIgniter.php(312): CodeIgniter\CodeIgniter->handleRequest(NULL, Object(Config\Cache), false)
#9 D:\trupti\new_klamp_accounting\public\index.php(45): CodeIgniter\CodeIgniter->run()
#10 D:\trupti\new_klamp_accounting\system\Commands\Server\rewrite.php(34): require_once('D:\\trupti\\new_k...')
#11 {main}
CRITICAL - 2022-07-23 11:47:43 --> Undefined index: invoice_no
#0 D:\trupti\new_klamp_accounting\app\Views\gst\gstr2_cr_dr_invoices.php(146): CodeIgniter\Debug\Exceptions->errorHandler(8, 'Undefined index...', 'D:\\trupti\\new_k...', 146, Array)
#1 D:\trupti\new_klamp_accounting\system\View\View.php(246): include('D:\\trupti\\new_k...')
#2 D:\trupti\new_klamp_accounting\app\Common.php(48): CodeIgniter\View\View->render('gst/gstr2_cr_dr...', Array, true)
#3 D:\trupti\new_klamp_accounting\app\Controllers\Gst.php(588): view('gst/gstr2_cr_dr...', Array)
#4 D:\trupti\new_klamp_accounting\system\CodeIgniter.php(918): App\Controllers\Gst->gstr2_cr_dr_invoices()
#5 D:\trupti\new_klamp_accounting\system\CodeIgniter.php(404): CodeIgniter\CodeIgniter->runController(Object(App\Controllers\Gst))
#6 D:\trupti\new_klamp_accounting\system\CodeIgniter.php(312): CodeIgniter\CodeIgniter->handleRequest(NULL, Object(Config\Cache), false)
#7 D:\trupti\new_klamp_accounting\public\index.php(45): CodeIgniter\CodeIgniter->run()
#8 D:\trupti\new_klamp_accounting\system\Commands\Server\rewrite.php(34): require_once('D:\\trupti\\new_k...')
#9 {main}
CRITICAL - 2022-07-23 11:54:35 --> Undefined variable: from
#0 D:\trupti\new_klamp_accounting\app\Views\gst\gstr2_cr_dr_invoices.php(20): CodeIgniter\Debug\Exceptions->errorHandler(8, 'Undefined varia...', 'D:\\trupti\\new_k...', 20, Array)
#1 D:\trupti\new_klamp_accounting\system\View\View.php(246): include('D:\\trupti\\new_k...')
#2 D:\trupti\new_klamp_accounting\app\Common.php(48): CodeIgniter\View\View->render('gst/gstr2_cr_dr...', Array, true)
#3 D:\trupti\new_klamp_accounting\app\Controllers\Gst.php(588): view('gst/gstr2_cr_dr...', Array)
#4 D:\trupti\new_klamp_accounting\system\CodeIgniter.php(918): App\Controllers\Gst->gstr2_cr_dr_invoices()
#5 D:\trupti\new_klamp_accounting\system\CodeIgniter.php(404): CodeIgniter\CodeIgniter->runController(Object(App\Controllers\Gst))
#6 D:\trupti\new_klamp_accounting\system\CodeIgniter.php(312): CodeIgniter\CodeIgniter->handleRequest(NULL, Object(Config\Cache), false)
#7 D:\trupti\new_klamp_accounting\public\index.php(45): CodeIgniter\CodeIgniter->run()
#8 D:\trupti\new_klamp_accounting\system\Commands\Server\rewrite.php(34): require_once('D:\\trupti\\new_k...')
#9 {main}
CRITICAL - 2022-07-23 11:57:49 --> Undefined index: return_no
#0 D:\trupti\new_klamp_accounting\app\Views\gst\gstr2_cr_dr_invoices.php(149): CodeIgniter\Debug\Exceptions->errorHandler(8, 'Undefined index...', 'D:\\trupti\\new_k...', 149, Array)
#1 D:\trupti\new_klamp_accounting\system\View\View.php(246): include('D:\\trupti\\new_k...')
#2 D:\trupti\new_klamp_accounting\app\Common.php(48): CodeIgniter\View\View->render('gst/gstr2_cr_dr...', Array, true)
#3 D:\trupti\new_klamp_accounting\app\Controllers\Gst.php(592): view('gst/gstr2_cr_dr...', Array)
#4 D:\trupti\new_klamp_accounting\system\CodeIgniter.php(918): App\Controllers\Gst->gstr2_cr_dr_invoices()
#5 D:\trupti\new_klamp_accounting\system\CodeIgniter.php(404): CodeIgniter\CodeIgniter->runController(Object(App\Controllers\Gst))
#6 D:\trupti\new_klamp_accounting\system\CodeIgniter.php(312): CodeIgniter\CodeIgniter->handleRequest(NULL, Object(Config\Cache), false)
#7 D:\trupti\new_klamp_accounting\public\index.php(45): CodeIgniter\CodeIgniter->run()
#8 D:\trupti\new_klamp_accounting\system\Commands\Server\rewrite.php(34): require_once('D:\\trupti\\new_k...')
#9 {main}
CRITICAL - 2022-07-23 12:00:28 --> Undefined index: return_no
#0 D:\trupti\new_klamp_accounting\app\Views\gst\gstr2_cr_dr_invoices.php(154): CodeIgniter\Debug\Exceptions->errorHandler(8, 'Undefined index...', 'D:\\trupti\\new_k...', 154, Array)
#1 D:\trupti\new_klamp_accounting\system\View\View.php(246): include('D:\\trupti\\new_k...')
#2 D:\trupti\new_klamp_accounting\app\Common.php(48): CodeIgniter\View\View->render('gst/gstr2_cr_dr...', Array, true)
#3 D:\trupti\new_klamp_accounting\app\Controllers\Gst.php(592): view('gst/gstr2_cr_dr...', Array)
#4 D:\trupti\new_klamp_accounting\system\CodeIgniter.php(918): App\Controllers\Gst->gstr2_cr_dr_invoices()
#5 D:\trupti\new_klamp_accounting\system\CodeIgniter.php(404): CodeIgniter\CodeIgniter->runController(Object(App\Controllers\Gst))
#6 D:\trupti\new_klamp_accounting\system\CodeIgniter.php(312): CodeIgniter\CodeIgniter->handleRequest(NULL, Object(Config\Cache), false)
#7 D:\trupti\new_klamp_accounting\public\index.php(45): CodeIgniter\CodeIgniter->run()
#8 D:\trupti\new_klamp_accounting\system\Commands\Server\rewrite.php(34): require_once('D:\\trupti\\new_k...')
#9 {main}
