CRITICAL - 2022-09-03 22:04:59 --> Undefined index: is_expence
#0 C:\trupti\new_klamp_accounting\app\Models\PurchaseModel.php(1897): CodeIgniter\Debug\Exceptions->errorHandler(8, 'Undefined index...', 'C:\\trupti\\new_k...', 1897, Array)
#1 C:\trupti\new_klamp_accounting\app\Controllers\Purchase.php(92): App\Models\PurchaseModel->search_purchase_challan_data(Array)
#2 C:\trupti\new_klamp_accounting\system\CodeIgniter.php(918): App\Controllers\Purchase->Getdata('get_purchase_ch...')
#3 C:\trupti\new_klamp_accounting\system\CodeIgniter.php(404): CodeIgniter\CodeIgniter->runController(Object(App\Controllers\Purchase))
#4 C:\trupti\new_klamp_accounting\system\CodeIgniter.php(312): CodeIgniter\CodeIgniter->handleRequest(NULL, Object(Config\Cache), false)
#5 C:\trupti\new_klamp_accounting\public\index.php(45): CodeIgniter\CodeIgniter->run()
#6 C:\trupti\new_klamp_accounting\system\Commands\Server\rewrite.php(34): require_once('C:\\trupti\\new_k...')
#7 {main}
CRITICAL - 2022-09-03 22:05:00 --> Undefined index: is_expence
#0 C:\trupti\new_klamp_accounting\app\Models\PurchaseModel.php(1897): CodeIgniter\Debug\Exceptions->errorHandler(8, 'Undefined index...', 'C:\\trupti\\new_k...', 1897, Array)
#1 C:\trupti\new_klamp_accounting\app\Controllers\Purchase.php(92): App\Models\PurchaseModel->search_purchase_challan_data(Array)
#2 C:\trupti\new_klamp_accounting\system\CodeIgniter.php(918): App\Controllers\Purchase->Getdata('get_purchase_ch...')
#3 C:\trupti\new_klamp_accounting\system\CodeIgniter.php(404): CodeIgniter\CodeIgniter->runController(Object(App\Controllers\Purchase))
#4 C:\trupti\new_klamp_accounting\system\CodeIgniter.php(312): CodeIgniter\CodeIgniter->handleRequest(NULL, Object(Config\Cache), false)
#5 C:\trupti\new_klamp_accounting\public\index.php(45): CodeIgniter\CodeIgniter->run()
#6 C:\trupti\new_klamp_accounting\system\Commands\Server\rewrite.php(34): require_once('C:\\trupti\\new_k...')
#7 {main}
CRITICAL - 2022-09-03 22:05:02 --> Undefined index: is_expence
#0 C:\trupti\new_klamp_accounting\app\Models\PurchaseModel.php(1897): CodeIgniter\Debug\Exceptions->errorHandler(8, 'Undefined index...', 'C:\\trupti\\new_k...', 1897, Array)
#1 C:\trupti\new_klamp_accounting\app\Controllers\Purchase.php(92): App\Models\PurchaseModel->search_purchase_challan_data(Array)
#2 C:\trupti\new_klamp_accounting\system\CodeIgniter.php(918): App\Controllers\Purchase->Getdata('get_purchase_ch...')
#3 C:\trupti\new_klamp_accounting\system\CodeIgniter.php(404): CodeIgniter\CodeIgniter->runController(Object(App\Controllers\Purchase))
#4 C:\trupti\new_klamp_accounting\system\CodeIgniter.php(312): CodeIgniter\CodeIgniter->handleRequest(NULL, Object(Config\Cache), false)
#5 C:\trupti\new_klamp_accounting\public\index.php(45): CodeIgniter\CodeIgniter->run()
#6 C:\trupti\new_klamp_accounting\system\Commands\Server\rewrite.php(34): require_once('C:\\trupti\\new_k...')
#7 {main}
CRITICAL - 2022-09-03 22:05:03 --> Undefined index: is_expence
#0 C:\trupti\new_klamp_accounting\app\Models\PurchaseModel.php(1897): CodeIgniter\Debug\Exceptions->errorHandler(8, 'Undefined index...', 'C:\\trupti\\new_k...', 1897, Array)
#1 C:\trupti\new_klamp_accounting\app\Controllers\Purchase.php(92): App\Models\PurchaseModel->search_purchase_challan_data(Array)
#2 C:\trupti\new_klamp_accounting\system\CodeIgniter.php(918): App\Controllers\Purchase->Getdata('get_purchase_ch...')
#3 C:\trupti\new_klamp_accounting\system\CodeIgniter.php(404): CodeIgniter\CodeIgniter->runController(Object(App\Controllers\Purchase))
#4 C:\trupti\new_klamp_accounting\system\CodeIgniter.php(312): CodeIgniter\CodeIgniter->handleRequest(NULL, Object(Config\Cache), false)
#5 C:\trupti\new_klamp_accounting\public\index.php(45): CodeIgniter\CodeIgniter->run()
#6 C:\trupti\new_klamp_accounting\system\Commands\Server\rewrite.php(34): require_once('C:\\trupti\\new_k...')
#7 {main}
CRITICAL - 2022-09-03 22:06:54 --> Undefined index: is_expence
#0 C:\trupti\new_klamp_accounting\app\Models\PurchaseModel.php(1897): CodeIgniter\Debug\Exceptions->errorHandler(8, 'Undefined index...', 'C:\\trupti\\new_k...', 1897, Array)
#1 C:\trupti\new_klamp_accounting\app\Controllers\Purchase.php(92): App\Models\PurchaseModel->search_purchase_challan_data(Array)
#2 C:\trupti\new_klamp_accounting\system\CodeIgniter.php(918): App\Controllers\Purchase->Getdata('get_purchase_ch...')
#3 C:\trupti\new_klamp_accounting\system\CodeIgniter.php(404): CodeIgniter\CodeIgniter->runController(Object(App\Controllers\Purchase))
#4 C:\trupti\new_klamp_accounting\system\CodeIgniter.php(312): CodeIgniter\CodeIgniter->handleRequest(NULL, Object(Config\Cache), false)
#5 C:\trupti\new_klamp_accounting\public\index.php(45): CodeIgniter\CodeIgniter->run()
#6 C:\trupti\new_klamp_accounting\system\Commands\Server\rewrite.php(34): require_once('C:\\trupti\\new_k...')
#7 {main}
CRITICAL - 2022-09-03 22:17:22 --> A non-numeric value encountered
#0 C:\trupti\new_klamp_accounting\app\Models\PurchaseModel.php(1445): CodeIgniter\Debug\Exceptions->errorHandler(2, 'A non-numeric v...', 'C:\\trupti\\new_k...', 1445, Array)
#1 C:\trupti\new_klamp_accounting\app\Controllers\Purchase.php(164): App\Models\PurchaseModel->insert_edit_purchaseinvoice(Array)
#2 C:\trupti\new_klamp_accounting\system\CodeIgniter.php(918): App\Controllers\Purchase->add_purchaseinvoice()
#3 C:\trupti\new_klamp_accounting\system\CodeIgniter.php(404): CodeIgniter\CodeIgniter->runController(Object(App\Controllers\Purchase))
#4 C:\trupti\new_klamp_accounting\system\CodeIgniter.php(312): CodeIgniter\CodeIgniter->handleRequest(NULL, Object(Config\Cache), false)
#5 C:\trupti\new_klamp_accounting\public\index.php(45): CodeIgniter\CodeIgniter->run()
#6 C:\trupti\new_klamp_accounting\system\Commands\Server\rewrite.php(34): require_once('C:\\trupti\\new_k...')
#7 {main}
CRITICAL - 2022-09-03 22:17:28 --> A non-numeric value encountered
#0 C:\trupti\new_klamp_accounting\app\Models\PurchaseModel.php(1445): CodeIgniter\Debug\Exceptions->errorHandler(2, 'A non-numeric v...', 'C:\\trupti\\new_k...', 1445, Array)
#1 C:\trupti\new_klamp_accounting\app\Controllers\Purchase.php(164): App\Models\PurchaseModel->insert_edit_purchaseinvoice(Array)
#2 C:\trupti\new_klamp_accounting\system\CodeIgniter.php(918): App\Controllers\Purchase->add_purchaseinvoice()
#3 C:\trupti\new_klamp_accounting\system\CodeIgniter.php(404): CodeIgniter\CodeIgniter->runController(Object(App\Controllers\Purchase))
#4 C:\trupti\new_klamp_accounting\system\CodeIgniter.php(312): CodeIgniter\CodeIgniter->handleRequest(NULL, Object(Config\Cache), false)
#5 C:\trupti\new_klamp_accounting\public\index.php(45): CodeIgniter\CodeIgniter->run()
#6 C:\trupti\new_klamp_accounting\system\Commands\Server\rewrite.php(34): require_once('C:\\trupti\\new_k...')
#7 {main}
CRITICAL - 2022-09-03 22:22:12 --> A non-numeric value encountered
#0 C:\trupti\new_klamp_accounting\app\Models\PurchaseModel.php(1445): CodeIgniter\Debug\Exceptions->errorHandler(2, 'A non-numeric v...', 'C:\\trupti\\new_k...', 1445, Array)
#1 C:\trupti\new_klamp_accounting\app\Controllers\Purchase.php(164): App\Models\PurchaseModel->insert_edit_purchaseinvoice(Array)
#2 C:\trupti\new_klamp_accounting\system\CodeIgniter.php(918): App\Controllers\Purchase->add_purchaseinvoice()
#3 C:\trupti\new_klamp_accounting\system\CodeIgniter.php(404): CodeIgniter\CodeIgniter->runController(Object(App\Controllers\Purchase))
#4 C:\trupti\new_klamp_accounting\system\CodeIgniter.php(312): CodeIgniter\CodeIgniter->handleRequest(NULL, Object(Config\Cache), false)
#5 C:\trupti\new_klamp_accounting\public\index.php(45): CodeIgniter\CodeIgniter->run()
#6 C:\trupti\new_klamp_accounting\system\Commands\Server\rewrite.php(34): require_once('C:\\trupti\\new_k...')
#7 {main}
CRITICAL - 2022-09-03 22:22:19 --> A non-numeric value encountered
#0 C:\trupti\new_klamp_accounting\app\Models\PurchaseModel.php(1445): CodeIgniter\Debug\Exceptions->errorHandler(2, 'A non-numeric v...', 'C:\\trupti\\new_k...', 1445, Array)
#1 C:\trupti\new_klamp_accounting\app\Controllers\Purchase.php(164): App\Models\PurchaseModel->insert_edit_purchaseinvoice(Array)
#2 C:\trupti\new_klamp_accounting\system\CodeIgniter.php(918): App\Controllers\Purchase->add_purchaseinvoice()
#3 C:\trupti\new_klamp_accounting\system\CodeIgniter.php(404): CodeIgniter\CodeIgniter->runController(Object(App\Controllers\Purchase))
#4 C:\trupti\new_klamp_accounting\system\CodeIgniter.php(312): CodeIgniter\CodeIgniter->handleRequest(NULL, Object(Config\Cache), false)
#5 C:\trupti\new_klamp_accounting\public\index.php(45): CodeIgniter\CodeIgniter->run()
#6 C:\trupti\new_klamp_accounting\system\Commands\Server\rewrite.php(34): require_once('C:\\trupti\\new_k...')
#7 {main}
CRITICAL - 2022-09-03 22:39:38 --> Undefined index: code
#0 C:\trupti\new_klamp_accounting\app\Views\purchase\create_purchaseinvoice.php(429): CodeIgniter\Debug\Exceptions->errorHandler(8, 'Undefined index...', 'C:\\trupti\\new_k...', 429, Array)
#1 C:\trupti\new_klamp_accounting\system\View\View.php(246): include('C:\\trupti\\new_k...')
#2 C:\trupti\new_klamp_accounting\app\Common.php(48): CodeIgniter\View\View->render('purchase/create...', Array, true)
#3 C:\trupti\new_klamp_accounting\app\Controllers\Purchase.php(181): view('purchase/create...', Array)
#4 C:\trupti\new_klamp_accounting\system\CodeIgniter.php(918): App\Controllers\Purchase->add_purchaseinvoice('1')
#5 C:\trupti\new_klamp_accounting\system\CodeIgniter.php(404): CodeIgniter\CodeIgniter->runController(Object(App\Controllers\Purchase))
#6 C:\trupti\new_klamp_accounting\system\CodeIgniter.php(312): CodeIgniter\CodeIgniter->handleRequest(NULL, Object(Config\Cache), false)
#7 C:\trupti\new_klamp_accounting\public\index.php(45): CodeIgniter\CodeIgniter->run()
#8 C:\trupti\new_klamp_accounting\system\Commands\Server\rewrite.php(34): require_once('C:\\trupti\\new_k...')
#9 {main}
CRITICAL - 2022-09-03 22:42:18 --> Undefined index: item_brokrage
#0 C:\trupti\new_klamp_accounting\app\Models\PurchaseModel.php(1432): CodeIgniter\Debug\Exceptions->errorHandler(8, 'Undefined index...', 'C:\\trupti\\new_k...', 1432, Array)
#1 C:\trupti\new_klamp_accounting\app\Controllers\Purchase.php(164): App\Models\PurchaseModel->insert_edit_purchaseinvoice(Array)
#2 C:\trupti\new_klamp_accounting\system\CodeIgniter.php(918): App\Controllers\Purchase->add_purchaseinvoice()
#3 C:\trupti\new_klamp_accounting\system\CodeIgniter.php(404): CodeIgniter\CodeIgniter->runController(Object(App\Controllers\Purchase))
#4 C:\trupti\new_klamp_accounting\system\CodeIgniter.php(312): CodeIgniter\CodeIgniter->handleRequest(NULL, Object(Config\Cache), false)
#5 C:\trupti\new_klamp_accounting\public\index.php(45): CodeIgniter\CodeIgniter->run()
#6 C:\trupti\new_klamp_accounting\system\Commands\Server\rewrite.php(34): require_once('C:\\trupti\\new_k...')
#7 {main}
CRITICAL - 2022-09-03 22:42:28 --> Undefined index: item_brokrage
#0 C:\trupti\new_klamp_accounting\app\Models\PurchaseModel.php(1432): CodeIgniter\Debug\Exceptions->errorHandler(8, 'Undefined index...', 'C:\\trupti\\new_k...', 1432, Array)
#1 C:\trupti\new_klamp_accounting\app\Controllers\Purchase.php(164): App\Models\PurchaseModel->insert_edit_purchaseinvoice(Array)
#2 C:\trupti\new_klamp_accounting\system\CodeIgniter.php(918): App\Controllers\Purchase->add_purchaseinvoice()
#3 C:\trupti\new_klamp_accounting\system\CodeIgniter.php(404): CodeIgniter\CodeIgniter->runController(Object(App\Controllers\Purchase))
#4 C:\trupti\new_klamp_accounting\system\CodeIgniter.php(312): CodeIgniter\CodeIgniter->handleRequest(NULL, Object(Config\Cache), false)
#5 C:\trupti\new_klamp_accounting\public\index.php(45): CodeIgniter\CodeIgniter->run()
#6 C:\trupti\new_klamp_accounting\system\Commands\Server\rewrite.php(34): require_once('C:\\trupti\\new_k...')
#7 {main}
CRITICAL - 2022-09-03 22:50:29 --> Undefined offset: 3
#0 C:\trupti\new_klamp_accounting\app\Models\PurchaseModel.php(1441): CodeIgniter\Debug\Exceptions->errorHandler(8, 'Undefined offse...', 'C:\\trupti\\new_k...', 1441, Array)
#1 C:\trupti\new_klamp_accounting\app\Controllers\Purchase.php(164): App\Models\PurchaseModel->insert_edit_purchaseinvoice(Array)
#2 C:\trupti\new_klamp_accounting\system\CodeIgniter.php(918): App\Controllers\Purchase->add_purchaseinvoice()
#3 C:\trupti\new_klamp_accounting\system\CodeIgniter.php(404): CodeIgniter\CodeIgniter->runController(Object(App\Controllers\Purchase))
#4 C:\trupti\new_klamp_accounting\system\CodeIgniter.php(312): CodeIgniter\CodeIgniter->handleRequest(NULL, Object(Config\Cache), false)
#5 C:\trupti\new_klamp_accounting\public\index.php(45): CodeIgniter\CodeIgniter->run()
#6 C:\trupti\new_klamp_accounting\system\Commands\Server\rewrite.php(34): require_once('C:\\trupti\\new_k...')
#7 {main}
CRITICAL - 2022-09-03 22:50:40 --> Undefined offset: 3
#0 C:\trupti\new_klamp_accounting\app\Models\PurchaseModel.php(1441): CodeIgniter\Debug\Exceptions->errorHandler(8, 'Undefined offse...', 'C:\\trupti\\new_k...', 1441, Array)
#1 C:\trupti\new_klamp_accounting\app\Controllers\Purchase.php(164): App\Models\PurchaseModel->insert_edit_purchaseinvoice(Array)
#2 C:\trupti\new_klamp_accounting\system\CodeIgniter.php(918): App\Controllers\Purchase->add_purchaseinvoice()
#3 C:\trupti\new_klamp_accounting\system\CodeIgniter.php(404): CodeIgniter\CodeIgniter->runController(Object(App\Controllers\Purchase))
#4 C:\trupti\new_klamp_accounting\system\CodeIgniter.php(312): CodeIgniter\CodeIgniter->handleRequest(NULL, Object(Config\Cache), false)
#5 C:\trupti\new_klamp_accounting\public\index.php(45): CodeIgniter\CodeIgniter->run()
#6 C:\trupti\new_klamp_accounting\system\Commands\Server\rewrite.php(34): require_once('C:\\trupti\\new_k...')
#7 {main}
CRITICAL - 2022-09-03 22:58:51 --> A non-numeric value encountered
#0 C:\trupti\new_klamp_accounting\app\Models\PurchaseModel.php(1691): CodeIgniter\Debug\Exceptions->errorHandler(2, 'A non-numeric v...', 'C:\\trupti\\new_k...', 1691, Array)
#1 C:\trupti\new_klamp_accounting\app\Controllers\Purchase.php(164): App\Models\PurchaseModel->insert_edit_purchaseinvoice(Array)
#2 C:\trupti\new_klamp_accounting\system\CodeIgniter.php(918): App\Controllers\Purchase->add_purchaseinvoice()
#3 C:\trupti\new_klamp_accounting\system\CodeIgniter.php(404): CodeIgniter\CodeIgniter->runController(Object(App\Controllers\Purchase))
#4 C:\trupti\new_klamp_accounting\system\CodeIgniter.php(312): CodeIgniter\CodeIgniter->handleRequest(NULL, Object(Config\Cache), false)
#5 C:\trupti\new_klamp_accounting\public\index.php(45): CodeIgniter\CodeIgniter->run()
#6 C:\trupti\new_klamp_accounting\system\Commands\Server\rewrite.php(34): require_once('C:\\trupti\\new_k...')
#7 {main}
CRITICAL - 2022-09-03 23:00:41 --> A non-numeric value encountered
#0 C:\trupti\new_klamp_accounting\app\Models\PurchaseModel.php(1691): CodeIgniter\Debug\Exceptions->errorHandler(2, 'A non-numeric v...', 'C:\\trupti\\new_k...', 1691, Array)
#1 C:\trupti\new_klamp_accounting\app\Controllers\Purchase.php(164): App\Models\PurchaseModel->insert_edit_purchaseinvoice(Array)
#2 C:\trupti\new_klamp_accounting\system\CodeIgniter.php(918): App\Controllers\Purchase->add_purchaseinvoice()
#3 C:\trupti\new_klamp_accounting\system\CodeIgniter.php(404): CodeIgniter\CodeIgniter->runController(Object(App\Controllers\Purchase))
#4 C:\trupti\new_klamp_accounting\system\CodeIgniter.php(312): CodeIgniter\CodeIgniter->handleRequest(NULL, Object(Config\Cache), false)
#5 C:\trupti\new_klamp_accounting\public\index.php(45): CodeIgniter\CodeIgniter->run()
#6 C:\trupti\new_klamp_accounting\system\Commands\Server\rewrite.php(34): require_once('C:\\trupti\\new_k...')
#7 {main}
