CRITICAL - 2022-11-15 11:22:10 --> Unable to connect to the database.
#0 D:\backup_trupti\new_klamp_accounting\new_klamp_accounting\system\Database\BaseConnection.php(646): CodeIgniter\Database\BaseConnection->initialize()
#1 D:\backup_trupti\new_klamp_accounting\new_klamp_accounting\system\Database\BaseBuilder.php(1860): CodeIgniter\Database\BaseConnection->query('SELECT *\nFROM `...', Array, false)
#2 D:\backup_trupti\new_klamp_accounting\new_klamp_accounting\app\Models\AuthModel.php(37): CodeIgniter\Database\BaseBuilder->get()
#3 D:\backup_trupti\new_klamp_accounting\new_klamp_accounting\app\Controllers\Auth.php(19): App\Models\AuthModel->login(Array)
#4 D:\backup_trupti\new_klamp_accounting\new_klamp_accounting\system\CodeIgniter.php(918): App\Controllers\Auth->index()
#5 D:\backup_trupti\new_klamp_accounting\new_klamp_accounting\system\CodeIgniter.php(404): CodeIgniter\CodeIgniter->runController(Object(App\Controllers\Auth))
#6 D:\backup_trupti\new_klamp_accounting\new_klamp_accounting\system\CodeIgniter.php(312): CodeIgniter\CodeIgniter->handleRequest(NULL, Object(Config\Cache), false)
#7 D:\backup_trupti\new_klamp_accounting\new_klamp_accounting\public\index.php(45): CodeIgniter\CodeIgniter->run()
#8 D:\backup_trupti\new_klamp_accounting\new_klamp_accounting\system\Commands\Server\rewrite.php(34): require_once('D:\\backup_trupt...')
#9 {main}
CRITICAL - 2022-11-15 11:44:18 --> syntax error, unexpected '<'
#0 D:\backup_trupti\new_klamp_accounting\new_klamp_accounting\app\Common.php(48): CodeIgniter\View\View->render('Sales/challan', Array, true)
#1 D:\backup_trupti\new_klamp_accounting\new_klamp_accounting\app\Controllers\Sales.php(53): view('Sales/challan', Array)
#2 D:\backup_trupti\new_klamp_accounting\new_klamp_accounting\system\CodeIgniter.php(918): App\Controllers\Sales->add_challan()
#3 D:\backup_trupti\new_klamp_accounting\new_klamp_accounting\system\CodeIgniter.php(404): CodeIgniter\CodeIgniter->runController(Object(App\Controllers\Sales))
#4 D:\backup_trupti\new_klamp_accounting\new_klamp_accounting\system\CodeIgniter.php(312): CodeIgniter\CodeIgniter->handleRequest(NULL, Object(Config\Cache), false)
#5 D:\backup_trupti\new_klamp_accounting\new_klamp_accounting\public\index.php(45): CodeIgniter\CodeIgniter->run()
#6 D:\backup_trupti\new_klamp_accounting\new_klamp_accounting\system\Commands\Server\rewrite.php(34): require_once('D:\\backup_trupt...')
#7 {main}
CRITICAL - 2022-11-15 11:57:06 --> syntax error, unexpected '<'
#0 D:\backup_trupti\new_klamp_accounting\new_klamp_accounting\app\Common.php(48): CodeIgniter\View\View->render('Sales/challan', Array, true)
#1 D:\backup_trupti\new_klamp_accounting\new_klamp_accounting\app\Controllers\Sales.php(53): view('Sales/challan', Array)
#2 D:\backup_trupti\new_klamp_accounting\new_klamp_accounting\system\CodeIgniter.php(918): App\Controllers\Sales->add_challan()
#3 D:\backup_trupti\new_klamp_accounting\new_klamp_accounting\system\CodeIgniter.php(404): CodeIgniter\CodeIgniter->runController(Object(App\Controllers\Sales))
#4 D:\backup_trupti\new_klamp_accounting\new_klamp_accounting\system\CodeIgniter.php(312): CodeIgniter\CodeIgniter->handleRequest(NULL, Object(Config\Cache), false)
#5 D:\backup_trupti\new_klamp_accounting\new_klamp_accounting\public\index.php(45): CodeIgniter\CodeIgniter->run()
#6 D:\backup_trupti\new_klamp_accounting\new_klamp_accounting\system\Commands\Server\rewrite.php(34): require_once('D:\\backup_trupt...')
#7 {main}
CRITICAL - 2022-11-15 11:58:48 --> syntax error, unexpected '<'
#0 D:\backup_trupti\new_klamp_accounting\new_klamp_accounting\app\Common.php(48): CodeIgniter\View\View->render('Sales/challan', Array, true)
#1 D:\backup_trupti\new_klamp_accounting\new_klamp_accounting\app\Controllers\Sales.php(53): view('Sales/challan', Array)
#2 D:\backup_trupti\new_klamp_accounting\new_klamp_accounting\system\CodeIgniter.php(918): App\Controllers\Sales->add_challan()
#3 D:\backup_trupti\new_klamp_accounting\new_klamp_accounting\system\CodeIgniter.php(404): CodeIgniter\CodeIgniter->runController(Object(App\Controllers\Sales))
#4 D:\backup_trupti\new_klamp_accounting\new_klamp_accounting\system\CodeIgniter.php(312): CodeIgniter\CodeIgniter->handleRequest(NULL, Object(Config\Cache), false)
#5 D:\backup_trupti\new_klamp_accounting\new_klamp_accounting\public\index.php(45): CodeIgniter\CodeIgniter->run()
#6 D:\backup_trupti\new_klamp_accounting\new_klamp_accounting\system\Commands\Server\rewrite.php(34): require_once('D:\\backup_trupt...')
#7 {main}
CRITICAL - 2022-11-15 11:58:50 --> syntax error, unexpected '<'
#0 D:\backup_trupti\new_klamp_accounting\new_klamp_accounting\app\Common.php(48): CodeIgniter\View\View->render('Sales/challan', Array, true)
#1 D:\backup_trupti\new_klamp_accounting\new_klamp_accounting\app\Controllers\Sales.php(53): view('Sales/challan', Array)
#2 D:\backup_trupti\new_klamp_accounting\new_klamp_accounting\system\CodeIgniter.php(918): App\Controllers\Sales->add_challan()
#3 D:\backup_trupti\new_klamp_accounting\new_klamp_accounting\system\CodeIgniter.php(404): CodeIgniter\CodeIgniter->runController(Object(App\Controllers\Sales))
#4 D:\backup_trupti\new_klamp_accounting\new_klamp_accounting\system\CodeIgniter.php(312): CodeIgniter\CodeIgniter->handleRequest(NULL, Object(Config\Cache), false)
#5 D:\backup_trupti\new_klamp_accounting\new_klamp_accounting\public\index.php(45): CodeIgniter\CodeIgniter->run()
#6 D:\backup_trupti\new_klamp_accounting\new_klamp_accounting\system\Commands\Server\rewrite.php(34): require_once('D:\\backup_trupt...')
#7 {main}
CRITICAL - 2022-11-15 13:08:52 --> Table 'ace20227t93.ssales_return' doesn't exist
#0 D:\backup_trupti\new_klamp_accounting\new_klamp_accounting\system\Database\MySQLi\Connection.php(331): mysqli->query('SELECT *\nFROM `...')
#1 D:\backup_trupti\new_klamp_accounting\new_klamp_accounting\system\Database\BaseConnection.php(741): CodeIgniter\Database\MySQLi\Connection->execute('SELECT *\nFROM `...')
#2 D:\backup_trupti\new_klamp_accounting\new_klamp_accounting\system\Database\BaseConnection.php(669): CodeIgniter\Database\BaseConnection->simpleQuery('SELECT *\nFROM `...')
#3 D:\backup_trupti\new_klamp_accounting\new_klamp_accounting\system\Database\BaseBuilder.php(1860): CodeIgniter\Database\BaseConnection->query('SELECT *\nFROM `...', Array, false)
#4 D:\backup_trupti\new_klamp_accounting\new_klamp_accounting\app\Models\SalesModel.php(2127): CodeIgniter\Database\BaseBuilder->get()
#5 D:\backup_trupti\new_klamp_accounting\new_klamp_accounting\app\Controllers\Sales.php(346): App\Models\SalesModel->insert_edit_salesreturn(Array)
#6 D:\backup_trupti\new_klamp_accounting\new_klamp_accounting\system\CodeIgniter.php(918): App\Controllers\Sales->add_salesreturn()
#7 D:\backup_trupti\new_klamp_accounting\new_klamp_accounting\system\CodeIgniter.php(404): CodeIgniter\CodeIgniter->runController(Object(App\Controllers\Sales))
#8 D:\backup_trupti\new_klamp_accounting\new_klamp_accounting\system\CodeIgniter.php(312): CodeIgniter\CodeIgniter->handleRequest(NULL, Object(Config\Cache), false)
#9 D:\backup_trupti\new_klamp_accounting\new_klamp_accounting\public\index.php(45): CodeIgniter\CodeIgniter->run()
#10 D:\backup_trupti\new_klamp_accounting\new_klamp_accounting\system\Commands\Server\rewrite.php(34): require_once('D:\\backup_trupt...')
#11 {main}
CRITICAL - 2022-11-15 13:09:32 --> Table 'ace20227t93.ssales_return' doesn't exist
#0 D:\backup_trupti\new_klamp_accounting\new_klamp_accounting\system\Database\MySQLi\Connection.php(331): mysqli->query('SELECT *\nFROM `...')
#1 D:\backup_trupti\new_klamp_accounting\new_klamp_accounting\system\Database\BaseConnection.php(741): CodeIgniter\Database\MySQLi\Connection->execute('SELECT *\nFROM `...')
#2 D:\backup_trupti\new_klamp_accounting\new_klamp_accounting\system\Database\BaseConnection.php(669): CodeIgniter\Database\BaseConnection->simpleQuery('SELECT *\nFROM `...')
#3 D:\backup_trupti\new_klamp_accounting\new_klamp_accounting\system\Database\BaseBuilder.php(1860): CodeIgniter\Database\BaseConnection->query('SELECT *\nFROM `...', Array, false)
#4 D:\backup_trupti\new_klamp_accounting\new_klamp_accounting\app\Models\SalesModel.php(2127): CodeIgniter\Database\BaseBuilder->get()
#5 D:\backup_trupti\new_klamp_accounting\new_klamp_accounting\app\Controllers\Sales.php(346): App\Models\SalesModel->insert_edit_salesreturn(Array)
#6 D:\backup_trupti\new_klamp_accounting\new_klamp_accounting\system\CodeIgniter.php(918): App\Controllers\Sales->add_salesreturn()
#7 D:\backup_trupti\new_klamp_accounting\new_klamp_accounting\system\CodeIgniter.php(404): CodeIgniter\CodeIgniter->runController(Object(App\Controllers\Sales))
#8 D:\backup_trupti\new_klamp_accounting\new_klamp_accounting\system\CodeIgniter.php(312): CodeIgniter\CodeIgniter->handleRequest(NULL, Object(Config\Cache), false)
#9 D:\backup_trupti\new_klamp_accounting\new_klamp_accounting\public\index.php(45): CodeIgniter\CodeIgniter->run()
#10 D:\backup_trupti\new_klamp_accounting\new_klamp_accounting\system\Commands\Server\rewrite.php(34): require_once('D:\\backup_trupt...')
#11 {main}
CRITICAL - 2022-11-15 13:09:41 --> Table 'ace20227t93.ssales_return' doesn't exist
#0 D:\backup_trupti\new_klamp_accounting\new_klamp_accounting\system\Database\MySQLi\Connection.php(331): mysqli->query('SELECT *\nFROM `...')
#1 D:\backup_trupti\new_klamp_accounting\new_klamp_accounting\system\Database\BaseConnection.php(741): CodeIgniter\Database\MySQLi\Connection->execute('SELECT *\nFROM `...')
#2 D:\backup_trupti\new_klamp_accounting\new_klamp_accounting\system\Database\BaseConnection.php(669): CodeIgniter\Database\BaseConnection->simpleQuery('SELECT *\nFROM `...')
#3 D:\backup_trupti\new_klamp_accounting\new_klamp_accounting\system\Database\BaseBuilder.php(1860): CodeIgniter\Database\BaseConnection->query('SELECT *\nFROM `...', Array, false)
#4 D:\backup_trupti\new_klamp_accounting\new_klamp_accounting\app\Models\SalesModel.php(2127): CodeIgniter\Database\BaseBuilder->get()
#5 D:\backup_trupti\new_klamp_accounting\new_klamp_accounting\app\Controllers\Sales.php(346): App\Models\SalesModel->insert_edit_salesreturn(Array)
#6 D:\backup_trupti\new_klamp_accounting\new_klamp_accounting\system\CodeIgniter.php(918): App\Controllers\Sales->add_salesreturn()
#7 D:\backup_trupti\new_klamp_accounting\new_klamp_accounting\system\CodeIgniter.php(404): CodeIgniter\CodeIgniter->runController(Object(App\Controllers\Sales))
#8 D:\backup_trupti\new_klamp_accounting\new_klamp_accounting\system\CodeIgniter.php(312): CodeIgniter\CodeIgniter->handleRequest(NULL, Object(Config\Cache), false)
#9 D:\backup_trupti\new_klamp_accounting\new_klamp_accounting\public\index.php(45): CodeIgniter\CodeIgniter->run()
#10 D:\backup_trupti\new_klamp_accounting\new_klamp_accounting\system\Commands\Server\rewrite.php(34): require_once('D:\\backup_trupt...')
#11 {main}
CRITICAL - 2022-11-15 14:07:32 --> Undefined index: taxability
#0 D:\backup_trupti\new_klamp_accounting\new_klamp_accounting\app\Models\PurchaseModel.php(650): CodeIgniter\Debug\Exceptions->errorHandler(8, 'Undefined index...', 'D:\\backup_trupt...', 650, Array)
#1 D:\backup_trupti\new_klamp_accounting\new_klamp_accounting\app\Controllers\Purchase.php(127): App\Models\PurchaseModel->insert_edit_purchasechallan(Array)
#2 D:\backup_trupti\new_klamp_accounting\new_klamp_accounting\system\CodeIgniter.php(918): App\Controllers\Purchase->add_purchasechallan()
#3 D:\backup_trupti\new_klamp_accounting\new_klamp_accounting\system\CodeIgniter.php(404): CodeIgniter\CodeIgniter->runController(Object(App\Controllers\Purchase))
#4 D:\backup_trupti\new_klamp_accounting\new_klamp_accounting\system\CodeIgniter.php(312): CodeIgniter\CodeIgniter->handleRequest(NULL, Object(Config\Cache), false)
#5 D:\backup_trupti\new_klamp_accounting\new_klamp_accounting\public\index.php(45): CodeIgniter\CodeIgniter->run()
#6 D:\backup_trupti\new_klamp_accounting\new_klamp_accounting\system\Commands\Server\rewrite.php(34): require_once('D:\\backup_trupt...')
#7 {main}
CRITICAL - 2022-11-15 14:07:42 --> Undefined index: taxability
#0 D:\backup_trupti\new_klamp_accounting\new_klamp_accounting\app\Models\PurchaseModel.php(650): CodeIgniter\Debug\Exceptions->errorHandler(8, 'Undefined index...', 'D:\\backup_trupt...', 650, Array)
#1 D:\backup_trupti\new_klamp_accounting\new_klamp_accounting\app\Controllers\Purchase.php(127): App\Models\PurchaseModel->insert_edit_purchasechallan(Array)
#2 D:\backup_trupti\new_klamp_accounting\new_klamp_accounting\system\CodeIgniter.php(918): App\Controllers\Purchase->add_purchasechallan()
#3 D:\backup_trupti\new_klamp_accounting\new_klamp_accounting\system\CodeIgniter.php(404): CodeIgniter\CodeIgniter->runController(Object(App\Controllers\Purchase))
#4 D:\backup_trupti\new_klamp_accounting\new_klamp_accounting\system\CodeIgniter.php(312): CodeIgniter\CodeIgniter->handleRequest(NULL, Object(Config\Cache), false)
#5 D:\backup_trupti\new_klamp_accounting\new_klamp_accounting\public\index.php(45): CodeIgniter\CodeIgniter->run()
#6 D:\backup_trupti\new_klamp_accounting\new_klamp_accounting\system\Commands\Server\rewrite.php(34): require_once('D:\\backup_trupt...')
#7 {main}
CRITICAL - 2022-11-15 14:08:26 --> Undefined index: taxability
#0 D:\backup_trupti\new_klamp_accounting\new_klamp_accounting\app\Models\PurchaseModel.php(650): CodeIgniter\Debug\Exceptions->errorHandler(8, 'Undefined index...', 'D:\\backup_trupt...', 650, Array)
#1 D:\backup_trupti\new_klamp_accounting\new_klamp_accounting\app\Controllers\Purchase.php(127): App\Models\PurchaseModel->insert_edit_purchasechallan(Array)
#2 D:\backup_trupti\new_klamp_accounting\new_klamp_accounting\system\CodeIgniter.php(918): App\Controllers\Purchase->add_purchasechallan()
#3 D:\backup_trupti\new_klamp_accounting\new_klamp_accounting\system\CodeIgniter.php(404): CodeIgniter\CodeIgniter->runController(Object(App\Controllers\Purchase))
#4 D:\backup_trupti\new_klamp_accounting\new_klamp_accounting\system\CodeIgniter.php(312): CodeIgniter\CodeIgniter->handleRequest(NULL, Object(Config\Cache), false)
#5 D:\backup_trupti\new_klamp_accounting\new_klamp_accounting\public\index.php(45): CodeIgniter\CodeIgniter->run()
#6 D:\backup_trupti\new_klamp_accounting\new_klamp_accounting\system\Commands\Server\rewrite.php(34): require_once('D:\\backup_trupt...')
#7 {main}
CRITICAL - 2022-11-15 14:53:08 --> Undefined index: item_uom
#0 D:\backup_trupti\new_klamp_accounting\new_klamp_accounting\app\Models\PurchaseModel.php(2411): CodeIgniter\Debug\Exceptions->errorHandler(8, 'Undefined index...', 'D:\\backup_trupt...', 2411, Array)
#1 D:\backup_trupti\new_klamp_accounting\new_klamp_accounting\app\Controllers\Purchase.php(92): App\Models\PurchaseModel->search_purchase_challan_data(Array)
#2 D:\backup_trupti\new_klamp_accounting\new_klamp_accounting\system\CodeIgniter.php(918): App\Controllers\Purchase->Getdata('get_purchase_ch...')
#3 D:\backup_trupti\new_klamp_accounting\new_klamp_accounting\system\CodeIgniter.php(404): CodeIgniter\CodeIgniter->runController(Object(App\Controllers\Purchase))
#4 D:\backup_trupti\new_klamp_accounting\new_klamp_accounting\system\CodeIgniter.php(312): CodeIgniter\CodeIgniter->handleRequest(NULL, Object(Config\Cache), false)
#5 D:\backup_trupti\new_klamp_accounting\new_klamp_accounting\public\index.php(45): CodeIgniter\CodeIgniter->run()
#6 D:\backup_trupti\new_klamp_accounting\new_klamp_accounting\system\Commands\Server\rewrite.php(34): require_once('D:\\backup_trupt...')
#7 {main}
CRITICAL - 2022-11-15 14:53:17 --> Undefined index: item_uom
#0 D:\backup_trupti\new_klamp_accounting\new_klamp_accounting\app\Models\PurchaseModel.php(2411): CodeIgniter\Debug\Exceptions->errorHandler(8, 'Undefined index...', 'D:\\backup_trupt...', 2411, Array)
#1 D:\backup_trupti\new_klamp_accounting\new_klamp_accounting\app\Controllers\Purchase.php(92): App\Models\PurchaseModel->search_purchase_challan_data(Array)
#2 D:\backup_trupti\new_klamp_accounting\new_klamp_accounting\system\CodeIgniter.php(918): App\Controllers\Purchase->Getdata('get_purchase_ch...')
#3 D:\backup_trupti\new_klamp_accounting\new_klamp_accounting\system\CodeIgniter.php(404): CodeIgniter\CodeIgniter->runController(Object(App\Controllers\Purchase))
#4 D:\backup_trupti\new_klamp_accounting\new_klamp_accounting\system\CodeIgniter.php(312): CodeIgniter\CodeIgniter->handleRequest(NULL, Object(Config\Cache), false)
#5 D:\backup_trupti\new_klamp_accounting\new_klamp_accounting\public\index.php(45): CodeIgniter\CodeIgniter->run()
#6 D:\backup_trupti\new_klamp_accounting\new_klamp_accounting\system\Commands\Server\rewrite.php(34): require_once('D:\\backup_trupt...')
#7 {main}
CRITICAL - 2022-11-15 14:53:57 --> Column 'created_by' cannot be null
#0 D:\backup_trupti\new_klamp_accounting\new_klamp_accounting\system\Database\MySQLi\Connection.php(331): mysqli->query('INSERT INTO `pu...')
#1 D:\backup_trupti\new_klamp_accounting\new_klamp_accounting\system\Database\BaseConnection.php(741): CodeIgniter\Database\MySQLi\Connection->execute('INSERT INTO `pu...')
#2 D:\backup_trupti\new_klamp_accounting\new_klamp_accounting\system\Database\BaseConnection.php(669): CodeIgniter\Database\BaseConnection->simpleQuery('INSERT INTO `pu...')
#3 D:\backup_trupti\new_klamp_accounting\new_klamp_accounting\system\Database\BaseBuilder.php(2249): CodeIgniter\Database\BaseConnection->query('INSERT INTO `pu...', Array, false)
#4 D:\backup_trupti\new_klamp_accounting\new_klamp_accounting\app\Models\PurchaseModel.php(2105): CodeIgniter\Database\BaseBuilder->insert(Array)
#5 D:\backup_trupti\new_klamp_accounting\new_klamp_accounting\app\Controllers\Purchase.php(164): App\Models\PurchaseModel->insert_edit_purchaseinvoice(Array)
#6 D:\backup_trupti\new_klamp_accounting\new_klamp_accounting\system\CodeIgniter.php(918): App\Controllers\Purchase->add_purchaseinvoice()
#7 D:\backup_trupti\new_klamp_accounting\new_klamp_accounting\system\CodeIgniter.php(404): CodeIgniter\CodeIgniter->runController(Object(App\Controllers\Purchase))
#8 D:\backup_trupti\new_klamp_accounting\new_klamp_accounting\system\CodeIgniter.php(312): CodeIgniter\CodeIgniter->handleRequest(NULL, Object(Config\Cache), false)
#9 D:\backup_trupti\new_klamp_accounting\new_klamp_accounting\public\index.php(45): CodeIgniter\CodeIgniter->run()
#10 D:\backup_trupti\new_klamp_accounting\new_klamp_accounting\system\Commands\Server\rewrite.php(34): require_once('D:\\backup_trupt...')
#11 {main}
CRITICAL - 2022-11-15 14:54:05 --> Column 'created_by' cannot be null
#0 D:\backup_trupti\new_klamp_accounting\new_klamp_accounting\system\Database\MySQLi\Connection.php(331): mysqli->query('INSERT INTO `pu...')
#1 D:\backup_trupti\new_klamp_accounting\new_klamp_accounting\system\Database\BaseConnection.php(741): CodeIgniter\Database\MySQLi\Connection->execute('INSERT INTO `pu...')
#2 D:\backup_trupti\new_klamp_accounting\new_klamp_accounting\system\Database\BaseConnection.php(669): CodeIgniter\Database\BaseConnection->simpleQuery('INSERT INTO `pu...')
#3 D:\backup_trupti\new_klamp_accounting\new_klamp_accounting\system\Database\BaseBuilder.php(2249): CodeIgniter\Database\BaseConnection->query('INSERT INTO `pu...', Array, false)
#4 D:\backup_trupti\new_klamp_accounting\new_klamp_accounting\app\Models\PurchaseModel.php(2105): CodeIgniter\Database\BaseBuilder->insert(Array)
#5 D:\backup_trupti\new_klamp_accounting\new_klamp_accounting\app\Controllers\Purchase.php(164): App\Models\PurchaseModel->insert_edit_purchaseinvoice(Array)
#6 D:\backup_trupti\new_klamp_accounting\new_klamp_accounting\system\CodeIgniter.php(918): App\Controllers\Purchase->add_purchaseinvoice()
#7 D:\backup_trupti\new_klamp_accounting\new_klamp_accounting\system\CodeIgniter.php(404): CodeIgniter\CodeIgniter->runController(Object(App\Controllers\Purchase))
#8 D:\backup_trupti\new_klamp_accounting\new_klamp_accounting\system\CodeIgniter.php(312): CodeIgniter\CodeIgniter->handleRequest(NULL, Object(Config\Cache), false)
#9 D:\backup_trupti\new_klamp_accounting\new_klamp_accounting\public\index.php(45): CodeIgniter\CodeIgniter->run()
#10 D:\backup_trupti\new_klamp_accounting\new_klamp_accounting\system\Commands\Server\rewrite.php(34): require_once('D:\\backup_trupt...')
#11 {main}
CRITICAL - 2022-11-15 15:22:49 --> Column 'created_by' cannot be null
#0 D:\backup_trupti\new_klamp_accounting\new_klamp_accounting\system\Database\MySQLi\Connection.php(331): mysqli->query('INSERT INTO `pu...')
#1 D:\backup_trupti\new_klamp_accounting\new_klamp_accounting\system\Database\BaseConnection.php(741): CodeIgniter\Database\MySQLi\Connection->execute('INSERT INTO `pu...')
#2 D:\backup_trupti\new_klamp_accounting\new_klamp_accounting\system\Database\BaseConnection.php(669): CodeIgniter\Database\BaseConnection->simpleQuery('INSERT INTO `pu...')
#3 D:\backup_trupti\new_klamp_accounting\new_klamp_accounting\system\Database\BaseBuilder.php(2249): CodeIgniter\Database\BaseConnection->query('INSERT INTO `pu...', Array, false)
#4 D:\backup_trupti\new_klamp_accounting\new_klamp_accounting\app\Models\PurchaseModel.php(1667): CodeIgniter\Database\BaseBuilder->insert(Array)
#5 D:\backup_trupti\new_klamp_accounting\new_klamp_accounting\app\Controllers\Purchase.php(242): App\Models\PurchaseModel->insert_edit_general_pur(Array)
#6 D:\backup_trupti\new_klamp_accounting\new_klamp_accounting\system\CodeIgniter.php(918): App\Controllers\Purchase->add_general_pur('general')
#7 D:\backup_trupti\new_klamp_accounting\new_klamp_accounting\system\CodeIgniter.php(404): CodeIgniter\CodeIgniter->runController(Object(App\Controllers\Purchase))
#8 D:\backup_trupti\new_klamp_accounting\new_klamp_accounting\system\CodeIgniter.php(312): CodeIgniter\CodeIgniter->handleRequest(NULL, Object(Config\Cache), false)
#9 D:\backup_trupti\new_klamp_accounting\new_klamp_accounting\public\index.php(45): CodeIgniter\CodeIgniter->run()
#10 D:\backup_trupti\new_klamp_accounting\new_klamp_accounting\system\Commands\Server\rewrite.php(34): require_once('D:\\backup_trupt...')
#11 {main}
CRITICAL - 2022-11-15 15:22:57 --> Column 'created_by' cannot be null
#0 D:\backup_trupti\new_klamp_accounting\new_klamp_accounting\system\Database\MySQLi\Connection.php(331): mysqli->query('INSERT INTO `pu...')
#1 D:\backup_trupti\new_klamp_accounting\new_klamp_accounting\system\Database\BaseConnection.php(741): CodeIgniter\Database\MySQLi\Connection->execute('INSERT INTO `pu...')
#2 D:\backup_trupti\new_klamp_accounting\new_klamp_accounting\system\Database\BaseConnection.php(669): CodeIgniter\Database\BaseConnection->simpleQuery('INSERT INTO `pu...')
#3 D:\backup_trupti\new_klamp_accounting\new_klamp_accounting\system\Database\BaseBuilder.php(2249): CodeIgniter\Database\BaseConnection->query('INSERT INTO `pu...', Array, false)
#4 D:\backup_trupti\new_klamp_accounting\new_klamp_accounting\app\Models\PurchaseModel.php(1667): CodeIgniter\Database\BaseBuilder->insert(Array)
#5 D:\backup_trupti\new_klamp_accounting\new_klamp_accounting\app\Controllers\Purchase.php(242): App\Models\PurchaseModel->insert_edit_general_pur(Array)
#6 D:\backup_trupti\new_klamp_accounting\new_klamp_accounting\system\CodeIgniter.php(918): App\Controllers\Purchase->add_general_pur('general')
#7 D:\backup_trupti\new_klamp_accounting\new_klamp_accounting\system\CodeIgniter.php(404): CodeIgniter\CodeIgniter->runController(Object(App\Controllers\Purchase))
#8 D:\backup_trupti\new_klamp_accounting\new_klamp_accounting\system\CodeIgniter.php(312): CodeIgniter\CodeIgniter->handleRequest(NULL, Object(Config\Cache), false)
#9 D:\backup_trupti\new_klamp_accounting\new_klamp_accounting\public\index.php(45): CodeIgniter\CodeIgniter->run()
#10 D:\backup_trupti\new_klamp_accounting\new_klamp_accounting\system\Commands\Server\rewrite.php(34): require_once('D:\\backup_trupt...')
#11 {main}
CRITICAL - 2022-11-15 15:23:15 --> Undefined index: igst_amt
#0 D:\backup_trupti\new_klamp_accounting\new_klamp_accounting\app\Models\PurchaseModel.php(1691): CodeIgniter\Debug\Exceptions->errorHandler(8, 'Undefined index...', 'D:\\backup_trupt...', 1691, Array)
#1 D:\backup_trupti\new_klamp_accounting\new_klamp_accounting\app\Controllers\Purchase.php(242): App\Models\PurchaseModel->insert_edit_general_pur(Array)
#2 D:\backup_trupti\new_klamp_accounting\new_klamp_accounting\system\CodeIgniter.php(918): App\Controllers\Purchase->add_general_pur('general')
#3 D:\backup_trupti\new_klamp_accounting\new_klamp_accounting\system\CodeIgniter.php(404): CodeIgniter\CodeIgniter->runController(Object(App\Controllers\Purchase))
#4 D:\backup_trupti\new_klamp_accounting\new_klamp_accounting\system\CodeIgniter.php(312): CodeIgniter\CodeIgniter->handleRequest(NULL, Object(Config\Cache), false)
#5 D:\backup_trupti\new_klamp_accounting\new_klamp_accounting\public\index.php(45): CodeIgniter\CodeIgniter->run()
#6 D:\backup_trupti\new_klamp_accounting\new_klamp_accounting\system\Commands\Server\rewrite.php(34): require_once('D:\\backup_trupt...')
#7 {main}
