CRITICAL - 2022-07-14 09:59:46 --> Unknown column 'amount' in 'field list'
#0 D:\trupti\new_klamp_accounting\system\Database\MySQLi\Connection.php(331): mysqli->query('SELECT SUM(amou...')
#1 D:\trupti\new_klamp_accounting\system\Database\BaseConnection.php(741): CodeIgniter\Database\MySQLi\Connection->execute('SELECT SUM(amou...')
#2 D:\trupti\new_klamp_accounting\system\Database\BaseConnection.php(669): CodeIgniter\Database\BaseConnection->simpleQuery('SELECT SUM(amou...')
#3 D:\trupti\new_klamp_accounting\system\Database\BaseBuilder.php(1860): CodeIgniter\Database\BaseConnection->query('SELECT SUM(amou...', Array, false)
#4 D:\trupti\new_klamp_accounting\app\Models\GeneralModel.php(17): CodeIgniter\Database\BaseBuilder->get()
#5 D:\trupti\new_klamp_accounting\app\Models\BankModel.php(1511): App\Models\GeneralModel->get_data_table('bank_cash_again...', Array, 'SUM(amount) as ...')
#6 D:\trupti\new_klamp_accounting\app\Controllers\Bank.php(444): App\Models\BankModel->get_invoice_databyid(Array)
#7 D:\trupti\new_klamp_accounting\system\CodeIgniter.php(918): App\Controllers\Bank->Getdata('search_invoice')
#8 D:\trupti\new_klamp_accounting\system\CodeIgniter.php(404): CodeIgniter\CodeIgniter->runController(Object(App\Controllers\Bank))
#9 D:\trupti\new_klamp_accounting\system\CodeIgniter.php(312): CodeIgniter\CodeIgniter->handleRequest(NULL, Object(Config\Cache), false)
#10 D:\trupti\new_klamp_accounting\public\index.php(45): CodeIgniter\CodeIgniter->run()
#11 D:\trupti\new_klamp_accounting\system\Commands\Server\rewrite.php(34): require_once('D:\\trupti\\new_k...')
#12 {main}
CRITICAL - 2022-07-14 09:59:53 --> Unknown column 'amount' in 'field list'
#0 D:\trupti\new_klamp_accounting\system\Database\MySQLi\Connection.php(331): mysqli->query('SELECT SUM(amou...')
#1 D:\trupti\new_klamp_accounting\system\Database\BaseConnection.php(741): CodeIgniter\Database\MySQLi\Connection->execute('SELECT SUM(amou...')
#2 D:\trupti\new_klamp_accounting\system\Database\BaseConnection.php(669): CodeIgniter\Database\BaseConnection->simpleQuery('SELECT SUM(amou...')
#3 D:\trupti\new_klamp_accounting\system\Database\BaseBuilder.php(1860): CodeIgniter\Database\BaseConnection->query('SELECT SUM(amou...', Array, false)
#4 D:\trupti\new_klamp_accounting\app\Models\GeneralModel.php(17): CodeIgniter\Database\BaseBuilder->get()
#5 D:\trupti\new_klamp_accounting\app\Models\BankModel.php(1511): App\Models\GeneralModel->get_data_table('bank_cash_again...', Array, 'SUM(amount) as ...')
#6 D:\trupti\new_klamp_accounting\app\Controllers\Bank.php(444): App\Models\BankModel->get_invoice_databyid(Array)
#7 D:\trupti\new_klamp_accounting\system\CodeIgniter.php(918): App\Controllers\Bank->Getdata('search_invoice')
#8 D:\trupti\new_klamp_accounting\system\CodeIgniter.php(404): CodeIgniter\CodeIgniter->runController(Object(App\Controllers\Bank))
#9 D:\trupti\new_klamp_accounting\system\CodeIgniter.php(312): CodeIgniter\CodeIgniter->handleRequest(NULL, Object(Config\Cache), false)
#10 D:\trupti\new_klamp_accounting\public\index.php(45): CodeIgniter\CodeIgniter->run()
#11 D:\trupti\new_klamp_accounting\system\Commands\Server\rewrite.php(34): require_once('D:\\trupti\\new_k...')
#12 {main}
CRITICAL - 2022-07-14 10:00:04 --> Unknown column 'amount' in 'field list'
#0 D:\trupti\new_klamp_accounting\system\Database\MySQLi\Connection.php(331): mysqli->query('SELECT SUM(amou...')
#1 D:\trupti\new_klamp_accounting\system\Database\BaseConnection.php(741): CodeIgniter\Database\MySQLi\Connection->execute('SELECT SUM(amou...')
#2 D:\trupti\new_klamp_accounting\system\Database\BaseConnection.php(669): CodeIgniter\Database\BaseConnection->simpleQuery('SELECT SUM(amou...')
#3 D:\trupti\new_klamp_accounting\system\Database\BaseBuilder.php(1860): CodeIgniter\Database\BaseConnection->query('SELECT SUM(amou...', Array, false)
#4 D:\trupti\new_klamp_accounting\app\Models\GeneralModel.php(17): CodeIgniter\Database\BaseBuilder->get()
#5 D:\trupti\new_klamp_accounting\app\Models\BankModel.php(1511): App\Models\GeneralModel->get_data_table('bank_cash_again...', Array, 'SUM(amount) as ...')
#6 D:\trupti\new_klamp_accounting\app\Controllers\Bank.php(444): App\Models\BankModel->get_invoice_databyid(Array)
#7 D:\trupti\new_klamp_accounting\system\CodeIgniter.php(918): App\Controllers\Bank->Getdata('search_invoice')
#8 D:\trupti\new_klamp_accounting\system\CodeIgniter.php(404): CodeIgniter\CodeIgniter->runController(Object(App\Controllers\Bank))
#9 D:\trupti\new_klamp_accounting\system\CodeIgniter.php(312): CodeIgniter\CodeIgniter->handleRequest(NULL, Object(Config\Cache), false)
#10 D:\trupti\new_klamp_accounting\public\index.php(45): CodeIgniter\CodeIgniter->run()
#11 D:\trupti\new_klamp_accounting\system\Commands\Server\rewrite.php(34): require_once('D:\\trupti\\new_k...')
#12 {main}
CRITICAL - 2022-07-14 10:22:01 --> Unknown column 'amount' in 'field list'
#0 D:\trupti\new_klamp_accounting\system\Database\MySQLi\Connection.php(331): mysqli->query('SELECT SUM(amou...')
#1 D:\trupti\new_klamp_accounting\system\Database\BaseConnection.php(741): CodeIgniter\Database\MySQLi\Connection->execute('SELECT SUM(amou...')
#2 D:\trupti\new_klamp_accounting\system\Database\BaseConnection.php(669): CodeIgniter\Database\BaseConnection->simpleQuery('SELECT SUM(amou...')
#3 D:\trupti\new_klamp_accounting\system\Database\BaseBuilder.php(1860): CodeIgniter\Database\BaseConnection->query('SELECT SUM(amou...', Array, false)
#4 D:\trupti\new_klamp_accounting\app\Models\GeneralModel.php(17): CodeIgniter\Database\BaseBuilder->get()
#5 D:\trupti\new_klamp_accounting\app\Models\BankModel.php(1511): App\Models\GeneralModel->get_data_table('bank_cash_again...', Array, 'SUM(amount) as ...')
#6 D:\trupti\new_klamp_accounting\app\Controllers\Bank.php(444): App\Models\BankModel->get_invoice_databyid(Array)
#7 D:\trupti\new_klamp_accounting\system\CodeIgniter.php(918): App\Controllers\Bank->Getdata('search_invoice')
#8 D:\trupti\new_klamp_accounting\system\CodeIgniter.php(404): CodeIgniter\CodeIgniter->runController(Object(App\Controllers\Bank))
#9 D:\trupti\new_klamp_accounting\system\CodeIgniter.php(312): CodeIgniter\CodeIgniter->handleRequest(NULL, Object(Config\Cache), false)
#10 D:\trupti\new_klamp_accounting\public\index.php(45): CodeIgniter\CodeIgniter->run()
#11 D:\trupti\new_klamp_accounting\system\Commands\Server\rewrite.php(34): require_once('D:\\trupti\\new_k...')
#12 {main}
CRITICAL - 2022-07-14 10:22:10 --> Unknown column 'amount' in 'field list'
#0 D:\trupti\new_klamp_accounting\system\Database\MySQLi\Connection.php(331): mysqli->query('SELECT SUM(amou...')
#1 D:\trupti\new_klamp_accounting\system\Database\BaseConnection.php(741): CodeIgniter\Database\MySQLi\Connection->execute('SELECT SUM(amou...')
#2 D:\trupti\new_klamp_accounting\system\Database\BaseConnection.php(669): CodeIgniter\Database\BaseConnection->simpleQuery('SELECT SUM(amou...')
#3 D:\trupti\new_klamp_accounting\system\Database\BaseBuilder.php(1860): CodeIgniter\Database\BaseConnection->query('SELECT SUM(amou...', Array, false)
#4 D:\trupti\new_klamp_accounting\app\Models\GeneralModel.php(17): CodeIgniter\Database\BaseBuilder->get()
#5 D:\trupti\new_klamp_accounting\app\Models\BankModel.php(1511): App\Models\GeneralModel->get_data_table('bank_cash_again...', Array, 'SUM(amount) as ...')
#6 D:\trupti\new_klamp_accounting\app\Controllers\Bank.php(444): App\Models\BankModel->get_invoice_databyid(Array)
#7 D:\trupti\new_klamp_accounting\system\CodeIgniter.php(918): App\Controllers\Bank->Getdata('search_invoice')
#8 D:\trupti\new_klamp_accounting\system\CodeIgniter.php(404): CodeIgniter\CodeIgniter->runController(Object(App\Controllers\Bank))
#9 D:\trupti\new_klamp_accounting\system\CodeIgniter.php(312): CodeIgniter\CodeIgniter->handleRequest(NULL, Object(Config\Cache), false)
#10 D:\trupti\new_klamp_accounting\public\index.php(45): CodeIgniter\CodeIgniter->run()
#11 D:\trupti\new_klamp_accounting\system\Commands\Server\rewrite.php(34): require_once('D:\\trupti\\new_k...')
#12 {main}
CRITICAL - 2022-07-14 10:22:17 --> Unknown column 'amount' in 'field list'
#0 D:\trupti\new_klamp_accounting\system\Database\MySQLi\Connection.php(331): mysqli->query('SELECT SUM(amou...')
#1 D:\trupti\new_klamp_accounting\system\Database\BaseConnection.php(741): CodeIgniter\Database\MySQLi\Connection->execute('SELECT SUM(amou...')
#2 D:\trupti\new_klamp_accounting\system\Database\BaseConnection.php(669): CodeIgniter\Database\BaseConnection->simpleQuery('SELECT SUM(amou...')
#3 D:\trupti\new_klamp_accounting\system\Database\BaseBuilder.php(1860): CodeIgniter\Database\BaseConnection->query('SELECT SUM(amou...', Array, false)
#4 D:\trupti\new_klamp_accounting\app\Models\GeneralModel.php(17): CodeIgniter\Database\BaseBuilder->get()
#5 D:\trupti\new_klamp_accounting\app\Models\BankModel.php(1511): App\Models\GeneralModel->get_data_table('bank_cash_again...', Array, 'SUM(amount) as ...')
#6 D:\trupti\new_klamp_accounting\app\Controllers\Bank.php(444): App\Models\BankModel->get_invoice_databyid(Array)
#7 D:\trupti\new_klamp_accounting\system\CodeIgniter.php(918): App\Controllers\Bank->Getdata('search_invoice')
#8 D:\trupti\new_klamp_accounting\system\CodeIgniter.php(404): CodeIgniter\CodeIgniter->runController(Object(App\Controllers\Bank))
#9 D:\trupti\new_klamp_accounting\system\CodeIgniter.php(312): CodeIgniter\CodeIgniter->handleRequest(NULL, Object(Config\Cache), false)
#10 D:\trupti\new_klamp_accounting\public\index.php(45): CodeIgniter\CodeIgniter->run()
#11 D:\trupti\new_klamp_accounting\system\Commands\Server\rewrite.php(34): require_once('D:\\trupti\\new_k...')
#12 {main}
CRITICAL - 2022-07-14 10:22:53 --> Unknown column 'amount' in 'field list'
#0 D:\trupti\new_klamp_accounting\system\Database\MySQLi\Connection.php(331): mysqli->query('SELECT SUM(amou...')
#1 D:\trupti\new_klamp_accounting\system\Database\BaseConnection.php(741): CodeIgniter\Database\MySQLi\Connection->execute('SELECT SUM(amou...')
#2 D:\trupti\new_klamp_accounting\system\Database\BaseConnection.php(669): CodeIgniter\Database\BaseConnection->simpleQuery('SELECT SUM(amou...')
#3 D:\trupti\new_klamp_accounting\system\Database\BaseBuilder.php(1860): CodeIgniter\Database\BaseConnection->query('SELECT SUM(amou...', Array, false)
#4 D:\trupti\new_klamp_accounting\app\Models\GeneralModel.php(17): CodeIgniter\Database\BaseBuilder->get()
#5 D:\trupti\new_klamp_accounting\app\Models\BankModel.php(1511): App\Models\GeneralModel->get_data_table('bank_cash_again...', Array, 'SUM(amount) as ...')
#6 D:\trupti\new_klamp_accounting\app\Controllers\Bank.php(444): App\Models\BankModel->get_invoice_databyid(Array)
#7 D:\trupti\new_klamp_accounting\system\CodeIgniter.php(918): App\Controllers\Bank->Getdata('search_invoice')
#8 D:\trupti\new_klamp_accounting\system\CodeIgniter.php(404): CodeIgniter\CodeIgniter->runController(Object(App\Controllers\Bank))
#9 D:\trupti\new_klamp_accounting\system\CodeIgniter.php(312): CodeIgniter\CodeIgniter->handleRequest(NULL, Object(Config\Cache), false)
#10 D:\trupti\new_klamp_accounting\public\index.php(45): CodeIgniter\CodeIgniter->run()
#11 D:\trupti\new_klamp_accounting\system\Commands\Server\rewrite.php(34): require_once('D:\\trupti\\new_k...')
#12 {main}
CRITICAL - 2022-07-14 10:24:33 --> Unknown column 'invoice_tb' in 'where clause'
#0 D:\trupti\new_klamp_accounting\system\Database\MySQLi\Connection.php(331): mysqli->query('SELECT SUM(vch_...')
#1 D:\trupti\new_klamp_accounting\system\Database\BaseConnection.php(741): CodeIgniter\Database\MySQLi\Connection->execute('SELECT SUM(vch_...')
#2 D:\trupti\new_klamp_accounting\system\Database\BaseConnection.php(669): CodeIgniter\Database\BaseConnection->simpleQuery('SELECT SUM(vch_...')
#3 D:\trupti\new_klamp_accounting\system\Database\BaseBuilder.php(1860): CodeIgniter\Database\BaseConnection->query('SELECT SUM(vch_...', Array, false)
#4 D:\trupti\new_klamp_accounting\app\Models\GeneralModel.php(17): CodeIgniter\Database\BaseBuilder->get()
#5 D:\trupti\new_klamp_accounting\app\Models\BankModel.php(1511): App\Models\GeneralModel->get_data_table('bank_cash_again...', Array, 'SUM(vch_amt) as...')
#6 D:\trupti\new_klamp_accounting\app\Controllers\Bank.php(444): App\Models\BankModel->get_invoice_databyid(Array)
#7 D:\trupti\new_klamp_accounting\system\CodeIgniter.php(918): App\Controllers\Bank->Getdata('search_invoice')
#8 D:\trupti\new_klamp_accounting\system\CodeIgniter.php(404): CodeIgniter\CodeIgniter->runController(Object(App\Controllers\Bank))
#9 D:\trupti\new_klamp_accounting\system\CodeIgniter.php(312): CodeIgniter\CodeIgniter->handleRequest(NULL, Object(Config\Cache), false)
#10 D:\trupti\new_klamp_accounting\public\index.php(45): CodeIgniter\CodeIgniter->run()
#11 D:\trupti\new_klamp_accounting\system\Commands\Server\rewrite.php(34): require_once('D:\\trupti\\new_k...')
#12 {main}
CRITICAL - 2022-07-14 11:09:28 --> Unknown column 'bt.account' in 'on clause'
#0 D:\trupti\new_klamp_accounting\system\Database\MySQLi\Connection.php(331): mysqli->query('SELECT `bt`.`id...')
#1 D:\trupti\new_klamp_accounting\system\Database\BaseConnection.php(741): CodeIgniter\Database\MySQLi\Connection->execute('SELECT `bt`.`id...')
#2 D:\trupti\new_klamp_accounting\system\Database\BaseConnection.php(669): CodeIgniter\Database\BaseConnection->simpleQuery('SELECT `bt`.`id...')
#3 D:\trupti\new_klamp_accounting\system\Database\BaseBuilder.php(1860): CodeIgniter\Database\BaseConnection->query('SELECT `bt`.`id...', Array, false)
#4 D:\trupti\new_klamp_accounting\app\Helpers\report_helper.php(5022): CodeIgniter\Database\BaseBuilder->get()
#5 D:\trupti\new_klamp_accounting\app\Controllers\Addbook.php(211): Outstanding('receivable', '2022-06-16', '2023-04-06')
#6 D:\trupti\new_klamp_accounting\system\CodeIgniter.php(918): App\Controllers\Addbook->Outstanding('receivable')
#7 D:\trupti\new_klamp_accounting\system\CodeIgniter.php(404): CodeIgniter\CodeIgniter->runController(Object(App\Controllers\Addbook))
#8 D:\trupti\new_klamp_accounting\system\CodeIgniter.php(312): CodeIgniter\CodeIgniter->handleRequest(NULL, Object(Config\Cache), false)
#9 D:\trupti\new_klamp_accounting\public\index.php(45): CodeIgniter\CodeIgniter->run()
#10 D:\trupti\new_klamp_accounting\system\Commands\Server\rewrite.php(34): require_once('D:\\trupti\\new_k...')
#11 {main}
CRITICAL - 2022-07-14 11:40:41 --> Undefined variable: result1
#0 D:\trupti\new_klamp_accounting\app\Helpers\report_helper.php(5141): CodeIgniter\Debug\Exceptions->errorHandler(8, 'Undefined varia...', 'D:\\trupti\\new_k...', 5141, Array)
#1 D:\trupti\new_klamp_accounting\app\Controllers\Addbook.php(211): Outstanding('payable', '2022-06-16', '2023-04-06')
#2 D:\trupti\new_klamp_accounting\system\CodeIgniter.php(918): App\Controllers\Addbook->Outstanding('payable')
#3 D:\trupti\new_klamp_accounting\system\CodeIgniter.php(404): CodeIgniter\CodeIgniter->runController(Object(App\Controllers\Addbook))
#4 D:\trupti\new_klamp_accounting\system\CodeIgniter.php(312): CodeIgniter\CodeIgniter->handleRequest(NULL, Object(Config\Cache), false)
#5 D:\trupti\new_klamp_accounting\public\index.php(45): CodeIgniter\CodeIgniter->run()
#6 D:\trupti\new_klamp_accounting\system\Commands\Server\rewrite.php(34): require_once('D:\\trupti\\new_k...')
#7 {main}
CRITICAL - 2022-07-14 11:43:23 --> Undefined variable: result1
#0 D:\trupti\new_klamp_accounting\app\Helpers\report_helper.php(5141): CodeIgniter\Debug\Exceptions->errorHandler(8, 'Undefined varia...', 'D:\\trupti\\new_k...', 5141, Array)
#1 D:\trupti\new_klamp_accounting\app\Controllers\Addbook.php(211): Outstanding('payable', '2022-06-16', '2023-04-06')
#2 D:\trupti\new_klamp_accounting\system\CodeIgniter.php(918): App\Controllers\Addbook->Outstanding('payable')
#3 D:\trupti\new_klamp_accounting\system\CodeIgniter.php(404): CodeIgniter\CodeIgniter->runController(Object(App\Controllers\Addbook))
#4 D:\trupti\new_klamp_accounting\system\CodeIgniter.php(312): CodeIgniter\CodeIgniter->handleRequest(NULL, Object(Config\Cache), false)
#5 D:\trupti\new_klamp_accounting\public\index.php(45): CodeIgniter\CodeIgniter->run()
#6 D:\trupti\new_klamp_accounting\system\Commands\Server\rewrite.php(34): require_once('D:\\trupti\\new_k...')
#7 {main}
CRITICAL - 2022-07-14 12:02:40 --> Unknown column 'b.mode' in 'field list'
#0 D:\trupti\new_klamp_accounting\system\Database\MySQLi\Connection.php(331): mysqli->query('SELECT `bt`.`id...')
#1 D:\trupti\new_klamp_accounting\system\Database\BaseConnection.php(741): CodeIgniter\Database\MySQLi\Connection->execute('SELECT `bt`.`id...')
#2 D:\trupti\new_klamp_accounting\system\Database\BaseConnection.php(669): CodeIgniter\Database\BaseConnection->simpleQuery('SELECT `bt`.`id...')
#3 D:\trupti\new_klamp_accounting\system\Database\BaseBuilder.php(1860): CodeIgniter\Database\BaseConnection->query('SELECT `bt`.`id...', Array, false)
#4 D:\trupti\new_klamp_accounting\app\Helpers\report_helper.php(5022): CodeIgniter\Database\BaseBuilder->get()
#5 D:\trupti\new_klamp_accounting\app\Controllers\Addbook.php(211): Outstanding('receivable', '2022-06-16', '2023-04-06')
#6 D:\trupti\new_klamp_accounting\system\CodeIgniter.php(918): App\Controllers\Addbook->Outstanding('receivable')
#7 D:\trupti\new_klamp_accounting\system\CodeIgniter.php(404): CodeIgniter\CodeIgniter->runController(Object(App\Controllers\Addbook))
#8 D:\trupti\new_klamp_accounting\system\CodeIgniter.php(312): CodeIgniter\CodeIgniter->handleRequest(NULL, Object(Config\Cache), false)
#9 D:\trupti\new_klamp_accounting\public\index.php(45): CodeIgniter\CodeIgniter->run()
#10 D:\trupti\new_klamp_accounting\system\Commands\Server\rewrite.php(34): require_once('D:\\trupti\\new_k...')
#11 {main}
CRITICAL - 2022-07-14 14:26:42 --> Table 'manifest_erp.purchase_invoice' doesn't exist
#0 D:\trupti\new_klamp_accounting\system\Database\MySQLi\Connection.php(331): mysqli->query('SELECT `pi`.`id...')
#1 D:\trupti\new_klamp_accounting\system\Database\BaseConnection.php(741): CodeIgniter\Database\MySQLi\Connection->execute('SELECT `pi`.`id...')
#2 D:\trupti\new_klamp_accounting\system\Database\BaseConnection.php(669): CodeIgniter\Database\BaseConnection->simpleQuery('SELECT `pi`.`id...')
#3 D:\trupti\new_klamp_accounting\system\Database\BaseBuilder.php(1860): CodeIgniter\Database\BaseConnection->query('SELECT `pi`.`id...', Array, false)
#4 D:\trupti\new_klamp_accounting\app\Helpers\report_helper.php(5097): CodeIgniter\Database\BaseBuilder->get()
#5 D:\trupti\new_klamp_accounting\app\Controllers\Addbook.php(211): Outstanding('payable', NULL, NULL)
#6 D:\trupti\new_klamp_accounting\system\CodeIgniter.php(918): App\Controllers\Addbook->Outstanding('payable')
#7 D:\trupti\new_klamp_accounting\system\CodeIgniter.php(404): CodeIgniter\CodeIgniter->runController(Object(App\Controllers\Addbook))
#8 D:\trupti\new_klamp_accounting\system\CodeIgniter.php(312): CodeIgniter\CodeIgniter->handleRequest(NULL, Object(Config\Cache), false)
#9 D:\trupti\new_klamp_accounting\public\index.php(45): CodeIgniter\CodeIgniter->run()
#10 D:\trupti\new_klamp_accounting\system\Commands\Server\rewrite.php(34): require_once('D:\\trupti\\new_k...')
#11 {main}
CRITICAL - 2022-07-14 14:26:59 --> Table 'manifest_erp.sales_invoice' doesn't exist
#0 D:\trupti\new_klamp_accounting\system\Database\MySQLi\Connection.php(331): mysqli->query('SELECT `si`.`id...')
#1 D:\trupti\new_klamp_accounting\system\Database\BaseConnection.php(741): CodeIgniter\Database\MySQLi\Connection->execute('SELECT `si`.`id...')
#2 D:\trupti\new_klamp_accounting\system\Database\BaseConnection.php(669): CodeIgniter\Database\BaseConnection->simpleQuery('SELECT `si`.`id...')
#3 D:\trupti\new_klamp_accounting\system\Database\BaseBuilder.php(1860): CodeIgniter\Database\BaseConnection->query('SELECT `si`.`id...', Array, false)
#4 D:\trupti\new_klamp_accounting\app\Helpers\report_helper.php(5001): CodeIgniter\Database\BaseBuilder->get()
#5 D:\trupti\new_klamp_accounting\app\Controllers\Addbook.php(211): Outstanding('receivable', NULL, NULL)
#6 D:\trupti\new_klamp_accounting\system\CodeIgniter.php(918): App\Controllers\Addbook->Outstanding('receivable')
#7 D:\trupti\new_klamp_accounting\system\CodeIgniter.php(404): CodeIgniter\CodeIgniter->runController(Object(App\Controllers\Addbook))
#8 D:\trupti\new_klamp_accounting\system\CodeIgniter.php(312): CodeIgniter\CodeIgniter->handleRequest(NULL, Object(Config\Cache), false)
#9 D:\trupti\new_klamp_accounting\public\index.php(45): CodeIgniter\CodeIgniter->run()
#10 D:\trupti\new_klamp_accounting\system\Commands\Server\rewrite.php(34): require_once('D:\\trupti\\new_k...')
#11 {main}
CRITICAL - 2022-07-14 14:27:02 --> Table 'manifest_erp.purchase_invoice' doesn't exist
#0 D:\trupti\new_klamp_accounting\system\Database\MySQLi\Connection.php(331): mysqli->query('SELECT `pi`.`id...')
#1 D:\trupti\new_klamp_accounting\system\Database\BaseConnection.php(741): CodeIgniter\Database\MySQLi\Connection->execute('SELECT `pi`.`id...')
#2 D:\trupti\new_klamp_accounting\system\Database\BaseConnection.php(669): CodeIgniter\Database\BaseConnection->simpleQuery('SELECT `pi`.`id...')
#3 D:\trupti\new_klamp_accounting\system\Database\BaseBuilder.php(1860): CodeIgniter\Database\BaseConnection->query('SELECT `pi`.`id...', Array, false)
#4 D:\trupti\new_klamp_accounting\app\Helpers\report_helper.php(5097): CodeIgniter\Database\BaseBuilder->get()
#5 D:\trupti\new_klamp_accounting\app\Controllers\Addbook.php(211): Outstanding('payable', NULL, NULL)
#6 D:\trupti\new_klamp_accounting\system\CodeIgniter.php(918): App\Controllers\Addbook->Outstanding('payable')
#7 D:\trupti\new_klamp_accounting\system\CodeIgniter.php(404): CodeIgniter\CodeIgniter->runController(Object(App\Controllers\Addbook))
#8 D:\trupti\new_klamp_accounting\system\CodeIgniter.php(312): CodeIgniter\CodeIgniter->handleRequest(NULL, Object(Config\Cache), false)
#9 D:\trupti\new_klamp_accounting\public\index.php(45): CodeIgniter\CodeIgniter->run()
#10 D:\trupti\new_klamp_accounting\system\Commands\Server\rewrite.php(34): require_once('D:\\trupti\\new_k...')
#11 {main}
CRITICAL - 2022-07-14 17:14:09 --> Argument 1 passed to CodeIgniter\Database\MySQLi\Connection::setDatabase() must be of the type string, null given, called in D:\trupti\new_klamp_accounting\app\Models\AddbookModel.php on line 22
#0 D:\trupti\new_klamp_accounting\app\Models\AddbookModel.php(22): CodeIgniter\Database\MySQLi\Connection->setDatabase(NULL)
#1 D:\trupti\new_klamp_accounting\app\Controllers\Addbook.php(276): App\Models\AddbookModel->get_account_data()
#2 D:\trupti\new_klamp_accounting\system\CodeIgniter.php(918): App\Controllers\Addbook->Ledger_outstanding()
#3 D:\trupti\new_klamp_accounting\system\CodeIgniter.php(404): CodeIgniter\CodeIgniter->runController(Object(App\Controllers\Addbook))
#4 D:\trupti\new_klamp_accounting\system\CodeIgniter.php(312): CodeIgniter\CodeIgniter->handleRequest(NULL, Object(Config\Cache), false)
#5 D:\trupti\new_klamp_accounting\public\index.php(45): CodeIgniter\CodeIgniter->run()
#6 D:\trupti\new_klamp_accounting\system\Commands\Server\rewrite.php(34): require_once('D:\\trupti\\new_k...')
#7 {main}
CRITICAL - 2022-07-14 18:01:17 --> Undefined index: id
#0 D:\trupti\new_klamp_accounting\app\Helpers\report_helper.php(5445): CodeIgniter\Debug\Exceptions->errorHandler(8, 'Undefined index...', 'D:\\trupti\\new_k...', 5445, Array)
#1 D:\trupti\new_klamp_accounting\app\Controllers\Addbook.php(329): get_legderoutstanding_data(Array)
#2 D:\trupti\new_klamp_accounting\system\CodeIgniter.php(918): App\Controllers\Addbook->Ledger_outstanding_report()
#3 D:\trupti\new_klamp_accounting\system\CodeIgniter.php(404): CodeIgniter\CodeIgniter->runController(Object(App\Controllers\Addbook))
#4 D:\trupti\new_klamp_accounting\system\CodeIgniter.php(312): CodeIgniter\CodeIgniter->handleRequest(NULL, Object(Config\Cache), false)
#5 D:\trupti\new_klamp_accounting\public\index.php(45): CodeIgniter\CodeIgniter->run()
#6 D:\trupti\new_klamp_accounting\system\Commands\Server\rewrite.php(34): require_once('D:\\trupti\\new_k...')
#7 {main}
CRITICAL - 2022-07-14 18:01:30 --> Undefined index: id
#0 D:\trupti\new_klamp_accounting\app\Helpers\report_helper.php(5445): CodeIgniter\Debug\Exceptions->errorHandler(8, 'Undefined index...', 'D:\\trupti\\new_k...', 5445, Array)
#1 D:\trupti\new_klamp_accounting\app\Controllers\Addbook.php(329): get_legderoutstanding_data(Array)
#2 D:\trupti\new_klamp_accounting\system\CodeIgniter.php(918): App\Controllers\Addbook->Ledger_outstanding_report()
#3 D:\trupti\new_klamp_accounting\system\CodeIgniter.php(404): CodeIgniter\CodeIgniter->runController(Object(App\Controllers\Addbook))
#4 D:\trupti\new_klamp_accounting\system\CodeIgniter.php(312): CodeIgniter\CodeIgniter->handleRequest(NULL, Object(Config\Cache), false)
#5 D:\trupti\new_klamp_accounting\public\index.php(45): CodeIgniter\CodeIgniter->run()
#6 D:\trupti\new_klamp_accounting\system\Commands\Server\rewrite.php(34): require_once('D:\\trupti\\new_k...')
#7 {main}
CRITICAL - 2022-07-14 18:01:32 --> Undefined index: id
#0 D:\trupti\new_klamp_accounting\app\Helpers\report_helper.php(5445): CodeIgniter\Debug\Exceptions->errorHandler(8, 'Undefined index...', 'D:\\trupti\\new_k...', 5445, Array)
#1 D:\trupti\new_klamp_accounting\app\Controllers\Addbook.php(329): get_legderoutstanding_data(Array)
#2 D:\trupti\new_klamp_accounting\system\CodeIgniter.php(918): App\Controllers\Addbook->Ledger_outstanding_report()
#3 D:\trupti\new_klamp_accounting\system\CodeIgniter.php(404): CodeIgniter\CodeIgniter->runController(Object(App\Controllers\Addbook))
#4 D:\trupti\new_klamp_accounting\system\CodeIgniter.php(312): CodeIgniter\CodeIgniter->handleRequest(NULL, Object(Config\Cache), false)
#5 D:\trupti\new_klamp_accounting\public\index.php(45): CodeIgniter\CodeIgniter->run()
#6 D:\trupti\new_klamp_accounting\system\Commands\Server\rewrite.php(34): require_once('D:\\trupti\\new_k...')
#7 {main}
CRITICAL - 2022-07-14 18:04:57 --> Undefined variable: row
#0 D:\trupti\new_klamp_accounting\app\Helpers\report_helper.php(5445): CodeIgniter\Debug\Exceptions->errorHandler(8, 'Undefined varia...', 'D:\\trupti\\new_k...', 5445, Array)
#1 D:\trupti\new_klamp_accounting\app\Controllers\Addbook.php(329): get_legderoutstanding_data(Array)
#2 D:\trupti\new_klamp_accounting\system\CodeIgniter.php(918): App\Controllers\Addbook->Ledger_outstanding_report()
#3 D:\trupti\new_klamp_accounting\system\CodeIgniter.php(404): CodeIgniter\CodeIgniter->runController(Object(App\Controllers\Addbook))
#4 D:\trupti\new_klamp_accounting\system\CodeIgniter.php(312): CodeIgniter\CodeIgniter->handleRequest(NULL, Object(Config\Cache), false)
#5 D:\trupti\new_klamp_accounting\public\index.php(45): CodeIgniter\CodeIgniter->run()
#6 D:\trupti\new_klamp_accounting\system\Commands\Server\rewrite.php(34): require_once('D:\\trupti\\new_k...')
#7 {main}
CRITICAL - 2022-07-14 18:05:37 --> Undefined variable: row
#0 D:\trupti\new_klamp_accounting\app\Helpers\report_helper.php(5446): CodeIgniter\Debug\Exceptions->errorHandler(8, 'Undefined varia...', 'D:\\trupti\\new_k...', 5446, Array)
#1 D:\trupti\new_klamp_accounting\app\Controllers\Addbook.php(329): get_legderoutstanding_data(Array)
#2 D:\trupti\new_klamp_accounting\system\CodeIgniter.php(918): App\Controllers\Addbook->Ledger_outstanding_report()
#3 D:\trupti\new_klamp_accounting\system\CodeIgniter.php(404): CodeIgniter\CodeIgniter->runController(Object(App\Controllers\Addbook))
#4 D:\trupti\new_klamp_accounting\system\CodeIgniter.php(312): CodeIgniter\CodeIgniter->handleRequest(NULL, Object(Config\Cache), false)
#5 D:\trupti\new_klamp_accounting\public\index.php(45): CodeIgniter\CodeIgniter->run()
#6 D:\trupti\new_klamp_accounting\system\Commands\Server\rewrite.php(34): require_once('D:\\trupti\\new_k...')
#7 {main}
CRITICAL - 2022-07-14 18:08:19 --> Call to undefined function array_marge()
#0 D:\trupti\new_klamp_accounting\app\Controllers\Addbook.php(329): get_legderoutstanding_data(Array)
#1 D:\trupti\new_klamp_accounting\system\CodeIgniter.php(918): App\Controllers\Addbook->Ledger_outstanding_report()
#2 D:\trupti\new_klamp_accounting\system\CodeIgniter.php(404): CodeIgniter\CodeIgniter->runController(Object(App\Controllers\Addbook))
#3 D:\trupti\new_klamp_accounting\system\CodeIgniter.php(312): CodeIgniter\CodeIgniter->handleRequest(NULL, Object(Config\Cache), false)
#4 D:\trupti\new_klamp_accounting\public\index.php(45): CodeIgniter\CodeIgniter->run()
#5 D:\trupti\new_klamp_accounting\system\Commands\Server\rewrite.php(34): require_once('D:\\trupti\\new_k...')
#6 {main}
CRITICAL - 2022-07-14 18:08:34 --> Call to undefined function array_murge()
#0 D:\trupti\new_klamp_accounting\app\Controllers\Addbook.php(329): get_legderoutstanding_data(Array)
#1 D:\trupti\new_klamp_accounting\system\CodeIgniter.php(918): App\Controllers\Addbook->Ledger_outstanding_report()
#2 D:\trupti\new_klamp_accounting\system\CodeIgniter.php(404): CodeIgniter\CodeIgniter->runController(Object(App\Controllers\Addbook))
#3 D:\trupti\new_klamp_accounting\system\CodeIgniter.php(312): CodeIgniter\CodeIgniter->handleRequest(NULL, Object(Config\Cache), false)
#4 D:\trupti\new_klamp_accounting\public\index.php(45): CodeIgniter\CodeIgniter->run()
#5 D:\trupti\new_klamp_accounting\system\Commands\Server\rewrite.php(34): require_once('D:\\trupti\\new_k...')
#6 {main}
CRITICAL - 2022-07-14 18:08:37 --> Call to undefined function array_murge()
#0 D:\trupti\new_klamp_accounting\app\Controllers\Addbook.php(329): get_legderoutstanding_data(Array)
#1 D:\trupti\new_klamp_accounting\system\CodeIgniter.php(918): App\Controllers\Addbook->Ledger_outstanding_report()
#2 D:\trupti\new_klamp_accounting\system\CodeIgniter.php(404): CodeIgniter\CodeIgniter->runController(Object(App\Controllers\Addbook))
#3 D:\trupti\new_klamp_accounting\system\CodeIgniter.php(312): CodeIgniter\CodeIgniter->handleRequest(NULL, Object(Config\Cache), false)
#4 D:\trupti\new_klamp_accounting\public\index.php(45): CodeIgniter\CodeIgniter->run()
#5 D:\trupti\new_klamp_accounting\system\Commands\Server\rewrite.php(34): require_once('D:\\trupti\\new_k...')
#6 {main}
CRITICAL - 2022-07-14 18:12:30 --> Column 'is_delete' in where clause is ambiguous
#0 D:\trupti\new_klamp_accounting\system\Database\MySQLi\Connection.php(331): mysqli->query('SELECT `acc`.`i...')
#1 D:\trupti\new_klamp_accounting\system\Database\BaseConnection.php(741): CodeIgniter\Database\MySQLi\Connection->execute('SELECT `acc`.`i...')
#2 D:\trupti\new_klamp_accounting\system\Database\BaseConnection.php(669): CodeIgniter\Database\BaseConnection->simpleQuery('SELECT `acc`.`i...')
#3 D:\trupti\new_klamp_accounting\system\Database\BaseBuilder.php(1860): CodeIgniter\Database\BaseConnection->query('SELECT `acc`.`i...', Array, false)
#4 D:\trupti\new_klamp_accounting\app\Helpers\report_helper.php(5479): CodeIgniter\Database\BaseBuilder->get()
#5 D:\trupti\new_klamp_accounting\app\Controllers\Addbook.php(329): get_legderoutstanding_data(Array)
#6 D:\trupti\new_klamp_accounting\system\CodeIgniter.php(918): App\Controllers\Addbook->Ledger_outstanding_report()
#7 D:\trupti\new_klamp_accounting\system\CodeIgniter.php(404): CodeIgniter\CodeIgniter->runController(Object(App\Controllers\Addbook))
#8 D:\trupti\new_klamp_accounting\system\CodeIgniter.php(312): CodeIgniter\CodeIgniter->handleRequest(NULL, Object(Config\Cache), false)
#9 D:\trupti\new_klamp_accounting\public\index.php(45): CodeIgniter\CodeIgniter->run()
#10 D:\trupti\new_klamp_accounting\system\Commands\Server\rewrite.php(34): require_once('D:\\trupti\\new_k...')
#11 {main}
