CRITICAL - 2022-12-05 10:14:52 --> Unable to connect to the database.
#0 D:\backup_trupti\new_klamp_accounting\new_klamp_accounting\system\Database\BaseConnection.php(646): CodeIgniter\Database\BaseConnection->initialize()
#1 D:\backup_trupti\new_klamp_accounting\new_klamp_accounting\system\Database\BaseBuilder.php(1860): CodeIgniter\Database\BaseConnection->query('SELECT *\nFROM `...', Array, false)
#2 D:\backup_trupti\new_klamp_accounting\new_klamp_accounting\app\Models\AuthModel.php(37): CodeIgniter\Database\BaseBuilder->get()
#3 D:\backup_trupti\new_klamp_accounting\new_klamp_accounting\app\Controllers\Auth.php(19): App\Models\AuthModel->login(Array)
#4 D:\backup_trupti\new_klamp_accounting\new_klamp_accounting\system\CodeIgniter.php(918): App\Controllers\Auth->index()
#5 D:\backup_trupti\new_klamp_accounting\new_klamp_accounting\system\CodeIgniter.php(404): CodeIgniter\CodeIgniter->runController(Object(App\Controllers\Auth))
#6 D:\backup_trupti\new_klamp_accounting\new_klamp_accounting\system\CodeIgniter.php(312): CodeIgniter\CodeIgniter->handleRequest(NULL, Object(Config\Cache), false)
#7 D:\backup_trupti\new_klamp_accounting\new_klamp_accounting\public\index.php(45): CodeIgniter\CodeIgniter->run()
#8 D:\backup_trupti\new_klamp_accounting\new_klamp_accounting\system\Commands\Server\rewrite.php(34): require_once('D:\\backup_trupt...')
#9 {main}
CRITICAL - 2022-12-05 10:42:11 --> Undefined index: purchase_Gray_total_rate
#0 D:\backup_trupti\new_klamp_accounting\new_klamp_accounting\app\Views\trading\dashboard.php(135): CodeIgniter\Debug\Exceptions->errorHandler(8, 'Undefined index...', 'D:\\backup_trupt...', 135, Array)
#1 D:\backup_trupti\new_klamp_accounting\new_klamp_accounting\system\View\View.php(246): include('D:\\backup_trupt...')
#2 D:\backup_trupti\new_klamp_accounting\new_klamp_accounting\app\Common.php(48): CodeIgniter\View\View->render('trading/dashboa...', Array, true)
#3 D:\backup_trupti\new_klamp_accounting\new_klamp_accounting\app\Controllers\Trading.php(127): view('trading/dashboa...', Array)
#4 D:\backup_trupti\new_klamp_accounting\new_klamp_accounting\system\CodeIgniter.php(918): App\Controllers\Trading->dashboard()
#5 D:\backup_trupti\new_klamp_accounting\new_klamp_accounting\system\CodeIgniter.php(404): CodeIgniter\CodeIgniter->runController(Object(App\Controllers\Trading))
#6 D:\backup_trupti\new_klamp_accounting\new_klamp_accounting\system\CodeIgniter.php(312): CodeIgniter\CodeIgniter->handleRequest(NULL, Object(Config\Cache), false)
#7 D:\backup_trupti\new_klamp_accounting\new_klamp_accounting\public\index.php(45): CodeIgniter\CodeIgniter->run()
#8 D:\backup_trupti\new_klamp_accounting\new_klamp_accounting\system\Commands\Server\rewrite.php(34): require_once('D:\\backup_trupt...')
#9 {main}
CRITICAL - 2022-12-05 10:42:15 --> Undefined index: purchase_Gray_total_rate
#0 D:\backup_trupti\new_klamp_accounting\new_klamp_accounting\app\Views\trading\dashboard.php(135): CodeIgniter\Debug\Exceptions->errorHandler(8, 'Undefined index...', 'D:\\backup_trupt...', 135, Array)
#1 D:\backup_trupti\new_klamp_accounting\new_klamp_accounting\system\View\View.php(246): include('D:\\backup_trupt...')
#2 D:\backup_trupti\new_klamp_accounting\new_klamp_accounting\app\Common.php(48): CodeIgniter\View\View->render('trading/dashboa...', Array, true)
#3 D:\backup_trupti\new_klamp_accounting\new_klamp_accounting\app\Controllers\Trading.php(127): view('trading/dashboa...', Array)
#4 D:\backup_trupti\new_klamp_accounting\new_klamp_accounting\system\CodeIgniter.php(918): App\Controllers\Trading->dashboard()
#5 D:\backup_trupti\new_klamp_accounting\new_klamp_accounting\system\CodeIgniter.php(404): CodeIgniter\CodeIgniter->runController(Object(App\Controllers\Trading))
#6 D:\backup_trupti\new_klamp_accounting\new_klamp_accounting\system\CodeIgniter.php(312): CodeIgniter\CodeIgniter->handleRequest(NULL, Object(Config\Cache), false)
#7 D:\backup_trupti\new_klamp_accounting\new_klamp_accounting\public\index.php(45): CodeIgniter\CodeIgniter->run()
#8 D:\backup_trupti\new_klamp_accounting\new_klamp_accounting\system\Commands\Server\rewrite.php(34): require_once('D:\\backup_trupt...')
#9 {main}
CRITICAL - 2022-12-05 10:50:58 --> Maximum execution time of 60 seconds exceeded
#0 [internal function]: CodeIgniter\Debug\Exceptions->shutdownHandler()
#1 {main}
CRITICAL - 2022-12-05 10:52:03 --> Maximum execution time of 60 seconds exceeded
#0 [internal function]: CodeIgniter\Debug\Exceptions->shutdownHandler()
#1 {main}
CRITICAL - 2022-12-05 11:02:30 --> Undefined index: purchase_Gray_total_rate
#0 D:\backup_trupti\new_klamp_accounting\new_klamp_accounting\app\Views\trading\dashboard.php(135): CodeIgniter\Debug\Exceptions->errorHandler(8, 'Undefined index...', 'D:\\backup_trupt...', 135, Array)
#1 D:\backup_trupti\new_klamp_accounting\new_klamp_accounting\system\View\View.php(246): include('D:\\backup_trupt...')
#2 D:\backup_trupti\new_klamp_accounting\new_klamp_accounting\app\Common.php(48): CodeIgniter\View\View->render('trading/dashboa...', Array, true)
#3 D:\backup_trupti\new_klamp_accounting\new_klamp_accounting\app\Controllers\Trading.php(127): view('trading/dashboa...', Array)
#4 D:\backup_trupti\new_klamp_accounting\new_klamp_accounting\system\CodeIgniter.php(918): App\Controllers\Trading->dashboard()
#5 D:\backup_trupti\new_klamp_accounting\new_klamp_accounting\system\CodeIgniter.php(404): CodeIgniter\CodeIgniter->runController(Object(App\Controllers\Trading))
#6 D:\backup_trupti\new_klamp_accounting\new_klamp_accounting\system\CodeIgniter.php(312): CodeIgniter\CodeIgniter->handleRequest(NULL, Object(Config\Cache), false)
#7 D:\backup_trupti\new_klamp_accounting\new_klamp_accounting\public\index.php(45): CodeIgniter\CodeIgniter->run()
#8 D:\backup_trupti\new_klamp_accounting\new_klamp_accounting\system\Commands\Server\rewrite.php(34): require_once('D:\\backup_trupt...')
#9 {main}
CRITICAL - 2022-12-05 11:03:14 --> Undefined index: purchase_Gray_total_rate
#0 D:\backup_trupti\new_klamp_accounting\new_klamp_accounting\app\Views\trading\dashboard.php(135): CodeIgniter\Debug\Exceptions->errorHandler(8, 'Undefined index...', 'D:\\backup_trupt...', 135, Array)
#1 D:\backup_trupti\new_klamp_accounting\new_klamp_accounting\system\View\View.php(246): include('D:\\backup_trupt...')
#2 D:\backup_trupti\new_klamp_accounting\new_klamp_accounting\app\Common.php(48): CodeIgniter\View\View->render('trading/dashboa...', Array, true)
#3 D:\backup_trupti\new_klamp_accounting\new_klamp_accounting\app\Controllers\Trading.php(127): view('trading/dashboa...', Array)
#4 D:\backup_trupti\new_klamp_accounting\new_klamp_accounting\system\CodeIgniter.php(918): App\Controllers\Trading->dashboard()
#5 D:\backup_trupti\new_klamp_accounting\new_klamp_accounting\system\CodeIgniter.php(404): CodeIgniter\CodeIgniter->runController(Object(App\Controllers\Trading))
#6 D:\backup_trupti\new_klamp_accounting\new_klamp_accounting\system\CodeIgniter.php(312): CodeIgniter\CodeIgniter->handleRequest(NULL, Object(Config\Cache), false)
#7 D:\backup_trupti\new_klamp_accounting\new_klamp_accounting\public\index.php(45): CodeIgniter\CodeIgniter->run()
#8 D:\backup_trupti\new_klamp_accounting\new_klamp_accounting\system\Commands\Server\rewrite.php(34): require_once('D:\\backup_trupt...')
#9 {main}
CRITICAL - 2022-12-05 11:26:52 --> Cell coordinate can not be a range of cells.
#0 D:\backup_trupti\new_klamp_accounting\new_klamp_accounting\vendor\phpoffice\phpspreadsheet\src\PhpSpreadsheet\Worksheet\Worksheet.php(1111): PhpOffice\PhpSpreadsheet\Worksheet\Worksheet->getCell('A1:C1')
#1 D:\backup_trupti\new_klamp_accounting\new_klamp_accounting\app\Models\TradingModel.php(2442): PhpOffice\PhpSpreadsheet\Worksheet\Worksheet->setCellValue('A1:C1', 'KOFFEE')
#2 D:\backup_trupti\new_klamp_accounting\new_klamp_accounting\app\Controllers\Trading.php(2191): App\Models\TradingModel->trading_xls_export_data(Array)
#3 D:\backup_trupti\new_klamp_accounting\new_klamp_accounting\system\CodeIgniter.php(918): App\Controllers\Trading->Trading_xls()
#4 D:\backup_trupti\new_klamp_accounting\new_klamp_accounting\system\CodeIgniter.php(404): CodeIgniter\CodeIgniter->runController(Object(App\Controllers\Trading))
#5 D:\backup_trupti\new_klamp_accounting\new_klamp_accounting\system\CodeIgniter.php(312): CodeIgniter\CodeIgniter->handleRequest(NULL, Object(Config\Cache), false)
#6 D:\backup_trupti\new_klamp_accounting\new_klamp_accounting\public\index.php(45): CodeIgniter\CodeIgniter->run()
#7 D:\backup_trupti\new_klamp_accounting\new_klamp_accounting\system\Commands\Server\rewrite.php(34): require_once('D:\\backup_trupt...')
#8 {main}
CRITICAL - 2022-12-05 11:33:07 --> Cell coordinate can not be zero-length string
#0 D:\backup_trupti\new_klamp_accounting\new_klamp_accounting\vendor\phpoffice\phpspreadsheet\src\PhpSpreadsheet\Worksheet\Worksheet.php(1254): PhpOffice\PhpSpreadsheet\Cell\Coordinate::coordinateFromString('')
#1 D:\backup_trupti\new_klamp_accounting\new_klamp_accounting\vendor\phpoffice\phpspreadsheet\src\PhpSpreadsheet\Worksheet\Worksheet.php(1214): PhpOffice\PhpSpreadsheet\Worksheet\Worksheet->createNewCell('')
#2 D:\backup_trupti\new_klamp_accounting\new_klamp_accounting\vendor\phpoffice\phpspreadsheet\src\PhpSpreadsheet\Worksheet\Worksheet.php(1111): PhpOffice\PhpSpreadsheet\Worksheet\Worksheet->getCell('')
#3 D:\backup_trupti\new_klamp_accounting\new_klamp_accounting\app\Models\TradingModel.php(2446): PhpOffice\PhpSpreadsheet\Worksheet\Worksheet->setCellValue('', 'surat')
#4 D:\backup_trupti\new_klamp_accounting\new_klamp_accounting\app\Controllers\Trading.php(2191): App\Models\TradingModel->trading_xls_export_data(Array)
#5 D:\backup_trupti\new_klamp_accounting\new_klamp_accounting\system\CodeIgniter.php(918): App\Controllers\Trading->Trading_xls()
#6 D:\backup_trupti\new_klamp_accounting\new_klamp_accounting\system\CodeIgniter.php(404): CodeIgniter\CodeIgniter->runController(Object(App\Controllers\Trading))
#7 D:\backup_trupti\new_klamp_accounting\new_klamp_accounting\system\CodeIgniter.php(312): CodeIgniter\CodeIgniter->handleRequest(NULL, Object(Config\Cache), false)
#8 D:\backup_trupti\new_klamp_accounting\new_klamp_accounting\public\index.php(45): CodeIgniter\CodeIgniter->run()
#9 D:\backup_trupti\new_klamp_accounting\new_klamp_accounting\system\Commands\Server\rewrite.php(34): require_once('D:\\backup_trupt...')
#10 {main}
CRITICAL - 2022-12-05 11:33:08 --> Cell coordinate can not be zero-length string
#0 D:\backup_trupti\new_klamp_accounting\new_klamp_accounting\vendor\phpoffice\phpspreadsheet\src\PhpSpreadsheet\Worksheet\Worksheet.php(1254): PhpOffice\PhpSpreadsheet\Cell\Coordinate::coordinateFromString('')
#1 D:\backup_trupti\new_klamp_accounting\new_klamp_accounting\vendor\phpoffice\phpspreadsheet\src\PhpSpreadsheet\Worksheet\Worksheet.php(1214): PhpOffice\PhpSpreadsheet\Worksheet\Worksheet->createNewCell('')
#2 D:\backup_trupti\new_klamp_accounting\new_klamp_accounting\vendor\phpoffice\phpspreadsheet\src\PhpSpreadsheet\Worksheet\Worksheet.php(1111): PhpOffice\PhpSpreadsheet\Worksheet\Worksheet->getCell('')
#3 D:\backup_trupti\new_klamp_accounting\new_klamp_accounting\app\Models\TradingModel.php(2446): PhpOffice\PhpSpreadsheet\Worksheet\Worksheet->setCellValue('', 'surat')
#4 D:\backup_trupti\new_klamp_accounting\new_klamp_accounting\app\Controllers\Trading.php(2191): App\Models\TradingModel->trading_xls_export_data(Array)
#5 D:\backup_trupti\new_klamp_accounting\new_klamp_accounting\system\CodeIgniter.php(918): App\Controllers\Trading->Trading_xls()
#6 D:\backup_trupti\new_klamp_accounting\new_klamp_accounting\system\CodeIgniter.php(404): CodeIgniter\CodeIgniter->runController(Object(App\Controllers\Trading))
#7 D:\backup_trupti\new_klamp_accounting\new_klamp_accounting\system\CodeIgniter.php(312): CodeIgniter\CodeIgniter->handleRequest(NULL, Object(Config\Cache), false)
#8 D:\backup_trupti\new_klamp_accounting\new_klamp_accounting\public\index.php(45): CodeIgniter\CodeIgniter->run()
#9 D:\backup_trupti\new_klamp_accounting\new_klamp_accounting\system\Commands\Server\rewrite.php(34): require_once('D:\\backup_trupt...')
#10 {main}
CRITICAL - 2022-12-05 12:15:02 --> syntax error, unexpected '$spreadsheet' (T_VARIABLE)
#0 D:\backup_trupti\new_klamp_accounting\new_klamp_accounting\system\Autoloader\Autoloader.php(296): CodeIgniter\Autoloader\Autoloader->requireFile('D:\\backup_trupt...')
#1 D:\backup_trupti\new_klamp_accounting\new_klamp_accounting\system\Autoloader\Autoloader.php(258): CodeIgniter\Autoloader\Autoloader->loadInNamespace('App\\Models\\Trad...')
#2 [internal function]: CodeIgniter\Autoloader\Autoloader->loadClass('App\\Models\\Trad...')
#3 D:\backup_trupti\new_klamp_accounting\new_klamp_accounting\app\Controllers\Trading.php(14): spl_autoload_call('App\\Models\\Trad...')
#4 D:\backup_trupti\new_klamp_accounting\new_klamp_accounting\system\CodeIgniter.php(891): App\Controllers\Trading->initController(Object(CodeIgniter\HTTP\IncomingRequest), Object(CodeIgniter\HTTP\Response), Object(CodeIgniter\Log\Logger))
#5 D:\backup_trupti\new_klamp_accounting\new_klamp_accounting\system\CodeIgniter.php(399): CodeIgniter\CodeIgniter->createController()
#6 D:\backup_trupti\new_klamp_accounting\new_klamp_accounting\system\CodeIgniter.php(312): CodeIgniter\CodeIgniter->handleRequest(NULL, Object(Config\Cache), false)
#7 D:\backup_trupti\new_klamp_accounting\new_klamp_accounting\public\index.php(45): CodeIgniter\CodeIgniter->run()
#8 D:\backup_trupti\new_klamp_accounting\new_klamp_accounting\system\Commands\Server\rewrite.php(34): require_once('D:\\backup_trupt...')
#9 {main}
CRITICAL - 2022-12-05 15:07:45 --> Invalid character found in sheet title
#0 D:\backup_trupti\new_klamp_accounting\new_klamp_accounting\vendor\phpoffice\phpspreadsheet\src\PhpSpreadsheet\Worksheet\Worksheet.php(850): PhpOffice\PhpSpreadsheet\Worksheet\Worksheet::checkSheetTitle('Profit/Loss rep...')
#1 D:\backup_trupti\new_klamp_accounting\new_klamp_accounting\app\Models\TradingModel.php(2906): PhpOffice\PhpSpreadsheet\Worksheet\Worksheet->setTitle('Profit/Loss rep...')
#2 D:\backup_trupti\new_klamp_accounting\new_klamp_accounting\app\Controllers\Trading.php(2209): App\Models\TradingModel->profit_loss_xls_export_data(Array)
#3 D:\backup_trupti\new_klamp_accounting\new_klamp_accounting\system\CodeIgniter.php(918): App\Controllers\Trading->Profit_loss_xls()
#4 D:\backup_trupti\new_klamp_accounting\new_klamp_accounting\system\CodeIgniter.php(404): CodeIgniter\CodeIgniter->runController(Object(App\Controllers\Trading))
#5 D:\backup_trupti\new_klamp_accounting\new_klamp_accounting\system\CodeIgniter.php(312): CodeIgniter\CodeIgniter->handleRequest(NULL, Object(Config\Cache), false)
#6 D:\backup_trupti\new_klamp_accounting\new_klamp_accounting\public\index.php(45): CodeIgniter\CodeIgniter->run()
#7 D:\backup_trupti\new_klamp_accounting\new_klamp_accounting\system\Commands\Server\rewrite.php(34): require_once('D:\\backup_trupt...')
#8 {main}
