CRITICAL - 2022-08-09 14:10:03 --> Undefined index: gst
#0 C:\trupti\new_klamp_accounting\app\Models\SalesModel.php(600): CodeIgniter\Debug\Exceptions->errorHandler(8, 'Undefined index...', 'C:\\trupti\\new_k...', 600, Array)
#1 C:\trupti\new_klamp_accounting\app\Controllers\Sales.php(416): App\Models\SalesModel->insert_edit_ACinvoice(Array)
#2 C:\trupti\new_klamp_accounting\system\CodeIgniter.php(918): App\Controllers\Sales->add_ACinvoice('general')
#3 C:\trupti\new_klamp_accounting\system\CodeIgniter.php(404): CodeIgniter\CodeIgniter->runController(Object(App\Controllers\Sales))
#4 C:\trupti\new_klamp_accounting\system\CodeIgniter.php(312): CodeIgniter\CodeIgniter->handleRequest(NULL, Object(Config\Cache), false)
#5 C:\trupti\new_klamp_accounting\public\index.php(45): CodeIgniter\CodeIgniter->run()
#6 C:\trupti\new_klamp_accounting\system\Commands\Server\rewrite.php(34): require_once('C:\\trupti\\new_k...')
#7 {main}
CRITICAL - 2022-08-09 15:35:25 --> Undefined index: taxability
#0 C:\trupti\new_klamp_accounting\app\Helpers\gst_helper.php(962): CodeIgniter\Debug\Exceptions->errorHandler(8, 'Undefined index...', 'C:\\trupti\\new_k...', 962, Array)
#1 C:\trupti\new_klamp_accounting\app\Controllers\Gst.php(33): get_gstr1_detail('2021-04-01', '2022-03-31')
#2 C:\trupti\new_klamp_accounting\system\CodeIgniter.php(918): App\Controllers\Gst->gstr1()
#3 C:\trupti\new_klamp_accounting\system\CodeIgniter.php(404): CodeIgniter\CodeIgniter->runController(Object(App\Controllers\Gst))
#4 C:\trupti\new_klamp_accounting\system\CodeIgniter.php(312): CodeIgniter\CodeIgniter->handleRequest(NULL, Object(Config\Cache), false)
#5 C:\trupti\new_klamp_accounting\public\index.php(45): CodeIgniter\CodeIgniter->run()
#6 C:\trupti\new_klamp_accounting\system\Commands\Server\rewrite.php(34): require_once('C:\\trupti\\new_k...')
#7 {main}
CRITICAL - 2022-08-09 15:37:31 --> Undefined index: igst
#0 C:\trupti\new_klamp_accounting\app\Models\GstModel.php(1506): CodeIgniter\Debug\Exceptions->errorHandler(8, 'Undefined index...', 'C:\\trupti\\new_k...', 1506, Array)
#1 C:\trupti\new_klamp_accounting\app\Controllers\Gst.php(281): App\Models\GstModel->get_state_wise_data('2021-04-01', '2022-03-31')
#2 C:\trupti\new_klamp_accounting\system\CodeIgniter.php(918): App\Controllers\Gst->b2c_small_detail()
#3 C:\trupti\new_klamp_accounting\system\CodeIgniter.php(404): CodeIgniter\CodeIgniter->runController(Object(App\Controllers\Gst))
#4 C:\trupti\new_klamp_accounting\system\CodeIgniter.php(312): CodeIgniter\CodeIgniter->handleRequest(NULL, Object(Config\Cache), false)
#5 C:\trupti\new_klamp_accounting\public\index.php(45): CodeIgniter\CodeIgniter->run()
#6 C:\trupti\new_klamp_accounting\system\Commands\Server\rewrite.php(34): require_once('C:\\trupti\\new_k...')
#7 {main}
CRITICAL - 2022-08-09 15:40:43 --> Undefined index: igst
#0 C:\trupti\new_klamp_accounting\app\Models\GstModel.php(1506): CodeIgniter\Debug\Exceptions->errorHandler(8, 'Undefined index...', 'C:\\trupti\\new_k...', 1506, Array)
#1 C:\trupti\new_klamp_accounting\app\Controllers\Gst.php(281): App\Models\GstModel->get_state_wise_data('2021-04-01', '2022-03-31')
#2 C:\trupti\new_klamp_accounting\system\CodeIgniter.php(918): App\Controllers\Gst->b2c_small_detail()
#3 C:\trupti\new_klamp_accounting\system\CodeIgniter.php(404): CodeIgniter\CodeIgniter->runController(Object(App\Controllers\Gst))
#4 C:\trupti\new_klamp_accounting\system\CodeIgniter.php(312): CodeIgniter\CodeIgniter->handleRequest(NULL, Object(Config\Cache), false)
#5 C:\trupti\new_klamp_accounting\public\index.php(45): CodeIgniter\CodeIgniter->run()
#6 C:\trupti\new_klamp_accounting\system\Commands\Server\rewrite.php(34): require_once('C:\\trupti\\new_k...')
#7 {main}
CRITICAL - 2022-08-09 16:00:25 --> Undefined variable: sale_return_tex
#0 C:\trupti\new_klamp_accounting\app\Helpers\gst_helper.php(2235): CodeIgniter\Debug\Exceptions->errorHandler(8, 'Undefined varia...', 'C:\\trupti\\new_k...', 2235, Array)
#1 C:\trupti\new_klamp_accounting\app\Controllers\Gst.php(339): get_b2b_b2c_detail('2022-05-01', '2022-07-30')
#2 C:\trupti\new_klamp_accounting\system\CodeIgniter.php(918): App\Controllers\Gst->b2c_large_detail()
#3 C:\trupti\new_klamp_accounting\system\CodeIgniter.php(404): CodeIgniter\CodeIgniter->runController(Object(App\Controllers\Gst))
#4 C:\trupti\new_klamp_accounting\system\CodeIgniter.php(312): CodeIgniter\CodeIgniter->handleRequest(NULL, Object(Config\Cache), false)
#5 C:\trupti\new_klamp_accounting\public\index.php(45): CodeIgniter\CodeIgniter->run()
#6 C:\trupti\new_klamp_accounting\system\Commands\Server\rewrite.php(34): require_once('C:\\trupti\\new_k...')
#7 {main}
CRITICAL - 2022-08-09 16:00:30 --> Undefined variable: sale_return_tex
#0 C:\trupti\new_klamp_accounting\app\Helpers\gst_helper.php(2235): CodeIgniter\Debug\Exceptions->errorHandler(8, 'Undefined varia...', 'C:\\trupti\\new_k...', 2235, Array)
#1 C:\trupti\new_klamp_accounting\app\Controllers\Gst.php(339): get_b2b_b2c_detail('2021-04-01', '2022-03-31')
#2 C:\trupti\new_klamp_accounting\system\CodeIgniter.php(918): App\Controllers\Gst->b2c_large_detail()
#3 C:\trupti\new_klamp_accounting\system\CodeIgniter.php(404): CodeIgniter\CodeIgniter->runController(Object(App\Controllers\Gst))
#4 C:\trupti\new_klamp_accounting\system\CodeIgniter.php(312): CodeIgniter\CodeIgniter->handleRequest(NULL, Object(Config\Cache), false)
#5 C:\trupti\new_klamp_accounting\public\index.php(45): CodeIgniter\CodeIgniter->run()
#6 C:\trupti\new_klamp_accounting\system\Commands\Server\rewrite.php(34): require_once('C:\\trupti\\new_k...')
#7 {main}
CRITICAL - 2022-08-09 16:00:42 --> Undefined variable: sale_return_tex
#0 C:\trupti\new_klamp_accounting\app\Helpers\gst_helper.php(2235): CodeIgniter\Debug\Exceptions->errorHandler(8, 'Undefined varia...', 'C:\\trupti\\new_k...', 2235, Array)
#1 C:\trupti\new_klamp_accounting\app\Controllers\Gst.php(207): get_b2b_b2c_detail('2021-04-01', '2022-03-31')
#2 C:\trupti\new_klamp_accounting\system\CodeIgniter.php(918): App\Controllers\Gst->b2b_detail()
#3 C:\trupti\new_klamp_accounting\system\CodeIgniter.php(404): CodeIgniter\CodeIgniter->runController(Object(App\Controllers\Gst))
#4 C:\trupti\new_klamp_accounting\system\CodeIgniter.php(312): CodeIgniter\CodeIgniter->handleRequest(NULL, Object(Config\Cache), false)
#5 C:\trupti\new_klamp_accounting\public\index.php(45): CodeIgniter\CodeIgniter->run()
#6 C:\trupti\new_klamp_accounting\system\Commands\Server\rewrite.php(34): require_once('C:\\trupti\\new_k...')
#7 {main}
CRITICAL - 2022-08-09 16:01:48 --> Undefined variable: sale_return_tex
#0 C:\trupti\new_klamp_accounting\app\Helpers\gst_helper.php(2236): CodeIgniter\Debug\Exceptions->errorHandler(8, 'Undefined varia...', 'C:\\trupti\\new_k...', 2236, Array)
#1 C:\trupti\new_klamp_accounting\app\Controllers\Gst.php(207): get_b2b_b2c_detail('2021-04-01', '2022-03-31')
#2 C:\trupti\new_klamp_accounting\system\CodeIgniter.php(918): App\Controllers\Gst->b2b_detail()
#3 C:\trupti\new_klamp_accounting\system\CodeIgniter.php(404): CodeIgniter\CodeIgniter->runController(Object(App\Controllers\Gst))
#4 C:\trupti\new_klamp_accounting\system\CodeIgniter.php(312): CodeIgniter\CodeIgniter->handleRequest(NULL, Object(Config\Cache), false)
#5 C:\trupti\new_klamp_accounting\public\index.php(45): CodeIgniter\CodeIgniter->run()
#6 C:\trupti\new_klamp_accounting\system\Commands\Server\rewrite.php(34): require_once('C:\\trupti\\new_k...')
#7 {main}
CRITICAL - 2022-08-09 16:03:58 --> Undefined index: igst
#0 C:\trupti\new_klamp_accounting\app\Models\GstModel.php(1506): CodeIgniter\Debug\Exceptions->errorHandler(8, 'Undefined index...', 'C:\\trupti\\new_k...', 1506, Array)
#1 C:\trupti\new_klamp_accounting\app\Controllers\Gst.php(281): App\Models\GstModel->get_state_wise_data('2021-04-01', '2022-03-31')
#2 C:\trupti\new_klamp_accounting\system\CodeIgniter.php(918): App\Controllers\Gst->b2c_small_detail()
#3 C:\trupti\new_klamp_accounting\system\CodeIgniter.php(404): CodeIgniter\CodeIgniter->runController(Object(App\Controllers\Gst))
#4 C:\trupti\new_klamp_accounting\system\CodeIgniter.php(312): CodeIgniter\CodeIgniter->handleRequest(NULL, Object(Config\Cache), false)
#5 C:\trupti\new_klamp_accounting\public\index.php(45): CodeIgniter\CodeIgniter->run()
#6 C:\trupti\new_klamp_accounting\system\Commands\Server\rewrite.php(34): require_once('C:\\trupti\\new_k...')
#7 {main}
CRITICAL - 2022-08-09 16:07:54 --> Undefined index: igst
#0 C:\trupti\new_klamp_accounting\app\Models\GstModel.php(1506): CodeIgniter\Debug\Exceptions->errorHandler(8, 'Undefined index...', 'C:\\trupti\\new_k...', 1506, Array)
#1 C:\trupti\new_klamp_accounting\app\Controllers\Gst.php(281): App\Models\GstModel->get_state_wise_data('2021-04-01', '2022-03-31')
#2 C:\trupti\new_klamp_accounting\system\CodeIgniter.php(918): App\Controllers\Gst->b2c_small_detail()
#3 C:\trupti\new_klamp_accounting\system\CodeIgniter.php(404): CodeIgniter\CodeIgniter->runController(Object(App\Controllers\Gst))
#4 C:\trupti\new_klamp_accounting\system\CodeIgniter.php(312): CodeIgniter\CodeIgniter->handleRequest(NULL, Object(Config\Cache), false)
#5 C:\trupti\new_klamp_accounting\public\index.php(45): CodeIgniter\CodeIgniter->run()
#6 C:\trupti\new_klamp_accounting\system\Commands\Server\rewrite.php(34): require_once('C:\\trupti\\new_k...')
#7 {main}
CRITICAL - 2022-08-09 16:09:14 --> Undefined index: igst
#0 C:\trupti\new_klamp_accounting\app\Models\GstModel.php(1508): CodeIgniter\Debug\Exceptions->errorHandler(8, 'Undefined index...', 'C:\\trupti\\new_k...', 1508, Array)
#1 C:\trupti\new_klamp_accounting\app\Controllers\Gst.php(281): App\Models\GstModel->get_state_wise_data('2021-04-01', '2022-03-31')
#2 C:\trupti\new_klamp_accounting\system\CodeIgniter.php(918): App\Controllers\Gst->b2c_small_detail()
#3 C:\trupti\new_klamp_accounting\system\CodeIgniter.php(404): CodeIgniter\CodeIgniter->runController(Object(App\Controllers\Gst))
#4 C:\trupti\new_klamp_accounting\system\CodeIgniter.php(312): CodeIgniter\CodeIgniter->handleRequest(NULL, Object(Config\Cache), false)
#5 C:\trupti\new_klamp_accounting\public\index.php(45): CodeIgniter\CodeIgniter->run()
#6 C:\trupti\new_klamp_accounting\system\Commands\Server\rewrite.php(34): require_once('C:\\trupti\\new_k...')
#7 {main}
CRITICAL - 2022-08-09 16:09:53 --> Undefined index: igst
#0 C:\trupti\new_klamp_accounting\app\Models\GstModel.php(1508): CodeIgniter\Debug\Exceptions->errorHandler(8, 'Undefined index...', 'C:\\trupti\\new_k...', 1508, Array)
#1 C:\trupti\new_klamp_accounting\app\Controllers\Gst.php(281): App\Models\GstModel->get_state_wise_data('2021-04-01', '2022-03-31')
#2 C:\trupti\new_klamp_accounting\system\CodeIgniter.php(918): App\Controllers\Gst->b2c_small_detail()
#3 C:\trupti\new_klamp_accounting\system\CodeIgniter.php(404): CodeIgniter\CodeIgniter->runController(Object(App\Controllers\Gst))
#4 C:\trupti\new_klamp_accounting\system\CodeIgniter.php(312): CodeIgniter\CodeIgniter->handleRequest(NULL, Object(Config\Cache), false)
#5 C:\trupti\new_klamp_accounting\public\index.php(45): CodeIgniter\CodeIgniter->run()
#6 C:\trupti\new_klamp_accounting\system\Commands\Server\rewrite.php(34): require_once('C:\\trupti\\new_k...')
#7 {main}
CRITICAL - 2022-08-09 16:12:45 --> Undefined index: igst
#0 C:\trupti\new_klamp_accounting\app\Models\GstModel.php(1509): CodeIgniter\Debug\Exceptions->errorHandler(8, 'Undefined index...', 'C:\\trupti\\new_k...', 1509, Array)
#1 C:\trupti\new_klamp_accounting\app\Controllers\Gst.php(281): App\Models\GstModel->get_state_wise_data('2021-04-01', '2022-03-31')
#2 C:\trupti\new_klamp_accounting\system\CodeIgniter.php(918): App\Controllers\Gst->b2c_small_detail()
#3 C:\trupti\new_klamp_accounting\system\CodeIgniter.php(404): CodeIgniter\CodeIgniter->runController(Object(App\Controllers\Gst))
#4 C:\trupti\new_klamp_accounting\system\CodeIgniter.php(312): CodeIgniter\CodeIgniter->handleRequest(NULL, Object(Config\Cache), false)
#5 C:\trupti\new_klamp_accounting\public\index.php(45): CodeIgniter\CodeIgniter->run()
#6 C:\trupti\new_klamp_accounting\system\Commands\Server\rewrite.php(34): require_once('C:\\trupti\\new_k...')
#7 {main}
