CRITICAL - 2022-06-24 10:25:16 --> Argument 1 passed to CodeIgniter\Database\MySQLi\Connection::setDatabase() must be of the type string, null given, called in D:\trupti\klamp_accounting\app\Models\AddbookModel.php on line 3214
#0 D:\trupti\klamp_accounting\app\Models\AddbookModel.php(3214): CodeIgniter\Database\MySQLi\Connection->setDatabase(NULL)
#1 D:\trupti\klamp_accounting\app\Controllers\Addbook.php(645): App\Models\AddbookModel->get_Gnrl_sales_gst_register(Array)
#2 D:\trupti\klamp_accounting\system\CodeIgniter.php(918): App\Controllers\Addbook->Gnrl_sales_gst_register()
#3 D:\trupti\klamp_accounting\system\CodeIgniter.php(404): CodeIgniter\CodeIgniter->runController(Object(App\Controllers\Addbook))
#4 D:\trupti\klamp_accounting\system\CodeIgniter.php(312): CodeIgniter\CodeIgniter->handleRequest(NULL, Object(Config\Cache), false)
#5 D:\trupti\klamp_accounting\public\index.php(45): CodeIgniter\CodeIgniter->run()
#6 D:\trupti\klamp_accounting\system\Commands\Server\rewrite.php(34): require_once('D:\\trupti\\klamp...')
#7 {main}
CRITICAL - 2022-06-24 12:39:46 --> Undefined index: taxes
#0 D:\trupti\klamp_accounting\app\Models\SalesModel.php(497): CodeIgniter\Debug\Exceptions->errorHandler(8, 'Undefined index...', 'D:\\trupti\\klamp...', 497, Array)
#1 D:\trupti\klamp_accounting\app\Controllers\Sales.php(387): App\Models\SalesModel->insert_edit_ACinvoice(Array)
#2 D:\trupti\klamp_accounting\system\CodeIgniter.php(918): App\Controllers\Sales->add_ACinvoice('general')
#3 D:\trupti\klamp_accounting\system\CodeIgniter.php(404): CodeIgniter\CodeIgniter->runController(Object(App\Controllers\Sales))
#4 D:\trupti\klamp_accounting\system\CodeIgniter.php(312): CodeIgniter\CodeIgniter->handleRequest(NULL, Object(Config\Cache), false)
#5 D:\trupti\klamp_accounting\public\index.php(45): CodeIgniter\CodeIgniter->run()
#6 D:\trupti\klamp_accounting\system\Commands\Server\rewrite.php(34): require_once('D:\\trupti\\klamp...')
#7 {main}
CRITICAL - 2022-06-24 12:40:08 --> Undefined index: taxes
#0 D:\trupti\klamp_accounting\app\Models\SalesModel.php(497): CodeIgniter\Debug\Exceptions->errorHandler(8, 'Undefined index...', 'D:\\trupti\\klamp...', 497, Array)
#1 D:\trupti\klamp_accounting\app\Controllers\Sales.php(387): App\Models\SalesModel->insert_edit_ACinvoice(Array)
#2 D:\trupti\klamp_accounting\system\CodeIgniter.php(918): App\Controllers\Sales->add_ACinvoice('general')
#3 D:\trupti\klamp_accounting\system\CodeIgniter.php(404): CodeIgniter\CodeIgniter->runController(Object(App\Controllers\Sales))
#4 D:\trupti\klamp_accounting\system\CodeIgniter.php(312): CodeIgniter\CodeIgniter->handleRequest(NULL, Object(Config\Cache), false)
#5 D:\trupti\klamp_accounting\public\index.php(45): CodeIgniter\CodeIgniter->run()
#6 D:\trupti\klamp_accounting\system\Commands\Server\rewrite.php(34): require_once('D:\\trupti\\klamp...')
#7 {main}
CRITICAL - 2022-06-24 12:40:32 --> Undefined index: taxes
#0 D:\trupti\klamp_accounting\app\Models\SalesModel.php(497): CodeIgniter\Debug\Exceptions->errorHandler(8, 'Undefined index...', 'D:\\trupti\\klamp...', 497, Array)
#1 D:\trupti\klamp_accounting\app\Controllers\Sales.php(387): App\Models\SalesModel->insert_edit_ACinvoice(Array)
#2 D:\trupti\klamp_accounting\system\CodeIgniter.php(918): App\Controllers\Sales->add_ACinvoice('general')
#3 D:\trupti\klamp_accounting\system\CodeIgniter.php(404): CodeIgniter\CodeIgniter->runController(Object(App\Controllers\Sales))
#4 D:\trupti\klamp_accounting\system\CodeIgniter.php(312): CodeIgniter\CodeIgniter->handleRequest(NULL, Object(Config\Cache), false)
#5 D:\trupti\klamp_accounting\public\index.php(45): CodeIgniter\CodeIgniter->run()
#6 D:\trupti\klamp_accounting\system\Commands\Server\rewrite.php(34): require_once('D:\\trupti\\klamp...')
#7 {main}
CRITICAL - 2022-06-24 12:54:04 --> Undefined index: qty
#0 D:\trupti\klamp_accounting\app\Models\AddbookModel.php(1292): CodeIgniter\Debug\Exceptions->errorHandler(8, 'Undefined index...', 'D:\\trupti\\klamp...', 1292, Array)
#1 D:\trupti\klamp_accounting\app\Controllers\Addbook.php(603): App\Models\AddbookModel->get_Gnrl_Sales_gst_register_xls(Array)
#2 D:\trupti\klamp_accounting\system\CodeIgniter.php(918): App\Controllers\Addbook->Gnrl_sales_gst_register_xls()
#3 D:\trupti\klamp_accounting\system\CodeIgniter.php(404): CodeIgniter\CodeIgniter->runController(Object(App\Controllers\Addbook))
#4 D:\trupti\klamp_accounting\system\CodeIgniter.php(312): CodeIgniter\CodeIgniter->handleRequest(NULL, Object(Config\Cache), false)
#5 D:\trupti\klamp_accounting\public\index.php(45): CodeIgniter\CodeIgniter->run()
#6 D:\trupti\klamp_accounting\system\Commands\Server\rewrite.php(34): require_once('D:\\trupti\\klamp...')
#7 {main}
CRITICAL - 2022-06-24 12:57:00 --> Undefined index: qty
#0 D:\trupti\klamp_accounting\app\Models\AddbookModel.php(1292): CodeIgniter\Debug\Exceptions->errorHandler(8, 'Undefined index...', 'D:\\trupti\\klamp...', 1292, Array)
#1 D:\trupti\klamp_accounting\app\Controllers\Addbook.php(603): App\Models\AddbookModel->get_Gnrl_Sales_gst_register_xls(Array)
#2 D:\trupti\klamp_accounting\system\CodeIgniter.php(918): App\Controllers\Addbook->Gnrl_sales_gst_register_xls()
#3 D:\trupti\klamp_accounting\system\CodeIgniter.php(404): CodeIgniter\CodeIgniter->runController(Object(App\Controllers\Addbook))
#4 D:\trupti\klamp_accounting\system\CodeIgniter.php(312): CodeIgniter\CodeIgniter->handleRequest(NULL, Object(Config\Cache), false)
#5 D:\trupti\klamp_accounting\public\index.php(45): CodeIgniter\CodeIgniter->run()
#6 D:\trupti\klamp_accounting\system\Commands\Server\rewrite.php(34): require_once('D:\\trupti\\klamp...')
#7 {main}
CRITICAL - 2022-06-24 15:31:16 --> Undefined index: invoice_date
#0 D:\trupti\klamp_accounting\app\Models\AddbookModel.php(1858): CodeIgniter\Debug\Exceptions->errorHandler(8, 'Undefined index...', 'D:\\trupti\\klamp...', 1858, Array)
#1 D:\trupti\klamp_accounting\app\Controllers\Addbook.php(472): App\Models\AddbookModel->get_Gnrl_Purchase_gst_register_xls(Array)
#2 D:\trupti\klamp_accounting\system\CodeIgniter.php(918): App\Controllers\Addbook->Gnrl_purchase_gst_register_xls()
#3 D:\trupti\klamp_accounting\system\CodeIgniter.php(404): CodeIgniter\CodeIgniter->runController(Object(App\Controllers\Addbook))
#4 D:\trupti\klamp_accounting\system\CodeIgniter.php(312): CodeIgniter\CodeIgniter->handleRequest(NULL, Object(Config\Cache), false)
#5 D:\trupti\klamp_accounting\public\index.php(45): CodeIgniter\CodeIgniter->run()
#6 D:\trupti\klamp_accounting\system\Commands\Server\rewrite.php(34): require_once('D:\\trupti\\klamp...')
#7 {main}
CRITICAL - 2022-06-24 16:03:10 --> Unknown column 'igst' in 'field list'
#0 D:\trupti\klamp_accounting\system\Database\MySQLi\Connection.php(331): mysqli->query('SELECT `igst`\nF...')
#1 D:\trupti\klamp_accounting\system\Database\BaseConnection.php(741): CodeIgniter\Database\MySQLi\Connection->execute('SELECT `igst`\nF...')
#2 D:\trupti\klamp_accounting\system\Database\BaseConnection.php(669): CodeIgniter\Database\BaseConnection->simpleQuery('SELECT `igst`\nF...')
#3 D:\trupti\klamp_accounting\system\Database\BaseBuilder.php(1860): CodeIgniter\Database\BaseConnection->query('SELECT `igst`\nF...', Array, false)
#4 D:\trupti\klamp_accounting\app\Helpers\gst_helper.php(2009): CodeIgniter\Database\BaseBuilder->get()
#5 D:\trupti\klamp_accounting\app\Views\gst\gstr1.php(474): get_salesAcparticu('13')
#6 D:\trupti\klamp_accounting\system\View\View.php(246): include('D:\\trupti\\klamp...')
#7 D:\trupti\klamp_accounting\app\Common.php(48): CodeIgniter\View\View->render('gst/gstr1', Array, true)
#8 D:\trupti\klamp_accounting\app\Controllers\Gst.php(40): view('gst/gstr1', Array)
#9 D:\trupti\klamp_accounting\system\CodeIgniter.php(918): App\Controllers\Gst->gstr1()
#10 D:\trupti\klamp_accounting\system\CodeIgniter.php(404): CodeIgniter\CodeIgniter->runController(Object(App\Controllers\Gst))
#11 D:\trupti\klamp_accounting\system\CodeIgniter.php(312): CodeIgniter\CodeIgniter->handleRequest(NULL, Object(Config\Cache), false)
#12 D:\trupti\klamp_accounting\public\index.php(45): CodeIgniter\CodeIgniter->run()
#13 D:\trupti\klamp_accounting\system\Commands\Server\rewrite.php(34): require_once('D:\\trupti\\klamp...')
#14 {main}
CRITICAL - 2022-06-24 16:03:39 --> Unknown column 'igst' in 'field list'
#0 D:\trupti\klamp_accounting\system\Database\MySQLi\Connection.php(331): mysqli->query('SELECT `igst`\nF...')
#1 D:\trupti\klamp_accounting\system\Database\BaseConnection.php(741): CodeIgniter\Database\MySQLi\Connection->execute('SELECT `igst`\nF...')
#2 D:\trupti\klamp_accounting\system\Database\BaseConnection.php(669): CodeIgniter\Database\BaseConnection->simpleQuery('SELECT `igst`\nF...')
#3 D:\trupti\klamp_accounting\system\Database\BaseBuilder.php(1860): CodeIgniter\Database\BaseConnection->query('SELECT `igst`\nF...', Array, false)
#4 D:\trupti\klamp_accounting\app\Helpers\gst_helper.php(2009): CodeIgniter\Database\BaseBuilder->get()
#5 D:\trupti\klamp_accounting\app\Views\gst\gstr1.php(474): get_salesAcparticu('13')
#6 D:\trupti\klamp_accounting\system\View\View.php(246): include('D:\\trupti\\klamp...')
#7 D:\trupti\klamp_accounting\app\Common.php(48): CodeIgniter\View\View->render('gst/gstr1', Array, true)
#8 D:\trupti\klamp_accounting\app\Controllers\Gst.php(40): view('gst/gstr1', Array)
#9 D:\trupti\klamp_accounting\system\CodeIgniter.php(918): App\Controllers\Gst->gstr1()
#10 D:\trupti\klamp_accounting\system\CodeIgniter.php(404): CodeIgniter\CodeIgniter->runController(Object(App\Controllers\Gst))
#11 D:\trupti\klamp_accounting\system\CodeIgniter.php(312): CodeIgniter\CodeIgniter->handleRequest(NULL, Object(Config\Cache), false)
#12 D:\trupti\klamp_accounting\public\index.php(45): CodeIgniter\CodeIgniter->run()
#13 D:\trupti\klamp_accounting\system\Commands\Server\rewrite.php(34): require_once('D:\\trupti\\klamp...')
#14 {main}
CRITICAL - 2022-06-24 16:05:46 --> Unknown column 'igst' in 'field list'
#0 D:\trupti\klamp_accounting\system\Database\MySQLi\Connection.php(331): mysqli->query('SELECT `igst`\nF...')
#1 D:\trupti\klamp_accounting\system\Database\BaseConnection.php(741): CodeIgniter\Database\MySQLi\Connection->execute('SELECT `igst`\nF...')
#2 D:\trupti\klamp_accounting\system\Database\BaseConnection.php(669): CodeIgniter\Database\BaseConnection->simpleQuery('SELECT `igst`\nF...')
#3 D:\trupti\klamp_accounting\system\Database\BaseBuilder.php(1860): CodeIgniter\Database\BaseConnection->query('SELECT `igst`\nF...', Array, false)
#4 D:\trupti\klamp_accounting\app\Helpers\gst_helper.php(2009): CodeIgniter\Database\BaseBuilder->get()
#5 D:\trupti\klamp_accounting\app\Views\gst\gstr1.php(474): get_salesAcparticu('13')
#6 D:\trupti\klamp_accounting\system\View\View.php(246): include('D:\\trupti\\klamp...')
#7 D:\trupti\klamp_accounting\app\Common.php(48): CodeIgniter\View\View->render('gst/gstr1', Array, true)
#8 D:\trupti\klamp_accounting\app\Controllers\Gst.php(40): view('gst/gstr1', Array)
#9 D:\trupti\klamp_accounting\system\CodeIgniter.php(918): App\Controllers\Gst->gstr1()
#10 D:\trupti\klamp_accounting\system\CodeIgniter.php(404): CodeIgniter\CodeIgniter->runController(Object(App\Controllers\Gst))
#11 D:\trupti\klamp_accounting\system\CodeIgniter.php(312): CodeIgniter\CodeIgniter->handleRequest(NULL, Object(Config\Cache), false)
#12 D:\trupti\klamp_accounting\public\index.php(45): CodeIgniter\CodeIgniter->run()
#13 D:\trupti\klamp_accounting\system\Commands\Server\rewrite.php(34): require_once('D:\\trupti\\klamp...')
#14 {main}
CRITICAL - 2022-06-24 16:10:20 --> Unknown column 'parent_id' in 'where clause'
#0 D:\trupti\klamp_accounting\system\Database\MySQLi\Connection.php(331): mysqli->query('SELECT `tot_igs...')
#1 D:\trupti\klamp_accounting\system\Database\BaseConnection.php(741): CodeIgniter\Database\MySQLi\Connection->execute('SELECT `tot_igs...')
#2 D:\trupti\klamp_accounting\system\Database\BaseConnection.php(669): CodeIgniter\Database\BaseConnection->simpleQuery('SELECT `tot_igs...')
#3 D:\trupti\klamp_accounting\system\Database\BaseBuilder.php(1860): CodeIgniter\Database\BaseConnection->query('SELECT `tot_igs...', Array, false)
#4 D:\trupti\klamp_accounting\app\Helpers\gst_helper.php(2009): CodeIgniter\Database\BaseBuilder->get()
#5 D:\trupti\klamp_accounting\app\Views\gst\gstr1.php(474): get_salesAcparticu('13')
#6 D:\trupti\klamp_accounting\system\View\View.php(246): include('D:\\trupti\\klamp...')
#7 D:\trupti\klamp_accounting\app\Common.php(48): CodeIgniter\View\View->render('gst/gstr1', Array, true)
#8 D:\trupti\klamp_accounting\app\Controllers\Gst.php(40): view('gst/gstr1', Array)
#9 D:\trupti\klamp_accounting\system\CodeIgniter.php(918): App\Controllers\Gst->gstr1()
#10 D:\trupti\klamp_accounting\system\CodeIgniter.php(404): CodeIgniter\CodeIgniter->runController(Object(App\Controllers\Gst))
#11 D:\trupti\klamp_accounting\system\CodeIgniter.php(312): CodeIgniter\CodeIgniter->handleRequest(NULL, Object(Config\Cache), false)
#12 D:\trupti\klamp_accounting\public\index.php(45): CodeIgniter\CodeIgniter->run()
#13 D:\trupti\klamp_accounting\system\Commands\Server\rewrite.php(34): require_once('D:\\trupti\\klamp...')
#14 {main}
CRITICAL - 2022-06-24 16:11:48 --> Unknown column 'parent_id' in 'where clause'
#0 D:\trupti\klamp_accounting\system\Database\MySQLi\Connection.php(331): mysqli->query('SELECT `tot_igs...')
#1 D:\trupti\klamp_accounting\system\Database\BaseConnection.php(741): CodeIgniter\Database\MySQLi\Connection->execute('SELECT `tot_igs...')
#2 D:\trupti\klamp_accounting\system\Database\BaseConnection.php(669): CodeIgniter\Database\BaseConnection->simpleQuery('SELECT `tot_igs...')
#3 D:\trupti\klamp_accounting\system\Database\BaseBuilder.php(1860): CodeIgniter\Database\BaseConnection->query('SELECT `tot_igs...', Array, false)
#4 D:\trupti\klamp_accounting\app\Helpers\gst_helper.php(2009): CodeIgniter\Database\BaseBuilder->get()
#5 D:\trupti\klamp_accounting\app\Views\gst\gstr1.php(474): get_salesAcparticu('13')
#6 D:\trupti\klamp_accounting\system\View\View.php(246): include('D:\\trupti\\klamp...')
#7 D:\trupti\klamp_accounting\app\Common.php(48): CodeIgniter\View\View->render('gst/gstr1', Array, true)
#8 D:\trupti\klamp_accounting\app\Controllers\Gst.php(40): view('gst/gstr1', Array)
#9 D:\trupti\klamp_accounting\system\CodeIgniter.php(918): App\Controllers\Gst->gstr1()
#10 D:\trupti\klamp_accounting\system\CodeIgniter.php(404): CodeIgniter\CodeIgniter->runController(Object(App\Controllers\Gst))
#11 D:\trupti\klamp_accounting\system\CodeIgniter.php(312): CodeIgniter\CodeIgniter->handleRequest(NULL, Object(Config\Cache), false)
#12 D:\trupti\klamp_accounting\public\index.php(45): CodeIgniter\CodeIgniter->run()
#13 D:\trupti\klamp_accounting\system\Commands\Server\rewrite.php(34): require_once('D:\\trupti\\klamp...')
#14 {main}
CRITICAL - 2022-06-24 16:12:05 --> Undefined index: igst
#0 D:\trupti\klamp_accounting\app\Views\gst\gstr1.php(481): CodeIgniter\Debug\Exceptions->errorHandler(8, 'Undefined index...', 'D:\\trupti\\klamp...', 481, Array)
#1 D:\trupti\klamp_accounting\system\View\View.php(246): include('D:\\trupti\\klamp...')
#2 D:\trupti\klamp_accounting\app\Common.php(48): CodeIgniter\View\View->render('gst/gstr1', Array, true)
#3 D:\trupti\klamp_accounting\app\Controllers\Gst.php(40): view('gst/gstr1', Array)
#4 D:\trupti\klamp_accounting\system\CodeIgniter.php(918): App\Controllers\Gst->gstr1()
#5 D:\trupti\klamp_accounting\system\CodeIgniter.php(404): CodeIgniter\CodeIgniter->runController(Object(App\Controllers\Gst))
#6 D:\trupti\klamp_accounting\system\CodeIgniter.php(312): CodeIgniter\CodeIgniter->handleRequest(NULL, Object(Config\Cache), false)
#7 D:\trupti\klamp_accounting\public\index.php(45): CodeIgniter\CodeIgniter->run()
#8 D:\trupti\klamp_accounting\system\Commands\Server\rewrite.php(34): require_once('D:\\trupti\\klamp...')
#9 {main}
CRITICAL - 2022-06-24 16:13:38 --> Unknown column 'igst' in 'field list'
#0 D:\trupti\klamp_accounting\system\Database\MySQLi\Connection.php(331): mysqli->query('SELECT `igst`\nF...')
#1 D:\trupti\klamp_accounting\system\Database\BaseConnection.php(741): CodeIgniter\Database\MySQLi\Connection->execute('SELECT `igst`\nF...')
#2 D:\trupti\klamp_accounting\system\Database\BaseConnection.php(669): CodeIgniter\Database\BaseConnection->simpleQuery('SELECT `igst`\nF...')
#3 D:\trupti\klamp_accounting\system\Database\BaseBuilder.php(1860): CodeIgniter\Database\BaseConnection->query('SELECT `igst`\nF...', Array, false)
#4 D:\trupti\klamp_accounting\app\Helpers\gst_helper.php(2009): CodeIgniter\Database\BaseBuilder->get()
#5 D:\trupti\klamp_accounting\app\Views\gst\gstr1.php(474): get_salesAcparticu('13')
#6 D:\trupti\klamp_accounting\system\View\View.php(246): include('D:\\trupti\\klamp...')
#7 D:\trupti\klamp_accounting\app\Common.php(48): CodeIgniter\View\View->render('gst/gstr1', Array, true)
#8 D:\trupti\klamp_accounting\app\Controllers\Gst.php(40): view('gst/gstr1', Array)
#9 D:\trupti\klamp_accounting\system\CodeIgniter.php(918): App\Controllers\Gst->gstr1()
#10 D:\trupti\klamp_accounting\system\CodeIgniter.php(404): CodeIgniter\CodeIgniter->runController(Object(App\Controllers\Gst))
#11 D:\trupti\klamp_accounting\system\CodeIgniter.php(312): CodeIgniter\CodeIgniter->handleRequest(NULL, Object(Config\Cache), false)
#12 D:\trupti\klamp_accounting\public\index.php(45): CodeIgniter\CodeIgniter->run()
#13 D:\trupti\klamp_accounting\system\Commands\Server\rewrite.php(34): require_once('D:\\trupti\\klamp...')
#14 {main}
CRITICAL - 2022-06-24 16:42:15 --> Undefined variable: result
#0 D:\trupti\klamp_accounting\app\Models\SalesModel.php(2011): CodeIgniter\Debug\Exceptions->errorHandler(8, 'Undefined varia...', 'D:\\trupti\\klamp...', 2011, Array)
#1 D:\trupti\klamp_accounting\app\Controllers\Sales.php(511): App\Models\SalesModel->get_Saleinvoice_databyid(Array)
#2 D:\trupti\klamp_accounting\system\CodeIgniter.php(918): App\Controllers\Sales->Getdata('search_sales_in...')
#3 D:\trupti\klamp_accounting\system\CodeIgniter.php(404): CodeIgniter\CodeIgniter->runController(Object(App\Controllers\Sales))
#4 D:\trupti\klamp_accounting\system\CodeIgniter.php(312): CodeIgniter\CodeIgniter->handleRequest(NULL, Object(Config\Cache), false)
#5 D:\trupti\klamp_accounting\public\index.php(45): CodeIgniter\CodeIgniter->run()
#6 D:\trupti\klamp_accounting\system\Commands\Server\rewrite.php(34): require_once('D:\\trupti\\klamp...')
#7 {main}
CRITICAL - 2022-06-24 16:42:16 --> Undefined variable: result
#0 D:\trupti\klamp_accounting\app\Models\SalesModel.php(2011): CodeIgniter\Debug\Exceptions->errorHandler(8, 'Undefined varia...', 'D:\\trupti\\klamp...', 2011, Array)
#1 D:\trupti\klamp_accounting\app\Controllers\Sales.php(511): App\Models\SalesModel->get_Saleinvoice_databyid(Array)
#2 D:\trupti\klamp_accounting\system\CodeIgniter.php(918): App\Controllers\Sales->Getdata('search_sales_in...')
#3 D:\trupti\klamp_accounting\system\CodeIgniter.php(404): CodeIgniter\CodeIgniter->runController(Object(App\Controllers\Sales))
#4 D:\trupti\klamp_accounting\system\CodeIgniter.php(312): CodeIgniter\CodeIgniter->handleRequest(NULL, Object(Config\Cache), false)
#5 D:\trupti\klamp_accounting\public\index.php(45): CodeIgniter\CodeIgniter->run()
#6 D:\trupti\klamp_accounting\system\Commands\Server\rewrite.php(34): require_once('D:\\trupti\\klamp...')
#7 {main}
CRITICAL - 2022-06-24 16:42:18 --> Undefined variable: result
#0 D:\trupti\klamp_accounting\app\Models\SalesModel.php(2011): CodeIgniter\Debug\Exceptions->errorHandler(8, 'Undefined varia...', 'D:\\trupti\\klamp...', 2011, Array)
#1 D:\trupti\klamp_accounting\app\Controllers\Sales.php(511): App\Models\SalesModel->get_Saleinvoice_databyid(Array)
#2 D:\trupti\klamp_accounting\system\CodeIgniter.php(918): App\Controllers\Sales->Getdata('search_sales_in...')
#3 D:\trupti\klamp_accounting\system\CodeIgniter.php(404): CodeIgniter\CodeIgniter->runController(Object(App\Controllers\Sales))
#4 D:\trupti\klamp_accounting\system\CodeIgniter.php(312): CodeIgniter\CodeIgniter->handleRequest(NULL, Object(Config\Cache), false)
#5 D:\trupti\klamp_accounting\public\index.php(45): CodeIgniter\CodeIgniter->run()
#6 D:\trupti\klamp_accounting\system\Commands\Server\rewrite.php(34): require_once('D:\\trupti\\klamp...')
#7 {main}
CRITICAL - 2022-06-24 16:42:19 --> Undefined variable: result
#0 D:\trupti\klamp_accounting\app\Models\SalesModel.php(2011): CodeIgniter\Debug\Exceptions->errorHandler(8, 'Undefined varia...', 'D:\\trupti\\klamp...', 2011, Array)
#1 D:\trupti\klamp_accounting\app\Controllers\Sales.php(511): App\Models\SalesModel->get_Saleinvoice_databyid(Array)
#2 D:\trupti\klamp_accounting\system\CodeIgniter.php(918): App\Controllers\Sales->Getdata('search_sales_in...')
#3 D:\trupti\klamp_accounting\system\CodeIgniter.php(404): CodeIgniter\CodeIgniter->runController(Object(App\Controllers\Sales))
#4 D:\trupti\klamp_accounting\system\CodeIgniter.php(312): CodeIgniter\CodeIgniter->handleRequest(NULL, Object(Config\Cache), false)
#5 D:\trupti\klamp_accounting\public\index.php(45): CodeIgniter\CodeIgniter->run()
#6 D:\trupti\klamp_accounting\system\Commands\Server\rewrite.php(34): require_once('D:\\trupti\\klamp...')
#7 {main}
CRITICAL - 2022-06-24 16:42:19 --> Undefined variable: result
#0 D:\trupti\klamp_accounting\app\Models\SalesModel.php(2011): CodeIgniter\Debug\Exceptions->errorHandler(8, 'Undefined varia...', 'D:\\trupti\\klamp...', 2011, Array)
#1 D:\trupti\klamp_accounting\app\Controllers\Sales.php(511): App\Models\SalesModel->get_Saleinvoice_databyid(Array)
#2 D:\trupti\klamp_accounting\system\CodeIgniter.php(918): App\Controllers\Sales->Getdata('search_sales_in...')
#3 D:\trupti\klamp_accounting\system\CodeIgniter.php(404): CodeIgniter\CodeIgniter->runController(Object(App\Controllers\Sales))
#4 D:\trupti\klamp_accounting\system\CodeIgniter.php(312): CodeIgniter\CodeIgniter->handleRequest(NULL, Object(Config\Cache), false)
#5 D:\trupti\klamp_accounting\public\index.php(45): CodeIgniter\CodeIgniter->run()
#6 D:\trupti\klamp_accounting\system\Commands\Server\rewrite.php(34): require_once('D:\\trupti\\klamp...')
#7 {main}
CRITICAL - 2022-06-24 16:42:20 --> Undefined variable: result
#0 D:\trupti\klamp_accounting\app\Models\SalesModel.php(2011): CodeIgniter\Debug\Exceptions->errorHandler(8, 'Undefined varia...', 'D:\\trupti\\klamp...', 2011, Array)
#1 D:\trupti\klamp_accounting\app\Controllers\Sales.php(511): App\Models\SalesModel->get_Saleinvoice_databyid(Array)
#2 D:\trupti\klamp_accounting\system\CodeIgniter.php(918): App\Controllers\Sales->Getdata('search_sales_in...')
#3 D:\trupti\klamp_accounting\system\CodeIgniter.php(404): CodeIgniter\CodeIgniter->runController(Object(App\Controllers\Sales))
#4 D:\trupti\klamp_accounting\system\CodeIgniter.php(312): CodeIgniter\CodeIgniter->handleRequest(NULL, Object(Config\Cache), false)
#5 D:\trupti\klamp_accounting\public\index.php(45): CodeIgniter\CodeIgniter->run()
#6 D:\trupti\klamp_accounting\system\Commands\Server\rewrite.php(34): require_once('D:\\trupti\\klamp...')
#7 {main}
CRITICAL - 2022-06-24 16:42:22 --> Undefined variable: result
#0 D:\trupti\klamp_accounting\app\Models\SalesModel.php(2011): CodeIgniter\Debug\Exceptions->errorHandler(8, 'Undefined varia...', 'D:\\trupti\\klamp...', 2011, Array)
#1 D:\trupti\klamp_accounting\app\Controllers\Sales.php(511): App\Models\SalesModel->get_Saleinvoice_databyid(Array)
#2 D:\trupti\klamp_accounting\system\CodeIgniter.php(918): App\Controllers\Sales->Getdata('search_sales_in...')
#3 D:\trupti\klamp_accounting\system\CodeIgniter.php(404): CodeIgniter\CodeIgniter->runController(Object(App\Controllers\Sales))
#4 D:\trupti\klamp_accounting\system\CodeIgniter.php(312): CodeIgniter\CodeIgniter->handleRequest(NULL, Object(Config\Cache), false)
#5 D:\trupti\klamp_accounting\public\index.php(45): CodeIgniter\CodeIgniter->run()
#6 D:\trupti\klamp_accounting\system\Commands\Server\rewrite.php(34): require_once('D:\\trupti\\klamp...')
#7 {main}
CRITICAL - 2022-06-24 16:42:34 --> Undefined variable: result
#0 D:\trupti\klamp_accounting\app\Models\SalesModel.php(2011): CodeIgniter\Debug\Exceptions->errorHandler(8, 'Undefined varia...', 'D:\\trupti\\klamp...', 2011, Array)
#1 D:\trupti\klamp_accounting\app\Controllers\Sales.php(511): App\Models\SalesModel->get_Saleinvoice_databyid(Array)
#2 D:\trupti\klamp_accounting\system\CodeIgniter.php(918): App\Controllers\Sales->Getdata('search_sales_in...')
#3 D:\trupti\klamp_accounting\system\CodeIgniter.php(404): CodeIgniter\CodeIgniter->runController(Object(App\Controllers\Sales))
#4 D:\trupti\klamp_accounting\system\CodeIgniter.php(312): CodeIgniter\CodeIgniter->handleRequest(NULL, Object(Config\Cache), false)
#5 D:\trupti\klamp_accounting\public\index.php(45): CodeIgniter\CodeIgniter->run()
#6 D:\trupti\klamp_accounting\system\Commands\Server\rewrite.php(34): require_once('D:\\trupti\\klamp...')
#7 {main}
CRITICAL - 2022-06-24 16:42:37 --> Undefined variable: result
#0 D:\trupti\klamp_accounting\app\Models\SalesModel.php(2011): CodeIgniter\Debug\Exceptions->errorHandler(8, 'Undefined varia...', 'D:\\trupti\\klamp...', 2011, Array)
#1 D:\trupti\klamp_accounting\app\Controllers\Sales.php(511): App\Models\SalesModel->get_Saleinvoice_databyid(Array)
#2 D:\trupti\klamp_accounting\system\CodeIgniter.php(918): App\Controllers\Sales->Getdata('search_sales_in...')
#3 D:\trupti\klamp_accounting\system\CodeIgniter.php(404): CodeIgniter\CodeIgniter->runController(Object(App\Controllers\Sales))
#4 D:\trupti\klamp_accounting\system\CodeIgniter.php(312): CodeIgniter\CodeIgniter->handleRequest(NULL, Object(Config\Cache), false)
#5 D:\trupti\klamp_accounting\public\index.php(45): CodeIgniter\CodeIgniter->run()
#6 D:\trupti\klamp_accounting\system\Commands\Server\rewrite.php(34): require_once('D:\\trupti\\klamp...')
#7 {main}
CRITICAL - 2022-06-24 17:05:37 --> Undefined index: invoice_date
#0 D:\trupti\klamp_accounting\app\Models\AddbookModel.php(2047): CodeIgniter\Debug\Exceptions->errorHandler(8, 'Undefined index...', 'D:\\trupti\\klamp...', 2047, Array)
#1 D:\trupti\klamp_accounting\app\Controllers\Addbook.php(888): App\Models\AddbookModel->get_Creditnote_gst_register_xls(Array)
#2 D:\trupti\klamp_accounting\system\CodeIgniter.php(918): App\Controllers\Addbook->Creditnote_gst_register_xls()
#3 D:\trupti\klamp_accounting\system\CodeIgniter.php(404): CodeIgniter\CodeIgniter->runController(Object(App\Controllers\Addbook))
#4 D:\trupti\klamp_accounting\system\CodeIgniter.php(312): CodeIgniter\CodeIgniter->handleRequest(NULL, Object(Config\Cache), false)
#5 D:\trupti\klamp_accounting\public\index.php(45): CodeIgniter\CodeIgniter->run()
#6 D:\trupti\klamp_accounting\system\Commands\Server\rewrite.php(34): require_once('D:\\trupti\\klamp...')
#7 {main}
CRITICAL - 2022-06-24 17:08:37 --> Unknown column 'acc.status' in 'where clause'
#0 D:\trupti\klamp_accounting\system\Database\MySQLi\Connection.php(331): mysqli->query('SELECT `acc`.`n...')
#1 D:\trupti\klamp_accounting\system\Database\BaseConnection.php(741): CodeIgniter\Database\MySQLi\Connection->execute('SELECT `acc`.`n...')
#2 D:\trupti\klamp_accounting\system\Database\BaseConnection.php(669): CodeIgniter\Database\BaseConnection->simpleQuery('SELECT `acc`.`n...')
#3 D:\trupti\klamp_accounting\system\Database\BaseBuilder.php(1860): CodeIgniter\Database\BaseConnection->query('SELECT `acc`.`n...', Array, false)
#4 D:\trupti\klamp_accounting\app\Models\MasterModel.php(651): CodeIgniter\Database\BaseBuilder->get()
#5 D:\trupti\klamp_accounting\app\Controllers\Master.php(815): App\Models\MasterModel->search_pur_delivery(Array)
#6 D:\trupti\klamp_accounting\system\CodeIgniter.php(918): App\Controllers\Master->Getdata('search_pur_deli...')
#7 D:\trupti\klamp_accounting\system\CodeIgniter.php(404): CodeIgniter\CodeIgniter->runController(Object(App\Controllers\Master))
#8 D:\trupti\klamp_accounting\system\CodeIgniter.php(312): CodeIgniter\CodeIgniter->handleRequest(NULL, Object(Config\Cache), false)
#9 D:\trupti\klamp_accounting\public\index.php(45): CodeIgniter\CodeIgniter->run()
#10 D:\trupti\klamp_accounting\system\Commands\Server\rewrite.php(34): require_once('D:\\trupti\\klamp...')
#11 {main}
CRITICAL - 2022-06-24 17:26:06 --> Undefined index: sales_return
#0 D:\trupti\klamp_accounting\app\Models\AddbookModel.php(1974): CodeIgniter\Debug\Exceptions->errorHandler(8, 'Undefined index...', 'D:\\trupti\\klamp...', 1974, Array)
#1 D:\trupti\klamp_accounting\app\Controllers\Addbook.php(925): App\Models\AddbookModel->get_Purchase_return_register_xls(Array)
#2 D:\trupti\klamp_accounting\system\CodeIgniter.php(918): App\Controllers\Addbook->Purchase_return_register_xls()
#3 D:\trupti\klamp_accounting\system\CodeIgniter.php(404): CodeIgniter\CodeIgniter->runController(Object(App\Controllers\Addbook))
#4 D:\trupti\klamp_accounting\system\CodeIgniter.php(312): CodeIgniter\CodeIgniter->handleRequest(NULL, Object(Config\Cache), false)
#5 D:\trupti\klamp_accounting\public\index.php(45): CodeIgniter\CodeIgniter->run()
#6 D:\trupti\klamp_accounting\system\Commands\Server\rewrite.php(34): require_once('D:\\trupti\\klamp...')
#7 {main}
CRITICAL - 2022-06-24 17:38:21 --> Undefined index: sales_invoice
#0 D:\trupti\klamp_accounting\app\Models\AddbookModel.php(2054): CodeIgniter\Debug\Exceptions->errorHandler(8, 'Undefined index...', 'D:\\trupti\\klamp...', 2054, Array)
#1 D:\trupti\klamp_accounting\app\Controllers\Addbook.php(645): App\Models\AddbookModel->get_Gnrl_sales_rtn_register_xls(Array)
#2 D:\trupti\klamp_accounting\system\CodeIgniter.php(918): App\Controllers\Addbook->Gnrl_sales_rtn_register_xls()
#3 D:\trupti\klamp_accounting\system\CodeIgniter.php(404): CodeIgniter\CodeIgniter->runController(Object(App\Controllers\Addbook))
#4 D:\trupti\klamp_accounting\system\CodeIgniter.php(312): CodeIgniter\CodeIgniter->handleRequest(NULL, Object(Config\Cache), false)
#5 D:\trupti\klamp_accounting\public\index.php(45): CodeIgniter\CodeIgniter->run()
#6 D:\trupti\klamp_accounting\system\Commands\Server\rewrite.php(34): require_once('D:\\trupti\\klamp...')
#7 {main}
CRITICAL - 2022-06-24 17:42:18 --> Undefined index: sales_invoice
#0 D:\trupti\klamp_accounting\app\Models\AddbookModel.php(2094): CodeIgniter\Debug\Exceptions->errorHandler(8, 'Undefined index...', 'D:\\trupti\\klamp...', 2094, Array)
#1 D:\trupti\klamp_accounting\app\Controllers\Addbook.php(1173): App\Models\AddbookModel->get_Payment_xls(Array)
#2 D:\trupti\klamp_accounting\system\CodeIgniter.php(918): App\Controllers\Addbook->Payment_xls()
#3 D:\trupti\klamp_accounting\system\CodeIgniter.php(404): CodeIgniter\CodeIgniter->runController(Object(App\Controllers\Addbook))
#4 D:\trupti\klamp_accounting\system\CodeIgniter.php(312): CodeIgniter\CodeIgniter->handleRequest(NULL, Object(Config\Cache), false)
#5 D:\trupti\klamp_accounting\public\index.php(45): CodeIgniter\CodeIgniter->run()
#6 D:\trupti\klamp_accounting\system\Commands\Server\rewrite.php(34): require_once('D:\\trupti\\klamp...')
#7 {main}
CRITICAL - 2022-06-24 17:43:15 --> Undefined index: net_amount
#0 D:\trupti\klamp_accounting\app\Models\AddbookModel.php(2095): CodeIgniter\Debug\Exceptions->errorHandler(8, 'Undefined index...', 'D:\\trupti\\klamp...', 2095, Array)
#1 D:\trupti\klamp_accounting\app\Controllers\Addbook.php(1173): App\Models\AddbookModel->get_Payment_xls(Array)
#2 D:\trupti\klamp_accounting\system\CodeIgniter.php(918): App\Controllers\Addbook->Payment_xls()
#3 D:\trupti\klamp_accounting\system\CodeIgniter.php(404): CodeIgniter\CodeIgniter->runController(Object(App\Controllers\Addbook))
#4 D:\trupti\klamp_accounting\system\CodeIgniter.php(312): CodeIgniter\CodeIgniter->handleRequest(NULL, Object(Config\Cache), false)
#5 D:\trupti\klamp_accounting\public\index.php(45): CodeIgniter\CodeIgniter->run()
#6 D:\trupti\klamp_accounting\system\Commands\Server\rewrite.php(34): require_once('D:\\trupti\\klamp...')
#7 {main}
CRITICAL - 2022-06-24 17:45:02 --> Undefined index: total
#0 D:\trupti\klamp_accounting\app\Models\AddbookModel.php(2095): CodeIgniter\Debug\Exceptions->errorHandler(8, 'Undefined index...', 'D:\\trupti\\klamp...', 2095, Array)
#1 D:\trupti\klamp_accounting\app\Controllers\Addbook.php(1173): App\Models\AddbookModel->get_Payment_xls(Array)
#2 D:\trupti\klamp_accounting\system\CodeIgniter.php(918): App\Controllers\Addbook->Payment_xls()
#3 D:\trupti\klamp_accounting\system\CodeIgniter.php(404): CodeIgniter\CodeIgniter->runController(Object(App\Controllers\Addbook))
#4 D:\trupti\klamp_accounting\system\CodeIgniter.php(312): CodeIgniter\CodeIgniter->handleRequest(NULL, Object(Config\Cache), false)
#5 D:\trupti\klamp_accounting\public\index.php(45): CodeIgniter\CodeIgniter->run()
#6 D:\trupti\klamp_accounting\system\Commands\Server\rewrite.php(34): require_once('D:\\trupti\\klamp...')
#7 {main}
