CRITICAL - 2022-09-12 12:46:33 --> Unknown column 'pg.type' in 'field list'
#0 C:\trupti\new_klamp_accounting\system\Database\MySQLi\Connection.php(331): mysqli->query('SELECT `pg`.`id...')
#1 C:\trupti\new_klamp_accounting\system\Database\BaseConnection.php(741): CodeIgniter\Database\MySQLi\Connection->execute('SELECT `pg`.`id...')
#2 C:\trupti\new_klamp_accounting\system\Database\BaseConnection.php(669): CodeIgniter\Database\BaseConnection->simpleQuery('SELECT `pg`.`id...')
#3 C:\trupti\new_klamp_accounting\system\Database\BaseBuilder.php(1860): CodeIgniter\Database\BaseConnection->query('SELECT `pg`.`id...', Array, false)
#4 C:\trupti\new_klamp_accounting\app\Helpers\report_helper.php(1473): CodeIgniter\Database\BaseBuilder->get()
#5 C:\trupti\new_klamp_accounting\app\Controllers\Trading.php(1240): get_trading_expence_account_wise('2021-04-01', '2022-03-31', '115')
#6 C:\trupti\new_klamp_accounting\system\CodeIgniter.php(918): App\Controllers\Trading->get_expence_account_data()
#7 C:\trupti\new_klamp_accounting\system\CodeIgniter.php(404): CodeIgniter\CodeIgniter->runController(Object(App\Controllers\Trading))
#8 C:\trupti\new_klamp_accounting\system\CodeIgniter.php(312): CodeIgniter\CodeIgniter->handleRequest(NULL, Object(Config\Cache), false)
#9 C:\trupti\new_klamp_accounting\public\index.php(45): CodeIgniter\CodeIgniter->run()
#10 C:\trupti\new_klamp_accounting\system\Commands\Server\rewrite.php(34): require_once('C:\\trupti\\new_k...')
#11 {main}
CRITICAL - 2022-09-12 15:03:31 --> Undefined offset: 1
#0 C:\trupti\new_klamp_accounting\app\Models\PurchaseModel.php(2014): CodeIgniter\Debug\Exceptions->errorHandler(8, 'Undefined offse...', 'C:\\trupti\\new_k...', 2014, Array)
#1 C:\trupti\new_klamp_accounting\app\Controllers\Purchase.php(164): App\Models\PurchaseModel->insert_edit_purchaseinvoice(Array)
#2 C:\trupti\new_klamp_accounting\system\CodeIgniter.php(918): App\Controllers\Purchase->add_purchaseinvoice()
#3 C:\trupti\new_klamp_accounting\system\CodeIgniter.php(404): CodeIgniter\CodeIgniter->runController(Object(App\Controllers\Purchase))
#4 C:\trupti\new_klamp_accounting\system\CodeIgniter.php(312): CodeIgniter\CodeIgniter->handleRequest(NULL, Object(Config\Cache), false)
#5 C:\trupti\new_klamp_accounting\public\index.php(45): CodeIgniter\CodeIgniter->run()
#6 C:\trupti\new_klamp_accounting\system\Commands\Server\rewrite.php(34): require_once('C:\\trupti\\new_k...')
#7 {main}
CRITICAL - 2022-09-12 15:03:48 --> Undefined offset: 1
#0 C:\trupti\new_klamp_accounting\app\Models\PurchaseModel.php(2014): CodeIgniter\Debug\Exceptions->errorHandler(8, 'Undefined offse...', 'C:\\trupti\\new_k...', 2014, Array)
#1 C:\trupti\new_klamp_accounting\app\Controllers\Purchase.php(164): App\Models\PurchaseModel->insert_edit_purchaseinvoice(Array)
#2 C:\trupti\new_klamp_accounting\system\CodeIgniter.php(918): App\Controllers\Purchase->add_purchaseinvoice()
#3 C:\trupti\new_klamp_accounting\system\CodeIgniter.php(404): CodeIgniter\CodeIgniter->runController(Object(App\Controllers\Purchase))
#4 C:\trupti\new_klamp_accounting\system\CodeIgniter.php(312): CodeIgniter\CodeIgniter->handleRequest(NULL, Object(Config\Cache), false)
#5 C:\trupti\new_klamp_accounting\public\index.php(45): CodeIgniter\CodeIgniter->run()
#6 C:\trupti\new_klamp_accounting\system\Commands\Server\rewrite.php(34): require_once('C:\\trupti\\new_k...')
#7 {main}
CRITICAL - 2022-09-12 15:05:43 --> Undefined variable: generalPurchase
#0 C:\trupti\new_klamp_accounting\app\Views\trading\expence\general_purchase_monthlyAcc.php(216): CodeIgniter\Debug\Exceptions->errorHandler(8, 'Undefined varia...', 'C:\\trupti\\new_k...', 216, Array)
#1 C:\trupti\new_klamp_accounting\system\View\View.php(246): include('C:\\trupti\\new_k...')
#2 C:\trupti\new_klamp_accounting\app\Common.php(48): CodeIgniter\View\View->render('trading/expence...', Array, true)
#3 C:\trupti\new_klamp_accounting\app\Controllers\Trading.php(2068): view('trading/expence...', Array)
#4 C:\trupti\new_klamp_accounting\system\CodeIgniter.php(918): App\Controllers\Trading->generalPurchase_monthly_AcWise()
#5 C:\trupti\new_klamp_accounting\system\CodeIgniter.php(404): CodeIgniter\CodeIgniter->runController(Object(App\Controllers\Trading))
#6 C:\trupti\new_klamp_accounting\system\CodeIgniter.php(312): CodeIgniter\CodeIgniter->handleRequest(NULL, Object(Config\Cache), false)
#7 C:\trupti\new_klamp_accounting\public\index.php(45): CodeIgniter\CodeIgniter->run()
#8 C:\trupti\new_klamp_accounting\system\Commands\Server\rewrite.php(34): require_once('C:\\trupti\\new_k...')
#9 {main}
CRITICAL - 2022-09-12 15:05:59 --> Undefined variable: generalPurchase
#0 C:\trupti\new_klamp_accounting\app\Views\trading\expence\general_purchase_monthlyAcc.php(216): CodeIgniter\Debug\Exceptions->errorHandler(8, 'Undefined varia...', 'C:\\trupti\\new_k...', 216, Array)
#1 C:\trupti\new_klamp_accounting\system\View\View.php(246): include('C:\\trupti\\new_k...')
#2 C:\trupti\new_klamp_accounting\app\Common.php(48): CodeIgniter\View\View->render('trading/expence...', Array, true)
#3 C:\trupti\new_klamp_accounting\app\Controllers\Trading.php(2068): view('trading/expence...', Array)
#4 C:\trupti\new_klamp_accounting\system\CodeIgniter.php(918): App\Controllers\Trading->generalPurchase_monthly_AcWise()
#5 C:\trupti\new_klamp_accounting\system\CodeIgniter.php(404): CodeIgniter\CodeIgniter->runController(Object(App\Controllers\Trading))
#6 C:\trupti\new_klamp_accounting\system\CodeIgniter.php(312): CodeIgniter\CodeIgniter->handleRequest(NULL, Object(Config\Cache), false)
#7 C:\trupti\new_klamp_accounting\public\index.php(45): CodeIgniter\CodeIgniter->run()
#8 C:\trupti\new_klamp_accounting\system\Commands\Server\rewrite.php(34): require_once('C:\\trupti\\new_k...')
#9 {main}
