CRITICAL - 2021-12-14 23:25:26 --> Unknown collation: 'utf8mb4_0900_ai_ci'
#0 /var/www/html/system/Database/MySQLi/Connection.php(331): mysqli->query()
#1 /var/www/html/system/Database/BaseConnection.php(741): CodeIgniter\Database\MySQLi\Connection->execute()
#2 /var/www/html/system/Database/BaseConnection.php(669): CodeIgniter\Database\BaseConnection->simpleQuery()
#3 /var/www/html/app/Models/CompanyModel.php(286): CodeIgniter\Database\BaseConnection->query()
#4 /var/www/html/app/Controllers/Company.php(56): App\Models\CompanyModel->insert_edit_company()
#5 /var/www/html/system/CodeIgniter.php(918): App\Controllers\Company->CreateCompany()
#6 /var/www/html/system/CodeIgniter.php(404): CodeIgniter\CodeIgniter->runController()
#7 /var/www/html/system/CodeIgniter.php(312): CodeIgniter\CodeIgniter->handleRequest()
#8 /var/www/html/public/index.php(45): CodeIgniter\CodeIgniter->run()
#9 {main}
CRITICAL - 2021-12-14 23:25:32 --> Unknown collation: 'utf8mb4_0900_ai_ci'
#0 /var/www/html/system/Database/MySQLi/Connection.php(331): mysqli->query()
#1 /var/www/html/system/Database/BaseConnection.php(741): CodeIgniter\Database\MySQLi\Connection->execute()
#2 /var/www/html/system/Database/BaseConnection.php(669): CodeIgniter\Database\BaseConnection->simpleQuery()
#3 /var/www/html/app/Models/CompanyModel.php(286): CodeIgniter\Database\BaseConnection->query()
#4 /var/www/html/app/Controllers/Company.php(56): App\Models\CompanyModel->insert_edit_company()
#5 /var/www/html/system/CodeIgniter.php(918): App\Controllers\Company->CreateCompany()
#6 /var/www/html/system/CodeIgniter.php(404): CodeIgniter\CodeIgniter->runController()
#7 /var/www/html/system/CodeIgniter.php(312): CodeIgniter\CodeIgniter->handleRequest()
#8 /var/www/html/public/index.php(45): CodeIgniter\CodeIgniter->run()
#9 {main}
CRITICAL - 2021-12-14 23:30:08 --> Undefined variable: tot_pg_expens
#0 /var/www/html/app/Helpers/report_helper.php(640): CodeIgniter\Debug\Exceptions->errorHandler()
#1 /var/www/html/app/Controllers/Trading.php(54): trading_expense_data()
#2 /var/www/html/system/CodeIgniter.php(918): App\Controllers\Trading->dashboard()
#3 /var/www/html/system/CodeIgniter.php(404): CodeIgniter\CodeIgniter->runController()
#4 /var/www/html/system/CodeIgniter.php(312): CodeIgniter\CodeIgniter->handleRequest()
#5 /var/www/html/public/index.php(45): CodeIgniter\CodeIgniter->run()
#6 {main}
CRITICAL - 2021-12-14 23:30:23 --> Undefined variable: tot_pg_expens
#0 /var/www/html/app/Helpers/report_helper.php(640): CodeIgniter\Debug\Exceptions->errorHandler()
#1 /var/www/html/app/Controllers/Trading.php(54): trading_expense_data()
#2 /var/www/html/system/CodeIgniter.php(918): App\Controllers\Trading->dashboard()
#3 /var/www/html/system/CodeIgniter.php(404): CodeIgniter\CodeIgniter->runController()
#4 /var/www/html/system/CodeIgniter.php(312): CodeIgniter\CodeIgniter->handleRequest()
#5 /var/www/html/public/index.php(45): CodeIgniter\CodeIgniter->run()
#6 {main}
CRITICAL - 2021-12-14 23:32:52 --> Undefined variable: tot_pg_expens
#0 /var/www/html/app/Helpers/report_helper.php(640): CodeIgniter\Debug\Exceptions->errorHandler()
#1 /var/www/html/app/Controllers/Trading.php(54): trading_expense_data()
#2 /var/www/html/system/CodeIgniter.php(918): App\Controllers\Trading->dashboard()
#3 /var/www/html/system/CodeIgniter.php(404): CodeIgniter\CodeIgniter->runController()
#4 /var/www/html/system/CodeIgniter.php(312): CodeIgniter\CodeIgniter->handleRequest()
#5 /var/www/html/public/index.php(45): CodeIgniter\CodeIgniter->run()
#6 {main}
CRITICAL - 2021-12-14 23:33:00 --> Undefined variable: total
#0 /var/www/html/app/Controllers/Trading.php(77): CodeIgniter\Debug\Exceptions->errorHandler()
#1 /var/www/html/app/Controllers/Trading.php(57): App\Controllers\Trading->expense_total()
#2 /var/www/html/system/CodeIgniter.php(918): App\Controllers\Trading->dashboard()
#3 /var/www/html/system/CodeIgniter.php(404): CodeIgniter\CodeIgniter->runController()
#4 /var/www/html/system/CodeIgniter.php(312): CodeIgniter\CodeIgniter->handleRequest()
#5 /var/www/html/public/index.php(45): CodeIgniter\CodeIgniter->run()
#6 {main}
CRITICAL - 2021-12-14 23:33:30 --> Undefined variable: total
#0 /var/www/html/app/Controllers/Trading.php(77): CodeIgniter\Debug\Exceptions->errorHandler()
#1 /var/www/html/app/Controllers/Trading.php(57): App\Controllers\Trading->expense_total()
#2 /var/www/html/system/CodeIgniter.php(918): App\Controllers\Trading->dashboard()
#3 /var/www/html/system/CodeIgniter.php(404): CodeIgniter\CodeIgniter->runController()
#4 /var/www/html/system/CodeIgniter.php(312): CodeIgniter\CodeIgniter->handleRequest()
#5 /var/www/html/public/index.php(45): CodeIgniter\CodeIgniter->run()
#6 {main}
CRITICAL - 2021-12-14 23:33:53 --> Undefined variable: result
#0 /var/www/html/app/Models/SalesModel.php(692): CodeIgniter\Debug\Exceptions->errorHandler()
#1 /var/www/html/app/Controllers/Sales.php(407): App\Models\SalesModel->search_item_data()
#2 /var/www/html/system/CodeIgniter.php(918): App\Controllers\Sales->Getdata()
#3 /var/www/html/system/CodeIgniter.php(404): CodeIgniter\CodeIgniter->runController()
#4 /var/www/html/system/CodeIgniter.php(312): CodeIgniter\CodeIgniter->handleRequest()
#5 /var/www/html/public/index.php(45): CodeIgniter\CodeIgniter->run()
#6 {main}
