CRITICAL - 2022-07-15 10:17:30 --> Table 'manifest_erp.gl_group' doesn't exist
#0 D:\trupti\new_klamp_accounting\system\Database\MySQLi\Connection.php(331): mysqli->query('SELECT `id`\nFRO...')
#1 D:\trupti\new_klamp_accounting\system\Database\BaseConnection.php(741): CodeIgniter\Database\MySQLi\Connection->execute('SELECT `id`\nFRO...')
#2 D:\trupti\new_klamp_accounting\system\Database\BaseConnection.php(669): CodeIgniter\Database\BaseConnection->simpleQuery('SELECT `id`\nFRO...')
#3 D:\trupti\new_klamp_accounting\system\Database\BaseBuilder.php(1860): CodeIgniter\Database\BaseConnection->query('SELECT `id`\nFRO...', Array, false)
#4 D:\trupti\new_klamp_accounting\app\Helpers\report_helper.php(5438): CodeIgniter\Database\BaseBuilder->get()
#5 D:\trupti\new_klamp_accounting\app\Controllers\Addbook.php(329): get_legderoutstanding_data(Array)
#6 D:\trupti\new_klamp_accounting\system\CodeIgniter.php(918): App\Controllers\Addbook->Ledger_outstanding_report()
#7 D:\trupti\new_klamp_accounting\system\CodeIgniter.php(404): CodeIgniter\CodeIgniter->runController(Object(App\Controllers\Addbook))
#8 D:\trupti\new_klamp_accounting\system\CodeIgniter.php(312): CodeIgniter\CodeIgniter->handleRequest(NULL, Object(Config\Cache), false)
#9 D:\trupti\new_klamp_accounting\public\index.php(45): CodeIgniter\CodeIgniter->run()
#10 D:\trupti\new_klamp_accounting\system\Commands\Server\rewrite.php(34): require_once('D:\\trupti\\new_k...')
#11 {main}
CRITICAL - 2022-07-15 10:38:53 --> Array to string conversion
#0 D:\trupti\new_klamp_accounting\app\Views\addbook\ledger_outstanding_report.php(120): CodeIgniter\Debug\Exceptions->errorHandler(8, 'Array to string...', 'D:\\trupti\\new_k...', 120, Array)
#1 D:\trupti\new_klamp_accounting\system\View\View.php(246): include('D:\\trupti\\new_k...')
#2 D:\trupti\new_klamp_accounting\app\Common.php(48): CodeIgniter\View\View->render('addbook/ledger_...', Array, true)
#3 D:\trupti\new_klamp_accounting\app\Controllers\Addbook.php(339): view('addbook/ledger_...', Array)
#4 D:\trupti\new_klamp_accounting\system\CodeIgniter.php(918): App\Controllers\Addbook->Ledger_outstanding_report()
#5 D:\trupti\new_klamp_accounting\system\CodeIgniter.php(404): CodeIgniter\CodeIgniter->runController(Object(App\Controllers\Addbook))
#6 D:\trupti\new_klamp_accounting\system\CodeIgniter.php(312): CodeIgniter\CodeIgniter->handleRequest(NULL, Object(Config\Cache), false)
#7 D:\trupti\new_klamp_accounting\public\index.php(45): CodeIgniter\CodeIgniter->run()
#8 D:\trupti\new_klamp_accounting\system\Commands\Server\rewrite.php(34): require_once('D:\\trupti\\new_k...')
#9 {main}
CRITICAL - 2022-07-15 10:42:17 --> Undefined variable: ac_id
#0 D:\trupti\new_klamp_accounting\app\Controllers\Addbook.php(280): CodeIgniter\Debug\Exceptions->errorHandler(8, 'Undefined varia...', 'D:\\trupti\\new_k...', 280, Array)
#1 D:\trupti\new_klamp_accounting\system\CodeIgniter.php(918): App\Controllers\Addbook->Ledger_outstanding()
#2 D:\trupti\new_klamp_accounting\system\CodeIgniter.php(404): CodeIgniter\CodeIgniter->runController(Object(App\Controllers\Addbook))
#3 D:\trupti\new_klamp_accounting\system\CodeIgniter.php(312): CodeIgniter\CodeIgniter->handleRequest(NULL, Object(Config\Cache), false)
#4 D:\trupti\new_klamp_accounting\public\index.php(45): CodeIgniter\CodeIgniter->run()
#5 D:\trupti\new_klamp_accounting\system\Commands\Server\rewrite.php(34): require_once('D:\\trupti\\new_k...')
#6 {main}
CRITICAL - 2022-07-15 12:46:24 --> Unknown database 'ace20227t93'
#0 D:\trupti\new_klamp_accounting\system\Database\MySQLi\Connection.php(278): mysqli->select_db('ACE20227T93')
#1 D:\trupti\new_klamp_accounting\app\Helpers\base_helper.php(132): CodeIgniter\Database\MySQLi\Connection->setDatabase('ACE20227T93')
#2 D:\trupti\new_klamp_accounting\app\Models\AccountModel.php(195): getManagedData('account a', Array, Array, 'and is_delete=0')
#3 D:\trupti\new_klamp_accounting\app\Controllers\Account.php(53): App\Models\AccountModel->get_account_data(Array)
#4 D:\trupti\new_klamp_accounting\system\CodeIgniter.php(918): App\Controllers\Account->Getdata('account')
#5 D:\trupti\new_klamp_accounting\system\CodeIgniter.php(404): CodeIgniter\CodeIgniter->runController(Object(App\Controllers\Account))
#6 D:\trupti\new_klamp_accounting\system\CodeIgniter.php(312): CodeIgniter\CodeIgniter->handleRequest(NULL, Object(Config\Cache), false)
#7 D:\trupti\new_klamp_accounting\public\index.php(45): CodeIgniter\CodeIgniter->run()
#8 D:\trupti\new_klamp_accounting\system\Commands\Server\rewrite.php(34): require_once('D:\\trupti\\new_k...')
#9 {main}
CRITICAL - 2022-07-15 14:24:42 --> Undefined variable: item
#0 D:\trupti\new_klamp_accounting\app\Views\pdf\general_sales.php(281): CodeIgniter\Debug\Exceptions->errorHandler(8, 'Undefined varia...', 'D:\\trupti\\new_k...', 281, Array)
#1 D:\trupti\new_klamp_accounting\system\View\View.php(246): include('D:\\trupti\\new_k...')
#2 D:\trupti\new_klamp_accounting\app\Common.php(48): CodeIgniter\View\View->render('pdf/general_sal...', Array, true)
#3 D:\trupti\new_klamp_accounting\app\Controllers\Sales.php(286): view('pdf/general_sal...', Array)
#4 D:\trupti\new_klamp_accounting\system\CodeIgniter.php(918): App\Controllers\Sales->pdf_general('58')
#5 D:\trupti\new_klamp_accounting\system\CodeIgniter.php(404): CodeIgniter\CodeIgniter->runController(Object(App\Controllers\Sales))
#6 D:\trupti\new_klamp_accounting\system\CodeIgniter.php(312): CodeIgniter\CodeIgniter->handleRequest(NULL, Object(Config\Cache), false)
#7 D:\trupti\new_klamp_accounting\public\index.php(45): CodeIgniter\CodeIgniter->run()
#8 D:\trupti\new_klamp_accounting\system\Commands\Server\rewrite.php(34): require_once('D:\\trupti\\new_k...')
#9 {main}
CRITICAL - 2022-07-15 14:55:39 --> Undefined variable: discount_amt
#0 D:\trupti\new_klamp_accounting\app\Views\pdf\general_sales.php(297): CodeIgniter\Debug\Exceptions->errorHandler(8, 'Undefined varia...', 'D:\\trupti\\new_k...', 297, Array)
#1 D:\trupti\new_klamp_accounting\system\View\View.php(246): include('D:\\trupti\\new_k...')
#2 D:\trupti\new_klamp_accounting\app\Common.php(48): CodeIgniter\View\View->render('pdf/general_sal...', Array, true)
#3 D:\trupti\new_klamp_accounting\app\Controllers\Sales.php(286): view('pdf/general_sal...', Array)
#4 D:\trupti\new_klamp_accounting\system\CodeIgniter.php(918): App\Controllers\Sales->pdf_general('55')
#5 D:\trupti\new_klamp_accounting\system\CodeIgniter.php(404): CodeIgniter\CodeIgniter->runController(Object(App\Controllers\Sales))
#6 D:\trupti\new_klamp_accounting\system\CodeIgniter.php(312): CodeIgniter\CodeIgniter->handleRequest(NULL, Object(Config\Cache), false)
#7 D:\trupti\new_klamp_accounting\public\index.php(45): CodeIgniter\CodeIgniter->run()
#8 D:\trupti\new_klamp_accounting\system\Commands\Server\rewrite.php(34): require_once('D:\\trupti\\new_k...')
#9 {main}
CRITICAL - 2022-07-15 15:07:25 --> Unknown column 'bank_name' in 'field list'
#0 D:\trupti\new_klamp_accounting\system\Database\MySQLi\Connection.php(331): mysqli->query('UPDATE `purchas...')
#1 D:\trupti\new_klamp_accounting\system\Database\BaseConnection.php(741): CodeIgniter\Database\MySQLi\Connection->execute('UPDATE `purchas...')
#2 D:\trupti\new_klamp_accounting\system\Database\BaseConnection.php(669): CodeIgniter\Database\BaseConnection->simpleQuery('UPDATE `purchas...')
#3 D:\trupti\new_klamp_accounting\system\Database\BaseBuilder.php(2456): CodeIgniter\Database\BaseConnection->query('UPDATE `purchas...', Array, false)
#4 D:\trupti\new_klamp_accounting\app\Models\PurchaseModel.php(1119): CodeIgniter\Database\BaseBuilder->update(Array)
#5 D:\trupti\new_klamp_accounting\app\Controllers\Purchase.php(238): App\Models\PurchaseModel->insert_edit_general_pur(Array)
#6 D:\trupti\new_klamp_accounting\system\CodeIgniter.php(918): App\Controllers\Purchase->add_general_pur('general')
#7 D:\trupti\new_klamp_accounting\system\CodeIgniter.php(404): CodeIgniter\CodeIgniter->runController(Object(App\Controllers\Purchase))
#8 D:\trupti\new_klamp_accounting\system\CodeIgniter.php(312): CodeIgniter\CodeIgniter->handleRequest(NULL, Object(Config\Cache), false)
#9 D:\trupti\new_klamp_accounting\public\index.php(45): CodeIgniter\CodeIgniter->run()
#10 D:\trupti\new_klamp_accounting\system\Commands\Server\rewrite.php(34): require_once('D:\\trupti\\new_k...')
#11 {main}
CRITICAL - 2022-07-15 15:07:42 --> Unknown column 'bank_name' in 'field list'
#0 D:\trupti\new_klamp_accounting\system\Database\MySQLi\Connection.php(331): mysqli->query('UPDATE `purchas...')
#1 D:\trupti\new_klamp_accounting\system\Database\BaseConnection.php(741): CodeIgniter\Database\MySQLi\Connection->execute('UPDATE `purchas...')
#2 D:\trupti\new_klamp_accounting\system\Database\BaseConnection.php(669): CodeIgniter\Database\BaseConnection->simpleQuery('UPDATE `purchas...')
#3 D:\trupti\new_klamp_accounting\system\Database\BaseBuilder.php(2456): CodeIgniter\Database\BaseConnection->query('UPDATE `purchas...', Array, false)
#4 D:\trupti\new_klamp_accounting\app\Models\PurchaseModel.php(1119): CodeIgniter\Database\BaseBuilder->update(Array)
#5 D:\trupti\new_klamp_accounting\app\Controllers\Purchase.php(238): App\Models\PurchaseModel->insert_edit_general_pur(Array)
#6 D:\trupti\new_klamp_accounting\system\CodeIgniter.php(918): App\Controllers\Purchase->add_general_pur('general')
#7 D:\trupti\new_klamp_accounting\system\CodeIgniter.php(404): CodeIgniter\CodeIgniter->runController(Object(App\Controllers\Purchase))
#8 D:\trupti\new_klamp_accounting\system\CodeIgniter.php(312): CodeIgniter\CodeIgniter->handleRequest(NULL, Object(Config\Cache), false)
#9 D:\trupti\new_klamp_accounting\public\index.php(45): CodeIgniter\CodeIgniter->run()
#10 D:\trupti\new_klamp_accounting\system\Commands\Server\rewrite.php(34): require_once('D:\\trupti\\new_k...')
#11 {main}
CRITICAL - 2022-07-15 15:15:45 --> Unknown column 'bank_name' in 'field list'
#0 D:\trupti\new_klamp_accounting\system\Database\MySQLi\Connection.php(331): mysqli->query('UPDATE `purchas...')
#1 D:\trupti\new_klamp_accounting\system\Database\BaseConnection.php(741): CodeIgniter\Database\MySQLi\Connection->execute('UPDATE `purchas...')
#2 D:\trupti\new_klamp_accounting\system\Database\BaseConnection.php(669): CodeIgniter\Database\BaseConnection->simpleQuery('UPDATE `purchas...')
#3 D:\trupti\new_klamp_accounting\system\Database\BaseBuilder.php(2456): CodeIgniter\Database\BaseConnection->query('UPDATE `purchas...', Array, false)
#4 D:\trupti\new_klamp_accounting\app\Models\PurchaseModel.php(1119): CodeIgniter\Database\BaseBuilder->update(Array)
#5 D:\trupti\new_klamp_accounting\app\Controllers\Purchase.php(238): App\Models\PurchaseModel->insert_edit_general_pur(Array)
#6 D:\trupti\new_klamp_accounting\system\CodeIgniter.php(918): App\Controllers\Purchase->add_general_pur('general')
#7 D:\trupti\new_klamp_accounting\system\CodeIgniter.php(404): CodeIgniter\CodeIgniter->runController(Object(App\Controllers\Purchase))
#8 D:\trupti\new_klamp_accounting\system\CodeIgniter.php(312): CodeIgniter\CodeIgniter->handleRequest(NULL, Object(Config\Cache), false)
#9 D:\trupti\new_klamp_accounting\public\index.php(45): CodeIgniter\CodeIgniter->run()
#10 D:\trupti\new_klamp_accounting\system\Commands\Server\rewrite.php(34): require_once('D:\\trupti\\new_k...')
#11 {main}
CRITICAL - 2022-07-15 15:21:09 --> Unknown column 'bank_name' in 'field list'
#0 D:\trupti\new_klamp_accounting\system\Database\MySQLi\Connection.php(331): mysqli->query('UPDATE `purchas...')
#1 D:\trupti\new_klamp_accounting\system\Database\BaseConnection.php(741): CodeIgniter\Database\MySQLi\Connection->execute('UPDATE `purchas...')
#2 D:\trupti\new_klamp_accounting\system\Database\BaseConnection.php(669): CodeIgniter\Database\BaseConnection->simpleQuery('UPDATE `purchas...')
#3 D:\trupti\new_klamp_accounting\system\Database\BaseBuilder.php(2456): CodeIgniter\Database\BaseConnection->query('UPDATE `purchas...', Array, false)
#4 D:\trupti\new_klamp_accounting\app\Models\PurchaseModel.php(1119): CodeIgniter\Database\BaseBuilder->update(Array)
#5 D:\trupti\new_klamp_accounting\app\Controllers\Purchase.php(238): App\Models\PurchaseModel->insert_edit_general_pur(Array)
#6 D:\trupti\new_klamp_accounting\system\CodeIgniter.php(918): App\Controllers\Purchase->add_general_pur('general')
#7 D:\trupti\new_klamp_accounting\system\CodeIgniter.php(404): CodeIgniter\CodeIgniter->runController(Object(App\Controllers\Purchase))
#8 D:\trupti\new_klamp_accounting\system\CodeIgniter.php(312): CodeIgniter\CodeIgniter->handleRequest(NULL, Object(Config\Cache), false)
#9 D:\trupti\new_klamp_accounting\public\index.php(45): CodeIgniter\CodeIgniter->run()
#10 D:\trupti\new_klamp_accounting\system\Commands\Server\rewrite.php(34): require_once('D:\\trupti\\new_k...')
#11 {main}
CRITICAL - 2022-07-15 15:56:30 --> Undefined variable: invoice
#0 D:\trupti\new_klamp_accounting\app\Views\pdf\general_purchase.php(270): CodeIgniter\Debug\Exceptions->errorHandler(8, 'Undefined varia...', 'D:\\trupti\\new_k...', 270, Array)
#1 D:\trupti\new_klamp_accounting\system\View\View.php(246): include('D:\\trupti\\new_k...')
#2 D:\trupti\new_klamp_accounting\app\Common.php(48): CodeIgniter\View\View->render('pdf/general_pur...', Array, true)
#3 D:\trupti\new_klamp_accounting\app\Controllers\Purchase.php(493): view('pdf/general_pur...', Array)
#4 D:\trupti\new_klamp_accounting\system\CodeIgniter.php(918): App\Controllers\Purchase->pdf_general('100')
#5 D:\trupti\new_klamp_accounting\system\CodeIgniter.php(404): CodeIgniter\CodeIgniter->runController(Object(App\Controllers\Purchase))
#6 D:\trupti\new_klamp_accounting\system\CodeIgniter.php(312): CodeIgniter\CodeIgniter->handleRequest(NULL, Object(Config\Cache), false)
#7 D:\trupti\new_klamp_accounting\public\index.php(45): CodeIgniter\CodeIgniter->run()
#8 D:\trupti\new_klamp_accounting\system\Commands\Server\rewrite.php(34): require_once('D:\\trupti\\new_k...')
#9 {main}
CRITICAL - 2022-07-15 16:44:46 --> Call to a member function get_cellmap() on null
#0 D:\trupti\new_klamp_accounting\vendor\dompdf\dompdf\src\FrameDecorator\AbstractFrameDecorator.php(895): Dompdf\FrameReflower\TableCell->reflow(NULL)
#1 D:\trupti\new_klamp_accounting\vendor\dompdf\dompdf\src\FrameReflower\TableRow.php(52): Dompdf\FrameDecorator\AbstractFrameDecorator->reflow()
#2 D:\trupti\new_klamp_accounting\vendor\dompdf\dompdf\src\FrameDecorator\AbstractFrameDecorator.php(895): Dompdf\FrameReflower\TableRow->reflow(Object(Dompdf\FrameDecorator\Block))
#3 D:\trupti\new_klamp_accounting\vendor\dompdf\dompdf\src\FrameReflower\Block.php(845): Dompdf\FrameDecorator\AbstractFrameDecorator->reflow(Object(Dompdf\FrameDecorator\Block))
#4 D:\trupti\new_klamp_accounting\vendor\dompdf\dompdf\src\FrameDecorator\AbstractFrameDecorator.php(895): Dompdf\FrameReflower\Block->reflow(Object(Dompdf\FrameDecorator\Block))
#5 D:\trupti\new_klamp_accounting\vendor\dompdf\dompdf\src\FrameReflower\Block.php(845): Dompdf\FrameDecorator\AbstractFrameDecorator->reflow(Object(Dompdf\FrameDecorator\Block))
#6 D:\trupti\new_klamp_accounting\vendor\dompdf\dompdf\src\FrameDecorator\AbstractFrameDecorator.php(895): Dompdf\FrameReflower\Block->reflow(NULL)
#7 D:\trupti\new_klamp_accounting\vendor\dompdf\dompdf\src\FrameReflower\Page.php(141): Dompdf\FrameDecorator\AbstractFrameDecorator->reflow()
#8 D:\trupti\new_klamp_accounting\vendor\dompdf\dompdf\src\FrameDecorator\AbstractFrameDecorator.php(895): Dompdf\FrameReflower\Page->reflow(NULL)
#9 D:\trupti\new_klamp_accounting\vendor\dompdf\dompdf\src\Dompdf.php(838): Dompdf\FrameDecorator\AbstractFrameDecorator->reflow()
#10 D:\trupti\new_klamp_accounting\app\Controllers\Sales.php(295): Dompdf\Dompdf->render()
#11 D:\trupti\new_klamp_accounting\system\CodeIgniter.php(918): App\Controllers\Sales->pdf_general('58')
#12 D:\trupti\new_klamp_accounting\system\CodeIgniter.php(404): CodeIgniter\CodeIgniter->runController(Object(App\Controllers\Sales))
#13 D:\trupti\new_klamp_accounting\system\CodeIgniter.php(312): CodeIgniter\CodeIgniter->handleRequest(NULL, Object(Config\Cache), false)
#14 D:\trupti\new_klamp_accounting\public\index.php(45): CodeIgniter\CodeIgniter->run()
#15 D:\trupti\new_klamp_accounting\system\Commands\Server\rewrite.php(34): require_once('D:\\trupti\\new_k...')
#16 {main}
CRITICAL - 2022-07-15 16:44:58 --> Allowed memory size of 536870912 bytes exhausted (tried to allocate 260050944 bytes)
#0 [internal function]: CodeIgniter\Debug\Exceptions->shutdownHandler()
#1 {main}
