CRITICAL - 2022-09-30 10:36:54 --> Maximum execution time of 60 seconds exceeded
#0 [internal function]: CodeIgniter\Debug\Exceptions->shutdownHandler()
#1 {main}
CRITICAL - 2022-09-30 10:38:05 --> Maximum execution time of 60 seconds exceeded
#0 [internal function]: CodeIgniter\Debug\Exceptions->shutdownHandler()
#1 {main}
CRITICAL - 2022-09-30 10:39:24 --> Maximum execution time of 60 seconds exceeded
#0 [internal function]: CodeIgniter\Debug\Exceptions->shutdownHandler()
#1 {main}
CRITICAL - 2022-09-30 10:40:30 --> Maximum execution time of 60 seconds exceeded
#0 [internal function]: CodeIgniter\Debug\Exceptions->shutdownHandler()
#1 {main}
CRITICAL - 2022-09-30 10:43:13 --> Maximum execution time of 60 seconds exceeded
#0 [internal function]: CodeIgniter\Debug\Exceptions->shutdownHandler()
#1 {main}
CRITICAL - 2022-09-30 10:44:46 --> Maximum execution time of 60 seconds exceeded
#0 [internal function]: CodeIgniter\Debug\Exceptions->shutdownHandler()
#1 {main}
CRITICAL - 2022-09-30 10:46:05 --> Maximum execution time of 60 seconds exceeded
#0 [internal function]: CodeIgniter\Debug\Exceptions->shutdownHandler()
#1 {main}
CRITICAL - 2022-09-30 10:46:54 --> MySQL server has gone away
#0 D:\new_klamp_accounting\system\Database\MySQLi\Connection.php(331): mysqli->query('SELECT `pi`.*, ...')
#1 D:\new_klamp_accounting\system\Database\BaseConnection.php(741): CodeIgniter\Database\MySQLi\Connection->execute('SELECT `pi`.*, ...')
#2 D:\new_klamp_accounting\system\Database\BaseConnection.php(669): CodeIgniter\Database\BaseConnection->simpleQuery('SELECT `pi`.*, ...')
#3 D:\new_klamp_accounting\system\Database\BaseBuilder.php(1860): CodeIgniter\Database\BaseConnection->query('SELECT `pi`.*, ...', Array, false)
#4 D:\new_klamp_accounting\app\Helpers\report_helper.php(685): CodeIgniter\Database\BaseBuilder->get()
#5 D:\new_klamp_accounting\app\Models\TradingModel.php(43): sale_purchase_itm_total('2021-04-01', '2022-03-31')
#6 D:\new_klamp_accounting\app\Controllers\Trading.php(252): App\Models\TradingModel->get_closing_stock('2021-04-01', '2022-03-31')
#7 D:\new_klamp_accounting\system\CodeIgniter.php(918): App\Controllers\Trading->pl_dashboard()
#8 D:\new_klamp_accounting\system\CodeIgniter.php(404): CodeIgniter\CodeIgniter->runController(Object(App\Controllers\Trading))
#9 D:\new_klamp_accounting\system\CodeIgniter.php(312): CodeIgniter\CodeIgniter->handleRequest(NULL, Object(Config\Cache), false)
#10 D:\new_klamp_accounting\public\index.php(45): CodeIgniter\CodeIgniter->run()
#11 D:\new_klamp_accounting\system\Commands\Server\rewrite.php(34): require_once('D:\\new_klamp_ac...')
#12 {main}
CRITICAL - 2022-09-30 10:48:23 --> Maximum execution time of 60 seconds exceeded
#0 [internal function]: CodeIgniter\Debug\Exceptions->shutdownHandler()
#1 {main}
CRITICAL - 2022-09-30 10:49:54 --> Maximum execution time of 60 seconds exceeded
#0 [internal function]: CodeIgniter\Debug\Exceptions->shutdownHandler()
#1 {main}
CRITICAL - 2022-09-30 10:51:39 --> Maximum execution time of 60 seconds exceeded
#0 [internal function]: CodeIgniter\Debug\Exceptions->shutdownHandler()
#1 {main}
CRITICAL - 2022-09-30 10:55:42 --> Maximum execution time of 60 seconds exceeded
#0 [internal function]: CodeIgniter\Debug\Exceptions->shutdownHandler()
#1 {main}
CRITICAL - 2022-09-30 10:56:54 --> Maximum execution time of 60 seconds exceeded
#0 [internal function]: CodeIgniter\Debug\Exceptions->shutdownHandler()
#1 {main}
CRITICAL - 2022-09-30 10:58:23 --> Maximum execution time of 60 seconds exceeded
#0 [internal function]: CodeIgniter\Debug\Exceptions->shutdownHandler()
#1 {main}
CRITICAL - 2022-09-30 10:59:39 --> Maximum execution time of 60 seconds exceeded
#0 [internal function]: CodeIgniter\Debug\Exceptions->shutdownHandler()
#1 {main}
CRITICAL - 2022-09-30 11:02:07 --> Maximum execution time of 60 seconds exceeded
#0 [internal function]: CodeIgniter\Debug\Exceptions->shutdownHandler()
#1 {main}
CRITICAL - 2022-09-30 11:03:07 --> Maximum execution time of 60 seconds exceeded
#0 [internal function]: CodeIgniter\Debug\Exceptions->shutdownHandler()
#1 {main}
