CRITICAL - 2022-06-28 10:16:58 --> Undefined offset: 0
#0 D:\trupti\klamp_accounting\app\Helpers\report_helper.php(5357): CodeIgniter\Debug\Exceptions->errorHandler(8, 'Undefined offse...', 'D:\\trupti\\klamp...', 5357, Array)
#1 D:\trupti\klamp_accounting\app\Models\AddbookModel.php(4618): Ledger_outstanding('121', '2021-01-01', '2022-06-17')
#2 D:\trupti\klamp_accounting\app\Controllers\Addbook.php(291): App\Models\AddbookModel->ledgeroutstanding_xls_export_data(Array)
#3 D:\trupti\klamp_accounting\system\CodeIgniter.php(918): App\Controllers\Addbook->ledgeroutstanding_xls_export()
#4 D:\trupti\klamp_accounting\system\CodeIgniter.php(404): CodeIgniter\CodeIgniter->runController(Object(App\Controllers\Addbook))
#5 D:\trupti\klamp_accounting\system\CodeIgniter.php(312): CodeIgniter\CodeIgniter->handleRequest(NULL, Object(Config\Cache), false)
#6 D:\trupti\klamp_accounting\public\index.php(45): CodeIgniter\CodeIgniter->run()
#7 D:\trupti\klamp_accounting\system\Commands\Server\rewrite.php(34): require_once('D:\\trupti\\klamp...')
#8 {main}
CRITICAL - 2022-06-28 10:17:31 --> Undefined offset: 0
#0 D:\trupti\klamp_accounting\app\Helpers\report_helper.php(5357): CodeIgniter\Debug\Exceptions->errorHandler(8, 'Undefined offse...', 'D:\\trupti\\klamp...', 5357, Array)
#1 D:\trupti\klamp_accounting\app\Controllers\Addbook.php(270): Ledger_outstanding('121', '01-01-2021', '17-06-2022')
#2 D:\trupti\klamp_accounting\system\CodeIgniter.php(918): App\Controllers\Addbook->Ledger_outstanding()
#3 D:\trupti\klamp_accounting\system\CodeIgniter.php(404): CodeIgniter\CodeIgniter->runController(Object(App\Controllers\Addbook))
#4 D:\trupti\klamp_accounting\system\CodeIgniter.php(312): CodeIgniter\CodeIgniter->handleRequest(NULL, Object(Config\Cache), false)
#5 D:\trupti\klamp_accounting\public\index.php(45): CodeIgniter\CodeIgniter->run()
#6 D:\trupti\klamp_accounting\system\Commands\Server\rewrite.php(34): require_once('D:\\trupti\\klamp...')
#7 {main}
CRITICAL - 2022-06-28 10:19:31 --> Undefined offset: 0
#0 D:\trupti\klamp_accounting\app\Helpers\report_helper.php(5390): CodeIgniter\Debug\Exceptions->errorHandler(8, 'Undefined offse...', 'D:\\trupti\\klamp...', 5390, Array)
#1 D:\trupti\klamp_accounting\app\Controllers\Addbook.php(270): Ledger_outstanding('121', '01-01-2021', '17-06-2022')
#2 D:\trupti\klamp_accounting\system\CodeIgniter.php(918): App\Controllers\Addbook->Ledger_outstanding()
#3 D:\trupti\klamp_accounting\system\CodeIgniter.php(404): CodeIgniter\CodeIgniter->runController(Object(App\Controllers\Addbook))
#4 D:\trupti\klamp_accounting\system\CodeIgniter.php(312): CodeIgniter\CodeIgniter->handleRequest(NULL, Object(Config\Cache), false)
#5 D:\trupti\klamp_accounting\public\index.php(45): CodeIgniter\CodeIgniter->run()
#6 D:\trupti\klamp_accounting\system\Commands\Server\rewrite.php(34): require_once('D:\\trupti\\klamp...')
#7 {main}
CRITICAL - 2022-06-28 10:21:42 --> Undefined offset: 0
#0 D:\trupti\klamp_accounting\app\Helpers\report_helper.php(5390): CodeIgniter\Debug\Exceptions->errorHandler(8, 'Undefined offse...', 'D:\\trupti\\klamp...', 5390, Array)
#1 D:\trupti\klamp_accounting\app\Controllers\Addbook.php(270): Ledger_outstanding('121', '01-01-2021', '17-06-2022')
#2 D:\trupti\klamp_accounting\system\CodeIgniter.php(918): App\Controllers\Addbook->Ledger_outstanding()
#3 D:\trupti\klamp_accounting\system\CodeIgniter.php(404): CodeIgniter\CodeIgniter->runController(Object(App\Controllers\Addbook))
#4 D:\trupti\klamp_accounting\system\CodeIgniter.php(312): CodeIgniter\CodeIgniter->handleRequest(NULL, Object(Config\Cache), false)
#5 D:\trupti\klamp_accounting\public\index.php(45): CodeIgniter\CodeIgniter->run()
#6 D:\trupti\klamp_accounting\system\Commands\Server\rewrite.php(34): require_once('D:\\trupti\\klamp...')
#7 {main}
CRITICAL - 2022-06-28 10:22:49 --> Undefined index: date
#0 D:\trupti\klamp_accounting\app\Helpers\report_helper.php(5391): CodeIgniter\Debug\Exceptions->errorHandler(8, 'Undefined index...', 'D:\\trupti\\klamp...', 5391, Array)
#1 D:\trupti\klamp_accounting\app\Controllers\Addbook.php(270): Ledger_outstanding('121', '01-01-2021', '17-06-2022')
#2 D:\trupti\klamp_accounting\system\CodeIgniter.php(918): App\Controllers\Addbook->Ledger_outstanding()
#3 D:\trupti\klamp_accounting\system\CodeIgniter.php(404): CodeIgniter\CodeIgniter->runController(Object(App\Controllers\Addbook))
#4 D:\trupti\klamp_accounting\system\CodeIgniter.php(312): CodeIgniter\CodeIgniter->handleRequest(NULL, Object(Config\Cache), false)
#5 D:\trupti\klamp_accounting\public\index.php(45): CodeIgniter\CodeIgniter->run()
#6 D:\trupti\klamp_accounting\system\Commands\Server\rewrite.php(34): require_once('D:\\trupti\\klamp...')
#7 {main}
CRITICAL - 2022-06-28 10:23:15 --> Undefined index: doc_date
#0 D:\trupti\klamp_accounting\app\Helpers\report_helper.php(5391): CodeIgniter\Debug\Exceptions->errorHandler(8, 'Undefined index...', 'D:\\trupti\\klamp...', 5391, Array)
#1 D:\trupti\klamp_accounting\app\Controllers\Addbook.php(270): Ledger_outstanding('121', '01-01-2021', '17-06-2022')
#2 D:\trupti\klamp_accounting\system\CodeIgniter.php(918): App\Controllers\Addbook->Ledger_outstanding()
#3 D:\trupti\klamp_accounting\system\CodeIgniter.php(404): CodeIgniter\CodeIgniter->runController(Object(App\Controllers\Addbook))
#4 D:\trupti\klamp_accounting\system\CodeIgniter.php(312): CodeIgniter\CodeIgniter->handleRequest(NULL, Object(Config\Cache), false)
#5 D:\trupti\klamp_accounting\public\index.php(45): CodeIgniter\CodeIgniter->run()
#6 D:\trupti\klamp_accounting\system\Commands\Server\rewrite.php(34): require_once('D:\\trupti\\klamp...')
#7 {main}
CRITICAL - 2022-06-28 10:25:29 --> Undefined index: ginv_id
#0 D:\trupti\klamp_accounting\app\Models\AddbookModel.php(4684): CodeIgniter\Debug\Exceptions->errorHandler(8, 'Undefined index...', 'D:\\trupti\\klamp...', 4684, Array)
#1 D:\trupti\klamp_accounting\app\Controllers\Addbook.php(291): App\Models\AddbookModel->ledgeroutstanding_xls_export_data(Array)
#2 D:\trupti\klamp_accounting\system\CodeIgniter.php(918): App\Controllers\Addbook->ledgeroutstanding_xls_export()
#3 D:\trupti\klamp_accounting\system\CodeIgniter.php(404): CodeIgniter\CodeIgniter->runController(Object(App\Controllers\Addbook))
#4 D:\trupti\klamp_accounting\system\CodeIgniter.php(312): CodeIgniter\CodeIgniter->handleRequest(NULL, Object(Config\Cache), false)
#5 D:\trupti\klamp_accounting\public\index.php(45): CodeIgniter\CodeIgniter->run()
#6 D:\trupti\klamp_accounting\system\Commands\Server\rewrite.php(34): require_once('D:\\trupti\\klamp...')
#7 {main}
CRITICAL - 2022-06-28 10:56:21 --> Too few arguments to function get_sales_invoice(), 1 passed in D:\trupti\klamp_accounting\app\Views\gst\gstr1_b2c_small_detail.php on line 245 and exactly 2 expected
#0 D:\trupti\klamp_accounting\app\Views\gst\gstr1_b2c_small_detail.php(245): get_sales_invoice('1343')
#1 D:\trupti\klamp_accounting\system\View\View.php(246): include('D:\\trupti\\klamp...')
#2 D:\trupti\klamp_accounting\app\Common.php(48): CodeIgniter\View\View->render('gst/gstr1_b2c_s...', Array, true)
#3 D:\trupti\klamp_accounting\app\Controllers\Gst.php(277): view('gst/gstr1_b2c_s...', Array)
#4 D:\trupti\klamp_accounting\system\CodeIgniter.php(918): App\Controllers\Gst->b2c_small_detail()
#5 D:\trupti\klamp_accounting\system\CodeIgniter.php(404): CodeIgniter\CodeIgniter->runController(Object(App\Controllers\Gst))
#6 D:\trupti\klamp_accounting\system\CodeIgniter.php(312): CodeIgniter\CodeIgniter->handleRequest(NULL, Object(Config\Cache), false)
#7 D:\trupti\klamp_accounting\public\index.php(45): CodeIgniter\CodeIgniter->run()
#8 D:\trupti\klamp_accounting\system\Commands\Server\rewrite.php(34): require_once('D:\\trupti\\klamp...')
#9 {main}
CRITICAL - 2022-06-28 10:57:02 --> array_merge(): Expected parameter 1 to be an array, null given
#0 [internal function]: CodeIgniter\Debug\Exceptions->errorHandler(2, 'array_merge(): ...', 'D:\\trupti\\klamp...', 246, Array)
#1 D:\trupti\klamp_accounting\app\Views\gst\gstr1_b2c_small_detail.php(246): array_merge(NULL, Array)
#2 D:\trupti\klamp_accounting\system\View\View.php(246): include('D:\\trupti\\klamp...')
#3 D:\trupti\klamp_accounting\app\Common.php(48): CodeIgniter\View\View->render('gst/gstr1_b2c_s...', Array, true)
#4 D:\trupti\klamp_accounting\app\Controllers\Gst.php(277): view('gst/gstr1_b2c_s...', Array)
#5 D:\trupti\klamp_accounting\system\CodeIgniter.php(918): App\Controllers\Gst->b2c_small_detail()
#6 D:\trupti\klamp_accounting\system\CodeIgniter.php(404): CodeIgniter\CodeIgniter->runController(Object(App\Controllers\Gst))
#7 D:\trupti\klamp_accounting\system\CodeIgniter.php(312): CodeIgniter\CodeIgniter->handleRequest(NULL, Object(Config\Cache), false)
#8 D:\trupti\klamp_accounting\public\index.php(45): CodeIgniter\CodeIgniter->run()
#9 D:\trupti\klamp_accounting\system\Commands\Server\rewrite.php(34): require_once('D:\\trupti\\klamp...')
#10 {main}
CRITICAL - 2022-06-28 10:58:13 --> array_merge(): Expected parameter 1 to be an array, null given
#0 [internal function]: CodeIgniter\Debug\Exceptions->errorHandler(2, 'array_merge(): ...', 'D:\\trupti\\klamp...', 247, Array)
#1 D:\trupti\klamp_accounting\app\Views\gst\gstr1_b2c_small_detail.php(247): array_merge(NULL, Array)
#2 D:\trupti\klamp_accounting\system\View\View.php(246): include('D:\\trupti\\klamp...')
#3 D:\trupti\klamp_accounting\app\Common.php(48): CodeIgniter\View\View->render('gst/gstr1_b2c_s...', Array, true)
#4 D:\trupti\klamp_accounting\app\Controllers\Gst.php(277): view('gst/gstr1_b2c_s...', Array)
#5 D:\trupti\klamp_accounting\system\CodeIgniter.php(918): App\Controllers\Gst->b2c_small_detail()
#6 D:\trupti\klamp_accounting\system\CodeIgniter.php(404): CodeIgniter\CodeIgniter->runController(Object(App\Controllers\Gst))
#7 D:\trupti\klamp_accounting\system\CodeIgniter.php(312): CodeIgniter\CodeIgniter->handleRequest(NULL, Object(Config\Cache), false)
#8 D:\trupti\klamp_accounting\public\index.php(45): CodeIgniter\CodeIgniter->run()
#9 D:\trupti\klamp_accounting\system\Commands\Server\rewrite.php(34): require_once('D:\\trupti\\klamp...')
#10 {main}
CRITICAL - 2022-06-28 11:13:10 --> Call to undefined function get_salesAcparticu()
#0 D:\trupti\klamp_accounting\system\View\View.php(246): include()
#1 D:\trupti\klamp_accounting\app\Common.php(48): CodeIgniter\View\View->render('gst/gstr1', Array, true)
#2 D:\trupti\klamp_accounting\app\Controllers\Gst.php(40): view('gst/gstr1', Array)
#3 D:\trupti\klamp_accounting\system\CodeIgniter.php(918): App\Controllers\Gst->gstr1()
#4 D:\trupti\klamp_accounting\system\CodeIgniter.php(404): CodeIgniter\CodeIgniter->runController(Object(App\Controllers\Gst))
#5 D:\trupti\klamp_accounting\system\CodeIgniter.php(312): CodeIgniter\CodeIgniter->handleRequest(NULL, Object(Config\Cache), false)
#6 D:\trupti\klamp_accounting\public\index.php(45): CodeIgniter\CodeIgniter->run()
#7 D:\trupti\klamp_accounting\system\Commands\Server\rewrite.php(34): require_once('D:\\trupti\\klamp...')
#8 {main}
CRITICAL - 2022-06-28 11:15:46 --> Undefined index: igst
#0 D:\trupti\klamp_accounting\app\Views\gst\gstr1_b2c_small_detail.php(275): CodeIgniter\Debug\Exceptions->errorHandler(8, 'Undefined index...', 'D:\\trupti\\klamp...', 275, Array)
#1 D:\trupti\klamp_accounting\system\View\View.php(246): include('D:\\trupti\\klamp...')
#2 D:\trupti\klamp_accounting\app\Common.php(48): CodeIgniter\View\View->render('gst/gstr1_b2c_s...', Array, true)
#3 D:\trupti\klamp_accounting\app\Controllers\Gst.php(277): view('gst/gstr1_b2c_s...', Array)
#4 D:\trupti\klamp_accounting\system\CodeIgniter.php(918): App\Controllers\Gst->b2c_small_detail()
#5 D:\trupti\klamp_accounting\system\CodeIgniter.php(404): CodeIgniter\CodeIgniter->runController(Object(App\Controllers\Gst))
#6 D:\trupti\klamp_accounting\system\CodeIgniter.php(312): CodeIgniter\CodeIgniter->handleRequest(NULL, Object(Config\Cache), false)
#7 D:\trupti\klamp_accounting\public\index.php(45): CodeIgniter\CodeIgniter->run()
#8 D:\trupti\klamp_accounting\system\Commands\Server\rewrite.php(34): require_once('D:\\trupti\\klamp...')
#9 {main}
CRITICAL - 2022-06-28 11:16:39 --> Undefined index: igst
#0 D:\trupti\klamp_accounting\app\Views\gst\gstr1_b2c_small_detail.php(275): CodeIgniter\Debug\Exceptions->errorHandler(8, 'Undefined index...', 'D:\\trupti\\klamp...', 275, Array)
#1 D:\trupti\klamp_accounting\system\View\View.php(246): include('D:\\trupti\\klamp...')
#2 D:\trupti\klamp_accounting\app\Common.php(48): CodeIgniter\View\View->render('gst/gstr1_b2c_s...', Array, true)
#3 D:\trupti\klamp_accounting\app\Controllers\Gst.php(277): view('gst/gstr1_b2c_s...', Array)
#4 D:\trupti\klamp_accounting\system\CodeIgniter.php(918): App\Controllers\Gst->b2c_small_detail()
#5 D:\trupti\klamp_accounting\system\CodeIgniter.php(404): CodeIgniter\CodeIgniter->runController(Object(App\Controllers\Gst))
#6 D:\trupti\klamp_accounting\system\CodeIgniter.php(312): CodeIgniter\CodeIgniter->handleRequest(NULL, Object(Config\Cache), false)
#7 D:\trupti\klamp_accounting\public\index.php(45): CodeIgniter\CodeIgniter->run()
#8 D:\trupti\klamp_accounting\system\Commands\Server\rewrite.php(34): require_once('D:\\trupti\\klamp...')
#9 {main}
CRITICAL - 2022-06-28 11:56:02 --> Unknown column 'amount' in 'field list'
#0 D:\trupti\klamp_accounting\system\Database\MySQLi\Connection.php(331): mysqli->query('SELECT SUM(amou...')
#1 D:\trupti\klamp_accounting\system\Database\BaseConnection.php(741): CodeIgniter\Database\MySQLi\Connection->execute('SELECT SUM(amou...')
#2 D:\trupti\klamp_accounting\system\Database\BaseConnection.php(669): CodeIgniter\Database\BaseConnection->simpleQuery('SELECT SUM(amou...')
#3 D:\trupti\klamp_accounting\system\Database\BaseBuilder.php(1860): CodeIgniter\Database\BaseConnection->query('SELECT SUM(amou...', Array, false)
#4 D:\trupti\klamp_accounting\app\Helpers\gst_helper.php(2179): CodeIgniter\Database\BaseBuilder->get()
#5 D:\trupti\klamp_accounting\app\Views\gst\gstr1_b2c_small_detail.php(248): get_sales_data('1343')
#6 D:\trupti\klamp_accounting\system\View\View.php(246): include('D:\\trupti\\klamp...')
#7 D:\trupti\klamp_accounting\app\Common.php(48): CodeIgniter\View\View->render('gst/gstr1_b2c_s...', Array, true)
#8 D:\trupti\klamp_accounting\app\Controllers\Gst.php(277): view('gst/gstr1_b2c_s...', Array)
#9 D:\trupti\klamp_accounting\system\CodeIgniter.php(918): App\Controllers\Gst->b2c_small_detail()
#10 D:\trupti\klamp_accounting\system\CodeIgniter.php(404): CodeIgniter\CodeIgniter->runController(Object(App\Controllers\Gst))
#11 D:\trupti\klamp_accounting\system\CodeIgniter.php(312): CodeIgniter\CodeIgniter->handleRequest(NULL, Object(Config\Cache), false)
#12 D:\trupti\klamp_accounting\public\index.php(45): CodeIgniter\CodeIgniter->run()
#13 D:\trupti\klamp_accounting\system\Commands\Server\rewrite.php(34): require_once('D:\\trupti\\klamp...')
#14 {main}
CRITICAL - 2022-06-28 12:08:09 --> Undefined index: igst
#0 D:\trupti\klamp_accounting\app\Views\gst\gstr1_b2c_small_detail.php(276): CodeIgniter\Debug\Exceptions->errorHandler(8, 'Undefined index...', 'D:\\trupti\\klamp...', 276, Array)
#1 D:\trupti\klamp_accounting\system\View\View.php(246): include('D:\\trupti\\klamp...')
#2 D:\trupti\klamp_accounting\app\Common.php(48): CodeIgniter\View\View->render('gst/gstr1_b2c_s...', Array, true)
#3 D:\trupti\klamp_accounting\app\Controllers\Gst.php(277): view('gst/gstr1_b2c_s...', Array)
#4 D:\trupti\klamp_accounting\system\CodeIgniter.php(918): App\Controllers\Gst->b2c_small_detail()
#5 D:\trupti\klamp_accounting\system\CodeIgniter.php(404): CodeIgniter\CodeIgniter->runController(Object(App\Controllers\Gst))
#6 D:\trupti\klamp_accounting\system\CodeIgniter.php(312): CodeIgniter\CodeIgniter->handleRequest(NULL, Object(Config\Cache), false)
#7 D:\trupti\klamp_accounting\public\index.php(45): CodeIgniter\CodeIgniter->run()
#8 D:\trupti\klamp_accounting\system\Commands\Server\rewrite.php(34): require_once('D:\\trupti\\klamp...')
#9 {main}
CRITICAL - 2022-06-28 12:09:24 --> Call to undefined function get_salesAcparticu()
#0 D:\trupti\klamp_accounting\system\View\View.php(246): include()
#1 D:\trupti\klamp_accounting\app\Common.php(48): CodeIgniter\View\View->render('gst/gstr1', Array, true)
#2 D:\trupti\klamp_accounting\app\Controllers\Gst.php(40): view('gst/gstr1', Array)
#3 D:\trupti\klamp_accounting\system\CodeIgniter.php(918): App\Controllers\Gst->gstr1()
#4 D:\trupti\klamp_accounting\system\CodeIgniter.php(404): CodeIgniter\CodeIgniter->runController(Object(App\Controllers\Gst))
#5 D:\trupti\klamp_accounting\system\CodeIgniter.php(312): CodeIgniter\CodeIgniter->handleRequest(NULL, Object(Config\Cache), false)
#6 D:\trupti\klamp_accounting\public\index.php(45): CodeIgniter\CodeIgniter->run()
#7 D:\trupti\klamp_accounting\system\Commands\Server\rewrite.php(34): require_once('D:\\trupti\\klamp...')
#8 {main}
CRITICAL - 2022-06-28 12:09:34 --> Undefined index: igst
#0 D:\trupti\klamp_accounting\app\Views\gst\gstr1_b2c_small_detail.php(276): CodeIgniter\Debug\Exceptions->errorHandler(8, 'Undefined index...', 'D:\\trupti\\klamp...', 276, Array)
#1 D:\trupti\klamp_accounting\system\View\View.php(246): include('D:\\trupti\\klamp...')
#2 D:\trupti\klamp_accounting\app\Common.php(48): CodeIgniter\View\View->render('gst/gstr1_b2c_s...', Array, true)
#3 D:\trupti\klamp_accounting\app\Controllers\Gst.php(277): view('gst/gstr1_b2c_s...', Array)
#4 D:\trupti\klamp_accounting\system\CodeIgniter.php(918): App\Controllers\Gst->b2c_small_detail()
#5 D:\trupti\klamp_accounting\system\CodeIgniter.php(404): CodeIgniter\CodeIgniter->runController(Object(App\Controllers\Gst))
#6 D:\trupti\klamp_accounting\system\CodeIgniter.php(312): CodeIgniter\CodeIgniter->handleRequest(NULL, Object(Config\Cache), false)
#7 D:\trupti\klamp_accounting\public\index.php(45): CodeIgniter\CodeIgniter->run()
#8 D:\trupti\klamp_accounting\system\Commands\Server\rewrite.php(34): require_once('D:\\trupti\\klamp...')
#9 {main}
CRITICAL - 2022-06-28 12:09:39 --> Undefined index: igst
#0 D:\trupti\klamp_accounting\app\Views\gst\gstr1_b2c_small_detail.php(276): CodeIgniter\Debug\Exceptions->errorHandler(8, 'Undefined index...', 'D:\\trupti\\klamp...', 276, Array)
#1 D:\trupti\klamp_accounting\system\View\View.php(246): include('D:\\trupti\\klamp...')
#2 D:\trupti\klamp_accounting\app\Common.php(48): CodeIgniter\View\View->render('gst/gstr1_b2c_s...', Array, true)
#3 D:\trupti\klamp_accounting\app\Controllers\Gst.php(277): view('gst/gstr1_b2c_s...', Array)
#4 D:\trupti\klamp_accounting\system\CodeIgniter.php(918): App\Controllers\Gst->b2c_small_detail()
#5 D:\trupti\klamp_accounting\system\CodeIgniter.php(404): CodeIgniter\CodeIgniter->runController(Object(App\Controllers\Gst))
#6 D:\trupti\klamp_accounting\system\CodeIgniter.php(312): CodeIgniter\CodeIgniter->handleRequest(NULL, Object(Config\Cache), false)
#7 D:\trupti\klamp_accounting\public\index.php(45): CodeIgniter\CodeIgniter->run()
#8 D:\trupti\klamp_accounting\system\Commands\Server\rewrite.php(34): require_once('D:\\trupti\\klamp...')
#9 {main}
CRITICAL - 2022-06-28 13:16:13 --> Call to undefined function get_salesAcparticu()
#0 D:\trupti\klamp_accounting\system\View\View.php(246): include()
#1 D:\trupti\klamp_accounting\app\Common.php(48): CodeIgniter\View\View->render('gst/gstr1', Array, true)
#2 D:\trupti\klamp_accounting\app\Controllers\Gst.php(40): view('gst/gstr1', Array)
#3 D:\trupti\klamp_accounting\system\CodeIgniter.php(918): App\Controllers\Gst->gstr1()
#4 D:\trupti\klamp_accounting\system\CodeIgniter.php(404): CodeIgniter\CodeIgniter->runController(Object(App\Controllers\Gst))
#5 D:\trupti\klamp_accounting\system\CodeIgniter.php(312): CodeIgniter\CodeIgniter->handleRequest(NULL, Object(Config\Cache), false)
#6 D:\trupti\klamp_accounting\public\index.php(45): CodeIgniter\CodeIgniter->run()
#7 D:\trupti\klamp_accounting\system\Commands\Server\rewrite.php(34): require_once('D:\\trupti\\klamp...')
#8 {main}
CRITICAL - 2022-06-28 13:16:20 --> Call to undefined function get_salesAcparticu()
#0 D:\trupti\klamp_accounting\system\View\View.php(246): include()
#1 D:\trupti\klamp_accounting\app\Common.php(48): CodeIgniter\View\View->render('gst/gstr1', Array, true)
#2 D:\trupti\klamp_accounting\app\Controllers\Gst.php(40): view('gst/gstr1', Array)
#3 D:\trupti\klamp_accounting\system\CodeIgniter.php(918): App\Controllers\Gst->gstr1()
#4 D:\trupti\klamp_accounting\system\CodeIgniter.php(404): CodeIgniter\CodeIgniter->runController(Object(App\Controllers\Gst))
#5 D:\trupti\klamp_accounting\system\CodeIgniter.php(312): CodeIgniter\CodeIgniter->handleRequest(NULL, Object(Config\Cache), false)
#6 D:\trupti\klamp_accounting\public\index.php(45): CodeIgniter\CodeIgniter->run()
#7 D:\trupti\klamp_accounting\system\Commands\Server\rewrite.php(34): require_once('D:\\trupti\\klamp...')
#8 {main}
CRITICAL - 2022-06-28 13:16:24 --> Undefined index: igst
#0 D:\trupti\klamp_accounting\app\Views\gst\gstr1_b2c_small_detail.php(276): CodeIgniter\Debug\Exceptions->errorHandler(8, 'Undefined index...', 'D:\\trupti\\klamp...', 276, Array)
#1 D:\trupti\klamp_accounting\system\View\View.php(246): include('D:\\trupti\\klamp...')
#2 D:\trupti\klamp_accounting\app\Common.php(48): CodeIgniter\View\View->render('gst/gstr1_b2c_s...', Array, true)
#3 D:\trupti\klamp_accounting\app\Controllers\Gst.php(277): view('gst/gstr1_b2c_s...', Array)
#4 D:\trupti\klamp_accounting\system\CodeIgniter.php(918): App\Controllers\Gst->b2c_small_detail()
#5 D:\trupti\klamp_accounting\system\CodeIgniter.php(404): CodeIgniter\CodeIgniter->runController(Object(App\Controllers\Gst))
#6 D:\trupti\klamp_accounting\system\CodeIgniter.php(312): CodeIgniter\CodeIgniter->handleRequest(NULL, Object(Config\Cache), false)
#7 D:\trupti\klamp_accounting\public\index.php(45): CodeIgniter\CodeIgniter->run()
#8 D:\trupti\klamp_accounting\system\Commands\Server\rewrite.php(34): require_once('D:\\trupti\\klamp...')
#9 {main}
CRITICAL - 2022-06-28 13:16:41 --> Undefined index: igst
#0 D:\trupti\klamp_accounting\app\Views\gst\gstr1_b2c_small_detail.php(276): CodeIgniter\Debug\Exceptions->errorHandler(8, 'Undefined index...', 'D:\\trupti\\klamp...', 276, Array)
#1 D:\trupti\klamp_accounting\system\View\View.php(246): include('D:\\trupti\\klamp...')
#2 D:\trupti\klamp_accounting\app\Common.php(48): CodeIgniter\View\View->render('gst/gstr1_b2c_s...', Array, true)
#3 D:\trupti\klamp_accounting\app\Controllers\Gst.php(277): view('gst/gstr1_b2c_s...', Array)
#4 D:\trupti\klamp_accounting\system\CodeIgniter.php(918): App\Controllers\Gst->b2c_small_detail()
#5 D:\trupti\klamp_accounting\system\CodeIgniter.php(404): CodeIgniter\CodeIgniter->runController(Object(App\Controllers\Gst))
#6 D:\trupti\klamp_accounting\system\CodeIgniter.php(312): CodeIgniter\CodeIgniter->handleRequest(NULL, Object(Config\Cache), false)
#7 D:\trupti\klamp_accounting\public\index.php(45): CodeIgniter\CodeIgniter->run()
#8 D:\trupti\klamp_accounting\system\Commands\Server\rewrite.php(34): require_once('D:\\trupti\\klamp...')
#9 {main}
CRITICAL - 2022-06-28 14:51:30 --> Undefined index: igst
#0 D:\trupti\klamp_accounting\app\Views\gst\gstr1_b2c_small_detail.php(276): CodeIgniter\Debug\Exceptions->errorHandler(8, 'Undefined index...', 'D:\\trupti\\klamp...', 276, Array)
#1 D:\trupti\klamp_accounting\system\View\View.php(246): include('D:\\trupti\\klamp...')
#2 D:\trupti\klamp_accounting\app\Common.php(48): CodeIgniter\View\View->render('gst/gstr1_b2c_s...', Array, true)
#3 D:\trupti\klamp_accounting\app\Controllers\Gst.php(277): view('gst/gstr1_b2c_s...', Array)
#4 D:\trupti\klamp_accounting\system\CodeIgniter.php(918): App\Controllers\Gst->b2c_small_detail()
#5 D:\trupti\klamp_accounting\system\CodeIgniter.php(404): CodeIgniter\CodeIgniter->runController(Object(App\Controllers\Gst))
#6 D:\trupti\klamp_accounting\system\CodeIgniter.php(312): CodeIgniter\CodeIgniter->handleRequest(NULL, Object(Config\Cache), false)
#7 D:\trupti\klamp_accounting\public\index.php(45): CodeIgniter\CodeIgniter->run()
#8 D:\trupti\klamp_accounting\system\Commands\Server\rewrite.php(34): require_once('D:\\trupti\\klamp...')
#9 {main}
CRITICAL - 2022-06-28 17:16:02 --> Call to undefined function get_salesAcparticu()
#0 D:\trupti\klamp_accounting\system\View\View.php(246): include()
#1 D:\trupti\klamp_accounting\app\Common.php(48): CodeIgniter\View\View->render('gst/gstr1', Array, true)
#2 D:\trupti\klamp_accounting\app\Controllers\Gst.php(40): view('gst/gstr1', Array)
#3 D:\trupti\klamp_accounting\system\CodeIgniter.php(918): App\Controllers\Gst->gstr1()
#4 D:\trupti\klamp_accounting\system\CodeIgniter.php(404): CodeIgniter\CodeIgniter->runController(Object(App\Controllers\Gst))
#5 D:\trupti\klamp_accounting\system\CodeIgniter.php(312): CodeIgniter\CodeIgniter->handleRequest(NULL, Object(Config\Cache), false)
#6 D:\trupti\klamp_accounting\public\index.php(45): CodeIgniter\CodeIgniter->run()
#7 D:\trupti\klamp_accounting\system\Commands\Server\rewrite.php(34): require_once('D:\\trupti\\klamp...')
#8 {main}
CRITICAL - 2022-06-28 17:17:39 --> Too few arguments to function get_salesAcParticu(), 1 passed in D:\trupti\klamp_accounting\app\Views\gst\gstr1.php on line 474 and exactly 2 expected
#0 D:\trupti\klamp_accounting\app\Views\gst\gstr1.php(474): get_salesAcParticu('13')
#1 D:\trupti\klamp_accounting\system\View\View.php(246): include('D:\\trupti\\klamp...')
#2 D:\trupti\klamp_accounting\app\Common.php(48): CodeIgniter\View\View->render('gst/gstr1', Array, true)
#3 D:\trupti\klamp_accounting\app\Controllers\Gst.php(40): view('gst/gstr1', Array)
#4 D:\trupti\klamp_accounting\system\CodeIgniter.php(918): App\Controllers\Gst->gstr1()
#5 D:\trupti\klamp_accounting\system\CodeIgniter.php(404): CodeIgniter\CodeIgniter->runController(Object(App\Controllers\Gst))
#6 D:\trupti\klamp_accounting\system\CodeIgniter.php(312): CodeIgniter\CodeIgniter->handleRequest(NULL, Object(Config\Cache), false)
#7 D:\trupti\klamp_accounting\public\index.php(45): CodeIgniter\CodeIgniter->run()
#8 D:\trupti\klamp_accounting\system\Commands\Server\rewrite.php(34): require_once('D:\\trupti\\klamp...')
#9 {main}
CRITICAL - 2022-06-28 17:18:04 --> Undefined index: igst
#0 D:\trupti\klamp_accounting\app\Views\gst\gstr1_b2c_small_detail.php(276): CodeIgniter\Debug\Exceptions->errorHandler(8, 'Undefined index...', 'D:\\trupti\\klamp...', 276, Array)
#1 D:\trupti\klamp_accounting\system\View\View.php(246): include('D:\\trupti\\klamp...')
#2 D:\trupti\klamp_accounting\app\Common.php(48): CodeIgniter\View\View->render('gst/gstr1_b2c_s...', Array, true)
#3 D:\trupti\klamp_accounting\app\Controllers\Gst.php(277): view('gst/gstr1_b2c_s...', Array)
#4 D:\trupti\klamp_accounting\system\CodeIgniter.php(918): App\Controllers\Gst->b2c_small_detail()
#5 D:\trupti\klamp_accounting\system\CodeIgniter.php(404): CodeIgniter\CodeIgniter->runController(Object(App\Controllers\Gst))
#6 D:\trupti\klamp_accounting\system\CodeIgniter.php(312): CodeIgniter\CodeIgniter->handleRequest(NULL, Object(Config\Cache), false)
#7 D:\trupti\klamp_accounting\public\index.php(45): CodeIgniter\CodeIgniter->run()
#8 D:\trupti\klamp_accounting\system\Commands\Server\rewrite.php(34): require_once('D:\\trupti\\klamp...')
#9 {main}
CRITICAL - 2022-06-28 17:19:53 --> Undefined index: igst
#0 D:\trupti\klamp_accounting\app\Views\gst\gstr1_b2c_small_detail.php(276): CodeIgniter\Debug\Exceptions->errorHandler(8, 'Undefined index...', 'D:\\trupti\\klamp...', 276, Array)
#1 D:\trupti\klamp_accounting\system\View\View.php(246): include('D:\\trupti\\klamp...')
#2 D:\trupti\klamp_accounting\app\Common.php(48): CodeIgniter\View\View->render('gst/gstr1_b2c_s...', Array, true)
#3 D:\trupti\klamp_accounting\app\Controllers\Gst.php(277): view('gst/gstr1_b2c_s...', Array)
#4 D:\trupti\klamp_accounting\system\CodeIgniter.php(918): App\Controllers\Gst->b2c_small_detail()
#5 D:\trupti\klamp_accounting\system\CodeIgniter.php(404): CodeIgniter\CodeIgniter->runController(Object(App\Controllers\Gst))
#6 D:\trupti\klamp_accounting\system\CodeIgniter.php(312): CodeIgniter\CodeIgniter->handleRequest(NULL, Object(Config\Cache), false)
#7 D:\trupti\klamp_accounting\public\index.php(45): CodeIgniter\CodeIgniter->run()
#8 D:\trupti\klamp_accounting\system\Commands\Server\rewrite.php(34): require_once('D:\\trupti\\klamp...')
#9 {main}
CRITICAL - 2022-06-28 17:38:36 --> Undefined index: igst
#0 D:\trupti\klamp_accounting\app\Views\gst\gstr1_b2c_small_detail.php(280): CodeIgniter\Debug\Exceptions->errorHandler(8, 'Undefined index...', 'D:\\trupti\\klamp...', 280, Array)
#1 D:\trupti\klamp_accounting\system\View\View.php(246): include('D:\\trupti\\klamp...')
#2 D:\trupti\klamp_accounting\app\Common.php(48): CodeIgniter\View\View->render('gst/gstr1_b2c_s...', Array, true)
#3 D:\trupti\klamp_accounting\app\Controllers\Gst.php(277): view('gst/gstr1_b2c_s...', Array)
#4 D:\trupti\klamp_accounting\system\CodeIgniter.php(918): App\Controllers\Gst->b2c_small_detail()
#5 D:\trupti\klamp_accounting\system\CodeIgniter.php(404): CodeIgniter\CodeIgniter->runController(Object(App\Controllers\Gst))
#6 D:\trupti\klamp_accounting\system\CodeIgniter.php(312): CodeIgniter\CodeIgniter->handleRequest(NULL, Object(Config\Cache), false)
#7 D:\trupti\klamp_accounting\public\index.php(45): CodeIgniter\CodeIgniter->run()
#8 D:\trupti\klamp_accounting\system\Commands\Server\rewrite.php(34): require_once('D:\\trupti\\klamp...')
#9 {main}
CRITICAL - 2022-06-28 17:41:37 --> array_merge(): Expected parameter 2 to be an array, null given
#0 [internal function]: CodeIgniter\Debug\Exceptions->errorHandler(2, 'array_merge(): ...', 'D:\\trupti\\klamp...', 2184, Array)
#1 D:\trupti\klamp_accounting\app\Helpers\gst_helper.php(2184): array_merge(Array, NULL)
#2 D:\trupti\klamp_accounting\app\Views\gst\gstr1_b2c_small_detail.php(251): get_sales_data('1343')
#3 D:\trupti\klamp_accounting\system\View\View.php(246): include('D:\\trupti\\klamp...')
#4 D:\trupti\klamp_accounting\app\Common.php(48): CodeIgniter\View\View->render('gst/gstr1_b2c_s...', Array, true)
#5 D:\trupti\klamp_accounting\app\Controllers\Gst.php(277): view('gst/gstr1_b2c_s...', Array)
#6 D:\trupti\klamp_accounting\system\CodeIgniter.php(918): App\Controllers\Gst->b2c_small_detail()
#7 D:\trupti\klamp_accounting\system\CodeIgniter.php(404): CodeIgniter\CodeIgniter->runController(Object(App\Controllers\Gst))
#8 D:\trupti\klamp_accounting\system\CodeIgniter.php(312): CodeIgniter\CodeIgniter->handleRequest(NULL, Object(Config\Cache), false)
#9 D:\trupti\klamp_accounting\public\index.php(45): CodeIgniter\CodeIgniter->run()
#10 D:\trupti\klamp_accounting\system\Commands\Server\rewrite.php(34): require_once('D:\\trupti\\klamp...')
#11 {main}
CRITICAL - 2022-06-28 17:42:37 --> array_merge(): Expected parameter 2 to be an array, null given
#0 [internal function]: CodeIgniter\Debug\Exceptions->errorHandler(2, 'array_merge(): ...', 'D:\\trupti\\klamp...', 2184, Array)
#1 D:\trupti\klamp_accounting\app\Helpers\gst_helper.php(2184): array_merge(Array, NULL)
#2 D:\trupti\klamp_accounting\app\Views\gst\gstr1_b2c_small_detail.php(251): get_sales_data('1343')
#3 D:\trupti\klamp_accounting\system\View\View.php(246): include('D:\\trupti\\klamp...')
#4 D:\trupti\klamp_accounting\app\Common.php(48): CodeIgniter\View\View->render('gst/gstr1_b2c_s...', Array, true)
#5 D:\trupti\klamp_accounting\app\Controllers\Gst.php(277): view('gst/gstr1_b2c_s...', Array)
#6 D:\trupti\klamp_accounting\system\CodeIgniter.php(918): App\Controllers\Gst->b2c_small_detail()
#7 D:\trupti\klamp_accounting\system\CodeIgniter.php(404): CodeIgniter\CodeIgniter->runController(Object(App\Controllers\Gst))
#8 D:\trupti\klamp_accounting\system\CodeIgniter.php(312): CodeIgniter\CodeIgniter->handleRequest(NULL, Object(Config\Cache), false)
#9 D:\trupti\klamp_accounting\public\index.php(45): CodeIgniter\CodeIgniter->run()
#10 D:\trupti\klamp_accounting\system\Commands\Server\rewrite.php(34): require_once('D:\\trupti\\klamp...')
#11 {main}
CRITICAL - 2022-06-28 17:44:34 --> Undefined variable: new_sale
#0 D:\trupti\klamp_accounting\app\Views\gst\gstr1_b2c_small_detail.php(280): CodeIgniter\Debug\Exceptions->errorHandler(8, 'Undefined varia...', 'D:\\trupti\\klamp...', 280, Array)
#1 D:\trupti\klamp_accounting\system\View\View.php(246): include('D:\\trupti\\klamp...')
#2 D:\trupti\klamp_accounting\app\Common.php(48): CodeIgniter\View\View->render('gst/gstr1_b2c_s...', Array, true)
#3 D:\trupti\klamp_accounting\app\Controllers\Gst.php(277): view('gst/gstr1_b2c_s...', Array)
#4 D:\trupti\klamp_accounting\system\CodeIgniter.php(918): App\Controllers\Gst->b2c_small_detail()
#5 D:\trupti\klamp_accounting\system\CodeIgniter.php(404): CodeIgniter\CodeIgniter->runController(Object(App\Controllers\Gst))
#6 D:\trupti\klamp_accounting\system\CodeIgniter.php(312): CodeIgniter\CodeIgniter->handleRequest(NULL, Object(Config\Cache), false)
#7 D:\trupti\klamp_accounting\public\index.php(45): CodeIgniter\CodeIgniter->run()
#8 D:\trupti\klamp_accounting\system\Commands\Server\rewrite.php(34): require_once('D:\\trupti\\klamp...')
#9 {main}
