CRITICAL - 2022-07-21 15:04:21 --> Table 'manifest_erp.companygrp' doesn't exist
#0 D:\trupti\new_klamp_accounting\system\Database\MySQLi\Connection.php(331): mysqli->query('SELECT SQL_CALC...')
#1 D:\trupti\new_klamp_accounting\system\Database\BaseConnection.php(741): CodeIgniter\Database\MySQLi\Connection->execute('SELECT SQL_CALC...')
#2 D:\trupti\new_klamp_accounting\system\Database\BaseConnection.php(669): CodeIgniter\Database\BaseConnection->simpleQuery('SELECT SQL_CALC...')
#3 D:\trupti\new_klamp_accounting\app\Helpers\base_helper.php(229): CodeIgniter\Database\BaseConnection->query('SELECT SQL_CALC...')
#4 D:\trupti\new_klamp_accounting\app\Models\CompanyModel.php(44): getManagedData('companygrp', Array, Array, ' and is_delete=...')
#5 D:\trupti\new_klamp_accounting\app\Controllers\Company.php(142): App\Models\CompanyModel->get_companygrp_data(Array)
#6 D:\trupti\new_klamp_accounting\system\CodeIgniter.php(918): App\Controllers\Company->Getdata('companygrp')
#7 D:\trupti\new_klamp_accounting\system\CodeIgniter.php(404): CodeIgniter\CodeIgniter->runController(Object(App\Controllers\Company))
#8 D:\trupti\new_klamp_accounting\system\CodeIgniter.php(312): CodeIgniter\CodeIgniter->handleRequest(NULL, Object(Config\Cache), false)
#9 D:\trupti\new_klamp_accounting\public\index.php(45): CodeIgniter\CodeIgniter->run()
#10 D:\trupti\new_klamp_accounting\system\Commands\Server\rewrite.php(34): require_once('D:\\trupti\\new_k...')
#11 {main}
CRITICAL - 2022-07-21 15:18:20 --> Unknown column 'update_at' in 'field list'
#0 D:\trupti\new_klamp_accounting\system\Database\MySQLi\Connection.php(331): mysqli->query('SELECT SQL_CALC...')
#1 D:\trupti\new_klamp_accounting\system\Database\BaseConnection.php(741): CodeIgniter\Database\MySQLi\Connection->execute('SELECT SQL_CALC...')
#2 D:\trupti\new_klamp_accounting\system\Database\BaseConnection.php(669): CodeIgniter\Database\BaseConnection->simpleQuery('SELECT SQL_CALC...')
#3 D:\trupti\new_klamp_accounting\app\Helpers\base_helper.php(229): CodeIgniter\Database\BaseConnection->query('SELECT SQL_CALC...')
#4 D:\trupti\new_klamp_accounting\app\Models\CompanyModel.php(44): getManagedData('companygrp', Array, Array, ' and is_delete=...')
#5 D:\trupti\new_klamp_accounting\app\Controllers\Company.php(142): App\Models\CompanyModel->get_companygrp_data(Array)
#6 D:\trupti\new_klamp_accounting\system\CodeIgniter.php(918): App\Controllers\Company->Getdata('companygrp')
#7 D:\trupti\new_klamp_accounting\system\CodeIgniter.php(404): CodeIgniter\CodeIgniter->runController(Object(App\Controllers\Company))
#8 D:\trupti\new_klamp_accounting\system\CodeIgniter.php(312): CodeIgniter\CodeIgniter->handleRequest(NULL, Object(Config\Cache), false)
#9 D:\trupti\new_klamp_accounting\public\index.php(45): CodeIgniter\CodeIgniter->run()
#10 D:\trupti\new_klamp_accounting\system\Commands\Server\rewrite.php(34): require_once('D:\\trupti\\new_k...')
#11 {main}
CRITICAL - 2022-07-21 15:18:54 --> Unknown column 'update_at' in 'field list'
#0 D:\trupti\new_klamp_accounting\system\Database\MySQLi\Connection.php(331): mysqli->query('SELECT SQL_CALC...')
#1 D:\trupti\new_klamp_accounting\system\Database\BaseConnection.php(741): CodeIgniter\Database\MySQLi\Connection->execute('SELECT SQL_CALC...')
#2 D:\trupti\new_klamp_accounting\system\Database\BaseConnection.php(669): CodeIgniter\Database\BaseConnection->simpleQuery('SELECT SQL_CALC...')
#3 D:\trupti\new_klamp_accounting\app\Helpers\base_helper.php(229): CodeIgniter\Database\BaseConnection->query('SELECT SQL_CALC...')
#4 D:\trupti\new_klamp_accounting\app\Models\CompanyModel.php(44): getManagedData('companygrp', Array, Array, ' and is_delete=...')
#5 D:\trupti\new_klamp_accounting\app\Controllers\Company.php(142): App\Models\CompanyModel->get_companygrp_data(Array)
#6 D:\trupti\new_klamp_accounting\system\CodeIgniter.php(918): App\Controllers\Company->Getdata('companygrp')
#7 D:\trupti\new_klamp_accounting\system\CodeIgniter.php(404): CodeIgniter\CodeIgniter->runController(Object(App\Controllers\Company))
#8 D:\trupti\new_klamp_accounting\system\CodeIgniter.php(312): CodeIgniter\CodeIgniter->handleRequest(NULL, Object(Config\Cache), false)
#9 D:\trupti\new_klamp_accounting\public\index.php(45): CodeIgniter\CodeIgniter->run()
#10 D:\trupti\new_klamp_accounting\system\Commands\Server\rewrite.php(34): require_once('D:\\trupti\\new_k...')
#11 {main}
CRITICAL - 2022-07-21 15:27:46 --> You have an error in your SQL syntax; check the manual that corresponds to your MariaDB server version for the right syntax to use near '0 = ('0')
WHERE `id` = '1'' at line 1
#0 D:\trupti\new_klamp_accounting\system\Database\MySQLi\Connection.php(331): mysqli->query('UPDATE `company...')
#1 D:\trupti\new_klamp_accounting\system\Database\BaseConnection.php(741): CodeIgniter\Database\MySQLi\Connection->execute('UPDATE `company...')
#2 D:\trupti\new_klamp_accounting\system\Database\BaseConnection.php(669): CodeIgniter\Database\BaseConnection->simpleQuery('UPDATE `company...')
#3 D:\trupti\new_klamp_accounting\system\Database\BaseBuilder.php(2456): CodeIgniter\Database\BaseConnection->query('UPDATE `company...', Array, false)
#4 D:\trupti\new_klamp_accounting\app\Models\GeneralModel.php(522): CodeIgniter\Database\BaseBuilder->update(Array)
#5 D:\trupti\new_klamp_accounting\app\Models\CompanyModel.php(556): App\Models\GeneralModel->update_data_table('companygrp', Array, Array)
#6 D:\trupti\new_klamp_accounting\app\Controllers\Company.php(170): App\Models\CompanyModel->UpdateData(Array)
#7 D:\trupti\new_klamp_accounting\system\CodeIgniter.php(918): App\Controllers\Company->Action('Update')
#8 D:\trupti\new_klamp_accounting\system\CodeIgniter.php(404): CodeIgniter\CodeIgniter->runController(Object(App\Controllers\Company))
#9 D:\trupti\new_klamp_accounting\system\CodeIgniter.php(312): CodeIgniter\CodeIgniter->handleRequest(NULL, Object(Config\Cache), false)
#10 D:\trupti\new_klamp_accounting\public\index.php(45): CodeIgniter\CodeIgniter->run()
#11 D:\trupti\new_klamp_accounting\system\Commands\Server\rewrite.php(34): require_once('D:\\trupti\\new_k...')
#12 {main}
CRITICAL - 2022-07-21 15:30:33 --> You have an error in your SQL syntax; check the manual that corresponds to your MariaDB server version for the right syntax to use near '0 = ('0')
WHERE `id` = '1'' at line 1
#0 D:\trupti\new_klamp_accounting\system\Database\MySQLi\Connection.php(331): mysqli->query('UPDATE `company...')
#1 D:\trupti\new_klamp_accounting\system\Database\BaseConnection.php(741): CodeIgniter\Database\MySQLi\Connection->execute('UPDATE `company...')
#2 D:\trupti\new_klamp_accounting\system\Database\BaseConnection.php(669): CodeIgniter\Database\BaseConnection->simpleQuery('UPDATE `company...')
#3 D:\trupti\new_klamp_accounting\system\Database\BaseBuilder.php(2456): CodeIgniter\Database\BaseConnection->query('UPDATE `company...', Array, false)
#4 D:\trupti\new_klamp_accounting\app\Models\GeneralModel.php(522): CodeIgniter\Database\BaseBuilder->update(Array)
#5 D:\trupti\new_klamp_accounting\app\Models\CompanyModel.php(556): App\Models\GeneralModel->update_data_table('companygrp', Array, Array)
#6 D:\trupti\new_klamp_accounting\app\Controllers\Company.php(171): App\Models\CompanyModel->UpdateData(Array)
#7 D:\trupti\new_klamp_accounting\system\CodeIgniter.php(918): App\Controllers\Company->Action('Update')
#8 D:\trupti\new_klamp_accounting\system\CodeIgniter.php(404): CodeIgniter\CodeIgniter->runController(Object(App\Controllers\Company))
#9 D:\trupti\new_klamp_accounting\system\CodeIgniter.php(312): CodeIgniter\CodeIgniter->handleRequest(NULL, Object(Config\Cache), false)
#10 D:\trupti\new_klamp_accounting\public\index.php(45): CodeIgniter\CodeIgniter->run()
#11 D:\trupti\new_klamp_accounting\system\Commands\Server\rewrite.php(34): require_once('D:\\trupti\\new_k...')
#12 {main}
CRITICAL - 2022-07-21 15:30:42 --> You have an error in your SQL syntax; check the manual that corresponds to your MariaDB server version for the right syntax to use near '0 = ('1')
WHERE `id` = '1'' at line 1
#0 D:\trupti\new_klamp_accounting\system\Database\MySQLi\Connection.php(331): mysqli->query('UPDATE `company...')
#1 D:\trupti\new_klamp_accounting\system\Database\BaseConnection.php(741): CodeIgniter\Database\MySQLi\Connection->execute('UPDATE `company...')
#2 D:\trupti\new_klamp_accounting\system\Database\BaseConnection.php(669): CodeIgniter\Database\BaseConnection->simpleQuery('UPDATE `company...')
#3 D:\trupti\new_klamp_accounting\system\Database\BaseBuilder.php(2456): CodeIgniter\Database\BaseConnection->query('UPDATE `company...', Array, false)
#4 D:\trupti\new_klamp_accounting\app\Models\GeneralModel.php(522): CodeIgniter\Database\BaseBuilder->update(Array)
#5 D:\trupti\new_klamp_accounting\app\Models\CompanyModel.php(556): App\Models\GeneralModel->update_data_table('companygrp', Array, Array)
#6 D:\trupti\new_klamp_accounting\app\Controllers\Company.php(171): App\Models\CompanyModel->UpdateData(Array)
#7 D:\trupti\new_klamp_accounting\system\CodeIgniter.php(918): App\Controllers\Company->Action('Update')
#8 D:\trupti\new_klamp_accounting\system\CodeIgniter.php(404): CodeIgniter\CodeIgniter->runController(Object(App\Controllers\Company))
#9 D:\trupti\new_klamp_accounting\system\CodeIgniter.php(312): CodeIgniter\CodeIgniter->handleRequest(NULL, Object(Config\Cache), false)
#10 D:\trupti\new_klamp_accounting\public\index.php(45): CodeIgniter\CodeIgniter->run()
#11 D:\trupti\new_klamp_accounting\system\Commands\Server\rewrite.php(34): require_once('D:\\trupti\\new_k...')
#12 {main}
CRITICAL - 2022-07-21 15:31:42 --> You have an error in your SQL syntax; check the manual that corresponds to your MariaDB server version for the right syntax to use near '0 = ('0')
WHERE `id` = '1'' at line 1
#0 D:\trupti\new_klamp_accounting\system\Database\MySQLi\Connection.php(331): mysqli->query('UPDATE `company...')
#1 D:\trupti\new_klamp_accounting\system\Database\BaseConnection.php(741): CodeIgniter\Database\MySQLi\Connection->execute('UPDATE `company...')
#2 D:\trupti\new_klamp_accounting\system\Database\BaseConnection.php(669): CodeIgniter\Database\BaseConnection->simpleQuery('UPDATE `company...')
#3 D:\trupti\new_klamp_accounting\system\Database\BaseBuilder.php(2456): CodeIgniter\Database\BaseConnection->query('UPDATE `company...', Array, false)
#4 D:\trupti\new_klamp_accounting\app\Models\GeneralModel.php(522): CodeIgniter\Database\BaseBuilder->update(Array)
#5 D:\trupti\new_klamp_accounting\app\Models\CompanyModel.php(556): App\Models\GeneralModel->update_data_table('companygrp', Array, Array)
#6 D:\trupti\new_klamp_accounting\app\Controllers\Company.php(171): App\Models\CompanyModel->UpdateData(Array)
#7 D:\trupti\new_klamp_accounting\system\CodeIgniter.php(918): App\Controllers\Company->Action('Update')
#8 D:\trupti\new_klamp_accounting\system\CodeIgniter.php(404): CodeIgniter\CodeIgniter->runController(Object(App\Controllers\Company))
#9 D:\trupti\new_klamp_accounting\system\CodeIgniter.php(312): CodeIgniter\CodeIgniter->handleRequest(NULL, Object(Config\Cache), false)
#10 D:\trupti\new_klamp_accounting\public\index.php(45): CodeIgniter\CodeIgniter->run()
#11 D:\trupti\new_klamp_accounting\system\Commands\Server\rewrite.php(34): require_once('D:\\trupti\\new_k...')
#12 {main}
CRITICAL - 2022-07-21 16:01:17 --> Unknown database 'tru2022xjpw'
#0 D:\trupti\new_klamp_accounting\system\Database\MySQLi\Connection.php(278): mysqli->select_db('TRU2022XJPW')
#1 D:\trupti\new_klamp_accounting\app\Helpers\base_helper.php(132): CodeIgniter\Database\MySQLi\Connection->setDatabase('TRU2022XJPW')
#2 D:\trupti\new_klamp_accounting\app\Models\AccountModel.php(195): getManagedData('account a', Array, Array, 'and is_delete=0')
#3 D:\trupti\new_klamp_accounting\app\Controllers\Account.php(53): App\Models\AccountModel->get_account_data(Array)
#4 D:\trupti\new_klamp_accounting\system\CodeIgniter.php(918): App\Controllers\Account->Getdata('account')
#5 D:\trupti\new_klamp_accounting\system\CodeIgniter.php(404): CodeIgniter\CodeIgniter->runController(Object(App\Controllers\Account))
#6 D:\trupti\new_klamp_accounting\system\CodeIgniter.php(312): CodeIgniter\CodeIgniter->handleRequest(NULL, Object(Config\Cache), false)
#7 D:\trupti\new_klamp_accounting\public\index.php(45): CodeIgniter\CodeIgniter->run()
#8 D:\trupti\new_klamp_accounting\system\Commands\Server\rewrite.php(34): require_once('D:\\trupti\\new_k...')
#9 {main}
CRITICAL - 2022-07-21 16:01:54 --> Unknown database 'tru2022xjpw'
#0 D:\trupti\new_klamp_accounting\system\Database\MySQLi\Connection.php(278): mysqli->select_db('TRU2022XJPW')
#1 D:\trupti\new_klamp_accounting\app\Helpers\base_helper.php(132): CodeIgniter\Database\MySQLi\Connection->setDatabase('TRU2022XJPW')
#2 D:\trupti\new_klamp_accounting\app\Models\AccountModel.php(195): getManagedData('account a', Array, Array, 'and is_delete=0')
#3 D:\trupti\new_klamp_accounting\app\Controllers\Account.php(53): App\Models\AccountModel->get_account_data(Array)
#4 D:\trupti\new_klamp_accounting\system\CodeIgniter.php(918): App\Controllers\Account->Getdata('account')
#5 D:\trupti\new_klamp_accounting\system\CodeIgniter.php(404): CodeIgniter\CodeIgniter->runController(Object(App\Controllers\Account))
#6 D:\trupti\new_klamp_accounting\system\CodeIgniter.php(312): CodeIgniter\CodeIgniter->handleRequest(NULL, Object(Config\Cache), false)
#7 D:\trupti\new_klamp_accounting\public\index.php(45): CodeIgniter\CodeIgniter->run()
#8 D:\trupti\new_klamp_accounting\system\Commands\Server\rewrite.php(34): require_once('D:\\trupti\\new_k...')
#9 {main}
CRITICAL - 2022-07-21 17:00:32 --> Undefined variable: result
#0 D:\trupti\new_klamp_accounting\app\Models\PurchaseModel.php(1931): CodeIgniter\Debug\Exceptions->errorHandler(8, 'Undefined varia...', 'D:\\trupti\\new_k...', 1931, Array)
#1 D:\trupti\new_klamp_accounting\app\Controllers\Purchase.php(76): App\Models\PurchaseModel->get_purchaseinvoice_databyid(Array)
#2 D:\trupti\new_klamp_accounting\system\CodeIgniter.php(918): App\Controllers\Purchase->Getdata('search_purchase...')
#3 D:\trupti\new_klamp_accounting\system\CodeIgniter.php(404): CodeIgniter\CodeIgniter->runController(Object(App\Controllers\Purchase))
#4 D:\trupti\new_klamp_accounting\system\CodeIgniter.php(312): CodeIgniter\CodeIgniter->handleRequest(NULL, Object(Config\Cache), false)
#5 D:\trupti\new_klamp_accounting\public\index.php(45): CodeIgniter\CodeIgniter->run()
#6 D:\trupti\new_klamp_accounting\system\Commands\Server\rewrite.php(34): require_once('D:\\trupti\\new_k...')
#7 {main}
CRITICAL - 2022-07-21 17:00:34 --> Undefined variable: result
#0 D:\trupti\new_klamp_accounting\app\Models\PurchaseModel.php(1931): CodeIgniter\Debug\Exceptions->errorHandler(8, 'Undefined varia...', 'D:\\trupti\\new_k...', 1931, Array)
#1 D:\trupti\new_klamp_accounting\app\Controllers\Purchase.php(76): App\Models\PurchaseModel->get_purchaseinvoice_databyid(Array)
#2 D:\trupti\new_klamp_accounting\system\CodeIgniter.php(918): App\Controllers\Purchase->Getdata('search_purchase...')
#3 D:\trupti\new_klamp_accounting\system\CodeIgniter.php(404): CodeIgniter\CodeIgniter->runController(Object(App\Controllers\Purchase))
#4 D:\trupti\new_klamp_accounting\system\CodeIgniter.php(312): CodeIgniter\CodeIgniter->handleRequest(NULL, Object(Config\Cache), false)
#5 D:\trupti\new_klamp_accounting\public\index.php(45): CodeIgniter\CodeIgniter->run()
#6 D:\trupti\new_klamp_accounting\system\Commands\Server\rewrite.php(34): require_once('D:\\trupti\\new_k...')
#7 {main}
CRITICAL - 2022-07-21 17:00:35 --> Undefined variable: result
#0 D:\trupti\new_klamp_accounting\app\Models\PurchaseModel.php(1931): CodeIgniter\Debug\Exceptions->errorHandler(8, 'Undefined varia...', 'D:\\trupti\\new_k...', 1931, Array)
#1 D:\trupti\new_klamp_accounting\app\Controllers\Purchase.php(76): App\Models\PurchaseModel->get_purchaseinvoice_databyid(Array)
#2 D:\trupti\new_klamp_accounting\system\CodeIgniter.php(918): App\Controllers\Purchase->Getdata('search_purchase...')
#3 D:\trupti\new_klamp_accounting\system\CodeIgniter.php(404): CodeIgniter\CodeIgniter->runController(Object(App\Controllers\Purchase))
#4 D:\trupti\new_klamp_accounting\system\CodeIgniter.php(312): CodeIgniter\CodeIgniter->handleRequest(NULL, Object(Config\Cache), false)
#5 D:\trupti\new_klamp_accounting\public\index.php(45): CodeIgniter\CodeIgniter->run()
#6 D:\trupti\new_klamp_accounting\system\Commands\Server\rewrite.php(34): require_once('D:\\trupti\\new_k...')
#7 {main}
CRITICAL - 2022-07-21 17:01:21 --> You must set the database table to be used with your query.
#0 D:\trupti\new_klamp_accounting\system\Model.php(1237): CodeIgniter\Database\BaseConnection->table(NULL)
#1 D:\trupti\new_klamp_accounting\system\Model.php(1816): CodeIgniter\Model->builder()
#2 D:\trupti\new_klamp_accounting\app\Controllers\Master.php(895): CodeIgniter\Model->__call('search_purchase...', Array)
#3 D:\trupti\new_klamp_accounting\system\CodeIgniter.php(918): App\Controllers\Master->Getdata('search_purchase...')
#4 D:\trupti\new_klamp_accounting\system\CodeIgniter.php(404): CodeIgniter\CodeIgniter->runController(Object(App\Controllers\Master))
#5 D:\trupti\new_klamp_accounting\system\CodeIgniter.php(312): CodeIgniter\CodeIgniter->handleRequest(NULL, Object(Config\Cache), false)
#6 D:\trupti\new_klamp_accounting\public\index.php(45): CodeIgniter\CodeIgniter->run()
#7 D:\trupti\new_klamp_accounting\system\Commands\Server\rewrite.php(34): require_once('D:\\trupti\\new_k...')
#8 {main}
