CRITICAL - 2021-12-20 03:01:59 --> Table 'manifest_erp.companygrp' doesn't exist
#0 /var/www/html/system/Database/MySQLi/Connection.php(331): mysqli->query()
#1 /var/www/html/system/Database/BaseConnection.php(741): CodeIgniter\Database\MySQLi\Connection->execute()
#2 /var/www/html/system/Database/BaseConnection.php(669): CodeIgniter\Database\BaseConnection->simpleQuery()
#3 /var/www/html/system/Database/BaseBuilder.php(1860): CodeIgniter\Database\BaseConnection->query()
#4 /var/www/html/app/Models/CompanyModel.php(533): CodeIgniter\Database\BaseBuilder->get()
#5 /var/www/html/app/Controllers/Company.php(132): App\Models\CompanyModel->search_companygrp_data()
#6 /var/www/html/system/CodeIgniter.php(918): App\Controllers\Company->Getdata()
#7 /var/www/html/system/CodeIgniter.php(404): CodeIgniter\CodeIgniter->runController()
#8 /var/www/html/system/CodeIgniter.php(312): CodeIgniter\CodeIgniter->handleRequest()
#9 /var/www/html/public/index.php(45): CodeIgniter\CodeIgniter->run()
#10 {main}
CRITICAL - 2021-12-20 03:02:00 --> Table 'manifest_erp.companygrp' doesn't exist
#0 /var/www/html/system/Database/MySQLi/Connection.php(331): mysqli->query()
#1 /var/www/html/system/Database/BaseConnection.php(741): CodeIgniter\Database\MySQLi\Connection->execute()
#2 /var/www/html/system/Database/BaseConnection.php(669): CodeIgniter\Database\BaseConnection->simpleQuery()
#3 /var/www/html/system/Database/BaseBuilder.php(1860): CodeIgniter\Database\BaseConnection->query()
#4 /var/www/html/app/Models/CompanyModel.php(533): CodeIgniter\Database\BaseBuilder->get()
#5 /var/www/html/app/Controllers/Company.php(132): App\Models\CompanyModel->search_companygrp_data()
#6 /var/www/html/system/CodeIgniter.php(918): App\Controllers\Company->Getdata()
#7 /var/www/html/system/CodeIgniter.php(404): CodeIgniter\CodeIgniter->runController()
#8 /var/www/html/system/CodeIgniter.php(312): CodeIgniter\CodeIgniter->handleRequest()
#9 /var/www/html/public/index.php(45): CodeIgniter\CodeIgniter->run()
#10 {main}
CRITICAL - 2021-12-20 03:02:01 --> Table 'manifest_erp.companygrp' doesn't exist
#0 /var/www/html/system/Database/MySQLi/Connection.php(331): mysqli->query()
#1 /var/www/html/system/Database/BaseConnection.php(741): CodeIgniter\Database\MySQLi\Connection->execute()
#2 /var/www/html/system/Database/BaseConnection.php(669): CodeIgniter\Database\BaseConnection->simpleQuery()
#3 /var/www/html/system/Database/BaseBuilder.php(1860): CodeIgniter\Database\BaseConnection->query()
#4 /var/www/html/app/Models/CompanyModel.php(533): CodeIgniter\Database\BaseBuilder->get()
#5 /var/www/html/app/Controllers/Company.php(132): App\Models\CompanyModel->search_companygrp_data()
#6 /var/www/html/system/CodeIgniter.php(918): App\Controllers\Company->Getdata()
#7 /var/www/html/system/CodeIgniter.php(404): CodeIgniter\CodeIgniter->runController()
#8 /var/www/html/system/CodeIgniter.php(312): CodeIgniter\CodeIgniter->handleRequest()
#9 /var/www/html/public/index.php(45): CodeIgniter\CodeIgniter->run()
#10 {main}
CRITICAL - 2021-12-20 03:02:02 --> Table 'manifest_erp.companygrp' doesn't exist
#0 /var/www/html/system/Database/MySQLi/Connection.php(331): mysqli->query()
#1 /var/www/html/system/Database/BaseConnection.php(741): CodeIgniter\Database\MySQLi\Connection->execute()
#2 /var/www/html/system/Database/BaseConnection.php(669): CodeIgniter\Database\BaseConnection->simpleQuery()
#3 /var/www/html/system/Database/BaseBuilder.php(1860): CodeIgniter\Database\BaseConnection->query()
#4 /var/www/html/app/Models/CompanyModel.php(533): CodeIgniter\Database\BaseBuilder->get()
#5 /var/www/html/app/Controllers/Company.php(132): App\Models\CompanyModel->search_companygrp_data()
#6 /var/www/html/system/CodeIgniter.php(918): App\Controllers\Company->Getdata()
#7 /var/www/html/system/CodeIgniter.php(404): CodeIgniter\CodeIgniter->runController()
#8 /var/www/html/system/CodeIgniter.php(312): CodeIgniter\CodeIgniter->handleRequest()
#9 /var/www/html/public/index.php(45): CodeIgniter\CodeIgniter->run()
#10 {main}
CRITICAL - 2021-12-20 03:02:03 --> Table 'manifest_erp.companygrp' doesn't exist
#0 /var/www/html/system/Database/MySQLi/Connection.php(331): mysqli->query()
#1 /var/www/html/system/Database/BaseConnection.php(741): CodeIgniter\Database\MySQLi\Connection->execute()
#2 /var/www/html/system/Database/BaseConnection.php(669): CodeIgniter\Database\BaseConnection->simpleQuery()
#3 /var/www/html/system/Database/BaseBuilder.php(1860): CodeIgniter\Database\BaseConnection->query()
#4 /var/www/html/app/Models/CompanyModel.php(533): CodeIgniter\Database\BaseBuilder->get()
#5 /var/www/html/app/Controllers/Company.php(132): App\Models\CompanyModel->search_companygrp_data()
#6 /var/www/html/system/CodeIgniter.php(918): App\Controllers\Company->Getdata()
#7 /var/www/html/system/CodeIgniter.php(404): CodeIgniter\CodeIgniter->runController()
#8 /var/www/html/system/CodeIgniter.php(312): CodeIgniter\CodeIgniter->handleRequest()
#9 /var/www/html/public/index.php(45): CodeIgniter\CodeIgniter->run()
#10 {main}
CRITICAL - 2021-12-20 03:02:03 --> Table 'manifest_erp.companygrp' doesn't exist
#0 /var/www/html/system/Database/MySQLi/Connection.php(331): mysqli->query()
#1 /var/www/html/system/Database/BaseConnection.php(741): CodeIgniter\Database\MySQLi\Connection->execute()
#2 /var/www/html/system/Database/BaseConnection.php(669): CodeIgniter\Database\BaseConnection->simpleQuery()
#3 /var/www/html/system/Database/BaseBuilder.php(1860): CodeIgniter\Database\BaseConnection->query()
#4 /var/www/html/app/Models/CompanyModel.php(533): CodeIgniter\Database\BaseBuilder->get()
#5 /var/www/html/app/Controllers/Company.php(132): App\Models\CompanyModel->search_companygrp_data()
#6 /var/www/html/system/CodeIgniter.php(918): App\Controllers\Company->Getdata()
#7 /var/www/html/system/CodeIgniter.php(404): CodeIgniter\CodeIgniter->runController()
#8 /var/www/html/system/CodeIgniter.php(312): CodeIgniter\CodeIgniter->handleRequest()
#9 /var/www/html/public/index.php(45): CodeIgniter\CodeIgniter->run()
#10 {main}
CRITICAL - 2021-12-20 05:02:18 --> Undefined variable: result
#0 /var/www/html/app/Models/SalesModel.php(692): CodeIgniter\Debug\Exceptions->errorHandler()
#1 /var/www/html/app/Controllers/Sales.php(407): App\Models\SalesModel->search_item_data()
#2 /var/www/html/system/CodeIgniter.php(918): App\Controllers\Sales->Getdata()
#3 /var/www/html/system/CodeIgniter.php(404): CodeIgniter\CodeIgniter->runController()
#4 /var/www/html/system/CodeIgniter.php(312): CodeIgniter\CodeIgniter->handleRequest()
#5 /var/www/html/public/index.php(45): CodeIgniter\CodeIgniter->run()
#6 {main}
CRITICAL - 2021-12-20 05:02:21 --> Undefined variable: result
#0 /var/www/html/app/Models/SalesModel.php(692): CodeIgniter\Debug\Exceptions->errorHandler()
#1 /var/www/html/app/Controllers/Sales.php(407): App\Models\SalesModel->search_item_data()
#2 /var/www/html/system/CodeIgniter.php(918): App\Controllers\Sales->Getdata()
#3 /var/www/html/system/CodeIgniter.php(404): CodeIgniter\CodeIgniter->runController()
#4 /var/www/html/system/CodeIgniter.php(312): CodeIgniter\CodeIgniter->handleRequest()
#5 /var/www/html/public/index.php(45): CodeIgniter\CodeIgniter->run()
#6 {main}
CRITICAL - 2021-12-20 05:02:23 --> Undefined variable: result
#0 /var/www/html/app/Models/SalesModel.php(692): CodeIgniter\Debug\Exceptions->errorHandler()
#1 /var/www/html/app/Controllers/Sales.php(407): App\Models\SalesModel->search_item_data()
#2 /var/www/html/system/CodeIgniter.php(918): App\Controllers\Sales->Getdata()
#3 /var/www/html/system/CodeIgniter.php(404): CodeIgniter\CodeIgniter->runController()
#4 /var/www/html/system/CodeIgniter.php(312): CodeIgniter\CodeIgniter->handleRequest()
#5 /var/www/html/public/index.php(45): CodeIgniter\CodeIgniter->run()
#6 {main}
CRITICAL - 2021-12-20 05:03:39 --> Undefined variable: result
#0 /var/www/html/app/Models/SalesModel.php(692): CodeIgniter\Debug\Exceptions->errorHandler()
#1 /var/www/html/app/Controllers/Sales.php(407): App\Models\SalesModel->search_item_data()
#2 /var/www/html/system/CodeIgniter.php(918): App\Controllers\Sales->Getdata()
#3 /var/www/html/system/CodeIgniter.php(404): CodeIgniter\CodeIgniter->runController()
#4 /var/www/html/system/CodeIgniter.php(312): CodeIgniter\CodeIgniter->handleRequest()
#5 /var/www/html/public/index.php(45): CodeIgniter\CodeIgniter->run()
#6 {main}
