CRITICAL - 2023-03-22 12:24:50 --> Unable to connect to the database.
#0 D:\trupti\working project\new_accounting_manage\system\Database\BaseConnection.php(646): CodeIgniter\Database\BaseConnection->initialize()
#1 D:\trupti\working project\new_accounting_manage\system\Database\BaseBuilder.php(1860): CodeIgniter\Database\BaseConnection->query('SELECT *\nFROM `...', Array, false)
#2 D:\trupti\working project\new_accounting_manage\app\Models\AuthModel.php(37): CodeIgniter\Database\BaseBuilder->get()
#3 D:\trupti\working project\new_accounting_manage\app\Controllers\Auth.php(19): App\Models\AuthModel->login(Array)
#4 D:\trupti\working project\new_accounting_manage\system\CodeIgniter.php(918): App\Controllers\Auth->index()
#5 D:\trupti\working project\new_accounting_manage\system\CodeIgniter.php(404): CodeIgniter\CodeIgniter->runController(Object(App\Controllers\Auth))
#6 D:\trupti\working project\new_accounting_manage\system\CodeIgniter.php(312): CodeIgniter\CodeIgniter->handleRequest(NULL, Object(Config\Cache), false)
#7 D:\trupti\working project\new_accounting_manage\public\index.php(45): CodeIgniter\CodeIgniter->run()
#8 D:\trupti\working project\new_accounting_manage\system\Commands\Server\rewrite.php(34): require_once('D:\\trupti\\worki...')
#9 {main}
CRITICAL - 2023-03-22 12:29:50 --> Invalid file: form.php
#0 D:\trupti\working project\new_accounting_manage\system\View\View.php(228): CodeIgniter\Exceptions\FrameworkException::forInvalidFile('form.php')
#1 D:\trupti\working project\new_accounting_manage\system\View\View.php(257): CodeIgniter\View\View->render('form', Array, true)
#2 D:\trupti\working project\new_accounting_manage\app\Common.php(48): CodeIgniter\View\View->render('account/create_...', Array, true)
#3 D:\trupti\working project\new_accounting_manage\app\Controllers\Account.php(155): view('account/create_...', Array)
#4 D:\trupti\working project\new_accounting_manage\system\CodeIgniter.php(918): App\Controllers\Account->add_voucher()
#5 D:\trupti\working project\new_accounting_manage\system\CodeIgniter.php(404): CodeIgniter\CodeIgniter->runController(Object(App\Controllers\Account))
#6 D:\trupti\working project\new_accounting_manage\system\CodeIgniter.php(312): CodeIgniter\CodeIgniter->handleRequest(NULL, Object(Config\Cache), false)
#7 D:\trupti\working project\new_accounting_manage\public\index.php(45): CodeIgniter\CodeIgniter->run()
#8 D:\trupti\working project\new_accounting_manage\system\Commands\Server\rewrite.php(34): require_once('D:\\trupti\\worki...')
#9 {main}
CRITICAL - 2023-03-22 12:29:58 --> Invalid file: form.php
#0 D:\trupti\working project\new_accounting_manage\system\View\View.php(228): CodeIgniter\Exceptions\FrameworkException::forInvalidFile('form.php')
#1 D:\trupti\working project\new_accounting_manage\system\View\View.php(257): CodeIgniter\View\View->render('form', Array, true)
#2 D:\trupti\working project\new_accounting_manage\app\Common.php(48): CodeIgniter\View\View->render('account/create_...', Array, true)
#3 D:\trupti\working project\new_accounting_manage\app\Controllers\Account.php(155): view('account/create_...', Array)
#4 D:\trupti\working project\new_accounting_manage\system\CodeIgniter.php(918): App\Controllers\Account->add_voucher()
#5 D:\trupti\working project\new_accounting_manage\system\CodeIgniter.php(404): CodeIgniter\CodeIgniter->runController(Object(App\Controllers\Account))
#6 D:\trupti\working project\new_accounting_manage\system\CodeIgniter.php(312): CodeIgniter\CodeIgniter->handleRequest(NULL, Object(Config\Cache), false)
#7 D:\trupti\working project\new_accounting_manage\public\index.php(45): CodeIgniter\CodeIgniter->run()
#8 D:\trupti\working project\new_accounting_manage\system\Commands\Server\rewrite.php(34): require_once('D:\\trupti\\worki...')
#9 {main}
CRITICAL - 2023-03-22 12:30:05 --> Invalid file: form.php
#0 D:\trupti\working project\new_accounting_manage\system\View\View.php(228): CodeIgniter\Exceptions\FrameworkException::forInvalidFile('form.php')
#1 D:\trupti\working project\new_accounting_manage\system\View\View.php(257): CodeIgniter\View\View->render('form', Array, true)
#2 D:\trupti\working project\new_accounting_manage\app\Common.php(48): CodeIgniter\View\View->render('account/create_...', Array, true)
#3 D:\trupti\working project\new_accounting_manage\app\Controllers\Account.php(155): view('account/create_...', Array)
#4 D:\trupti\working project\new_accounting_manage\system\CodeIgniter.php(918): App\Controllers\Account->add_voucher()
#5 D:\trupti\working project\new_accounting_manage\system\CodeIgniter.php(404): CodeIgniter\CodeIgniter->runController(Object(App\Controllers\Account))
#6 D:\trupti\working project\new_accounting_manage\system\CodeIgniter.php(312): CodeIgniter\CodeIgniter->handleRequest(NULL, Object(Config\Cache), false)
#7 D:\trupti\working project\new_accounting_manage\public\index.php(45): CodeIgniter\CodeIgniter->run()
#8 D:\trupti\working project\new_accounting_manage\system\Commands\Server\rewrite.php(34): require_once('D:\\trupti\\worki...')
#9 {main}
CRITICAL - 2023-03-22 13:18:27 --> Unparenthesized `a ? b : c ? d : e` is deprecated. Use either `(a ? b : c) ? d : e` or `a ? b : (c ? d : e)`
#0 D:\trupti\working project\new_accounting_manage\system\View\View.php(246): CodeIgniter\Debug\Exceptions->errorHandler(8192, 'Unparenthesized...', 'D:\\trupti\\worki...', 57, Array)
#1 D:\trupti\working project\new_accounting_manage\system\View\View.php(246): include()
#2 D:\trupti\working project\new_accounting_manage\app\Common.php(48): CodeIgniter\View\View->render('Sales/create_sa...', Array, true)
#3 D:\trupti\working project\new_accounting_manage\app\Controllers\Sales.php(349): view('Sales/create_sa...', Array)
#4 D:\trupti\working project\new_accounting_manage\system\CodeIgniter.php(918): App\Controllers\Sales->add_salesinvoice()
#5 D:\trupti\working project\new_accounting_manage\system\CodeIgniter.php(404): CodeIgniter\CodeIgniter->runController(Object(App\Controllers\Sales))
#6 D:\trupti\working project\new_accounting_manage\system\CodeIgniter.php(312): CodeIgniter\CodeIgniter->handleRequest(NULL, Object(Config\Cache), false)
#7 D:\trupti\working project\new_accounting_manage\public\index.php(45): CodeIgniter\CodeIgniter->run()
#8 D:\trupti\working project\new_accounting_manage\system\Commands\Server\rewrite.php(34): require_once('D:\\trupti\\worki...')
#9 {main}
CRITICAL - 2023-03-22 13:19:07 --> Unparenthesized `a ? b : c ? d : e` is deprecated. Use either `(a ? b : c) ? d : e` or `a ? b : (c ? d : e)`
#0 D:\trupti\working project\new_accounting_manage\system\View\View.php(246): CodeIgniter\Debug\Exceptions->errorHandler(8192, 'Unparenthesized...', 'D:\\trupti\\worki...', 57, Array)
#1 D:\trupti\working project\new_accounting_manage\system\View\View.php(246): include()
#2 D:\trupti\working project\new_accounting_manage\app\Common.php(48): CodeIgniter\View\View->render('Sales/create_sa...', Array, true)
#3 D:\trupti\working project\new_accounting_manage\app\Controllers\Sales.php(349): view('Sales/create_sa...', Array)
#4 D:\trupti\working project\new_accounting_manage\system\CodeIgniter.php(918): App\Controllers\Sales->add_salesinvoice()
#5 D:\trupti\working project\new_accounting_manage\system\CodeIgniter.php(404): CodeIgniter\CodeIgniter->runController(Object(App\Controllers\Sales))
#6 D:\trupti\working project\new_accounting_manage\system\CodeIgniter.php(312): CodeIgniter\CodeIgniter->handleRequest(NULL, Object(Config\Cache), false)
#7 D:\trupti\working project\new_accounting_manage\public\index.php(45): CodeIgniter\CodeIgniter->run()
#8 D:\trupti\working project\new_accounting_manage\system\Commands\Server\rewrite.php(34): require_once('D:\\trupti\\worki...')
#9 {main}
CRITICAL - 2023-03-22 13:26:47 --> Undefined index: all_sub_group
#0 D:\trupti\working project\new_accounting_manage\app\Models\MasterModel.php(1699): CodeIgniter\Debug\Exceptions->errorHandler(8, 'Undefined index...', 'D:\\trupti\\worki...', 1699, Array)
#1 D:\trupti\working project\new_accounting_manage\app\Controllers\Master.php(611): App\Models\MasterModel->search_parent_glgrp_data(Array)
#2 D:\trupti\working project\new_accounting_manage\system\CodeIgniter.php(918): App\Controllers\Master->Getdata('parent_glgrp')
#3 D:\trupti\working project\new_accounting_manage\system\CodeIgniter.php(404): CodeIgniter\CodeIgniter->runController(Object(App\Controllers\Master))
#4 D:\trupti\working project\new_accounting_manage\system\CodeIgniter.php(312): CodeIgniter\CodeIgniter->handleRequest(NULL, Object(Config\Cache), false)
#5 D:\trupti\working project\new_accounting_manage\public\index.php(45): CodeIgniter\CodeIgniter->run()
#6 D:\trupti\working project\new_accounting_manage\system\Commands\Server\rewrite.php(34): require_once('D:\\trupti\\worki...')
#7 {main}
CRITICAL - 2023-03-22 13:26:48 --> Undefined index: all_sub_group
#0 D:\trupti\working project\new_accounting_manage\app\Models\MasterModel.php(1699): CodeIgniter\Debug\Exceptions->errorHandler(8, 'Undefined index...', 'D:\\trupti\\worki...', 1699, Array)
#1 D:\trupti\working project\new_accounting_manage\app\Controllers\Master.php(611): App\Models\MasterModel->search_parent_glgrp_data(Array)
#2 D:\trupti\working project\new_accounting_manage\system\CodeIgniter.php(918): App\Controllers\Master->Getdata('parent_glgrp')
#3 D:\trupti\working project\new_accounting_manage\system\CodeIgniter.php(404): CodeIgniter\CodeIgniter->runController(Object(App\Controllers\Master))
#4 D:\trupti\working project\new_accounting_manage\system\CodeIgniter.php(312): CodeIgniter\CodeIgniter->handleRequest(NULL, Object(Config\Cache), false)
#5 D:\trupti\working project\new_accounting_manage\public\index.php(45): CodeIgniter\CodeIgniter->run()
#6 D:\trupti\working project\new_accounting_manage\system\Commands\Server\rewrite.php(34): require_once('D:\\trupti\\worki...')
#7 {main}
CRITICAL - 2023-03-22 13:27:47 --> Undefined index: all_sub_group
#0 D:\trupti\working project\new_accounting_manage\app\Models\MasterModel.php(1699): CodeIgniter\Debug\Exceptions->errorHandler(8, 'Undefined index...', 'D:\\trupti\\worki...', 1699, Array)
#1 D:\trupti\working project\new_accounting_manage\app\Controllers\Master.php(611): App\Models\MasterModel->search_parent_glgrp_data(Array)
#2 D:\trupti\working project\new_accounting_manage\system\CodeIgniter.php(918): App\Controllers\Master->Getdata('parent_glgrp')
#3 D:\trupti\working project\new_accounting_manage\system\CodeIgniter.php(404): CodeIgniter\CodeIgniter->runController(Object(App\Controllers\Master))
#4 D:\trupti\working project\new_accounting_manage\system\CodeIgniter.php(312): CodeIgniter\CodeIgniter->handleRequest(NULL, Object(Config\Cache), false)
#5 D:\trupti\working project\new_accounting_manage\public\index.php(45): CodeIgniter\CodeIgniter->run()
#6 D:\trupti\working project\new_accounting_manage\system\Commands\Server\rewrite.php(34): require_once('D:\\trupti\\worki...')
#7 {main}
CRITICAL - 2023-03-22 13:28:15 --> Undefined index: all_sub_group
#0 D:\trupti\working project\new_accounting_manage\app\Models\MasterModel.php(1699): CodeIgniter\Debug\Exceptions->errorHandler(8, 'Undefined index...', 'D:\\trupti\\worki...', 1699, Array)
#1 D:\trupti\working project\new_accounting_manage\app\Controllers\Master.php(611): App\Models\MasterModel->search_parent_glgrp_data(Array)
#2 D:\trupti\working project\new_accounting_manage\system\CodeIgniter.php(918): App\Controllers\Master->Getdata('parent_glgrp')
#3 D:\trupti\working project\new_accounting_manage\system\CodeIgniter.php(404): CodeIgniter\CodeIgniter->runController(Object(App\Controllers\Master))
#4 D:\trupti\working project\new_accounting_manage\system\CodeIgniter.php(312): CodeIgniter\CodeIgniter->handleRequest(NULL, Object(Config\Cache), false)
#5 D:\trupti\working project\new_accounting_manage\public\index.php(45): CodeIgniter\CodeIgniter->run()
#6 D:\trupti\working project\new_accounting_manage\system\Commands\Server\rewrite.php(34): require_once('D:\\trupti\\worki...')
#7 {main}
CRITICAL - 2023-03-22 15:01:40 --> Undefined variable: result
#0 D:\trupti\working project\new_accounting_manage\app\Models\SalesModel.php(1427): CodeIgniter\Debug\Exceptions->errorHandler(8, 'Undefined varia...', 'D:\\trupti\\worki...', 1427, Array)
#1 D:\trupti\working project\new_accounting_manage\app\Controllers\Sales.php(543): App\Models\SalesModel->search_challan_data(Array)
#2 D:\trupti\working project\new_accounting_manage\system\CodeIgniter.php(918): App\Controllers\Sales->Getdata('get_challan')
#3 D:\trupti\working project\new_accounting_manage\system\CodeIgniter.php(404): CodeIgniter\CodeIgniter->runController(Object(App\Controllers\Sales))
#4 D:\trupti\working project\new_accounting_manage\system\CodeIgniter.php(312): CodeIgniter\CodeIgniter->handleRequest(NULL, Object(Config\Cache), false)
#5 D:\trupti\working project\new_accounting_manage\public\index.php(45): CodeIgniter\CodeIgniter->run()
#6 D:\trupti\working project\new_accounting_manage\system\Commands\Server\rewrite.php(34): require_once('D:\\trupti\\worki...')
#7 {main}
CRITICAL - 2023-03-22 15:05:37 --> Undefined variable: result
#0 D:\trupti\working project\new_accounting_manage\app\Models\SalesModel.php(1153): CodeIgniter\Debug\Exceptions->errorHandler(8, 'Undefined varia...', 'D:\\trupti\\worki...', 1153, Array)
#1 D:\trupti\working project\new_accounting_manage\app\Controllers\Sales.php(565): App\Models\SalesModel->search_item_data(NULL)
#2 D:\trupti\working project\new_accounting_manage\system\CodeIgniter.php(918): App\Controllers\Sales->Getdata('Item')
#3 D:\trupti\working project\new_accounting_manage\system\CodeIgniter.php(404): CodeIgniter\CodeIgniter->runController(Object(App\Controllers\Sales))
#4 D:\trupti\working project\new_accounting_manage\system\CodeIgniter.php(312): CodeIgniter\CodeIgniter->handleRequest(NULL, Object(Config\Cache), false)
#5 D:\trupti\working project\new_accounting_manage\public\index.php(45): CodeIgniter\CodeIgniter->run()
#6 D:\trupti\working project\new_accounting_manage\system\Commands\Server\rewrite.php(34): require_once('D:\\trupti\\worki...')
#7 {main}
CRITICAL - 2023-03-22 15:06:02 --> Column 'round' cannot be null
#0 D:\trupti\working project\new_accounting_manage\system\Database\MySQLi\Connection.php(331): mysqli->query('INSERT INTO `sa...')
#1 D:\trupti\working project\new_accounting_manage\system\Database\BaseConnection.php(741): CodeIgniter\Database\MySQLi\Connection->execute('INSERT INTO `sa...')
#2 D:\trupti\working project\new_accounting_manage\system\Database\BaseConnection.php(669): CodeIgniter\Database\BaseConnection->simpleQuery('INSERT INTO `sa...')
#3 D:\trupti\working project\new_accounting_manage\system\Database\BaseBuilder.php(2249): CodeIgniter\Database\BaseConnection->query('INSERT INTO `sa...', Array, false)
#4 D:\trupti\working project\new_accounting_manage\app\Models\SalesModel.php(2194): CodeIgniter\Database\BaseBuilder->insert(Array)
#5 D:\trupti\working project\new_accounting_manage\app\Controllers\Sales.php(313): App\Models\SalesModel->insert_edit_salesinvoice(Array)
#6 D:\trupti\working project\new_accounting_manage\system\CodeIgniter.php(918): App\Controllers\Sales->add_salesinvoice()
#7 D:\trupti\working project\new_accounting_manage\system\CodeIgniter.php(404): CodeIgniter\CodeIgniter->runController(Object(App\Controllers\Sales))
#8 D:\trupti\working project\new_accounting_manage\system\CodeIgniter.php(312): CodeIgniter\CodeIgniter->handleRequest(NULL, Object(Config\Cache), false)
#9 D:\trupti\working project\new_accounting_manage\public\index.php(45): CodeIgniter\CodeIgniter->run()
#10 D:\trupti\working project\new_accounting_manage\system\Commands\Server\rewrite.php(34): require_once('D:\\trupti\\worki...')
#11 {main}
CRITICAL - 2023-03-22 15:07:19 --> Column 'round' cannot be null
#0 D:\trupti\working project\new_accounting_manage\system\Database\MySQLi\Connection.php(331): mysqli->query('INSERT INTO `sa...')
#1 D:\trupti\working project\new_accounting_manage\system\Database\BaseConnection.php(741): CodeIgniter\Database\MySQLi\Connection->execute('INSERT INTO `sa...')
#2 D:\trupti\working project\new_accounting_manage\system\Database\BaseConnection.php(669): CodeIgniter\Database\BaseConnection->simpleQuery('INSERT INTO `sa...')
#3 D:\trupti\working project\new_accounting_manage\system\Database\BaseBuilder.php(2249): CodeIgniter\Database\BaseConnection->query('INSERT INTO `sa...', Array, false)
#4 D:\trupti\working project\new_accounting_manage\app\Models\SalesModel.php(2195): CodeIgniter\Database\BaseBuilder->insert(Array)
#5 D:\trupti\working project\new_accounting_manage\app\Controllers\Sales.php(313): App\Models\SalesModel->insert_edit_salesinvoice(Array)
#6 D:\trupti\working project\new_accounting_manage\system\CodeIgniter.php(918): App\Controllers\Sales->add_salesinvoice()
#7 D:\trupti\working project\new_accounting_manage\system\CodeIgniter.php(404): CodeIgniter\CodeIgniter->runController(Object(App\Controllers\Sales))
#8 D:\trupti\working project\new_accounting_manage\system\CodeIgniter.php(312): CodeIgniter\CodeIgniter->handleRequest(NULL, Object(Config\Cache), false)
#9 D:\trupti\working project\new_accounting_manage\public\index.php(45): CodeIgniter\CodeIgniter->run()
#10 D:\trupti\working project\new_accounting_manage\system\Commands\Server\rewrite.php(34): require_once('D:\\trupti\\worki...')
#11 {main}
CRITICAL - 2023-03-22 15:07:43 --> Column 'round' cannot be null
#0 D:\trupti\working project\new_accounting_manage\system\Database\MySQLi\Connection.php(331): mysqli->query('INSERT INTO `sa...')
#1 D:\trupti\working project\new_accounting_manage\system\Database\BaseConnection.php(741): CodeIgniter\Database\MySQLi\Connection->execute('INSERT INTO `sa...')
#2 D:\trupti\working project\new_accounting_manage\system\Database\BaseConnection.php(669): CodeIgniter\Database\BaseConnection->simpleQuery('INSERT INTO `sa...')
#3 D:\trupti\working project\new_accounting_manage\system\Database\BaseBuilder.php(2249): CodeIgniter\Database\BaseConnection->query('INSERT INTO `sa...', Array, false)
#4 D:\trupti\working project\new_accounting_manage\app\Models\SalesModel.php(2195): CodeIgniter\Database\BaseBuilder->insert(Array)
#5 D:\trupti\working project\new_accounting_manage\app\Controllers\Sales.php(313): App\Models\SalesModel->insert_edit_salesinvoice(Array)
#6 D:\trupti\working project\new_accounting_manage\system\CodeIgniter.php(918): App\Controllers\Sales->add_salesinvoice()
#7 D:\trupti\working project\new_accounting_manage\system\CodeIgniter.php(404): CodeIgniter\CodeIgniter->runController(Object(App\Controllers\Sales))
#8 D:\trupti\working project\new_accounting_manage\system\CodeIgniter.php(312): CodeIgniter\CodeIgniter->handleRequest(NULL, Object(Config\Cache), false)
#9 D:\trupti\working project\new_accounting_manage\public\index.php(45): CodeIgniter\CodeIgniter->run()
#10 D:\trupti\working project\new_accounting_manage\system\Commands\Server\rewrite.php(34): require_once('D:\\trupti\\worki...')
#11 {main}
CRITICAL - 2023-03-22 15:11:18 --> Unparenthesized `a ? b : c ? d : e` is deprecated. Use either `(a ? b : c) ? d : e` or `a ? b : (c ? d : e)`
#0 D:\trupti\working project\new_accounting_manage\system\View\View.php(246): CodeIgniter\Debug\Exceptions->errorHandler(8192, 'Unparenthesized...', 'D:\\trupti\\worki...', 56, Array)
#1 D:\trupti\working project\new_accounting_manage\system\View\View.php(246): include()
#2 D:\trupti\working project\new_accounting_manage\app\Common.php(48): CodeIgniter\View\View->render('Sales/create_sa...', Array, true)
#3 D:\trupti\working project\new_accounting_manage\app\Controllers\Sales.php(349): view('Sales/create_sa...', Array)
#4 D:\trupti\working project\new_accounting_manage\system\CodeIgniter.php(918): App\Controllers\Sales->add_salesinvoice()
#5 D:\trupti\working project\new_accounting_manage\system\CodeIgniter.php(404): CodeIgniter\CodeIgniter->runController(Object(App\Controllers\Sales))
#6 D:\trupti\working project\new_accounting_manage\system\CodeIgniter.php(312): CodeIgniter\CodeIgniter->handleRequest(NULL, Object(Config\Cache), false)
#7 D:\trupti\working project\new_accounting_manage\public\index.php(45): CodeIgniter\CodeIgniter->run()
#8 D:\trupti\working project\new_accounting_manage\system\Commands\Server\rewrite.php(34): require_once('D:\\trupti\\worki...')
#9 {main}
CRITICAL - 2023-03-22 15:19:41 --> Undefined index: id
#0 D:\trupti\working project\new_accounting_manage\app\Models\GeneralModel.php(388): CodeIgniter\Debug\Exceptions->errorHandler(8, 'Undefined index...', 'D:\\trupti\\worki...', 388, Array)
#1 D:\trupti\working project\new_accounting_manage\app\Controllers\Master.php(837): App\Models\GeneralModel->search_saleReturnVoucher_data(Array)
#2 D:\trupti\working project\new_accounting_manage\system\CodeIgniter.php(918): App\Controllers\Master->Getdata('search_saleRetu...')
#3 D:\trupti\working project\new_accounting_manage\system\CodeIgniter.php(404): CodeIgniter\CodeIgniter->runController(Object(App\Controllers\Master))
#4 D:\trupti\working project\new_accounting_manage\system\CodeIgniter.php(312): CodeIgniter\CodeIgniter->handleRequest(NULL, Object(Config\Cache), false)
#5 D:\trupti\working project\new_accounting_manage\public\index.php(45): CodeIgniter\CodeIgniter->run()
#6 D:\trupti\working project\new_accounting_manage\system\Commands\Server\rewrite.php(34): require_once('D:\\trupti\\worki...')
#7 {main}
CRITICAL - 2023-03-22 15:27:35 --> Unknown column 'ledger' in 'field list'
#0 D:\trupti\working project\new_accounting_manage\system\Database\MySQLi\Connection.php(331): mysqli->query('INSERT INTO `sa...')
#1 D:\trupti\working project\new_accounting_manage\system\Database\BaseConnection.php(741): CodeIgniter\Database\MySQLi\Connection->execute('INSERT INTO `sa...')
#2 D:\trupti\working project\new_accounting_manage\system\Database\BaseConnection.php(669): CodeIgniter\Database\BaseConnection->simpleQuery('INSERT INTO `sa...')
#3 D:\trupti\working project\new_accounting_manage\system\Database\BaseBuilder.php(2249): CodeIgniter\Database\BaseConnection->query('INSERT INTO `sa...', Array, false)
#4 D:\trupti\working project\new_accounting_manage\app\Models\SalesModel.php(3244): CodeIgniter\Database\BaseBuilder->insert(Array)
#5 D:\trupti\working project\new_accounting_manage\app\Controllers\Sales.php(363): App\Models\SalesModel->insert_edit_salesreturn(Array)
#6 D:\trupti\working project\new_accounting_manage\system\CodeIgniter.php(918): App\Controllers\Sales->add_salesreturn()
#7 D:\trupti\working project\new_accounting_manage\system\CodeIgniter.php(404): CodeIgniter\CodeIgniter->runController(Object(App\Controllers\Sales))
#8 D:\trupti\working project\new_accounting_manage\system\CodeIgniter.php(312): CodeIgniter\CodeIgniter->handleRequest(NULL, Object(Config\Cache), false)
#9 D:\trupti\working project\new_accounting_manage\public\index.php(45): CodeIgniter\CodeIgniter->run()
#10 D:\trupti\working project\new_accounting_manage\system\Commands\Server\rewrite.php(34): require_once('D:\\trupti\\worki...')
#11 {main}
CRITICAL - 2023-03-22 15:28:30 --> Column 'round' cannot be null
#0 D:\trupti\working project\new_accounting_manage\system\Database\MySQLi\Connection.php(331): mysqli->query('INSERT INTO `sa...')
#1 D:\trupti\working project\new_accounting_manage\system\Database\BaseConnection.php(741): CodeIgniter\Database\MySQLi\Connection->execute('INSERT INTO `sa...')
#2 D:\trupti\working project\new_accounting_manage\system\Database\BaseConnection.php(669): CodeIgniter\Database\BaseConnection->simpleQuery('INSERT INTO `sa...')
#3 D:\trupti\working project\new_accounting_manage\system\Database\BaseBuilder.php(2249): CodeIgniter\Database\BaseConnection->query('INSERT INTO `sa...', Array, false)
#4 D:\trupti\working project\new_accounting_manage\app\Models\SalesModel.php(3244): CodeIgniter\Database\BaseBuilder->insert(Array)
#5 D:\trupti\working project\new_accounting_manage\app\Controllers\Sales.php(363): App\Models\SalesModel->insert_edit_salesreturn(Array)
#6 D:\trupti\working project\new_accounting_manage\system\CodeIgniter.php(918): App\Controllers\Sales->add_salesreturn()
#7 D:\trupti\working project\new_accounting_manage\system\CodeIgniter.php(404): CodeIgniter\CodeIgniter->runController(Object(App\Controllers\Sales))
#8 D:\trupti\working project\new_accounting_manage\system\CodeIgniter.php(312): CodeIgniter\CodeIgniter->handleRequest(NULL, Object(Config\Cache), false)
#9 D:\trupti\working project\new_accounting_manage\public\index.php(45): CodeIgniter\CodeIgniter->run()
#10 D:\trupti\working project\new_accounting_manage\system\Commands\Server\rewrite.php(34): require_once('D:\\trupti\\worki...')
#11 {main}
CRITICAL - 2023-03-22 15:52:58 --> Undefined variable: voucher_list
#0 D:\trupti\working project\new_accounting_manage\app\Views\purchase\create_purchasereturn.php(56): CodeIgniter\Debug\Exceptions->errorHandler(8, 'Undefined varia...', 'D:\\trupti\\worki...', 56, Array)
#1 D:\trupti\working project\new_accounting_manage\system\View\View.php(246): include('D:\\trupti\\worki...')
#2 D:\trupti\working project\new_accounting_manage\app\Common.php(48): CodeIgniter\View\View->render('purchase/create...', Array, true)
#3 D:\trupti\working project\new_accounting_manage\app\Controllers\Purchase.php(219): view('purchase/create...', Array)
#4 D:\trupti\working project\new_accounting_manage\system\CodeIgniter.php(918): App\Controllers\Purchase->add_purchasereturn()
#5 D:\trupti\working project\new_accounting_manage\system\CodeIgniter.php(404): CodeIgniter\CodeIgniter->runController(Object(App\Controllers\Purchase))
#6 D:\trupti\working project\new_accounting_manage\system\CodeIgniter.php(312): CodeIgniter\CodeIgniter->handleRequest(NULL, Object(Config\Cache), false)
#7 D:\trupti\working project\new_accounting_manage\public\index.php(45): CodeIgniter\CodeIgniter->run()
#8 D:\trupti\working project\new_accounting_manage\system\Commands\Server\rewrite.php(34): require_once('D:\\trupti\\worki...')
#9 {main}
