CRITICAL - 2022-09-19 11:13:52 --> Undefined index: is_expence
#0 C:\trupti\new_klamp_accounting\app\Models\SalesModel.php(1009): CodeIgniter\Debug\Exceptions->errorHandler(8, 'Undefined index...', 'C:\\trupti\\new_k...', 1009, Array)
#1 C:\trupti\new_klamp_accounting\app\Controllers\Sales.php(533): App\Models\SalesModel->search_item_data(NULL)
#2 C:\trupti\new_klamp_accounting\system\CodeIgniter.php(918): App\Controllers\Sales->Getdata('Item')
#3 C:\trupti\new_klamp_accounting\system\CodeIgniter.php(404): CodeIgniter\CodeIgniter->runController(Object(App\Controllers\Sales))
#4 C:\trupti\new_klamp_accounting\system\CodeIgniter.php(312): CodeIgniter\CodeIgniter->handleRequest(NULL, Object(Config\Cache), false)
#5 C:\trupti\new_klamp_accounting\public\index.php(45): CodeIgniter\CodeIgniter->run()
#6 C:\trupti\new_klamp_accounting\system\Commands\Server\rewrite.php(34): require_once('C:\\trupti\\new_k...')
#7 {main}
CRITICAL - 2022-09-19 11:41:46 --> Undefined variable: result
#0 C:\trupti\new_klamp_accounting\app\Models\SalesModel.php(1013): CodeIgniter\Debug\Exceptions->errorHandler(8, 'Undefined varia...', 'C:\\trupti\\new_k...', 1013, Array)
#1 C:\trupti\new_klamp_accounting\app\Controllers\Sales.php(533): App\Models\SalesModel->search_item_data('product_error_n...')
#2 C:\trupti\new_klamp_accounting\system\CodeIgniter.php(918): App\Controllers\Sales->Getdata('Item')
#3 C:\trupti\new_klamp_accounting\system\CodeIgniter.php(404): CodeIgniter\CodeIgniter->runController(Object(App\Controllers\Sales))
#4 C:\trupti\new_klamp_accounting\system\CodeIgniter.php(312): CodeIgniter\CodeIgniter->handleRequest(NULL, Object(Config\Cache), false)
#5 C:\trupti\new_klamp_accounting\public\index.php(45): CodeIgniter\CodeIgniter->run()
#6 C:\trupti\new_klamp_accounting\system\Commands\Server\rewrite.php(34): require_once('C:\\trupti\\new_k...')
#7 {main}
CRITICAL - 2022-09-19 11:41:47 --> Undefined variable: result
#0 C:\trupti\new_klamp_accounting\app\Models\SalesModel.php(1013): CodeIgniter\Debug\Exceptions->errorHandler(8, 'Undefined varia...', 'C:\\trupti\\new_k...', 1013, Array)
#1 C:\trupti\new_klamp_accounting\app\Controllers\Sales.php(533): App\Models\SalesModel->search_item_data('product_error_n...')
#2 C:\trupti\new_klamp_accounting\system\CodeIgniter.php(918): App\Controllers\Sales->Getdata('Item')
#3 C:\trupti\new_klamp_accounting\system\CodeIgniter.php(404): CodeIgniter\CodeIgniter->runController(Object(App\Controllers\Sales))
#4 C:\trupti\new_klamp_accounting\system\CodeIgniter.php(312): CodeIgniter\CodeIgniter->handleRequest(NULL, Object(Config\Cache), false)
#5 C:\trupti\new_klamp_accounting\public\index.php(45): CodeIgniter\CodeIgniter->run()
#6 C:\trupti\new_klamp_accounting\system\Commands\Server\rewrite.php(34): require_once('C:\\trupti\\new_k...')
#7 {main}
CRITICAL - 2022-09-19 12:28:51 --> Undefined index: account
#0 C:\trupti\new_klamp_accounting\app\Models\SalesModel.php(290): CodeIgniter\Debug\Exceptions->errorHandler(8, 'Undefined index...', 'C:\\trupti\\new_k...', 290, Array)
#1 C:\trupti\new_klamp_accounting\app\Controllers\Sales.php(35): App\Models\SalesModel->insert_edit_challan(Array)
#2 C:\trupti\new_klamp_accounting\system\CodeIgniter.php(918): App\Controllers\Sales->add_challan()
#3 C:\trupti\new_klamp_accounting\system\CodeIgniter.php(404): CodeIgniter\CodeIgniter->runController(Object(App\Controllers\Sales))
#4 C:\trupti\new_klamp_accounting\system\CodeIgniter.php(312): CodeIgniter\CodeIgniter->handleRequest(NULL, Object(Config\Cache), false)
#5 C:\trupti\new_klamp_accounting\public\index.php(45): CodeIgniter\CodeIgniter->run()
#6 C:\trupti\new_klamp_accounting\system\Commands\Server\rewrite.php(34): require_once('C:\\trupti\\new_k...')
#7 {main}
CRITICAL - 2022-09-19 12:29:00 --> Undefined index: account
#0 C:\trupti\new_klamp_accounting\app\Models\SalesModel.php(290): CodeIgniter\Debug\Exceptions->errorHandler(8, 'Undefined index...', 'C:\\trupti\\new_k...', 290, Array)
#1 C:\trupti\new_klamp_accounting\app\Controllers\Sales.php(35): App\Models\SalesModel->insert_edit_challan(Array)
#2 C:\trupti\new_klamp_accounting\system\CodeIgniter.php(918): App\Controllers\Sales->add_challan()
#3 C:\trupti\new_klamp_accounting\system\CodeIgniter.php(404): CodeIgniter\CodeIgniter->runController(Object(App\Controllers\Sales))
#4 C:\trupti\new_klamp_accounting\system\CodeIgniter.php(312): CodeIgniter\CodeIgniter->handleRequest(NULL, Object(Config\Cache), false)
#5 C:\trupti\new_klamp_accounting\public\index.php(45): CodeIgniter\CodeIgniter->run()
#6 C:\trupti\new_klamp_accounting\system\Commands\Server\rewrite.php(34): require_once('C:\\trupti\\new_k...')
#7 {main}
CRITICAL - 2022-09-19 12:37:04 --> Undefined property: stdClass::$pid
#0 C:\trupti\new_klamp_accounting\app\Models\SalesModel.php(563): CodeIgniter\Debug\Exceptions->errorHandler(8, 'Undefined prope...', 'C:\\trupti\\new_k...', 563, Array)
#1 C:\trupti\new_klamp_accounting\app\Controllers\Sales.php(35): App\Models\SalesModel->insert_edit_challan(Array)
#2 C:\trupti\new_klamp_accounting\system\CodeIgniter.php(918): App\Controllers\Sales->add_challan()
#3 C:\trupti\new_klamp_accounting\system\CodeIgniter.php(404): CodeIgniter\CodeIgniter->runController(Object(App\Controllers\Sales))
#4 C:\trupti\new_klamp_accounting\system\CodeIgniter.php(312): CodeIgniter\CodeIgniter->handleRequest(NULL, Object(Config\Cache), false)
#5 C:\trupti\new_klamp_accounting\public\index.php(45): CodeIgniter\CodeIgniter->run()
#6 C:\trupti\new_klamp_accounting\system\Commands\Server\rewrite.php(34): require_once('C:\\trupti\\new_k...')
#7 {main}
CRITICAL - 2022-09-19 12:37:26 --> Undefined property: stdClass::$pid
#0 C:\trupti\new_klamp_accounting\app\Models\SalesModel.php(563): CodeIgniter\Debug\Exceptions->errorHandler(8, 'Undefined prope...', 'C:\\trupti\\new_k...', 563, Array)
#1 C:\trupti\new_klamp_accounting\app\Controllers\Sales.php(35): App\Models\SalesModel->insert_edit_challan(Array)
#2 C:\trupti\new_klamp_accounting\system\CodeIgniter.php(918): App\Controllers\Sales->add_challan()
#3 C:\trupti\new_klamp_accounting\system\CodeIgniter.php(404): CodeIgniter\CodeIgniter->runController(Object(App\Controllers\Sales))
#4 C:\trupti\new_klamp_accounting\system\CodeIgniter.php(312): CodeIgniter\CodeIgniter->handleRequest(NULL, Object(Config\Cache), false)
#5 C:\trupti\new_klamp_accounting\public\index.php(45): CodeIgniter\CodeIgniter->run()
#6 C:\trupti\new_klamp_accounting\system\Commands\Server\rewrite.php(34): require_once('C:\\trupti\\new_k...')
#7 {main}
CRITICAL - 2022-09-19 12:48:59 --> Trying to get property 'item_id' of non-object
#0 C:\trupti\new_klamp_accounting\app\Models\SalesModel.php(564): CodeIgniter\Debug\Exceptions->errorHandler(8, 'Trying to get p...', 'C:\\trupti\\new_k...', 564, Array)
#1 C:\trupti\new_klamp_accounting\app\Controllers\Sales.php(35): App\Models\SalesModel->insert_edit_challan(Array)
#2 C:\trupti\new_klamp_accounting\system\CodeIgniter.php(918): App\Controllers\Sales->add_challan()
#3 C:\trupti\new_klamp_accounting\system\CodeIgniter.php(404): CodeIgniter\CodeIgniter->runController(Object(App\Controllers\Sales))
#4 C:\trupti\new_klamp_accounting\system\CodeIgniter.php(312): CodeIgniter\CodeIgniter->handleRequest(NULL, Object(Config\Cache), false)
#5 C:\trupti\new_klamp_accounting\public\index.php(45): CodeIgniter\CodeIgniter->run()
#6 C:\trupti\new_klamp_accounting\system\Commands\Server\rewrite.php(34): require_once('C:\\trupti\\new_k...')
#7 {main}
CRITICAL - 2022-09-19 17:04:12 --> Cannot use object of type stdClass as array
#0 C:\trupti\new_klamp_accounting\app\Controllers\Sales.php(312): App\Models\SalesModel->insert_edit_salesinvoice(Array)
#1 C:\trupti\new_klamp_accounting\system\CodeIgniter.php(918): App\Controllers\Sales->add_salesinvoice()
#2 C:\trupti\new_klamp_accounting\system\CodeIgniter.php(404): CodeIgniter\CodeIgniter->runController(Object(App\Controllers\Sales))
#3 C:\trupti\new_klamp_accounting\system\CodeIgniter.php(312): CodeIgniter\CodeIgniter->handleRequest(NULL, Object(Config\Cache), false)
#4 C:\trupti\new_klamp_accounting\public\index.php(45): CodeIgniter\CodeIgniter->run()
#5 C:\trupti\new_klamp_accounting\system\Commands\Server\rewrite.php(34): require_once('C:\\trupti\\new_k...')
#6 {main}
CRITICAL - 2022-09-19 17:04:22 --> Cannot use object of type stdClass as array
#0 C:\trupti\new_klamp_accounting\app\Controllers\Sales.php(312): App\Models\SalesModel->insert_edit_salesinvoice(Array)
#1 C:\trupti\new_klamp_accounting\system\CodeIgniter.php(918): App\Controllers\Sales->add_salesinvoice()
#2 C:\trupti\new_klamp_accounting\system\CodeIgniter.php(404): CodeIgniter\CodeIgniter->runController(Object(App\Controllers\Sales))
#3 C:\trupti\new_klamp_accounting\system\CodeIgniter.php(312): CodeIgniter\CodeIgniter->handleRequest(NULL, Object(Config\Cache), false)
#4 C:\trupti\new_klamp_accounting\public\index.php(45): CodeIgniter\CodeIgniter->run()
#5 C:\trupti\new_klamp_accounting\system\Commands\Server\rewrite.php(34): require_once('C:\\trupti\\new_k...')
#6 {main}
CRITICAL - 2022-09-19 17:05:08 --> Cannot use object of type stdClass as array
#0 C:\trupti\new_klamp_accounting\app\Controllers\Sales.php(312): App\Models\SalesModel->insert_edit_salesinvoice(Array)
#1 C:\trupti\new_klamp_accounting\system\CodeIgniter.php(918): App\Controllers\Sales->add_salesinvoice()
#2 C:\trupti\new_klamp_accounting\system\CodeIgniter.php(404): CodeIgniter\CodeIgniter->runController(Object(App\Controllers\Sales))
#3 C:\trupti\new_klamp_accounting\system\CodeIgniter.php(312): CodeIgniter\CodeIgniter->handleRequest(NULL, Object(Config\Cache), false)
#4 C:\trupti\new_klamp_accounting\public\index.php(45): CodeIgniter\CodeIgniter->run()
#5 C:\trupti\new_klamp_accounting\system\Commands\Server\rewrite.php(34): require_once('C:\\trupti\\new_k...')
#6 {main}
CRITICAL - 2022-09-19 17:05:58 --> Cannot use object of type stdClass as array
#0 C:\trupti\new_klamp_accounting\app\Controllers\Sales.php(312): App\Models\SalesModel->insert_edit_salesinvoice(Array)
#1 C:\trupti\new_klamp_accounting\system\CodeIgniter.php(918): App\Controllers\Sales->add_salesinvoice()
#2 C:\trupti\new_klamp_accounting\system\CodeIgniter.php(404): CodeIgniter\CodeIgniter->runController(Object(App\Controllers\Sales))
#3 C:\trupti\new_klamp_accounting\system\CodeIgniter.php(312): CodeIgniter\CodeIgniter->handleRequest(NULL, Object(Config\Cache), false)
#4 C:\trupti\new_klamp_accounting\public\index.php(45): CodeIgniter\CodeIgniter->run()
#5 C:\trupti\new_klamp_accounting\system\Commands\Server\rewrite.php(34): require_once('C:\\trupti\\new_k...')
#6 {main}
CRITICAL - 2022-09-19 17:06:53 --> Cannot use object of type stdClass as array
#0 C:\trupti\new_klamp_accounting\app\Controllers\Sales.php(312): App\Models\SalesModel->insert_edit_salesinvoice(Array)
#1 C:\trupti\new_klamp_accounting\system\CodeIgniter.php(918): App\Controllers\Sales->add_salesinvoice()
#2 C:\trupti\new_klamp_accounting\system\CodeIgniter.php(404): CodeIgniter\CodeIgniter->runController(Object(App\Controllers\Sales))
#3 C:\trupti\new_klamp_accounting\system\CodeIgniter.php(312): CodeIgniter\CodeIgniter->handleRequest(NULL, Object(Config\Cache), false)
#4 C:\trupti\new_klamp_accounting\public\index.php(45): CodeIgniter\CodeIgniter->run()
#5 C:\trupti\new_klamp_accounting\system\Commands\Server\rewrite.php(34): require_once('C:\\trupti\\new_k...')
#6 {main}
CRITICAL - 2022-09-19 17:31:57 --> Cannot use object of type stdClass as array
#0 C:\trupti\new_klamp_accounting\app\Controllers\Sales.php(346): App\Models\SalesModel->insert_edit_salesreturn(Array)
#1 C:\trupti\new_klamp_accounting\system\CodeIgniter.php(918): App\Controllers\Sales->add_salesreturn()
#2 C:\trupti\new_klamp_accounting\system\CodeIgniter.php(404): CodeIgniter\CodeIgniter->runController(Object(App\Controllers\Sales))
#3 C:\trupti\new_klamp_accounting\system\CodeIgniter.php(312): CodeIgniter\CodeIgniter->handleRequest(NULL, Object(Config\Cache), false)
#4 C:\trupti\new_klamp_accounting\public\index.php(45): CodeIgniter\CodeIgniter->run()
#5 C:\trupti\new_klamp_accounting\system\Commands\Server\rewrite.php(34): require_once('C:\\trupti\\new_k...')
#6 {main}
CRITICAL - 2022-09-19 17:32:14 --> Cannot use object of type stdClass as array
#0 C:\trupti\new_klamp_accounting\app\Controllers\Sales.php(346): App\Models\SalesModel->insert_edit_salesreturn(Array)
#1 C:\trupti\new_klamp_accounting\system\CodeIgniter.php(918): App\Controllers\Sales->add_salesreturn()
#2 C:\trupti\new_klamp_accounting\system\CodeIgniter.php(404): CodeIgniter\CodeIgniter->runController(Object(App\Controllers\Sales))
#3 C:\trupti\new_klamp_accounting\system\CodeIgniter.php(312): CodeIgniter\CodeIgniter->handleRequest(NULL, Object(Config\Cache), false)
#4 C:\trupti\new_klamp_accounting\public\index.php(45): CodeIgniter\CodeIgniter->run()
#5 C:\trupti\new_klamp_accounting\system\Commands\Server\rewrite.php(34): require_once('C:\\trupti\\new_k...')
#6 {main}
