CRITICAL - 2022-08-22 10:24:32 --> Unable to connect to the database.
#0 C:\trupti\new_klamp_accounting\system\Database\BaseConnection.php(646): CodeIgniter\Database\BaseConnection->initialize()
#1 C:\trupti\new_klamp_accounting\system\Database\BaseBuilder.php(1860): CodeIgniter\Database\BaseConnection->query('SELECT *\nFROM `...', Array, false)
#2 C:\trupti\new_klamp_accounting\app\Models\AuthModel.php(33): CodeIgniter\Database\BaseBuilder->get()
#3 C:\trupti\new_klamp_accounting\app\Controllers\Auth.php(19): App\Models\AuthModel->login(Array)
#4 C:\trupti\new_klamp_accounting\system\CodeIgniter.php(918): App\Controllers\Auth->index()
#5 C:\trupti\new_klamp_accounting\system\CodeIgniter.php(404): CodeIgniter\CodeIgniter->runController(Object(App\Controllers\Auth))
#6 C:\trupti\new_klamp_accounting\system\CodeIgniter.php(312): CodeIgniter\CodeIgniter->handleRequest(NULL, Object(Config\Cache), false)
#7 C:\trupti\new_klamp_accounting\public\index.php(45): CodeIgniter\CodeIgniter->run()
#8 C:\trupti\new_klamp_accounting\system\Commands\Server\rewrite.php(34): require_once('C:\\trupti\\new_k...')
#9 {main}
CRITICAL - 2022-08-22 10:25:25 --> Undefined variable: old_data
#0 C:\trupti\new_klamp_accounting\app\Views\addbook\ledger.php(156): CodeIgniter\Debug\Exceptions->errorHandler(8, 'Undefined varia...', 'C:\\trupti\\new_k...', 156, Array)
#1 C:\trupti\new_klamp_accounting\system\View\View.php(246): include('C:\\trupti\\new_k...')
#2 C:\trupti\new_klamp_accounting\app\Common.php(48): CodeIgniter\View\View->render('addbook/ledger', Array, true)
#3 C:\trupti\new_klamp_accounting\app\Controllers\Addbook.php(1445): view('addbook/ledger', Array)
#4 C:\trupti\new_klamp_accounting\system\CodeIgniter.php(918): App\Controllers\Addbook->ledger()
#5 C:\trupti\new_klamp_accounting\system\CodeIgniter.php(404): CodeIgniter\CodeIgniter->runController(Object(App\Controllers\Addbook))
#6 C:\trupti\new_klamp_accounting\system\CodeIgniter.php(312): CodeIgniter\CodeIgniter->handleRequest(NULL, Object(Config\Cache), false)
#7 C:\trupti\new_klamp_accounting\public\index.php(45): CodeIgniter\CodeIgniter->run()
#8 C:\trupti\new_klamp_accounting\system\Commands\Server\rewrite.php(34): require_once('C:\\trupti\\new_k...')
#9 {main}
CRITICAL - 2022-08-22 12:09:03 --> Undefined index: supp_inv
#0 C:\trupti\new_klamp_accounting\app\Models\ApiModel.php(834): CodeIgniter\Debug\Exceptions->errorHandler(8, 'Undefined index...', 'C:\\trupti\\new_k...', 834, Array)
#1 C:\trupti\new_klamp_accounting\app\Controllers\Api.php(310): App\Models\ApiModel->insert_edit_sale_return(Array)
#2 C:\trupti\new_klamp_accounting\system\CodeIgniter.php(918): App\Controllers\Api->add_sale_return()
#3 C:\trupti\new_klamp_accounting\system\CodeIgniter.php(404): CodeIgniter\CodeIgniter->runController(Object(App\Controllers\Api))
#4 C:\trupti\new_klamp_accounting\system\CodeIgniter.php(312): CodeIgniter\CodeIgniter->handleRequest(NULL, Object(Config\Cache), false)
#5 C:\trupti\new_klamp_accounting\public\index.php(45): CodeIgniter\CodeIgniter->run()
#6 C:\trupti\new_klamp_accounting\system\Commands\Server\rewrite.php(34): require_once('C:\\trupti\\new_k...')
#7 {main}
CRITICAL - 2022-08-22 12:09:37 --> Undefined index: igst
#0 C:\trupti\new_klamp_accounting\app\Models\ApiModel.php(853): CodeIgniter\Debug\Exceptions->errorHandler(8, 'Undefined index...', 'C:\\trupti\\new_k...', 853, Array)
#1 C:\trupti\new_klamp_accounting\app\Controllers\Api.php(310): App\Models\ApiModel->insert_edit_sale_return(Array)
#2 C:\trupti\new_klamp_accounting\system\CodeIgniter.php(918): App\Controllers\Api->add_sale_return()
#3 C:\trupti\new_klamp_accounting\system\CodeIgniter.php(404): CodeIgniter\CodeIgniter->runController(Object(App\Controllers\Api))
#4 C:\trupti\new_klamp_accounting\system\CodeIgniter.php(312): CodeIgniter\CodeIgniter->handleRequest(NULL, Object(Config\Cache), false)
#5 C:\trupti\new_klamp_accounting\public\index.php(45): CodeIgniter\CodeIgniter->run()
#6 C:\trupti\new_klamp_accounting\system\Commands\Server\rewrite.php(34): require_once('C:\\trupti\\new_k...')
#7 {main}
CRITICAL - 2022-08-22 12:12:13 --> Undefined index: taxability
#0 C:\trupti\new_klamp_accounting\app\Models\ApiModel.php(868): CodeIgniter\Debug\Exceptions->errorHandler(8, 'Undefined index...', 'C:\\trupti\\new_k...', 868, Array)
#1 C:\trupti\new_klamp_accounting\app\Controllers\Api.php(310): App\Models\ApiModel->insert_edit_sale_return(Array)
#2 C:\trupti\new_klamp_accounting\system\CodeIgniter.php(918): App\Controllers\Api->add_sale_return()
#3 C:\trupti\new_klamp_accounting\system\CodeIgniter.php(404): CodeIgniter\CodeIgniter->runController(Object(App\Controllers\Api))
#4 C:\trupti\new_klamp_accounting\system\CodeIgniter.php(312): CodeIgniter\CodeIgniter->handleRequest(NULL, Object(Config\Cache), false)
#5 C:\trupti\new_klamp_accounting\public\index.php(45): CodeIgniter\CodeIgniter->run()
#6 C:\trupti\new_klamp_accounting\system\Commands\Server\rewrite.php(34): require_once('C:\\trupti\\new_k...')
#7 {main}
CRITICAL - 2022-08-22 12:19:39 --> Undefined index: qty
#0 C:\trupti\new_klamp_accounting\app\Models\ApiModel.php(851): CodeIgniter\Debug\Exceptions->errorHandler(8, 'Undefined index...', 'C:\\trupti\\new_k...', 851, Array)
#1 C:\trupti\new_klamp_accounting\app\Controllers\Api.php(310): App\Models\ApiModel->insert_edit_sale_return(Array)
#2 C:\trupti\new_klamp_accounting\system\CodeIgniter.php(918): App\Controllers\Api->add_sale_return()
#3 C:\trupti\new_klamp_accounting\system\CodeIgniter.php(404): CodeIgniter\CodeIgniter->runController(Object(App\Controllers\Api))
#4 C:\trupti\new_klamp_accounting\system\CodeIgniter.php(312): CodeIgniter\CodeIgniter->handleRequest(NULL, Object(Config\Cache), false)
#5 C:\trupti\new_klamp_accounting\public\index.php(45): CodeIgniter\CodeIgniter->run()
#6 C:\trupti\new_klamp_accounting\system\Commands\Server\rewrite.php(34): require_once('C:\\trupti\\new_k...')
#7 {main}
CRITICAL - 2022-08-22 12:25:19 --> Undefined index: higst
#0 C:\trupti\new_klamp_accounting\app\Models\ApiModel.php(853): CodeIgniter\Debug\Exceptions->errorHandler(8, 'Undefined index...', 'C:\\trupti\\new_k...', 853, Array)
#1 C:\trupti\new_klamp_accounting\app\Controllers\Api.php(310): App\Models\ApiModel->insert_edit_sale_return(Array)
#2 C:\trupti\new_klamp_accounting\system\CodeIgniter.php(918): App\Controllers\Api->add_sale_return()
#3 C:\trupti\new_klamp_accounting\system\CodeIgniter.php(404): CodeIgniter\CodeIgniter->runController(Object(App\Controllers\Api))
#4 C:\trupti\new_klamp_accounting\system\CodeIgniter.php(312): CodeIgniter\CodeIgniter->handleRequest(NULL, Object(Config\Cache), false)
#5 C:\trupti\new_klamp_accounting\public\index.php(45): CodeIgniter\CodeIgniter->run()
#6 C:\trupti\new_klamp_accounting\system\Commands\Server\rewrite.php(34): require_once('C:\\trupti\\new_k...')
#7 {main}
CRITICAL - 2022-08-22 12:25:40 --> Undefined index: taxability
#0 C:\trupti\new_klamp_accounting\app\Models\ApiModel.php(868): CodeIgniter\Debug\Exceptions->errorHandler(8, 'Undefined index...', 'C:\\trupti\\new_k...', 868, Array)
#1 C:\trupti\new_klamp_accounting\app\Controllers\Api.php(310): App\Models\ApiModel->insert_edit_sale_return(Array)
#2 C:\trupti\new_klamp_accounting\system\CodeIgniter.php(918): App\Controllers\Api->add_sale_return()
#3 C:\trupti\new_klamp_accounting\system\CodeIgniter.php(404): CodeIgniter\CodeIgniter->runController(Object(App\Controllers\Api))
#4 C:\trupti\new_klamp_accounting\system\CodeIgniter.php(312): CodeIgniter\CodeIgniter->handleRequest(NULL, Object(Config\Cache), false)
#5 C:\trupti\new_klamp_accounting\public\index.php(45): CodeIgniter\CodeIgniter->run()
#6 C:\trupti\new_klamp_accounting\system\Commands\Server\rewrite.php(34): require_once('C:\\trupti\\new_k...')
#7 {main}
CRITICAL - 2022-08-22 14:25:21 --> Unknown column 'gl.id' in 'where clause'
#0 C:\trupti\new_klamp_accounting\system\Database\MySQLi\Connection.php(331): mysqli->query('SELECT `acc`.`i...')
#1 C:\trupti\new_klamp_accounting\system\Database\BaseConnection.php(741): CodeIgniter\Database\MySQLi\Connection->execute('SELECT `acc`.`i...')
#2 C:\trupti\new_klamp_accounting\system\Database\BaseConnection.php(669): CodeIgniter\Database\BaseConnection->simpleQuery('SELECT `acc`.`i...')
#3 C:\trupti\new_klamp_accounting\system\Database\BaseBuilder.php(1860): CodeIgniter\Database\BaseConnection->query('SELECT `acc`.`i...', Array, false)
#4 C:\trupti\new_klamp_accounting\app\Helpers\report_helper.php(7001): CodeIgniter\Database\BaseBuilder->get()
#5 C:\trupti\new_klamp_accounting\app\Controllers\Addbook.php(1622): get_ledger_outstanding_list('2022-07-23', '2022-08-22', 1)
#6 C:\trupti\new_klamp_accounting\system\CodeIgniter.php(918): App\Controllers\Addbook->Ledger_outstanding_list()
#7 C:\trupti\new_klamp_accounting\system\CodeIgniter.php(404): CodeIgniter\CodeIgniter->runController(Object(App\Controllers\Addbook))
#8 C:\trupti\new_klamp_accounting\system\CodeIgniter.php(312): CodeIgniter\CodeIgniter->handleRequest(NULL, Object(Config\Cache), false)
#9 C:\trupti\new_klamp_accounting\public\index.php(45): CodeIgniter\CodeIgniter->run()
#10 C:\trupti\new_klamp_accounting\system\Commands\Server\rewrite.php(34): require_once('C:\\trupti\\new_k...')
#11 {main}
CRITICAL - 2022-08-22 14:26:06 --> Undefined variable: page
#0 C:\trupti\new_klamp_accounting\app\Views\addbook\ledger_outstanding_list.php(140): CodeIgniter\Debug\Exceptions->errorHandler(8, 'Undefined varia...', 'C:\\trupti\\new_k...', 140, Array)
#1 C:\trupti\new_klamp_accounting\system\View\View.php(246): include('C:\\trupti\\new_k...')
#2 C:\trupti\new_klamp_accounting\app\Common.php(48): CodeIgniter\View\View->render('addbook/ledger_...', Array, true)
#3 C:\trupti\new_klamp_accounting\app\Controllers\Addbook.php(1634): view('addbook/ledger_...', Array)
#4 C:\trupti\new_klamp_accounting\system\CodeIgniter.php(918): App\Controllers\Addbook->Ledger_outstanding_list()
#5 C:\trupti\new_klamp_accounting\system\CodeIgniter.php(404): CodeIgniter\CodeIgniter->runController(Object(App\Controllers\Addbook))
#6 C:\trupti\new_klamp_accounting\system\CodeIgniter.php(312): CodeIgniter\CodeIgniter->handleRequest(NULL, Object(Config\Cache), false)
#7 C:\trupti\new_klamp_accounting\public\index.php(45): CodeIgniter\CodeIgniter->run()
#8 C:\trupti\new_klamp_accounting\system\Commands\Server\rewrite.php(34): require_once('C:\\trupti\\new_k...')
#9 {main}
CRITICAL - 2022-08-22 14:27:05 --> Undefined variable: number_of_page
#0 C:\trupti\new_klamp_accounting\app\Views\addbook\ledger_outstanding_list.php(183): CodeIgniter\Debug\Exceptions->errorHandler(8, 'Undefined varia...', 'C:\\trupti\\new_k...', 183, Array)
#1 C:\trupti\new_klamp_accounting\system\View\View.php(246): include('C:\\trupti\\new_k...')
#2 C:\trupti\new_klamp_accounting\app\Common.php(48): CodeIgniter\View\View->render('addbook/ledger_...', Array, true)
#3 C:\trupti\new_klamp_accounting\app\Controllers\Addbook.php(1634): view('addbook/ledger_...', Array)
#4 C:\trupti\new_klamp_accounting\system\CodeIgniter.php(918): App\Controllers\Addbook->Ledger_outstanding_list()
#5 C:\trupti\new_klamp_accounting\system\CodeIgniter.php(404): CodeIgniter\CodeIgniter->runController(Object(App\Controllers\Addbook))
#6 C:\trupti\new_klamp_accounting\system\CodeIgniter.php(312): CodeIgniter\CodeIgniter->handleRequest(NULL, Object(Config\Cache), false)
#7 C:\trupti\new_klamp_accounting\public\index.php(45): CodeIgniter\CodeIgniter->run()
#8 C:\trupti\new_klamp_accounting\system\Commands\Server\rewrite.php(34): require_once('C:\\trupti\\new_k...')
#9 {main}
CRITICAL - 2022-08-22 15:18:42 --> Call to a member function format() on bool
#0 C:\trupti\new_klamp_accounting\app\Models\AddbookModel.php(3643): db_date('2')
#1 C:\trupti\new_klamp_accounting\app\Controllers\Addbook.php(1639): App\Models\AddbookModel->get_old_ledger_register('2022-07-23')
#2 C:\trupti\new_klamp_accounting\system\CodeIgniter.php(918): App\Controllers\Addbook->Ledger_outstanding_list()
#3 C:\trupti\new_klamp_accounting\system\CodeIgniter.php(404): CodeIgniter\CodeIgniter->runController(Object(App\Controllers\Addbook))
#4 C:\trupti\new_klamp_accounting\system\CodeIgniter.php(312): CodeIgniter\CodeIgniter->handleRequest(NULL, Object(Config\Cache), false)
#5 C:\trupti\new_klamp_accounting\public\index.php(45): CodeIgniter\CodeIgniter->run()
#6 C:\trupti\new_klamp_accounting\system\Commands\Server\rewrite.php(34): require_once('C:\\trupti\\new_k...')
#7 {main}
CRITICAL - 2022-08-22 15:23:43 --> Undefined variable: salesreturn_total
#0 C:\trupti\new_klamp_accounting\app\Models\AddbookModel.php(3744): CodeIgniter\Debug\Exceptions->errorHandler(8, 'Undefined varia...', 'C:\\trupti\\new_k...', 3744, Array)
#1 C:\trupti\new_klamp_accounting\app\Controllers\Addbook.php(1639): App\Models\AddbookModel->get_old_ledger_register(Array)
#2 C:\trupti\new_klamp_accounting\system\CodeIgniter.php(918): App\Controllers\Addbook->Ledger_outstanding_list()
#3 C:\trupti\new_klamp_accounting\system\CodeIgniter.php(404): CodeIgniter\CodeIgniter->runController(Object(App\Controllers\Addbook))
#4 C:\trupti\new_klamp_accounting\system\CodeIgniter.php(312): CodeIgniter\CodeIgniter->handleRequest(NULL, Object(Config\Cache), false)
#5 C:\trupti\new_klamp_accounting\public\index.php(45): CodeIgniter\CodeIgniter->run()
#6 C:\trupti\new_klamp_accounting\system\Commands\Server\rewrite.php(34): require_once('C:\\trupti\\new_k...')
#7 {main}
CRITICAL - 2022-08-22 15:31:37 --> Undefined variable: salesreturn_total
#0 C:\trupti\new_klamp_accounting\app\Models\AddbookModel.php(3755): CodeIgniter\Debug\Exceptions->errorHandler(8, 'Undefined varia...', 'C:\\trupti\\new_k...', 3755, Array)
#1 C:\trupti\new_klamp_accounting\app\Controllers\Addbook.php(1639): App\Models\AddbookModel->get_old_ledger_register(Array)
#2 C:\trupti\new_klamp_accounting\system\CodeIgniter.php(918): App\Controllers\Addbook->Ledger_outstanding_list()
#3 C:\trupti\new_klamp_accounting\system\CodeIgniter.php(404): CodeIgniter\CodeIgniter->runController(Object(App\Controllers\Addbook))
#4 C:\trupti\new_klamp_accounting\system\CodeIgniter.php(312): CodeIgniter\CodeIgniter->handleRequest(NULL, Object(Config\Cache), false)
#5 C:\trupti\new_klamp_accounting\public\index.php(45): CodeIgniter\CodeIgniter->run()
#6 C:\trupti\new_klamp_accounting\system\Commands\Server\rewrite.php(34): require_once('C:\\trupti\\new_k...')
#7 {main}
CRITICAL - 2022-08-22 16:11:26 --> Undefined variable: account_id
#0 C:\trupti\new_klamp_accounting\app\Helpers\report_helper.php(7062): CodeIgniter\Debug\Exceptions->errorHandler(8, 'Undefined varia...', 'C:\\trupti\\new_k...', 7062, Array)
#1 C:\trupti\new_klamp_accounting\app\Controllers\Addbook.php(1633): get_ledger_outstanding_list('2022-07-23', '2022-08-22', 1)
#2 C:\trupti\new_klamp_accounting\system\CodeIgniter.php(918): App\Controllers\Addbook->Ledger_outstanding_list()
#3 C:\trupti\new_klamp_accounting\system\CodeIgniter.php(404): CodeIgniter\CodeIgniter->runController(Object(App\Controllers\Addbook))
#4 C:\trupti\new_klamp_accounting\system\CodeIgniter.php(312): CodeIgniter\CodeIgniter->handleRequest(NULL, Object(Config\Cache), false)
#5 C:\trupti\new_klamp_accounting\public\index.php(45): CodeIgniter\CodeIgniter->run()
#6 C:\trupti\new_klamp_accounting\system\Commands\Server\rewrite.php(34): require_once('C:\\trupti\\new_k...')
#7 {main}
CRITICAL - 2022-08-22 16:50:09 --> Using $this when not in object context
#0 C:\trupti\new_klamp_accounting\app\Helpers\report_helper.php(7286): get_old_ledger_register('2022-07-23', '2022-08-22', '41')
#1 C:\trupti\new_klamp_accounting\app\Controllers\Addbook.php(1633): get_ledger_outstanding_list('2022-07-23', '2022-08-22', 1)
#2 C:\trupti\new_klamp_accounting\system\CodeIgniter.php(918): App\Controllers\Addbook->Ledger_outstanding_list()
#3 C:\trupti\new_klamp_accounting\system\CodeIgniter.php(404): CodeIgniter\CodeIgniter->runController(Object(App\Controllers\Addbook))
#4 C:\trupti\new_klamp_accounting\system\CodeIgniter.php(312): CodeIgniter\CodeIgniter->handleRequest(NULL, Object(Config\Cache), false)
#5 C:\trupti\new_klamp_accounting\public\index.php(45): CodeIgniter\CodeIgniter->run()
#6 C:\trupti\new_klamp_accounting\system\Commands\Server\rewrite.php(34): require_once('C:\\trupti\\new_k...')
#7 {main}
CRITICAL - 2022-08-22 16:50:46 --> Class 'GeneralModel' not found
#0 C:\trupti\new_klamp_accounting\app\Helpers\report_helper.php(7288): get_old_ledger_register('2022-07-23', '2022-08-22', '41')
#1 C:\trupti\new_klamp_accounting\app\Controllers\Addbook.php(1633): get_ledger_outstanding_list('2022-07-23', '2022-08-22', 1)
#2 C:\trupti\new_klamp_accounting\system\CodeIgniter.php(918): App\Controllers\Addbook->Ledger_outstanding_list()
#3 C:\trupti\new_klamp_accounting\system\CodeIgniter.php(404): CodeIgniter\CodeIgniter->runController(Object(App\Controllers\Addbook))
#4 C:\trupti\new_klamp_accounting\system\CodeIgniter.php(312): CodeIgniter\CodeIgniter->handleRequest(NULL, Object(Config\Cache), false)
#5 C:\trupti\new_klamp_accounting\public\index.php(45): CodeIgniter\CodeIgniter->run()
#6 C:\trupti\new_klamp_accounting\system\Commands\Server\rewrite.php(34): require_once('C:\\trupti\\new_k...')
#7 {main}
CRITICAL - 2022-08-22 16:51:34 --> Class 'GeneralModel' not found
#0 C:\trupti\new_klamp_accounting\app\Helpers\report_helper.php(7289): get_old_ledger_register('2022-07-23', '2022-08-22', '41')
#1 C:\trupti\new_klamp_accounting\app\Controllers\Addbook.php(1633): get_ledger_outstanding_list('2022-07-23', '2022-08-22', 1)
#2 C:\trupti\new_klamp_accounting\system\CodeIgniter.php(918): App\Controllers\Addbook->Ledger_outstanding_list()
#3 C:\trupti\new_klamp_accounting\system\CodeIgniter.php(404): CodeIgniter\CodeIgniter->runController(Object(App\Controllers\Addbook))
#4 C:\trupti\new_klamp_accounting\system\CodeIgniter.php(312): CodeIgniter\CodeIgniter->handleRequest(NULL, Object(Config\Cache), false)
#5 C:\trupti\new_klamp_accounting\public\index.php(45): CodeIgniter\CodeIgniter->run()
#6 C:\trupti\new_klamp_accounting\system\Commands\Server\rewrite.php(34): require_once('C:\\trupti\\new_k...')
#7 {main}
CRITICAL - 2022-08-22 17:09:24 --> Undefined variable: outstanding_debit
#0 C:\trupti\new_klamp_accounting\app\Helpers\report_helper.php(7302): CodeIgniter\Debug\Exceptions->errorHandler(8, 'Undefined varia...', 'C:\\trupti\\new_k...', 7302, Array)
#1 C:\trupti\new_klamp_accounting\app\Controllers\Addbook.php(1633): get_ledger_outstanding_list('2022-07-23', '2022-08-22', 1)
#2 C:\trupti\new_klamp_accounting\system\CodeIgniter.php(918): App\Controllers\Addbook->Ledger_outstanding_list()
#3 C:\trupti\new_klamp_accounting\system\CodeIgniter.php(404): CodeIgniter\CodeIgniter->runController(Object(App\Controllers\Addbook))
#4 C:\trupti\new_klamp_accounting\system\CodeIgniter.php(312): CodeIgniter\CodeIgniter->handleRequest(NULL, Object(Config\Cache), false)
#5 C:\trupti\new_klamp_accounting\public\index.php(45): CodeIgniter\CodeIgniter->run()
#6 C:\trupti\new_klamp_accounting\system\Commands\Server\rewrite.php(34): require_once('C:\\trupti\\new_k...')
#7 {main}
CRITICAL - 2022-08-22 17:26:06 --> Undefined index: taxability
#0 C:\trupti\new_klamp_accounting\app\Models\ApiModel.php(868): CodeIgniter\Debug\Exceptions->errorHandler(8, 'Undefined index...', 'C:\\trupti\\new_k...', 868, Array)
#1 C:\trupti\new_klamp_accounting\app\Controllers\Api.php(310): App\Models\ApiModel->insert_edit_sale_return(Array)
#2 C:\trupti\new_klamp_accounting\system\CodeIgniter.php(918): App\Controllers\Api->add_sale_return()
#3 C:\trupti\new_klamp_accounting\system\CodeIgniter.php(404): CodeIgniter\CodeIgniter->runController(Object(App\Controllers\Api))
#4 C:\trupti\new_klamp_accounting\system\CodeIgniter.php(312): CodeIgniter\CodeIgniter->handleRequest(NULL, Object(Config\Cache), false)
#5 C:\trupti\new_klamp_accounting\public\index.php(45): CodeIgniter\CodeIgniter->run()
#6 C:\trupti\new_klamp_accounting\system\Commands\Server\rewrite.php(34): require_once('C:\\trupti\\new_k...')
#7 {main}
CRITICAL - 2022-08-22 17:27:16 --> Undefined index: supp_inv
#0 C:\trupti\new_klamp_accounting\app\Models\ApiModel.php(834): CodeIgniter\Debug\Exceptions->errorHandler(8, 'Undefined index...', 'C:\\trupti\\new_k...', 834, Array)
#1 C:\trupti\new_klamp_accounting\app\Controllers\Api.php(310): App\Models\ApiModel->insert_edit_sale_return(Array)
#2 C:\trupti\new_klamp_accounting\system\CodeIgniter.php(918): App\Controllers\Api->add_sale_return()
#3 C:\trupti\new_klamp_accounting\system\CodeIgniter.php(404): CodeIgniter\CodeIgniter->runController(Object(App\Controllers\Api))
#4 C:\trupti\new_klamp_accounting\system\CodeIgniter.php(312): CodeIgniter\CodeIgniter->handleRequest(NULL, Object(Config\Cache), false)
#5 C:\trupti\new_klamp_accounting\public\index.php(45): CodeIgniter\CodeIgniter->run()
#6 C:\trupti\new_klamp_accounting\system\Commands\Server\rewrite.php(34): require_once('C:\\trupti\\new_k...')
#7 {main}
CRITICAL - 2022-08-22 17:27:43 --> Unknown column 'invoice_no' in 'field list'
#0 C:\trupti\new_klamp_accounting\system\Database\MySQLi\Connection.php(331): mysqli->query('SELECT MAX(invo...')
#1 C:\trupti\new_klamp_accounting\system\Database\BaseConnection.php(741): CodeIgniter\Database\MySQLi\Connection->execute('SELECT MAX(invo...')
#2 C:\trupti\new_klamp_accounting\system\Database\BaseConnection.php(669): CodeIgniter\Database\BaseConnection->simpleQuery('SELECT MAX(invo...')
#3 C:\trupti\new_klamp_accounting\system\Database\BaseBuilder.php(1860): CodeIgniter\Database\BaseConnection->query('SELECT MAX(invo...', Array, false)
#4 C:\trupti\new_klamp_accounting\app\Models\GeneralModel.php(268): CodeIgniter\Database\BaseBuilder->get()
#5 C:\trupti\new_klamp_accounting\app\Models\ApiModel.php(965): App\Models\GeneralModel->get_api_voucher_invoice_id('ACE20227T93', 'sales_return')
#6 C:\trupti\new_klamp_accounting\app\Controllers\Api.php(310): App\Models\ApiModel->insert_edit_sale_return(Array)
#7 C:\trupti\new_klamp_accounting\system\CodeIgniter.php(918): App\Controllers\Api->add_sale_return()
#8 C:\trupti\new_klamp_accounting\system\CodeIgniter.php(404): CodeIgniter\CodeIgniter->runController(Object(App\Controllers\Api))
#9 C:\trupti\new_klamp_accounting\system\CodeIgniter.php(312): CodeIgniter\CodeIgniter->handleRequest(NULL, Object(Config\Cache), false)
#10 C:\trupti\new_klamp_accounting\public\index.php(45): CodeIgniter\CodeIgniter->run()
#11 C:\trupti\new_klamp_accounting\system\Commands\Server\rewrite.php(34): require_once('C:\\trupti\\new_k...')
#12 {main}
CRITICAL - 2022-08-22 17:28:03 --> Unknown column 'invoice_no' in 'field list'
#0 C:\trupti\new_klamp_accounting\system\Database\MySQLi\Connection.php(331): mysqli->query('SELECT MAX(invo...')
#1 C:\trupti\new_klamp_accounting\system\Database\BaseConnection.php(741): CodeIgniter\Database\MySQLi\Connection->execute('SELECT MAX(invo...')
#2 C:\trupti\new_klamp_accounting\system\Database\BaseConnection.php(669): CodeIgniter\Database\BaseConnection->simpleQuery('SELECT MAX(invo...')
#3 C:\trupti\new_klamp_accounting\system\Database\BaseBuilder.php(1860): CodeIgniter\Database\BaseConnection->query('SELECT MAX(invo...', Array, false)
#4 C:\trupti\new_klamp_accounting\app\Models\GeneralModel.php(268): CodeIgniter\Database\BaseBuilder->get()
#5 C:\trupti\new_klamp_accounting\app\Models\ApiModel.php(965): App\Models\GeneralModel->get_api_voucher_invoice_id('ACE20227T93', 'sales_return')
#6 C:\trupti\new_klamp_accounting\app\Controllers\Api.php(310): App\Models\ApiModel->insert_edit_sale_return(Array)
#7 C:\trupti\new_klamp_accounting\system\CodeIgniter.php(918): App\Controllers\Api->add_sale_return()
#8 C:\trupti\new_klamp_accounting\system\CodeIgniter.php(404): CodeIgniter\CodeIgniter->runController(Object(App\Controllers\Api))
#9 C:\trupti\new_klamp_accounting\system\CodeIgniter.php(312): CodeIgniter\CodeIgniter->handleRequest(NULL, Object(Config\Cache), false)
#10 C:\trupti\new_klamp_accounting\public\index.php(45): CodeIgniter\CodeIgniter->run()
#11 C:\trupti\new_klamp_accounting\system\Commands\Server\rewrite.php(34): require_once('C:\\trupti\\new_k...')
#12 {main}
CRITICAL - 2022-08-22 17:28:48 --> Unknown column 'invoice_no' in 'field list'
#0 C:\trupti\new_klamp_accounting\system\Database\MySQLi\Connection.php(331): mysqli->query('SELECT MAX(invo...')
#1 C:\trupti\new_klamp_accounting\system\Database\BaseConnection.php(741): CodeIgniter\Database\MySQLi\Connection->execute('SELECT MAX(invo...')
#2 C:\trupti\new_klamp_accounting\system\Database\BaseConnection.php(669): CodeIgniter\Database\BaseConnection->simpleQuery('SELECT MAX(invo...')
#3 C:\trupti\new_klamp_accounting\system\Database\BaseBuilder.php(1860): CodeIgniter\Database\BaseConnection->query('SELECT MAX(invo...', Array, false)
#4 C:\trupti\new_klamp_accounting\app\Models\GeneralModel.php(268): CodeIgniter\Database\BaseBuilder->get()
#5 C:\trupti\new_klamp_accounting\app\Models\ApiModel.php(965): App\Models\GeneralModel->get_api_voucher_invoice_id('ACE20227T93', 'sales_return')
#6 C:\trupti\new_klamp_accounting\app\Controllers\Api.php(310): App\Models\ApiModel->insert_edit_sale_return(Array)
#7 C:\trupti\new_klamp_accounting\system\CodeIgniter.php(918): App\Controllers\Api->add_sale_return()
#8 C:\trupti\new_klamp_accounting\system\CodeIgniter.php(404): CodeIgniter\CodeIgniter->runController(Object(App\Controllers\Api))
#9 C:\trupti\new_klamp_accounting\system\CodeIgniter.php(312): CodeIgniter\CodeIgniter->handleRequest(NULL, Object(Config\Cache), false)
#10 C:\trupti\new_klamp_accounting\public\index.php(45): CodeIgniter\CodeIgniter->run()
#11 C:\trupti\new_klamp_accounting\system\Commands\Server\rewrite.php(34): require_once('C:\\trupti\\new_k...')
#12 {main}
CRITICAL - 2022-08-22 17:30:43 --> Unknown column 'invoice_no' in 'field list'
#0 C:\trupti\new_klamp_accounting\system\Database\MySQLi\Connection.php(331): mysqli->query('SELECT MAX(invo...')
#1 C:\trupti\new_klamp_accounting\system\Database\BaseConnection.php(741): CodeIgniter\Database\MySQLi\Connection->execute('SELECT MAX(invo...')
#2 C:\trupti\new_klamp_accounting\system\Database\BaseConnection.php(669): CodeIgniter\Database\BaseConnection->simpleQuery('SELECT MAX(invo...')
#3 C:\trupti\new_klamp_accounting\system\Database\BaseBuilder.php(1860): CodeIgniter\Database\BaseConnection->query('SELECT MAX(invo...', Array, false)
#4 C:\trupti\new_klamp_accounting\app\Models\GeneralModel.php(268): CodeIgniter\Database\BaseBuilder->get()
#5 C:\trupti\new_klamp_accounting\app\Models\ApiModel.php(965): App\Models\GeneralModel->get_api_voucher_invoice_id('ACE20227T93', 'sales_return')
#6 C:\trupti\new_klamp_accounting\app\Controllers\Api.php(310): App\Models\ApiModel->insert_edit_sale_return(Array)
#7 C:\trupti\new_klamp_accounting\system\CodeIgniter.php(918): App\Controllers\Api->add_sale_return()
#8 C:\trupti\new_klamp_accounting\system\CodeIgniter.php(404): CodeIgniter\CodeIgniter->runController(Object(App\Controllers\Api))
#9 C:\trupti\new_klamp_accounting\system\CodeIgniter.php(312): CodeIgniter\CodeIgniter->handleRequest(NULL, Object(Config\Cache), false)
#10 C:\trupti\new_klamp_accounting\public\index.php(45): CodeIgniter\CodeIgniter->run()
#11 C:\trupti\new_klamp_accounting\system\Commands\Server\rewrite.php(34): require_once('C:\\trupti\\new_k...')
#12 {main}
CRITICAL - 2022-08-22 17:50:38 --> Unknown column 'invoice_no' in 'field list'
#0 C:\trupti\new_klamp_accounting\system\Database\MySQLi\Connection.php(331): mysqli->query('SELECT MAX(invo...')
#1 C:\trupti\new_klamp_accounting\system\Database\BaseConnection.php(741): CodeIgniter\Database\MySQLi\Connection->execute('SELECT MAX(invo...')
#2 C:\trupti\new_klamp_accounting\system\Database\BaseConnection.php(669): CodeIgniter\Database\BaseConnection->simpleQuery('SELECT MAX(invo...')
#3 C:\trupti\new_klamp_accounting\system\Database\BaseBuilder.php(1860): CodeIgniter\Database\BaseConnection->query('SELECT MAX(invo...', Array, false)
#4 C:\trupti\new_klamp_accounting\app\Models\GeneralModel.php(268): CodeIgniter\Database\BaseBuilder->get()
#5 C:\trupti\new_klamp_accounting\app\Models\ApiModel.php(965): App\Models\GeneralModel->get_api_voucher_invoice_id('ACE20227T93', 'sales_return')
#6 C:\trupti\new_klamp_accounting\app\Controllers\Api.php(310): App\Models\ApiModel->insert_edit_sale_return(Array)
#7 C:\trupti\new_klamp_accounting\system\CodeIgniter.php(918): App\Controllers\Api->add_sale_return()
#8 C:\trupti\new_klamp_accounting\system\CodeIgniter.php(404): CodeIgniter\CodeIgniter->runController(Object(App\Controllers\Api))
#9 C:\trupti\new_klamp_accounting\system\CodeIgniter.php(312): CodeIgniter\CodeIgniter->handleRequest(NULL, Object(Config\Cache), false)
#10 C:\trupti\new_klamp_accounting\public\index.php(45): CodeIgniter\CodeIgniter->run()
#11 C:\trupti\new_klamp_accounting\system\Commands\Server\rewrite.php(34): require_once('C:\\trupti\\new_k...')
#12 {main}
CRITICAL - 2022-08-22 17:52:56 --> Unknown column 'invoice_no' in 'field list'
#0 C:\trupti\new_klamp_accounting\system\Database\MySQLi\Connection.php(331): mysqli->query('SELECT MAX(invo...')
#1 C:\trupti\new_klamp_accounting\system\Database\BaseConnection.php(741): CodeIgniter\Database\MySQLi\Connection->execute('SELECT MAX(invo...')
#2 C:\trupti\new_klamp_accounting\system\Database\BaseConnection.php(669): CodeIgniter\Database\BaseConnection->simpleQuery('SELECT MAX(invo...')
#3 C:\trupti\new_klamp_accounting\system\Database\BaseBuilder.php(1860): CodeIgniter\Database\BaseConnection->query('SELECT MAX(invo...', Array, false)
#4 C:\trupti\new_klamp_accounting\app\Models\GeneralModel.php(268): CodeIgniter\Database\BaseBuilder->get()
#5 C:\trupti\new_klamp_accounting\app\Models\ApiModel.php(965): App\Models\GeneralModel->get_api_voucher_invoice_id('ACE20227T93', 'sales_return')
#6 C:\trupti\new_klamp_accounting\app\Controllers\Api.php(310): App\Models\ApiModel->insert_edit_sale_return(Array)
#7 C:\trupti\new_klamp_accounting\system\CodeIgniter.php(918): App\Controllers\Api->add_sale_return()
#8 C:\trupti\new_klamp_accounting\system\CodeIgniter.php(404): CodeIgniter\CodeIgniter->runController(Object(App\Controllers\Api))
#9 C:\trupti\new_klamp_accounting\system\CodeIgniter.php(312): CodeIgniter\CodeIgniter->handleRequest(NULL, Object(Config\Cache), false)
#10 C:\trupti\new_klamp_accounting\public\index.php(45): CodeIgniter\CodeIgniter->run()
#11 C:\trupti\new_klamp_accounting\system\Commands\Server\rewrite.php(34): require_once('C:\\trupti\\new_k...')
#12 {main}
CRITICAL - 2022-08-22 17:54:22 --> Unknown column 'invoice_no' in 'field list'
#0 C:\trupti\new_klamp_accounting\system\Database\MySQLi\Connection.php(331): mysqli->query('SELECT MAX(invo...')
#1 C:\trupti\new_klamp_accounting\system\Database\BaseConnection.php(741): CodeIgniter\Database\MySQLi\Connection->execute('SELECT MAX(invo...')
#2 C:\trupti\new_klamp_accounting\system\Database\BaseConnection.php(669): CodeIgniter\Database\BaseConnection->simpleQuery('SELECT MAX(invo...')
#3 C:\trupti\new_klamp_accounting\system\Database\BaseBuilder.php(1860): CodeIgniter\Database\BaseConnection->query('SELECT MAX(invo...', Array, false)
#4 C:\trupti\new_klamp_accounting\app\Models\GeneralModel.php(268): CodeIgniter\Database\BaseBuilder->get()
#5 C:\trupti\new_klamp_accounting\app\Models\ApiModel.php(965): App\Models\GeneralModel->get_api_voucher_invoice_id('ACE20227T93', 'sales_return')
#6 C:\trupti\new_klamp_accounting\app\Controllers\Api.php(310): App\Models\ApiModel->insert_edit_sale_return(Array)
#7 C:\trupti\new_klamp_accounting\system\CodeIgniter.php(918): App\Controllers\Api->add_sale_return()
#8 C:\trupti\new_klamp_accounting\system\CodeIgniter.php(404): CodeIgniter\CodeIgniter->runController(Object(App\Controllers\Api))
#9 C:\trupti\new_klamp_accounting\system\CodeIgniter.php(312): CodeIgniter\CodeIgniter->handleRequest(NULL, Object(Config\Cache), false)
#10 C:\trupti\new_klamp_accounting\public\index.php(45): CodeIgniter\CodeIgniter->run()
#11 C:\trupti\new_klamp_accounting\system\Commands\Server\rewrite.php(34): require_once('C:\\trupti\\new_k...')
#12 {main}
CRITICAL - 2022-08-22 17:56:52 --> Unknown column 'invoice_no' in 'field list'
#0 C:\trupti\new_klamp_accounting\system\Database\MySQLi\Connection.php(331): mysqli->query('SELECT MAX(invo...')
#1 C:\trupti\new_klamp_accounting\system\Database\BaseConnection.php(741): CodeIgniter\Database\MySQLi\Connection->execute('SELECT MAX(invo...')
#2 C:\trupti\new_klamp_accounting\system\Database\BaseConnection.php(669): CodeIgniter\Database\BaseConnection->simpleQuery('SELECT MAX(invo...')
#3 C:\trupti\new_klamp_accounting\system\Database\BaseBuilder.php(1860): CodeIgniter\Database\BaseConnection->query('SELECT MAX(invo...', Array, false)
#4 C:\trupti\new_klamp_accounting\app\Models\GeneralModel.php(268): CodeIgniter\Database\BaseBuilder->get()
#5 C:\trupti\new_klamp_accounting\app\Models\ApiModel.php(965): App\Models\GeneralModel->get_api_voucher_invoice_id('ACE20227T93', 'sales_return')
#6 C:\trupti\new_klamp_accounting\app\Controllers\Api.php(310): App\Models\ApiModel->insert_edit_sale_return(Array)
#7 C:\trupti\new_klamp_accounting\system\CodeIgniter.php(918): App\Controllers\Api->add_sale_return()
#8 C:\trupti\new_klamp_accounting\system\CodeIgniter.php(404): CodeIgniter\CodeIgniter->runController(Object(App\Controllers\Api))
#9 C:\trupti\new_klamp_accounting\system\CodeIgniter.php(312): CodeIgniter\CodeIgniter->handleRequest(NULL, Object(Config\Cache), false)
#10 C:\trupti\new_klamp_accounting\public\index.php(45): CodeIgniter\CodeIgniter->run()
#11 C:\trupti\new_klamp_accounting\system\Commands\Server\rewrite.php(34): require_once('C:\\trupti\\new_k...')
#12 {main}
CRITICAL - 2022-08-22 17:58:03 --> Undefined index: return_date
#0 C:\trupti\new_klamp_accounting\app\Models\ApiModel.php(1007): CodeIgniter\Debug\Exceptions->errorHandler(8, 'Undefined index...', 'C:\\trupti\\new_k...', 1007, Array)
#1 C:\trupti\new_klamp_accounting\app\Controllers\Api.php(310): App\Models\ApiModel->insert_edit_sale_return(Array)
#2 C:\trupti\new_klamp_accounting\system\CodeIgniter.php(918): App\Controllers\Api->add_sale_return()
#3 C:\trupti\new_klamp_accounting\system\CodeIgniter.php(404): CodeIgniter\CodeIgniter->runController(Object(App\Controllers\Api))
#4 C:\trupti\new_klamp_accounting\system\CodeIgniter.php(312): CodeIgniter\CodeIgniter->handleRequest(NULL, Object(Config\Cache), false)
#5 C:\trupti\new_klamp_accounting\public\index.php(45): CodeIgniter\CodeIgniter->run()
#6 C:\trupti\new_klamp_accounting\system\Commands\Server\rewrite.php(34): require_once('C:\\trupti\\new_k...')
#7 {main}
CRITICAL - 2022-08-22 17:58:16 --> Undefined index: disc_type
#0 C:\trupti\new_klamp_accounting\app\Models\ApiModel.php(1017): CodeIgniter\Debug\Exceptions->errorHandler(8, 'Undefined index...', 'C:\\trupti\\new_k...', 1017, Array)
#1 C:\trupti\new_klamp_accounting\app\Controllers\Api.php(310): App\Models\ApiModel->insert_edit_sale_return(Array)
#2 C:\trupti\new_klamp_accounting\system\CodeIgniter.php(918): App\Controllers\Api->add_sale_return()
#3 C:\trupti\new_klamp_accounting\system\CodeIgniter.php(404): CodeIgniter\CodeIgniter->runController(Object(App\Controllers\Api))
#4 C:\trupti\new_klamp_accounting\system\CodeIgniter.php(312): CodeIgniter\CodeIgniter->handleRequest(NULL, Object(Config\Cache), false)
#5 C:\trupti\new_klamp_accounting\public\index.php(45): CodeIgniter\CodeIgniter->run()
#6 C:\trupti\new_klamp_accounting\system\Commands\Server\rewrite.php(34): require_once('C:\\trupti\\new_k...')
#7 {main}
CRITICAL - 2022-08-22 17:58:38 --> Undefined variable: amty
#0 C:\trupti\new_klamp_accounting\app\Models\ApiModel.php(1018): CodeIgniter\Debug\Exceptions->errorHandler(8, 'Undefined varia...', 'C:\\trupti\\new_k...', 1018, Array)
#1 C:\trupti\new_klamp_accounting\app\Controllers\Api.php(310): App\Models\ApiModel->insert_edit_sale_return(Array)
#2 C:\trupti\new_klamp_accounting\system\CodeIgniter.php(918): App\Controllers\Api->add_sale_return()
#3 C:\trupti\new_klamp_accounting\system\CodeIgniter.php(404): CodeIgniter\CodeIgniter->runController(Object(App\Controllers\Api))
#4 C:\trupti\new_klamp_accounting\system\CodeIgniter.php(312): CodeIgniter\CodeIgniter->handleRequest(NULL, Object(Config\Cache), false)
#5 C:\trupti\new_klamp_accounting\public\index.php(45): CodeIgniter\CodeIgniter->run()
#6 C:\trupti\new_klamp_accounting\system\Commands\Server\rewrite.php(34): require_once('C:\\trupti\\new_k...')
#7 {main}
CRITICAL - 2022-08-22 17:59:01 --> Undefined index: weight
#0 C:\trupti\new_klamp_accounting\app\Models\ApiModel.php(1030): CodeIgniter\Debug\Exceptions->errorHandler(8, 'Undefined index...', 'C:\\trupti\\new_k...', 1030, Array)
#1 C:\trupti\new_klamp_accounting\app\Controllers\Api.php(310): App\Models\ApiModel->insert_edit_sale_return(Array)
#2 C:\trupti\new_klamp_accounting\system\CodeIgniter.php(918): App\Controllers\Api->add_sale_return()
#3 C:\trupti\new_klamp_accounting\system\CodeIgniter.php(404): CodeIgniter\CodeIgniter->runController(Object(App\Controllers\Api))
#4 C:\trupti\new_klamp_accounting\system\CodeIgniter.php(312): CodeIgniter\CodeIgniter->handleRequest(NULL, Object(Config\Cache), false)
#5 C:\trupti\new_klamp_accounting\public\index.php(45): CodeIgniter\CodeIgniter->run()
#6 C:\trupti\new_klamp_accounting\system\Commands\Server\rewrite.php(34): require_once('C:\\trupti\\new_k...')
#7 {main}
CRITICAL - 2022-08-22 17:59:16 --> Undefined index: freight
#0 C:\trupti\new_klamp_accounting\app\Models\ApiModel.php(1031): CodeIgniter\Debug\Exceptions->errorHandler(8, 'Undefined index...', 'C:\\trupti\\new_k...', 1031, Array)
#1 C:\trupti\new_klamp_accounting\app\Controllers\Api.php(310): App\Models\ApiModel->insert_edit_sale_return(Array)
#2 C:\trupti\new_klamp_accounting\system\CodeIgniter.php(918): App\Controllers\Api->add_sale_return()
#3 C:\trupti\new_klamp_accounting\system\CodeIgniter.php(404): CodeIgniter\CodeIgniter->runController(Object(App\Controllers\Api))
#4 C:\trupti\new_klamp_accounting\system\CodeIgniter.php(312): CodeIgniter\CodeIgniter->handleRequest(NULL, Object(Config\Cache), false)
#5 C:\trupti\new_klamp_accounting\public\index.php(45): CodeIgniter\CodeIgniter->run()
#6 C:\trupti\new_klamp_accounting\system\Commands\Server\rewrite.php(34): require_once('C:\\trupti\\new_k...')
#7 {main}
CRITICAL - 2022-08-22 17:59:25 --> Column 'other' cannot be null
#0 C:\trupti\new_klamp_accounting\system\Database\MySQLi\Connection.php(331): mysqli->query('INSERT INTO `sa...')
#1 C:\trupti\new_klamp_accounting\system\Database\BaseConnection.php(741): CodeIgniter\Database\MySQLi\Connection->execute('INSERT INTO `sa...')
#2 C:\trupti\new_klamp_accounting\system\Database\BaseConnection.php(669): CodeIgniter\Database\BaseConnection->simpleQuery('INSERT INTO `sa...')
#3 C:\trupti\new_klamp_accounting\system\Database\BaseBuilder.php(2249): CodeIgniter\Database\BaseConnection->query('INSERT INTO `sa...', Array, false)
#4 C:\trupti\new_klamp_accounting\app\Models\ApiModel.php(1226): CodeIgniter\Database\BaseBuilder->insert(Array)
#5 C:\trupti\new_klamp_accounting\app\Controllers\Api.php(310): App\Models\ApiModel->insert_edit_sale_return(Array)
#6 C:\trupti\new_klamp_accounting\system\CodeIgniter.php(918): App\Controllers\Api->add_sale_return()
#7 C:\trupti\new_klamp_accounting\system\CodeIgniter.php(404): CodeIgniter\CodeIgniter->runController(Object(App\Controllers\Api))
#8 C:\trupti\new_klamp_accounting\system\CodeIgniter.php(312): CodeIgniter\CodeIgniter->handleRequest(NULL, Object(Config\Cache), false)
#9 C:\trupti\new_klamp_accounting\public\index.php(45): CodeIgniter\CodeIgniter->run()
#10 C:\trupti\new_klamp_accounting\system\Commands\Server\rewrite.php(34): require_once('C:\\trupti\\new_k...')
#11 {main}
CRITICAL - 2022-08-22 21:52:31 --> Column 'disc_type' cannot be null
#0 C:\trupti\new_klamp_accounting\system\Database\MySQLi\Connection.php(331): mysqli->query('INSERT INTO `sa...')
#1 C:\trupti\new_klamp_accounting\system\Database\BaseConnection.php(741): CodeIgniter\Database\MySQLi\Connection->execute('INSERT INTO `sa...')
#2 C:\trupti\new_klamp_accounting\system\Database\BaseConnection.php(669): CodeIgniter\Database\BaseConnection->simpleQuery('INSERT INTO `sa...')
#3 C:\trupti\new_klamp_accounting\system\Database\BaseBuilder.php(2249): CodeIgniter\Database\BaseConnection->query('INSERT INTO `sa...', Array, false)
#4 C:\trupti\new_klamp_accounting\app\Models\ApiModel.php(1226): CodeIgniter\Database\BaseBuilder->insert(Array)
#5 C:\trupti\new_klamp_accounting\app\Controllers\Api.php(310): App\Models\ApiModel->insert_edit_sale_return(Array)
#6 C:\trupti\new_klamp_accounting\system\CodeIgniter.php(918): App\Controllers\Api->add_sale_return()
#7 C:\trupti\new_klamp_accounting\system\CodeIgniter.php(404): CodeIgniter\CodeIgniter->runController(Object(App\Controllers\Api))
#8 C:\trupti\new_klamp_accounting\system\CodeIgniter.php(312): CodeIgniter\CodeIgniter->handleRequest(NULL, Object(Config\Cache), false)
#9 C:\trupti\new_klamp_accounting\public\index.php(45): CodeIgniter\CodeIgniter->run()
#10 C:\trupti\new_klamp_accounting\system\Commands\Server\rewrite.php(34): require_once('C:\\trupti\\new_k...')
#11 {main}
CRITICAL - 2022-08-22 21:52:58 --> Column 'amty' cannot be null
#0 C:\trupti\new_klamp_accounting\system\Database\MySQLi\Connection.php(331): mysqli->query('INSERT INTO `sa...')
#1 C:\trupti\new_klamp_accounting\system\Database\BaseConnection.php(741): CodeIgniter\Database\MySQLi\Connection->execute('INSERT INTO `sa...')
#2 C:\trupti\new_klamp_accounting\system\Database\BaseConnection.php(669): CodeIgniter\Database\BaseConnection->simpleQuery('INSERT INTO `sa...')
#3 C:\trupti\new_klamp_accounting\system\Database\BaseBuilder.php(2249): CodeIgniter\Database\BaseConnection->query('INSERT INTO `sa...', Array, false)
#4 C:\trupti\new_klamp_accounting\app\Models\ApiModel.php(1226): CodeIgniter\Database\BaseBuilder->insert(Array)
#5 C:\trupti\new_klamp_accounting\app\Controllers\Api.php(310): App\Models\ApiModel->insert_edit_sale_return(Array)
#6 C:\trupti\new_klamp_accounting\system\CodeIgniter.php(918): App\Controllers\Api->add_sale_return()
#7 C:\trupti\new_klamp_accounting\system\CodeIgniter.php(404): CodeIgniter\CodeIgniter->runController(Object(App\Controllers\Api))
#8 C:\trupti\new_klamp_accounting\system\CodeIgniter.php(312): CodeIgniter\CodeIgniter->handleRequest(NULL, Object(Config\Cache), false)
#9 C:\trupti\new_klamp_accounting\public\index.php(45): CodeIgniter\CodeIgniter->run()
#10 C:\trupti\new_klamp_accounting\system\Commands\Server\rewrite.php(34): require_once('C:\\trupti\\new_k...')
#11 {main}
CRITICAL - 2022-08-22 21:53:44 --> Column 'amty' cannot be null
#0 C:\trupti\new_klamp_accounting\system\Database\MySQLi\Connection.php(331): mysqli->query('INSERT INTO `sa...')
#1 C:\trupti\new_klamp_accounting\system\Database\BaseConnection.php(741): CodeIgniter\Database\MySQLi\Connection->execute('INSERT INTO `sa...')
#2 C:\trupti\new_klamp_accounting\system\Database\BaseConnection.php(669): CodeIgniter\Database\BaseConnection->simpleQuery('INSERT INTO `sa...')
#3 C:\trupti\new_klamp_accounting\system\Database\BaseBuilder.php(2249): CodeIgniter\Database\BaseConnection->query('INSERT INTO `sa...', Array, false)
#4 C:\trupti\new_klamp_accounting\app\Models\ApiModel.php(1226): CodeIgniter\Database\BaseBuilder->insert(Array)
#5 C:\trupti\new_klamp_accounting\app\Controllers\Api.php(310): App\Models\ApiModel->insert_edit_sale_return(Array)
#6 C:\trupti\new_klamp_accounting\system\CodeIgniter.php(918): App\Controllers\Api->add_sale_return()
#7 C:\trupti\new_klamp_accounting\system\CodeIgniter.php(404): CodeIgniter\CodeIgniter->runController(Object(App\Controllers\Api))
#8 C:\trupti\new_klamp_accounting\system\CodeIgniter.php(312): CodeIgniter\CodeIgniter->handleRequest(NULL, Object(Config\Cache), false)
#9 C:\trupti\new_klamp_accounting\public\index.php(45): CodeIgniter\CodeIgniter->run()
#10 C:\trupti\new_klamp_accounting\system\Commands\Server\rewrite.php(34): require_once('C:\\trupti\\new_k...')
#11 {main}
CRITICAL - 2022-08-22 21:54:01 --> Column 'amty' cannot be null
#0 C:\trupti\new_klamp_accounting\system\Database\MySQLi\Connection.php(331): mysqli->query('INSERT INTO `sa...')
#1 C:\trupti\new_klamp_accounting\system\Database\BaseConnection.php(741): CodeIgniter\Database\MySQLi\Connection->execute('INSERT INTO `sa...')
#2 C:\trupti\new_klamp_accounting\system\Database\BaseConnection.php(669): CodeIgniter\Database\BaseConnection->simpleQuery('INSERT INTO `sa...')
#3 C:\trupti\new_klamp_accounting\system\Database\BaseBuilder.php(2249): CodeIgniter\Database\BaseConnection->query('INSERT INTO `sa...', Array, false)
#4 C:\trupti\new_klamp_accounting\app\Models\ApiModel.php(1226): CodeIgniter\Database\BaseBuilder->insert(Array)
#5 C:\trupti\new_klamp_accounting\app\Controllers\Api.php(310): App\Models\ApiModel->insert_edit_sale_return(Array)
#6 C:\trupti\new_klamp_accounting\system\CodeIgniter.php(918): App\Controllers\Api->add_sale_return()
#7 C:\trupti\new_klamp_accounting\system\CodeIgniter.php(404): CodeIgniter\CodeIgniter->runController(Object(App\Controllers\Api))
#8 C:\trupti\new_klamp_accounting\system\CodeIgniter.php(312): CodeIgniter\CodeIgniter->handleRequest(NULL, Object(Config\Cache), false)
#9 C:\trupti\new_klamp_accounting\public\index.php(45): CodeIgniter\CodeIgniter->run()
#10 C:\trupti\new_klamp_accounting\system\Commands\Server\rewrite.php(34): require_once('C:\\trupti\\new_k...')
#11 {main}
CRITICAL - 2022-08-22 21:54:48 --> Column 'amty' cannot be null
#0 C:\trupti\new_klamp_accounting\system\Database\MySQLi\Connection.php(331): mysqli->query('INSERT INTO `sa...')
#1 C:\trupti\new_klamp_accounting\system\Database\BaseConnection.php(741): CodeIgniter\Database\MySQLi\Connection->execute('INSERT INTO `sa...')
#2 C:\trupti\new_klamp_accounting\system\Database\BaseConnection.php(669): CodeIgniter\Database\BaseConnection->simpleQuery('INSERT INTO `sa...')
#3 C:\trupti\new_klamp_accounting\system\Database\BaseBuilder.php(2249): CodeIgniter\Database\BaseConnection->query('INSERT INTO `sa...', Array, false)
#4 C:\trupti\new_klamp_accounting\app\Models\ApiModel.php(1226): CodeIgniter\Database\BaseBuilder->insert(Array)
#5 C:\trupti\new_klamp_accounting\app\Controllers\Api.php(310): App\Models\ApiModel->insert_edit_sale_return(Array)
#6 C:\trupti\new_klamp_accounting\system\CodeIgniter.php(918): App\Controllers\Api->add_sale_return()
#7 C:\trupti\new_klamp_accounting\system\CodeIgniter.php(404): CodeIgniter\CodeIgniter->runController(Object(App\Controllers\Api))
#8 C:\trupti\new_klamp_accounting\system\CodeIgniter.php(312): CodeIgniter\CodeIgniter->handleRequest(NULL, Object(Config\Cache), false)
#9 C:\trupti\new_klamp_accounting\public\index.php(45): CodeIgniter\CodeIgniter->run()
#10 C:\trupti\new_klamp_accounting\system\Commands\Server\rewrite.php(34): require_once('C:\\trupti\\new_k...')
#11 {main}
CRITICAL - 2022-08-22 22:06:55 --> Unknown column 'total_amount' in 'field list'
#0 C:\trupti\new_klamp_accounting\system\Database\MySQLi\Connection.php(331): mysqli->query('INSERT INTO `sa...')
#1 C:\trupti\new_klamp_accounting\system\Database\BaseConnection.php(741): CodeIgniter\Database\MySQLi\Connection->execute('INSERT INTO `sa...')
#2 C:\trupti\new_klamp_accounting\system\Database\BaseConnection.php(669): CodeIgniter\Database\BaseConnection->simpleQuery('INSERT INTO `sa...')
#3 C:\trupti\new_klamp_accounting\system\Database\BaseBuilder.php(2249): CodeIgniter\Database\BaseConnection->query('INSERT INTO `sa...', Array, false)
#4 C:\trupti\new_klamp_accounting\app\Models\ApiModel.php(1228): CodeIgniter\Database\BaseBuilder->insert(Array)
#5 C:\trupti\new_klamp_accounting\app\Controllers\Api.php(310): App\Models\ApiModel->insert_edit_sale_return(Array)
#6 C:\trupti\new_klamp_accounting\system\CodeIgniter.php(918): App\Controllers\Api->add_sale_return()
#7 C:\trupti\new_klamp_accounting\system\CodeIgniter.php(404): CodeIgniter\CodeIgniter->runController(Object(App\Controllers\Api))
#8 C:\trupti\new_klamp_accounting\system\CodeIgniter.php(312): CodeIgniter\CodeIgniter->handleRequest(NULL, Object(Config\Cache), false)
#9 C:\trupti\new_klamp_accounting\public\index.php(45): CodeIgniter\CodeIgniter->run()
#10 C:\trupti\new_klamp_accounting\system\Commands\Server\rewrite.php(34): require_once('C:\\trupti\\new_k...')
#11 {main}
CRITICAL - 2022-08-22 22:07:27 --> Unknown column 'vhicle_no' in 'field list'
#0 C:\trupti\new_klamp_accounting\system\Database\MySQLi\Connection.php(331): mysqli->query('INSERT INTO `sa...')
#1 C:\trupti\new_klamp_accounting\system\Database\BaseConnection.php(741): CodeIgniter\Database\MySQLi\Connection->execute('INSERT INTO `sa...')
#2 C:\trupti\new_klamp_accounting\system\Database\BaseConnection.php(669): CodeIgniter\Database\BaseConnection->simpleQuery('INSERT INTO `sa...')
#3 C:\trupti\new_klamp_accounting\system\Database\BaseBuilder.php(2249): CodeIgniter\Database\BaseConnection->query('INSERT INTO `sa...', Array, false)
#4 C:\trupti\new_klamp_accounting\app\Models\ApiModel.php(1228): CodeIgniter\Database\BaseBuilder->insert(Array)
#5 C:\trupti\new_klamp_accounting\app\Controllers\Api.php(310): App\Models\ApiModel->insert_edit_sale_return(Array)
#6 C:\trupti\new_klamp_accounting\system\CodeIgniter.php(918): App\Controllers\Api->add_sale_return()
#7 C:\trupti\new_klamp_accounting\system\CodeIgniter.php(404): CodeIgniter\CodeIgniter->runController(Object(App\Controllers\Api))
#8 C:\trupti\new_klamp_accounting\system\CodeIgniter.php(312): CodeIgniter\CodeIgniter->handleRequest(NULL, Object(Config\Cache), false)
#9 C:\trupti\new_klamp_accounting\public\index.php(45): CodeIgniter\CodeIgniter->run()
#10 C:\trupti\new_klamp_accounting\system\Commands\Server\rewrite.php(34): require_once('C:\\trupti\\new_k...')
#11 {main}
