CRITICAL - 2022-07-12 10:28:17 --> Table 'manifest_erp.sales_invoice' doesn't exist
#0 D:\trupti\klamp_accounting\system\Database\MySQLi\Connection.php(331): mysqli->query('SELECT `si`.*, ...')
#1 D:\trupti\klamp_accounting\system\Database\BaseConnection.php(741): CodeIgniter\Database\MySQLi\Connection->execute('SELECT `si`.*, ...')
#2 D:\trupti\klamp_accounting\system\Database\BaseConnection.php(669): CodeIgniter\Database\BaseConnection->simpleQuery('SELECT `si`.*, ...')
#3 D:\trupti\klamp_accounting\system\Database\BaseBuilder.php(1860): CodeIgniter\Database\BaseConnection->query('SELECT `si`.*, ...', Array, false)
#4 D:\trupti\klamp_accounting\app\Helpers\gst_helper.php(780): CodeIgniter\Database\BaseBuilder->get()
#5 D:\trupti\klamp_accounting\app\Controllers\Gst.php(33): get_gstr1_detail('2022-04-01', '2023-03-31')
#6 D:\trupti\klamp_accounting\system\CodeIgniter.php(918): App\Controllers\Gst->gstr1()
#7 D:\trupti\klamp_accounting\system\CodeIgniter.php(404): CodeIgniter\CodeIgniter->runController(Object(App\Controllers\Gst))
#8 D:\trupti\klamp_accounting\system\CodeIgniter.php(312): CodeIgniter\CodeIgniter->handleRequest(NULL, Object(Config\Cache), false)
#9 D:\trupti\klamp_accounting\public\index.php(45): CodeIgniter\CodeIgniter->run()
#10 D:\trupti\klamp_accounting\system\Commands\Server\rewrite.php(34): require_once('D:\\trupti\\klamp...')
#11 {main}
CRITICAL - 2022-07-12 10:28:22 --> Table 'manifest_erp.sales_invoice' doesn't exist
#0 D:\trupti\klamp_accounting\system\Database\MySQLi\Connection.php(331): mysqli->query('SELECT `si`.*, ...')
#1 D:\trupti\klamp_accounting\system\Database\BaseConnection.php(741): CodeIgniter\Database\MySQLi\Connection->execute('SELECT `si`.*, ...')
#2 D:\trupti\klamp_accounting\system\Database\BaseConnection.php(669): CodeIgniter\Database\BaseConnection->simpleQuery('SELECT `si`.*, ...')
#3 D:\trupti\klamp_accounting\system\Database\BaseBuilder.php(1860): CodeIgniter\Database\BaseConnection->query('SELECT `si`.*, ...', Array, false)
#4 D:\trupti\klamp_accounting\app\Helpers\gst_helper.php(780): CodeIgniter\Database\BaseBuilder->get()
#5 D:\trupti\klamp_accounting\app\Models\GstModel.php(2115): get_gstr1_detail('2022-06-16', '2023-04-06')
#6 D:\trupti\klamp_accounting\app\Controllers\Gst.php(812): App\Models\GstModel->get_hsn_detail('2022-06-16', '2023-04-06', '33049940')
#7 D:\trupti\klamp_accounting\system\CodeIgniter.php(918): App\Controllers\Gst->Hsn_detail('33049940')
#8 D:\trupti\klamp_accounting\system\CodeIgniter.php(404): CodeIgniter\CodeIgniter->runController(Object(App\Controllers\Gst))
#9 D:\trupti\klamp_accounting\system\CodeIgniter.php(312): CodeIgniter\CodeIgniter->handleRequest(NULL, Object(Config\Cache), false)
#10 D:\trupti\klamp_accounting\public\index.php(45): CodeIgniter\CodeIgniter->run()
#11 D:\trupti\klamp_accounting\system\Commands\Server\rewrite.php(34): require_once('D:\\trupti\\klamp...')
#12 {main}
CRITICAL - 2022-07-12 10:28:23 --> Table 'manifest_erp.sales_invoice' doesn't exist
#0 D:\trupti\klamp_accounting\system\Database\MySQLi\Connection.php(331): mysqli->query('SELECT `si`.*, ...')
#1 D:\trupti\klamp_accounting\system\Database\BaseConnection.php(741): CodeIgniter\Database\MySQLi\Connection->execute('SELECT `si`.*, ...')
#2 D:\trupti\klamp_accounting\system\Database\BaseConnection.php(669): CodeIgniter\Database\BaseConnection->simpleQuery('SELECT `si`.*, ...')
#3 D:\trupti\klamp_accounting\system\Database\BaseBuilder.php(1860): CodeIgniter\Database\BaseConnection->query('SELECT `si`.*, ...', Array, false)
#4 D:\trupti\klamp_accounting\app\Helpers\gst_helper.php(780): CodeIgniter\Database\BaseBuilder->get()
#5 D:\trupti\klamp_accounting\app\Models\GstModel.php(2115): get_gstr1_detail('2022-06-16', '2023-04-06')
#6 D:\trupti\klamp_accounting\app\Controllers\Gst.php(812): App\Models\GstModel->get_hsn_detail('2022-06-16', '2023-04-06', '33049920')
#7 D:\trupti\klamp_accounting\system\CodeIgniter.php(918): App\Controllers\Gst->Hsn_detail('33049920')
#8 D:\trupti\klamp_accounting\system\CodeIgniter.php(404): CodeIgniter\CodeIgniter->runController(Object(App\Controllers\Gst))
#9 D:\trupti\klamp_accounting\system\CodeIgniter.php(312): CodeIgniter\CodeIgniter->handleRequest(NULL, Object(Config\Cache), false)
#10 D:\trupti\klamp_accounting\public\index.php(45): CodeIgniter\CodeIgniter->run()
#11 D:\trupti\klamp_accounting\system\Commands\Server\rewrite.php(34): require_once('D:\\trupti\\klamp...')
#12 {main}
CRITICAL - 2022-07-12 10:28:26 --> Argument 1 passed to CodeIgniter\Database\MySQLi\Connection::setDatabase() must be of the type string, null given, called in D:\trupti\klamp_accounting\app\Models\AddbookModel.php on line 4404
#0 D:\trupti\klamp_accounting\app\Models\AddbookModel.php(4404): CodeIgniter\Database\MySQLi\Connection->setDatabase(NULL)
#1 D:\trupti\klamp_accounting\app\Controllers\Addbook.php(791): App\Models\AddbookModel->get_Sales_gst_register(Array, 1, '', '')
#2 D:\trupti\klamp_accounting\system\CodeIgniter.php(918): App\Controllers\Addbook->Sales_gst_register()
#3 D:\trupti\klamp_accounting\system\CodeIgniter.php(404): CodeIgniter\CodeIgniter->runController(Object(App\Controllers\Addbook))
#4 D:\trupti\klamp_accounting\system\CodeIgniter.php(312): CodeIgniter\CodeIgniter->handleRequest(NULL, Object(Config\Cache), false)
#5 D:\trupti\klamp_accounting\public\index.php(45): CodeIgniter\CodeIgniter->run()
#6 D:\trupti\klamp_accounting\system\Commands\Server\rewrite.php(34): require_once('D:\\trupti\\klamp...')
#7 {main}
CRITICAL - 2022-07-12 10:40:48 --> Undefined index: party_account
#0 D:\trupti\klamp_accounting\app\Models\GstModel.php(2132): CodeIgniter\Debug\Exceptions->errorHandler(8, 'Undefined index...', 'D:\\trupti\\klamp...', 2132, Array)
#1 D:\trupti\klamp_accounting\app\Controllers\Gst.php(812): App\Models\GstModel->get_hsn_detail('2022-06-16', '2023-04-06', '33049920')
#2 D:\trupti\klamp_accounting\system\CodeIgniter.php(918): App\Controllers\Gst->Hsn_detail('33049920')
#3 D:\trupti\klamp_accounting\system\CodeIgniter.php(404): CodeIgniter\CodeIgniter->runController(Object(App\Controllers\Gst))
#4 D:\trupti\klamp_accounting\system\CodeIgniter.php(312): CodeIgniter\CodeIgniter->handleRequest(NULL, Object(Config\Cache), false)
#5 D:\trupti\klamp_accounting\public\index.php(45): CodeIgniter\CodeIgniter->run()
#6 D:\trupti\klamp_accounting\system\Commands\Server\rewrite.php(34): require_once('D:\\trupti\\klamp...')
#7 {main}
CRITICAL - 2022-07-12 10:41:23 --> Undefined index: account
#0 D:\trupti\klamp_accounting\app\Models\GstModel.php(2132): CodeIgniter\Debug\Exceptions->errorHandler(8, 'Undefined index...', 'D:\\trupti\\klamp...', 2132, Array)
#1 D:\trupti\klamp_accounting\app\Controllers\Gst.php(812): App\Models\GstModel->get_hsn_detail('2022-06-16', '2023-04-06', '33049920')
#2 D:\trupti\klamp_accounting\system\CodeIgniter.php(918): App\Controllers\Gst->Hsn_detail('33049920')
#3 D:\trupti\klamp_accounting\system\CodeIgniter.php(404): CodeIgniter\CodeIgniter->runController(Object(App\Controllers\Gst))
#4 D:\trupti\klamp_accounting\system\CodeIgniter.php(312): CodeIgniter\CodeIgniter->handleRequest(NULL, Object(Config\Cache), false)
#5 D:\trupti\klamp_accounting\public\index.php(45): CodeIgniter\CodeIgniter->run()
#6 D:\trupti\klamp_accounting\system\Commands\Server\rewrite.php(34): require_once('D:\\trupti\\klamp...')
#7 {main}
CRITICAL - 2022-07-12 12:07:10 --> Unknown column 'custom_inv_no' in 'field list'
#0 D:\trupti\klamp_accounting\system\Database\MySQLi\Connection.php(331): mysqli->query('SELECT `id`, `c...')
#1 D:\trupti\klamp_accounting\system\Database\BaseConnection.php(741): CodeIgniter\Database\MySQLi\Connection->execute('SELECT `id`, `c...')
#2 D:\trupti\klamp_accounting\system\Database\BaseConnection.php(669): CodeIgniter\Database\BaseConnection->simpleQuery('SELECT `id`, `c...')
#3 D:\trupti\klamp_accounting\system\Database\BaseBuilder.php(1860): CodeIgniter\Database\BaseConnection->query('SELECT `id`, `c...', Array, false)
#4 D:\trupti\klamp_accounting\app\Models\GeneralModel.php(17): CodeIgniter\Database\BaseBuilder->get()
#5 D:\trupti\klamp_accounting\app\Models\GstModel.php(2132): App\Models\GeneralModel->get_data_table('account', Array, 'id,custom_inv_n...')
#6 D:\trupti\klamp_accounting\app\Controllers\Gst.php(812): App\Models\GstModel->get_hsn_detail('2022-06-16', '2023-04-06', '33049920')
#7 D:\trupti\klamp_accounting\system\CodeIgniter.php(918): App\Controllers\Gst->Hsn_detail('33049920')
#8 D:\trupti\klamp_accounting\system\CodeIgniter.php(404): CodeIgniter\CodeIgniter->runController(Object(App\Controllers\Gst))
#9 D:\trupti\klamp_accounting\system\CodeIgniter.php(312): CodeIgniter\CodeIgniter->handleRequest(NULL, Object(Config\Cache), false)
#10 D:\trupti\klamp_accounting\public\index.php(45): CodeIgniter\CodeIgniter->run()
#11 D:\trupti\klamp_accounting\system\Commands\Server\rewrite.php(34): require_once('D:\\trupti\\klamp...')
#12 {main}
CRITICAL - 2022-07-12 12:10:02 --> Unknown column 'party_account' in 'field list'
#0 D:\trupti\klamp_accounting\system\Database\MySQLi\Connection.php(331): mysqli->query('SELECT `id`, `c...')
#1 D:\trupti\klamp_accounting\system\Database\BaseConnection.php(741): CodeIgniter\Database\MySQLi\Connection->execute('SELECT `id`, `c...')
#2 D:\trupti\klamp_accounting\system\Database\BaseConnection.php(669): CodeIgniter\Database\BaseConnection->simpleQuery('SELECT `id`, `c...')
#3 D:\trupti\klamp_accounting\system\Database\BaseBuilder.php(1860): CodeIgniter\Database\BaseConnection->query('SELECT `id`, `c...', Array, false)
#4 D:\trupti\klamp_accounting\app\Models\GeneralModel.php(17): CodeIgniter\Database\BaseBuilder->get()
#5 D:\trupti\klamp_accounting\app\Models\GstModel.php(2131): App\Models\GeneralModel->get_data_table('sales_invoice', Array, 'id,custom_inv_n...')
#6 D:\trupti\klamp_accounting\app\Controllers\Gst.php(812): App\Models\GstModel->get_hsn_detail('2022-06-16', '2023-04-06', '33049920')
#7 D:\trupti\klamp_accounting\system\CodeIgniter.php(918): App\Controllers\Gst->Hsn_detail('33049920')
#8 D:\trupti\klamp_accounting\system\CodeIgniter.php(404): CodeIgniter\CodeIgniter->runController(Object(App\Controllers\Gst))
#9 D:\trupti\klamp_accounting\system\CodeIgniter.php(312): CodeIgniter\CodeIgniter->handleRequest(NULL, Object(Config\Cache), false)
#10 D:\trupti\klamp_accounting\public\index.php(45): CodeIgniter\CodeIgniter->run()
#11 D:\trupti\klamp_accounting\system\Commands\Server\rewrite.php(34): require_once('D:\\trupti\\klamp...')
#12 {main}
CRITICAL - 2022-07-12 12:26:59 --> Undefined variable: start_date
#0 D:\trupti\klamp_accounting\app\Views\gst\hsn_detail.php(84): CodeIgniter\Debug\Exceptions->errorHandler(8, 'Undefined varia...', 'D:\\trupti\\klamp...', 84, Array)
#1 D:\trupti\klamp_accounting\system\View\View.php(246): include('D:\\trupti\\klamp...')
#2 D:\trupti\klamp_accounting\app\Common.php(48): CodeIgniter\View\View->render('gst/hsn_detail', Array, true)
#3 D:\trupti\klamp_accounting\app\Controllers\Gst.php(822): view('gst/hsn_detail', Array)
#4 D:\trupti\klamp_accounting\system\CodeIgniter.php(918): App\Controllers\Gst->Hsn_detail('33049920')
#5 D:\trupti\klamp_accounting\system\CodeIgniter.php(404): CodeIgniter\CodeIgniter->runController(Object(App\Controllers\Gst))
#6 D:\trupti\klamp_accounting\system\CodeIgniter.php(312): CodeIgniter\CodeIgniter->handleRequest(NULL, Object(Config\Cache), false)
#7 D:\trupti\klamp_accounting\public\index.php(45): CodeIgniter\CodeIgniter->run()
#8 D:\trupti\klamp_accounting\system\Commands\Server\rewrite.php(34): require_once('D:\\trupti\\klamp...')
#9 {main}
CRITICAL - 2022-07-12 12:30:44 --> Undefined variable: data
#0 D:\trupti\klamp_accounting\app\Views\gst\hsn_detail.php(136): CodeIgniter\Debug\Exceptions->errorHandler(8, 'Undefined varia...', 'D:\\trupti\\klamp...', 136, Array)
#1 D:\trupti\klamp_accounting\system\View\View.php(246): include('D:\\trupti\\klamp...')
#2 D:\trupti\klamp_accounting\app\Common.php(48): CodeIgniter\View\View->render('gst/hsn_detail', Array, true)
#3 D:\trupti\klamp_accounting\app\Controllers\Gst.php(822): view('gst/hsn_detail', Array)
#4 D:\trupti\klamp_accounting\system\CodeIgniter.php(918): App\Controllers\Gst->Hsn_detail('33049920')
#5 D:\trupti\klamp_accounting\system\CodeIgniter.php(404): CodeIgniter\CodeIgniter->runController(Object(App\Controllers\Gst))
#6 D:\trupti\klamp_accounting\system\CodeIgniter.php(312): CodeIgniter\CodeIgniter->handleRequest(NULL, Object(Config\Cache), false)
#7 D:\trupti\klamp_accounting\public\index.php(45): CodeIgniter\CodeIgniter->run()
#8 D:\trupti\klamp_accounting\system\Commands\Server\rewrite.php(34): require_once('D:\\trupti\\klamp...')
#9 {main}
CRITICAL - 2022-07-12 12:33:12 --> Undefined variable: start_date
#0 D:\trupti\klamp_accounting\app\Views\gst\hsn_detail.php(84): CodeIgniter\Debug\Exceptions->errorHandler(8, 'Undefined varia...', 'D:\\trupti\\klamp...', 84, Array)
#1 D:\trupti\klamp_accounting\system\View\View.php(246): include('D:\\trupti\\klamp...')
#2 D:\trupti\klamp_accounting\app\Common.php(48): CodeIgniter\View\View->render('gst/hsn_detail', Array, true)
#3 D:\trupti\klamp_accounting\app\Controllers\Gst.php(822): view('gst/hsn_detail', Array)
#4 D:\trupti\klamp_accounting\system\CodeIgniter.php(918): App\Controllers\Gst->Hsn_detail('33049920')
#5 D:\trupti\klamp_accounting\system\CodeIgniter.php(404): CodeIgniter\CodeIgniter->runController(Object(App\Controllers\Gst))
#6 D:\trupti\klamp_accounting\system\CodeIgniter.php(312): CodeIgniter\CodeIgniter->handleRequest(NULL, Object(Config\Cache), false)
#7 D:\trupti\klamp_accounting\public\index.php(45): CodeIgniter\CodeIgniter->run()
#8 D:\trupti\klamp_accounting\system\Commands\Server\rewrite.php(34): require_once('D:\\trupti\\klamp...')
#9 {main}
CRITICAL - 2022-07-12 12:33:51 --> Illegal string offset 'parent_id'
#0 D:\trupti\klamp_accounting\app\Views\gst\hsn_detail.php(149): CodeIgniter\Debug\Exceptions->errorHandler(2, 'Illegal string ...', 'D:\\trupti\\klamp...', 149, Array)
#1 D:\trupti\klamp_accounting\system\View\View.php(246): include('D:\\trupti\\klamp...')
#2 D:\trupti\klamp_accounting\app\Common.php(48): CodeIgniter\View\View->render('gst/hsn_detail', Array, true)
#3 D:\trupti\klamp_accounting\app\Controllers\Gst.php(822): view('gst/hsn_detail', Array)
#4 D:\trupti\klamp_accounting\system\CodeIgniter.php(918): App\Controllers\Gst->Hsn_detail('33049920')
#5 D:\trupti\klamp_accounting\system\CodeIgniter.php(404): CodeIgniter\CodeIgniter->runController(Object(App\Controllers\Gst))
#6 D:\trupti\klamp_accounting\system\CodeIgniter.php(312): CodeIgniter\CodeIgniter->handleRequest(NULL, Object(Config\Cache), false)
#7 D:\trupti\klamp_accounting\public\index.php(45): CodeIgniter\CodeIgniter->run()
#8 D:\trupti\klamp_accounting\system\Commands\Server\rewrite.php(34): require_once('D:\\trupti\\klamp...')
#9 {main}
CRITICAL - 2022-07-12 12:45:02 --> Illegal string offset 'parent_id'
#0 D:\trupti\klamp_accounting\app\Views\gst\hsn_detail.php(151): CodeIgniter\Debug\Exceptions->errorHandler(2, 'Illegal string ...', 'D:\\trupti\\klamp...', 151, Array)
#1 D:\trupti\klamp_accounting\system\View\View.php(246): include('D:\\trupti\\klamp...')
#2 D:\trupti\klamp_accounting\app\Common.php(48): CodeIgniter\View\View->render('gst/hsn_detail', Array, true)
#3 D:\trupti\klamp_accounting\app\Controllers\Gst.php(822): view('gst/hsn_detail', Array)
#4 D:\trupti\klamp_accounting\system\CodeIgniter.php(918): App\Controllers\Gst->Hsn_detail('33049920')
#5 D:\trupti\klamp_accounting\system\CodeIgniter.php(404): CodeIgniter\CodeIgniter->runController(Object(App\Controllers\Gst))
#6 D:\trupti\klamp_accounting\system\CodeIgniter.php(312): CodeIgniter\CodeIgniter->handleRequest(NULL, Object(Config\Cache), false)
#7 D:\trupti\klamp_accounting\public\index.php(45): CodeIgniter\CodeIgniter->run()
#8 D:\trupti\klamp_accounting\system\Commands\Server\rewrite.php(34): require_once('D:\\trupti\\klamp...')
#9 {main}
CRITICAL - 2022-07-12 12:46:02 --> Illegal string offset 'parent_id'
#0 D:\trupti\klamp_accounting\app\Views\gst\hsn_detail.php(151): CodeIgniter\Debug\Exceptions->errorHandler(2, 'Illegal string ...', 'D:\\trupti\\klamp...', 151, Array)
#1 D:\trupti\klamp_accounting\system\View\View.php(246): include('D:\\trupti\\klamp...')
#2 D:\trupti\klamp_accounting\app\Common.php(48): CodeIgniter\View\View->render('gst/hsn_detail', Array, true)
#3 D:\trupti\klamp_accounting\app\Controllers\Gst.php(822): view('gst/hsn_detail', Array)
#4 D:\trupti\klamp_accounting\system\CodeIgniter.php(918): App\Controllers\Gst->Hsn_detail('33049920')
#5 D:\trupti\klamp_accounting\system\CodeIgniter.php(404): CodeIgniter\CodeIgniter->runController(Object(App\Controllers\Gst))
#6 D:\trupti\klamp_accounting\system\CodeIgniter.php(312): CodeIgniter\CodeIgniter->handleRequest(NULL, Object(Config\Cache), false)
#7 D:\trupti\klamp_accounting\public\index.php(45): CodeIgniter\CodeIgniter->run()
#8 D:\trupti\klamp_accounting\system\Commands\Server\rewrite.php(34): require_once('D:\\trupti\\klamp...')
#9 {main}
CRITICAL - 2022-07-12 12:46:46 --> Illegal string offset 'parent_id'
#0 D:\trupti\klamp_accounting\app\Views\gst\hsn_detail.php(151): CodeIgniter\Debug\Exceptions->errorHandler(2, 'Illegal string ...', 'D:\\trupti\\klamp...', 151, Array)
#1 D:\trupti\klamp_accounting\system\View\View.php(246): include('D:\\trupti\\klamp...')
#2 D:\trupti\klamp_accounting\app\Common.php(48): CodeIgniter\View\View->render('gst/hsn_detail', Array, true)
#3 D:\trupti\klamp_accounting\app\Controllers\Gst.php(822): view('gst/hsn_detail', Array)
#4 D:\trupti\klamp_accounting\system\CodeIgniter.php(918): App\Controllers\Gst->Hsn_detail('33049920')
#5 D:\trupti\klamp_accounting\system\CodeIgniter.php(404): CodeIgniter\CodeIgniter->runController(Object(App\Controllers\Gst))
#6 D:\trupti\klamp_accounting\system\CodeIgniter.php(312): CodeIgniter\CodeIgniter->handleRequest(NULL, Object(Config\Cache), false)
#7 D:\trupti\klamp_accounting\public\index.php(45): CodeIgniter\CodeIgniter->run()
#8 D:\trupti\klamp_accounting\system\Commands\Server\rewrite.php(34): require_once('D:\\trupti\\klamp...')
#9 {main}
CRITICAL - 2022-07-12 13:46:54 --> Too few arguments to function App\Controllers\Gst::Hsn_detail(), 0 passed in D:\trupti\klamp_accounting\system\CodeIgniter.php on line 918 and exactly 1 expected
#0 D:\trupti\klamp_accounting\system\CodeIgniter.php(918): App\Controllers\Gst->Hsn_detail()
#1 D:\trupti\klamp_accounting\system\CodeIgniter.php(404): CodeIgniter\CodeIgniter->runController(Object(App\Controllers\Gst))
#2 D:\trupti\klamp_accounting\system\CodeIgniter.php(312): CodeIgniter\CodeIgniter->handleRequest(NULL, Object(Config\Cache), false)
#3 D:\trupti\klamp_accounting\public\index.php(45): CodeIgniter\CodeIgniter->run()
#4 D:\trupti\klamp_accounting\system\Commands\Server\rewrite.php(34): require_once('D:\\trupti\\klamp...')
#5 {main}
CRITICAL - 2022-07-12 14:28:14 --> Undefined variable: hsn
#0 D:\trupti\klamp_accounting\app\Models\GstModel.php(2177): CodeIgniter\Debug\Exceptions->errorHandler(8, 'Undefined varia...', 'D:\\trupti\\klamp...', 2177, Array)
#1 D:\trupti\klamp_accounting\app\Controllers\Gst.php(807): App\Models\GstModel->hsn_summary_detail_xls_export_data(Array)
#2 D:\trupti\klamp_accounting\system\CodeIgniter.php(918): App\Controllers\Gst->hsn_summary_detail_xls_export()
#3 D:\trupti\klamp_accounting\system\CodeIgniter.php(404): CodeIgniter\CodeIgniter->runController(Object(App\Controllers\Gst))
#4 D:\trupti\klamp_accounting\system\CodeIgniter.php(312): CodeIgniter\CodeIgniter->handleRequest(NULL, Object(Config\Cache), false)
#5 D:\trupti\klamp_accounting\public\index.php(45): CodeIgniter\CodeIgniter->run()
#6 D:\trupti\klamp_accounting\system\Commands\Server\rewrite.php(34): require_once('D:\\trupti\\klamp...')
#7 {main}
CRITICAL - 2022-07-12 14:36:04 --> Call to a member function format() on bool
#0 D:\trupti\klamp_accounting\app\Models\GstModel.php(2172): db_date('2022-05-01hsn=3...')
#1 D:\trupti\klamp_accounting\app\Controllers\Gst.php(807): App\Models\GstModel->hsn_summary_detail_xls_export_data(Array)
#2 D:\trupti\klamp_accounting\system\CodeIgniter.php(918): App\Controllers\Gst->hsn_summary_detail_xls_export()
#3 D:\trupti\klamp_accounting\system\CodeIgniter.php(404): CodeIgniter\CodeIgniter->runController(Object(App\Controllers\Gst))
#4 D:\trupti\klamp_accounting\system\CodeIgniter.php(312): CodeIgniter\CodeIgniter->handleRequest(NULL, Object(Config\Cache), false)
#5 D:\trupti\klamp_accounting\public\index.php(45): CodeIgniter\CodeIgniter->run()
#6 D:\trupti\klamp_accounting\system\Commands\Server\rewrite.php(34): require_once('D:\\trupti\\klamp...')
#7 {main}
