CRITICAL - 2022-08-05 10:10:27 --> Maximum execution time of 60 seconds exceeded
#0 [internal function]: CodeIgniter\Debug\Exceptions->shutdownHandler()
#1 {main}
CRITICAL - 2022-08-05 10:44:10 --> Undefined index: purchase_eligable
#0 C:\trupti\new_klamp_accounting\app\Views\gst\gstr3_detail.php(226): CodeIgniter\Debug\Exceptions->errorHandler(8, 'Undefined index...', 'C:\\trupti\\new_k...', 226, Array)
#1 C:\trupti\new_klamp_accounting\system\View\View.php(246): include('C:\\trupti\\new_k...')
#2 C:\trupti\new_klamp_accounting\app\Common.php(48): CodeIgniter\View\View->render('gst/gstr3_detai...', Array, true)
#3 C:\trupti\new_klamp_accounting\app\Controllers\Gst.php(957): view('gst/gstr3_detai...', Array)
#4 C:\trupti\new_klamp_accounting\system\CodeIgniter.php(918): App\Controllers\Gst->Gstr3_detail('eligable_itc')
#5 C:\trupti\new_klamp_accounting\system\CodeIgniter.php(404): CodeIgniter\CodeIgniter->runController(Object(App\Controllers\Gst))
#6 C:\trupti\new_klamp_accounting\system\CodeIgniter.php(312): CodeIgniter\CodeIgniter->handleRequest(NULL, Object(Config\Cache), false)
#7 C:\trupti\new_klamp_accounting\public\index.php(45): CodeIgniter\CodeIgniter->run()
#8 C:\trupti\new_klamp_accounting\system\Commands\Server\rewrite.php(34): require_once('C:\\trupti\\new_k...')
#9 {main}
CRITICAL - 2022-08-05 13:50:36 --> Call to undefined function App\Models\get_ledger_register()
#0 C:\trupti\new_klamp_accounting\app\Controllers\Addbook.php(1454): App\Models\AddbookModel->ledger_xls_export_data(Array)
#1 C:\trupti\new_klamp_accounting\system\CodeIgniter.php(918): App\Controllers\Addbook->ledger_xls_export()
#2 C:\trupti\new_klamp_accounting\system\CodeIgniter.php(404): CodeIgniter\CodeIgniter->runController(Object(App\Controllers\Addbook))
#3 C:\trupti\new_klamp_accounting\system\CodeIgniter.php(312): CodeIgniter\CodeIgniter->handleRequest(NULL, Object(Config\Cache), false)
#4 C:\trupti\new_klamp_accounting\public\index.php(45): CodeIgniter\CodeIgniter->run()
#5 C:\trupti\new_klamp_accounting\system\Commands\Server\rewrite.php(34): require_once('C:\\trupti\\new_k...')
#6 {main}
CRITICAL - 2022-08-05 14:16:14 --> Undefined index: ledger
#0 C:\trupti\new_klamp_accounting\app\Models\AddbookModel.php(4535): CodeIgniter\Debug\Exceptions->errorHandler(8, 'Undefined index...', 'C:\\trupti\\new_k...', 4535, Array)
#1 C:\trupti\new_klamp_accounting\app\Controllers\Addbook.php(1454): App\Models\AddbookModel->ledger_xls_export_data(Array)
#2 C:\trupti\new_klamp_accounting\system\CodeIgniter.php(918): App\Controllers\Addbook->ledger_xls_export()
#3 C:\trupti\new_klamp_accounting\system\CodeIgniter.php(404): CodeIgniter\CodeIgniter->runController(Object(App\Controllers\Addbook))
#4 C:\trupti\new_klamp_accounting\system\CodeIgniter.php(312): CodeIgniter\CodeIgniter->handleRequest(NULL, Object(Config\Cache), false)
#5 C:\trupti\new_klamp_accounting\public\index.php(45): CodeIgniter\CodeIgniter->run()
#6 C:\trupti\new_klamp_accounting\system\Commands\Server\rewrite.php(34): require_once('C:\\trupti\\new_k...')
#7 {main}
CRITICAL - 2022-08-05 14:16:28 --> Undefined index: data
#0 C:\trupti\new_klamp_accounting\app\Models\AddbookModel.php(4535): CodeIgniter\Debug\Exceptions->errorHandler(8, 'Undefined index...', 'C:\\trupti\\new_k...', 4535, Array)
#1 C:\trupti\new_klamp_accounting\app\Controllers\Addbook.php(1454): App\Models\AddbookModel->ledger_xls_export_data(Array)
#2 C:\trupti\new_klamp_accounting\system\CodeIgniter.php(918): App\Controllers\Addbook->ledger_xls_export()
#3 C:\trupti\new_klamp_accounting\system\CodeIgniter.php(404): CodeIgniter\CodeIgniter->runController(Object(App\Controllers\Addbook))
#4 C:\trupti\new_klamp_accounting\system\CodeIgniter.php(312): CodeIgniter\CodeIgniter->handleRequest(NULL, Object(Config\Cache), false)
#5 C:\trupti\new_klamp_accounting\public\index.php(45): CodeIgniter\CodeIgniter->run()
#6 C:\trupti\new_klamp_accounting\system\Commands\Server\rewrite.php(34): require_once('C:\\trupti\\new_k...')
#7 {main}
CRITICAL - 2022-08-05 14:17:26 --> Function name must be a string
#0 C:\trupti\new_klamp_accounting\app\Controllers\Addbook.php(1454): App\Models\AddbookModel->ledger_xls_export_data(Array)
#1 C:\trupti\new_klamp_accounting\system\CodeIgniter.php(918): App\Controllers\Addbook->ledger_xls_export()
#2 C:\trupti\new_klamp_accounting\system\CodeIgniter.php(404): CodeIgniter\CodeIgniter->runController(Object(App\Controllers\Addbook))
#3 C:\trupti\new_klamp_accounting\system\CodeIgniter.php(312): CodeIgniter\CodeIgniter->handleRequest(NULL, Object(Config\Cache), false)
#4 C:\trupti\new_klamp_accounting\public\index.php(45): CodeIgniter\CodeIgniter->run()
#5 C:\trupti\new_klamp_accounting\system\Commands\Server\rewrite.php(34): require_once('C:\\trupti\\new_k...')
#6 {main}
CRITICAL - 2022-08-05 14:20:49 --> Undefined index: data
#0 C:\trupti\new_klamp_accounting\app\Models\AddbookModel.php(4535): CodeIgniter\Debug\Exceptions->errorHandler(8, 'Undefined index...', 'C:\\trupti\\new_k...', 4535, Array)
#1 C:\trupti\new_klamp_accounting\app\Controllers\Addbook.php(1454): App\Models\AddbookModel->ledger_xls_export_data(Array)
#2 C:\trupti\new_klamp_accounting\system\CodeIgniter.php(918): App\Controllers\Addbook->ledger_xls_export()
#3 C:\trupti\new_klamp_accounting\system\CodeIgniter.php(404): CodeIgniter\CodeIgniter->runController(Object(App\Controllers\Addbook))
#4 C:\trupti\new_klamp_accounting\system\CodeIgniter.php(312): CodeIgniter\CodeIgniter->handleRequest(NULL, Object(Config\Cache), false)
#5 C:\trupti\new_klamp_accounting\public\index.php(45): CodeIgniter\CodeIgniter->run()
#6 C:\trupti\new_klamp_accounting\system\Commands\Server\rewrite.php(34): require_once('C:\\trupti\\new_k...')
#7 {main}
CRITICAL - 2022-08-05 14:21:21 --> Undefined index: data
#0 C:\trupti\new_klamp_accounting\app\Models\AddbookModel.php(4537): CodeIgniter\Debug\Exceptions->errorHandler(8, 'Undefined index...', 'C:\\trupti\\new_k...', 4537, Array)
#1 C:\trupti\new_klamp_accounting\app\Controllers\Addbook.php(1454): App\Models\AddbookModel->ledger_xls_export_data(Array)
#2 C:\trupti\new_klamp_accounting\system\CodeIgniter.php(918): App\Controllers\Addbook->ledger_xls_export()
#3 C:\trupti\new_klamp_accounting\system\CodeIgniter.php(404): CodeIgniter\CodeIgniter->runController(Object(App\Controllers\Addbook))
#4 C:\trupti\new_klamp_accounting\system\CodeIgniter.php(312): CodeIgniter\CodeIgniter->handleRequest(NULL, Object(Config\Cache), false)
#5 C:\trupti\new_klamp_accounting\public\index.php(45): CodeIgniter\CodeIgniter->run()
#6 C:\trupti\new_klamp_accounting\system\Commands\Server\rewrite.php(34): require_once('C:\\trupti\\new_k...')
#7 {main}
CRITICAL - 2022-08-05 14:22:02 --> Undefined index: data
#0 C:\trupti\new_klamp_accounting\app\Models\AddbookModel.php(4538): CodeIgniter\Debug\Exceptions->errorHandler(8, 'Undefined index...', 'C:\\trupti\\new_k...', 4538, Array)
#1 C:\trupti\new_klamp_accounting\app\Controllers\Addbook.php(1454): App\Models\AddbookModel->ledger_xls_export_data(Array)
#2 C:\trupti\new_klamp_accounting\system\CodeIgniter.php(918): App\Controllers\Addbook->ledger_xls_export()
#3 C:\trupti\new_klamp_accounting\system\CodeIgniter.php(404): CodeIgniter\CodeIgniter->runController(Object(App\Controllers\Addbook))
#4 C:\trupti\new_klamp_accounting\system\CodeIgniter.php(312): CodeIgniter\CodeIgniter->handleRequest(NULL, Object(Config\Cache), false)
#5 C:\trupti\new_klamp_accounting\public\index.php(45): CodeIgniter\CodeIgniter->run()
#6 C:\trupti\new_klamp_accounting\system\Commands\Server\rewrite.php(34): require_once('C:\\trupti\\new_k...')
#7 {main}
CRITICAL - 2022-08-05 14:22:52 --> Undefined index: data
#0 C:\trupti\new_klamp_accounting\app\Models\AddbookModel.php(4536): CodeIgniter\Debug\Exceptions->errorHandler(8, 'Undefined index...', 'C:\\trupti\\new_k...', 4536, Array)
#1 C:\trupti\new_klamp_accounting\app\Controllers\Addbook.php(1454): App\Models\AddbookModel->ledger_xls_export_data(Array)
#2 C:\trupti\new_klamp_accounting\system\CodeIgniter.php(918): App\Controllers\Addbook->ledger_xls_export()
#3 C:\trupti\new_klamp_accounting\system\CodeIgniter.php(404): CodeIgniter\CodeIgniter->runController(Object(App\Controllers\Addbook))
#4 C:\trupti\new_klamp_accounting\system\CodeIgniter.php(312): CodeIgniter\CodeIgniter->handleRequest(NULL, Object(Config\Cache), false)
#5 C:\trupti\new_klamp_accounting\public\index.php(45): CodeIgniter\CodeIgniter->run()
#6 C:\trupti\new_klamp_accounting\system\Commands\Server\rewrite.php(34): require_once('C:\\trupti\\new_k...')
#7 {main}
