CRITICAL - 2022-11-22 10:07:15 --> Unknown database 'tes2022l1je'
#0 D:\backup_trupti\new_klamp_accounting\new_klamp_accounting\system\Database\MySQLi\Connection.php(278): mysqli->select_db('TES2022L1JE')
#1 D:\backup_trupti\new_klamp_accounting\new_klamp_accounting\app\Helpers\base_helper.php(146): CodeIgniter\Database\MySQLi\Connection->setDatabase('TES2022L1JE')
#2 D:\backup_trupti\new_klamp_accounting\new_klamp_accounting\app\Models\AccountModel.php(195): getManagedData('account a', Array, Array, 'and is_delete=0')
#3 D:\backup_trupti\new_klamp_accounting\new_klamp_accounting\app\Controllers\Account.php(53): App\Models\AccountModel->get_account_data(Array)
#4 D:\backup_trupti\new_klamp_accounting\new_klamp_accounting\system\CodeIgniter.php(918): App\Controllers\Account->Getdata('account')
#5 D:\backup_trupti\new_klamp_accounting\new_klamp_accounting\system\CodeIgniter.php(404): CodeIgniter\CodeIgniter->runController(Object(App\Controllers\Account))
#6 D:\backup_trupti\new_klamp_accounting\new_klamp_accounting\system\CodeIgniter.php(312): CodeIgniter\CodeIgniter->handleRequest(NULL, Object(Config\Cache), false)
#7 D:\backup_trupti\new_klamp_accounting\new_klamp_accounting\public\index.php(45): CodeIgniter\CodeIgniter->run()
#8 D:\backup_trupti\new_klamp_accounting\new_klamp_accounting\system\Commands\Server\rewrite.php(34): require_once('D:\\backup_trupt...')
#9 {main}
CRITICAL - 2022-11-22 12:43:46 --> Unknown column 'is_update_hsn' in 'where clause'
#0 D:\backup_trupti\new_klamp_accounting\new_klamp_accounting\system\Database\MySQLi\Connection.php(331): mysqli->query('SELECT *\nFROM `...')
#1 D:\backup_trupti\new_klamp_accounting\new_klamp_accounting\system\Database\BaseConnection.php(741): CodeIgniter\Database\MySQLi\Connection->execute('SELECT *\nFROM `...')
#2 D:\backup_trupti\new_klamp_accounting\new_klamp_accounting\system\Database\BaseConnection.php(669): CodeIgniter\Database\BaseConnection->simpleQuery('SELECT *\nFROM `...')
#3 D:\backup_trupti\new_klamp_accounting\new_klamp_accounting\system\Database\BaseBuilder.php(1860): CodeIgniter\Database\BaseConnection->query('SELECT *\nFROM `...', Array, false)
#4 D:\backup_trupti\new_klamp_accounting\new_klamp_accounting\app\Models\SalesApendColumnModel.php(1661): CodeIgniter\Database\BaseBuilder->get()
#5 D:\backup_trupti\new_klamp_accounting\new_klamp_accounting\app\Controllers\SalesApendColumn.php(226): App\Models\SalesApendColumnModel->update_sales_item_hsn()
#6 D:\backup_trupti\new_klamp_accounting\new_klamp_accounting\system\CodeIgniter.php(918): App\Controllers\SalesApendColumn->sales_item_hsn()
#7 D:\backup_trupti\new_klamp_accounting\new_klamp_accounting\system\CodeIgniter.php(404): CodeIgniter\CodeIgniter->runController(Object(App\Controllers\SalesApendColumn))
#8 D:\backup_trupti\new_klamp_accounting\new_klamp_accounting\system\CodeIgniter.php(312): CodeIgniter\CodeIgniter->handleRequest(NULL, Object(Config\Cache), false)
#9 D:\backup_trupti\new_klamp_accounting\new_klamp_accounting\public\index.php(45): CodeIgniter\CodeIgniter->run()
#10 D:\backup_trupti\new_klamp_accounting\new_klamp_accounting\system\Commands\Server\rewrite.php(34): require_once('D:\\backup_trupt...')
#11 {main}
CRITICAL - 2022-11-22 12:44:30 --> Unknown column 'is_update_hsn' in 'where clause'
#0 D:\backup_trupti\new_klamp_accounting\new_klamp_accounting\system\Database\MySQLi\Connection.php(331): mysqli->query('SELECT *\nFROM `...')
#1 D:\backup_trupti\new_klamp_accounting\new_klamp_accounting\system\Database\BaseConnection.php(741): CodeIgniter\Database\MySQLi\Connection->execute('SELECT *\nFROM `...')
#2 D:\backup_trupti\new_klamp_accounting\new_klamp_accounting\system\Database\BaseConnection.php(669): CodeIgniter\Database\BaseConnection->simpleQuery('SELECT *\nFROM `...')
#3 D:\backup_trupti\new_klamp_accounting\new_klamp_accounting\system\Database\BaseBuilder.php(1860): CodeIgniter\Database\BaseConnection->query('SELECT *\nFROM `...', Array, false)
#4 D:\backup_trupti\new_klamp_accounting\new_klamp_accounting\app\Models\SalesApendColumnModel.php(1661): CodeIgniter\Database\BaseBuilder->get()
#5 D:\backup_trupti\new_klamp_accounting\new_klamp_accounting\app\Controllers\SalesApendColumn.php(226): App\Models\SalesApendColumnModel->update_sales_item_hsn()
#6 D:\backup_trupti\new_klamp_accounting\new_klamp_accounting\system\CodeIgniter.php(918): App\Controllers\SalesApendColumn->sales_item_hsn()
#7 D:\backup_trupti\new_klamp_accounting\new_klamp_accounting\system\CodeIgniter.php(404): CodeIgniter\CodeIgniter->runController(Object(App\Controllers\SalesApendColumn))
#8 D:\backup_trupti\new_klamp_accounting\new_klamp_accounting\system\CodeIgniter.php(312): CodeIgniter\CodeIgniter->handleRequest(NULL, Object(Config\Cache), false)
#9 D:\backup_trupti\new_klamp_accounting\new_klamp_accounting\public\index.php(45): CodeIgniter\CodeIgniter->run()
#10 D:\backup_trupti\new_klamp_accounting\new_klamp_accounting\system\Commands\Server\rewrite.php(34): require_once('D:\\backup_trupt...')
#11 {main}
CRITICAL - 2022-11-22 12:44:34 --> Unknown column 'is_update_hsn' in 'where clause'
#0 D:\backup_trupti\new_klamp_accounting\new_klamp_accounting\system\Database\MySQLi\Connection.php(331): mysqli->query('SELECT *\nFROM `...')
#1 D:\backup_trupti\new_klamp_accounting\new_klamp_accounting\system\Database\BaseConnection.php(741): CodeIgniter\Database\MySQLi\Connection->execute('SELECT *\nFROM `...')
#2 D:\backup_trupti\new_klamp_accounting\new_klamp_accounting\system\Database\BaseConnection.php(669): CodeIgniter\Database\BaseConnection->simpleQuery('SELECT *\nFROM `...')
#3 D:\backup_trupti\new_klamp_accounting\new_klamp_accounting\system\Database\BaseBuilder.php(1860): CodeIgniter\Database\BaseConnection->query('SELECT *\nFROM `...', Array, false)
#4 D:\backup_trupti\new_klamp_accounting\new_klamp_accounting\app\Models\SalesApendColumnModel.php(1661): CodeIgniter\Database\BaseBuilder->get()
#5 D:\backup_trupti\new_klamp_accounting\new_klamp_accounting\app\Controllers\SalesApendColumn.php(226): App\Models\SalesApendColumnModel->update_sales_item_hsn()
#6 D:\backup_trupti\new_klamp_accounting\new_klamp_accounting\system\CodeIgniter.php(918): App\Controllers\SalesApendColumn->sales_item_hsn()
#7 D:\backup_trupti\new_klamp_accounting\new_klamp_accounting\system\CodeIgniter.php(404): CodeIgniter\CodeIgniter->runController(Object(App\Controllers\SalesApendColumn))
#8 D:\backup_trupti\new_klamp_accounting\new_klamp_accounting\system\CodeIgniter.php(312): CodeIgniter\CodeIgniter->handleRequest(NULL, Object(Config\Cache), false)
#9 D:\backup_trupti\new_klamp_accounting\new_klamp_accounting\public\index.php(45): CodeIgniter\CodeIgniter->run()
#10 D:\backup_trupti\new_klamp_accounting\new_klamp_accounting\system\Commands\Server\rewrite.php(34): require_once('D:\\backup_trupt...')
#11 {main}
CRITICAL - 2022-11-22 16:22:23 --> Unknown column 'is_update_taxability' in 'where clause'
#0 D:\backup_trupti\new_klamp_accounting\new_klamp_accounting\system\Database\MySQLi\Connection.php(331): mysqli->query('SELECT *\nFROM `...')
#1 D:\backup_trupti\new_klamp_accounting\new_klamp_accounting\system\Database\BaseConnection.php(741): CodeIgniter\Database\MySQLi\Connection->execute('SELECT *\nFROM `...')
#2 D:\backup_trupti\new_klamp_accounting\new_klamp_accounting\system\Database\BaseConnection.php(669): CodeIgniter\Database\BaseConnection->simpleQuery('SELECT *\nFROM `...')
#3 D:\backup_trupti\new_klamp_accounting\new_klamp_accounting\system\Database\BaseBuilder.php(1860): CodeIgniter\Database\BaseConnection->query('SELECT *\nFROM `...', Array, false)
#4 D:\backup_trupti\new_klamp_accounting\new_klamp_accounting\app\Models\PurchaseApendColumnModel.php(21): CodeIgniter\Database\BaseBuilder->get()
#5 D:\backup_trupti\new_klamp_accounting\new_klamp_accounting\app\Controllers\purchaseApendColumn.php(25): App\Models\PurchaseApendColumnModel->update_item_taxability()
#6 D:\backup_trupti\new_klamp_accounting\new_klamp_accounting\system\CodeIgniter.php(918): App\Controllers\PurchaseApendColumn->item_taxability()
#7 D:\backup_trupti\new_klamp_accounting\new_klamp_accounting\system\CodeIgniter.php(404): CodeIgniter\CodeIgniter->runController(Object(App\Controllers\PurchaseApendColumn))
#8 D:\backup_trupti\new_klamp_accounting\new_klamp_accounting\system\CodeIgniter.php(312): CodeIgniter\CodeIgniter->handleRequest(NULL, Object(Config\Cache), false)
#9 D:\backup_trupti\new_klamp_accounting\new_klamp_accounting\public\index.php(45): CodeIgniter\CodeIgniter->run()
#10 D:\backup_trupti\new_klamp_accounting\new_klamp_accounting\system\Commands\Server\rewrite.php(34): require_once('D:\\backup_trupt...')
#11 {main}
CRITICAL - 2022-11-22 16:23:40 --> Undefined index: taxability
#0 D:\backup_trupti\new_klamp_accounting\new_klamp_accounting\app\Models\PurchaseApendColumnModel.php(33): CodeIgniter\Debug\Exceptions->errorHandler(8, 'Undefined index...', 'D:\\backup_trupt...', 33, Array)
#1 D:\backup_trupti\new_klamp_accounting\new_klamp_accounting\app\Controllers\purchaseApendColumn.php(25): App\Models\PurchaseApendColumnModel->update_item_taxability()
#2 D:\backup_trupti\new_klamp_accounting\new_klamp_accounting\system\CodeIgniter.php(918): App\Controllers\PurchaseApendColumn->item_taxability()
#3 D:\backup_trupti\new_klamp_accounting\new_klamp_accounting\system\CodeIgniter.php(404): CodeIgniter\CodeIgniter->runController(Object(App\Controllers\PurchaseApendColumn))
#4 D:\backup_trupti\new_klamp_accounting\new_klamp_accounting\system\CodeIgniter.php(312): CodeIgniter\CodeIgniter->handleRequest(NULL, Object(Config\Cache), false)
#5 D:\backup_trupti\new_klamp_accounting\new_klamp_accounting\public\index.php(45): CodeIgniter\CodeIgniter->run()
#6 D:\backup_trupti\new_klamp_accounting\new_klamp_accounting\system\Commands\Server\rewrite.php(34): require_once('D:\\backup_trupt...')
#7 {main}
CRITICAL - 2022-11-22 16:27:35 --> Argument 1 passed to CodeIgniter\Database\MySQLi\Connection::setDatabase() must be of the type string, null given, called in D:\backup_trupti\new_klamp_accounting\new_klamp_accounting\app\Models\PurchaseApendColumnModel.php on line 16
#0 D:\backup_trupti\new_klamp_accounting\new_klamp_accounting\app\Models\PurchaseApendColumnModel.php(16): CodeIgniter\Database\MySQLi\Connection->setDatabase(NULL)
#1 D:\backup_trupti\new_klamp_accounting\new_klamp_accounting\app\Controllers\purchaseApendColumn.php(25): App\Models\PurchaseApendColumnModel->update_item_taxability()
#2 D:\backup_trupti\new_klamp_accounting\new_klamp_accounting\system\CodeIgniter.php(918): App\Controllers\PurchaseApendColumn->item_taxability()
#3 D:\backup_trupti\new_klamp_accounting\new_klamp_accounting\system\CodeIgniter.php(404): CodeIgniter\CodeIgniter->runController(Object(App\Controllers\PurchaseApendColumn))
#4 D:\backup_trupti\new_klamp_accounting\new_klamp_accounting\system\CodeIgniter.php(312): CodeIgniter\CodeIgniter->handleRequest(NULL, Object(Config\Cache), false)
#5 D:\backup_trupti\new_klamp_accounting\new_klamp_accounting\public\index.php(45): CodeIgniter\CodeIgniter->run()
#6 D:\backup_trupti\new_klamp_accounting\new_klamp_accounting\system\Commands\Server\rewrite.php(34): require_once('D:\\backup_trupt...')
#7 {main}
CRITICAL - 2022-11-22 16:27:38 --> Argument 1 passed to CodeIgniter\Database\MySQLi\Connection::setDatabase() must be of the type string, null given, called in D:\backup_trupti\new_klamp_accounting\new_klamp_accounting\app\Models\PurchaseApendColumnModel.php on line 16
#0 D:\backup_trupti\new_klamp_accounting\new_klamp_accounting\app\Models\PurchaseApendColumnModel.php(16): CodeIgniter\Database\MySQLi\Connection->setDatabase(NULL)
#1 D:\backup_trupti\new_klamp_accounting\new_klamp_accounting\app\Controllers\purchaseApendColumn.php(25): App\Models\PurchaseApendColumnModel->update_item_taxability()
#2 D:\backup_trupti\new_klamp_accounting\new_klamp_accounting\system\CodeIgniter.php(918): App\Controllers\PurchaseApendColumn->item_taxability()
#3 D:\backup_trupti\new_klamp_accounting\new_klamp_accounting\system\CodeIgniter.php(404): CodeIgniter\CodeIgniter->runController(Object(App\Controllers\PurchaseApendColumn))
#4 D:\backup_trupti\new_klamp_accounting\new_klamp_accounting\system\CodeIgniter.php(312): CodeIgniter\CodeIgniter->handleRequest(NULL, Object(Config\Cache), false)
#5 D:\backup_trupti\new_klamp_accounting\new_klamp_accounting\public\index.php(45): CodeIgniter\CodeIgniter->run()
#6 D:\backup_trupti\new_klamp_accounting\new_klamp_accounting\system\Commands\Server\rewrite.php(34): require_once('D:\\backup_trupt...')
#7 {main}
CRITICAL - 2022-11-22 16:27:51 --> A non well formed numeric value encountered
#0 D:\backup_trupti\new_klamp_accounting\new_klamp_accounting\app\Models\PurchaseApendColumnModel.php(36): CodeIgniter\Debug\Exceptions->errorHandler(8, 'A non well form...', 'D:\\backup_trupt...', 36, Array)
#1 D:\backup_trupti\new_klamp_accounting\new_klamp_accounting\app\Controllers\purchaseApendColumn.php(25): App\Models\PurchaseApendColumnModel->update_item_taxability()
#2 D:\backup_trupti\new_klamp_accounting\new_klamp_accounting\system\CodeIgniter.php(918): App\Controllers\PurchaseApendColumn->item_taxability()
#3 D:\backup_trupti\new_klamp_accounting\new_klamp_accounting\system\CodeIgniter.php(404): CodeIgniter\CodeIgniter->runController(Object(App\Controllers\PurchaseApendColumn))
#4 D:\backup_trupti\new_klamp_accounting\new_klamp_accounting\system\CodeIgniter.php(312): CodeIgniter\CodeIgniter->handleRequest(NULL, Object(Config\Cache), false)
#5 D:\backup_trupti\new_klamp_accounting\new_klamp_accounting\public\index.php(45): CodeIgniter\CodeIgniter->run()
#6 D:\backup_trupti\new_klamp_accounting\new_klamp_accounting\system\Commands\Server\rewrite.php(34): require_once('D:\\backup_trupt...')
#7 {main}
CRITICAL - 2022-11-22 16:27:54 --> A non well formed numeric value encountered
#0 D:\backup_trupti\new_klamp_accounting\new_klamp_accounting\app\Models\PurchaseApendColumnModel.php(36): CodeIgniter\Debug\Exceptions->errorHandler(8, 'A non well form...', 'D:\\backup_trupt...', 36, Array)
#1 D:\backup_trupti\new_klamp_accounting\new_klamp_accounting\app\Controllers\purchaseApendColumn.php(25): App\Models\PurchaseApendColumnModel->update_item_taxability()
#2 D:\backup_trupti\new_klamp_accounting\new_klamp_accounting\system\CodeIgniter.php(918): App\Controllers\PurchaseApendColumn->item_taxability()
#3 D:\backup_trupti\new_klamp_accounting\new_klamp_accounting\system\CodeIgniter.php(404): CodeIgniter\CodeIgniter->runController(Object(App\Controllers\PurchaseApendColumn))
#4 D:\backup_trupti\new_klamp_accounting\new_klamp_accounting\system\CodeIgniter.php(312): CodeIgniter\CodeIgniter->handleRequest(NULL, Object(Config\Cache), false)
#5 D:\backup_trupti\new_klamp_accounting\new_klamp_accounting\public\index.php(45): CodeIgniter\CodeIgniter->run()
#6 D:\backup_trupti\new_klamp_accounting\new_klamp_accounting\system\Commands\Server\rewrite.php(34): require_once('D:\\backup_trupt...')
#7 {main}
CRITICAL - 2022-11-22 16:42:02 --> A non well formed numeric value encountered
#0 D:\backup_trupti\new_klamp_accounting\new_klamp_accounting\app\Models\PurchaseApendColumnModel.php(36): CodeIgniter\Debug\Exceptions->errorHandler(8, 'A non well form...', 'D:\\backup_trupt...', 36, Array)
#1 D:\backup_trupti\new_klamp_accounting\new_klamp_accounting\app\Controllers\purchaseApendColumn.php(25): App\Models\PurchaseApendColumnModel->update_item_taxability()
#2 D:\backup_trupti\new_klamp_accounting\new_klamp_accounting\system\CodeIgniter.php(918): App\Controllers\PurchaseApendColumn->item_taxability()
#3 D:\backup_trupti\new_klamp_accounting\new_klamp_accounting\system\CodeIgniter.php(404): CodeIgniter\CodeIgniter->runController(Object(App\Controllers\PurchaseApendColumn))
#4 D:\backup_trupti\new_klamp_accounting\new_klamp_accounting\system\CodeIgniter.php(312): CodeIgniter\CodeIgniter->handleRequest(NULL, Object(Config\Cache), false)
#5 D:\backup_trupti\new_klamp_accounting\new_klamp_accounting\public\index.php(45): CodeIgniter\CodeIgniter->run()
#6 D:\backup_trupti\new_klamp_accounting\new_klamp_accounting\system\Commands\Server\rewrite.php(34): require_once('D:\\backup_trupt...')
#7 {main}
CRITICAL - 2022-11-22 16:48:21 --> Undefined index: gst
#0 D:\backup_trupti\new_klamp_accounting\new_klamp_accounting\app\Models\PurchaseApendColumnModel.php(89): CodeIgniter\Debug\Exceptions->errorHandler(8, 'Undefined index...', 'D:\\backup_trupt...', 89, Array)
#1 D:\backup_trupti\new_klamp_accounting\new_klamp_accounting\app\Controllers\purchaseApendColumn.php(36): App\Models\PurchaseApendColumnModel->update_purchase_challan_taxability()
#2 D:\backup_trupti\new_klamp_accounting\new_klamp_accounting\system\CodeIgniter.php(918): App\Controllers\PurchaseApendColumn->purchase_challan_taxability()
#3 D:\backup_trupti\new_klamp_accounting\new_klamp_accounting\system\CodeIgniter.php(404): CodeIgniter\CodeIgniter->runController(Object(App\Controllers\PurchaseApendColumn))
#4 D:\backup_trupti\new_klamp_accounting\new_klamp_accounting\system\CodeIgniter.php(312): CodeIgniter\CodeIgniter->handleRequest(NULL, Object(Config\Cache), false)
#5 D:\backup_trupti\new_klamp_accounting\new_klamp_accounting\public\index.php(45): CodeIgniter\CodeIgniter->run()
#6 D:\backup_trupti\new_klamp_accounting\new_klamp_accounting\system\Commands\Server\rewrite.php(34): require_once('D:\\backup_trupt...')
#7 {main}
CRITICAL - 2022-11-22 16:51:37 --> Undefined index: gst
#0 D:\backup_trupti\new_klamp_accounting\new_klamp_accounting\app\Models\PurchaseApendColumnModel.php(151): CodeIgniter\Debug\Exceptions->errorHandler(8, 'Undefined index...', 'D:\\backup_trupt...', 151, Array)
#1 D:\backup_trupti\new_klamp_accounting\new_klamp_accounting\app\Controllers\purchaseApendColumn.php(45): App\Models\PurchaseApendColumnModel->update_purchase_invoice_taxability()
#2 D:\backup_trupti\new_klamp_accounting\new_klamp_accounting\system\CodeIgniter.php(918): App\Controllers\PurchaseApendColumn->purchase_invoice_taxability()
#3 D:\backup_trupti\new_klamp_accounting\new_klamp_accounting\system\CodeIgniter.php(404): CodeIgniter\CodeIgniter->runController(Object(App\Controllers\PurchaseApendColumn))
#4 D:\backup_trupti\new_klamp_accounting\new_klamp_accounting\system\CodeIgniter.php(312): CodeIgniter\CodeIgniter->handleRequest(NULL, Object(Config\Cache), false)
#5 D:\backup_trupti\new_klamp_accounting\new_klamp_accounting\public\index.php(45): CodeIgniter\CodeIgniter->run()
#6 D:\backup_trupti\new_klamp_accounting\new_klamp_accounting\system\Commands\Server\rewrite.php(34): require_once('D:\\backup_trupt...')
#7 {main}
CRITICAL - 2022-11-22 16:53:56 --> Unknown column 'inv_taxability' in 'field list'
#0 D:\backup_trupti\new_klamp_accounting\new_klamp_accounting\system\Database\MySQLi\Connection.php(331): mysqli->query('UPDATE `purchas...')
#1 D:\backup_trupti\new_klamp_accounting\new_klamp_accounting\system\Database\BaseConnection.php(741): CodeIgniter\Database\MySQLi\Connection->execute('UPDATE `purchas...')
#2 D:\backup_trupti\new_klamp_accounting\new_klamp_accounting\system\Database\BaseConnection.php(669): CodeIgniter\Database\BaseConnection->simpleQuery('UPDATE `purchas...')
#3 D:\backup_trupti\new_klamp_accounting\new_klamp_accounting\system\Database\BaseBuilder.php(2456): CodeIgniter\Database\BaseConnection->query('UPDATE `purchas...', Array, false)
#4 D:\backup_trupti\new_klamp_accounting\new_klamp_accounting\app\Models\GeneralModel.php(572): CodeIgniter\Database\BaseBuilder->update(Array)
#5 D:\backup_trupti\new_klamp_accounting\new_klamp_accounting\app\Models\PurchaseApendColumnModel.php(243): App\Models\GeneralModel->update_data_table('purchase_return', Array, Array)
#6 D:\backup_trupti\new_klamp_accounting\new_klamp_accounting\app\Controllers\purchaseApendColumn.php(54): App\Models\PurchaseApendColumnModel->update_purchase_return_taxability()
#7 D:\backup_trupti\new_klamp_accounting\new_klamp_accounting\system\CodeIgniter.php(918): App\Controllers\PurchaseApendColumn->purchase_return_taxability()
#8 D:\backup_trupti\new_klamp_accounting\new_klamp_accounting\system\CodeIgniter.php(404): CodeIgniter\CodeIgniter->runController(Object(App\Controllers\PurchaseApendColumn))
#9 D:\backup_trupti\new_klamp_accounting\new_klamp_accounting\system\CodeIgniter.php(312): CodeIgniter\CodeIgniter->handleRequest(NULL, Object(Config\Cache), false)
#10 D:\backup_trupti\new_klamp_accounting\new_klamp_accounting\public\index.php(45): CodeIgniter\CodeIgniter->run()
#11 D:\backup_trupti\new_klamp_accounting\new_klamp_accounting\system\Commands\Server\rewrite.php(34): require_once('D:\\backup_trupt...')
#12 {main}
CRITICAL - 2022-11-22 17:04:35 --> Undefined index: gst
#0 D:\backup_trupti\new_klamp_accounting\new_klamp_accounting\app\Models\PurchaseApendColumnModel.php(340): CodeIgniter\Debug\Exceptions->errorHandler(8, 'Undefined index...', 'D:\\backup_trupt...', 340, Array)
#1 D:\backup_trupti\new_klamp_accounting\new_klamp_accounting\app\Controllers\purchaseApendColumn.php(75): App\Models\PurchaseApendColumnModel->update_acinvoice_taxability()
#2 D:\backup_trupti\new_klamp_accounting\new_klamp_accounting\system\CodeIgniter.php(918): App\Controllers\PurchaseApendColumn->purchase_acinvoice_taxability()
#3 D:\backup_trupti\new_klamp_accounting\new_klamp_accounting\system\CodeIgniter.php(404): CodeIgniter\CodeIgniter->runController(Object(App\Controllers\PurchaseApendColumn))
#4 D:\backup_trupti\new_klamp_accounting\new_klamp_accounting\system\CodeIgniter.php(312): CodeIgniter\CodeIgniter->handleRequest(NULL, Object(Config\Cache), false)
#5 D:\backup_trupti\new_klamp_accounting\new_klamp_accounting\public\index.php(45): CodeIgniter\CodeIgniter->run()
#6 D:\backup_trupti\new_klamp_accounting\new_klamp_accounting\system\Commands\Server\rewrite.php(34): require_once('D:\\backup_trupt...')
#7 {main}
CRITICAL - 2022-11-22 17:11:50 --> Unknown column 'is_update_column' in 'where clause'
#0 D:\backup_trupti\new_klamp_accounting\new_klamp_accounting\system\Database\MySQLi\Connection.php(331): mysqli->query('SELECT *\nFROM `...')
#1 D:\backup_trupti\new_klamp_accounting\new_klamp_accounting\system\Database\BaseConnection.php(741): CodeIgniter\Database\MySQLi\Connection->execute('SELECT *\nFROM `...')
#2 D:\backup_trupti\new_klamp_accounting\new_klamp_accounting\system\Database\BaseConnection.php(669): CodeIgniter\Database\BaseConnection->simpleQuery('SELECT *\nFROM `...')
#3 D:\backup_trupti\new_klamp_accounting\new_klamp_accounting\system\Database\BaseBuilder.php(1860): CodeIgniter\Database\BaseConnection->query('SELECT *\nFROM `...', Array, false)
#4 D:\backup_trupti\new_klamp_accounting\new_klamp_accounting\app\Models\PurchaseApendColumnModel.php(821): CodeIgniter\Database\BaseBuilder->get()
#5 D:\backup_trupti\new_klamp_accounting\new_klamp_accounting\app\Controllers\purchaseApendColumn.php(149): App\Models\PurchaseApendColumnModel->update_purchase_return_item_disc()
#6 D:\backup_trupti\new_klamp_accounting\new_klamp_accounting\system\CodeIgniter.php(918): App\Controllers\PurchaseApendColumn->purchase_return_item_disc()
#7 D:\backup_trupti\new_klamp_accounting\new_klamp_accounting\system\CodeIgniter.php(404): CodeIgniter\CodeIgniter->runController(Object(App\Controllers\PurchaseApendColumn))
#8 D:\backup_trupti\new_klamp_accounting\new_klamp_accounting\system\CodeIgniter.php(312): CodeIgniter\CodeIgniter->handleRequest(NULL, Object(Config\Cache), false)
#9 D:\backup_trupti\new_klamp_accounting\new_klamp_accounting\public\index.php(45): CodeIgniter\CodeIgniter->run()
#10 D:\backup_trupti\new_klamp_accounting\new_klamp_accounting\system\Commands\Server\rewrite.php(34): require_once('D:\\backup_trupt...')
#11 {main}
CRITICAL - 2022-11-22 17:31:26 --> Undefined index: rate
#0 D:\backup_trupti\new_klamp_accounting\new_klamp_accounting\app\Models\SalesApendColumnModel.php(1429): CodeIgniter\Debug\Exceptions->errorHandler(8, 'Undefined index...', 'D:\\backup_trupt...', 1429, Array)
#1 D:\backup_trupti\new_klamp_accounting\new_klamp_accounting\app\Controllers\SalesApendColumn.php(121): App\Models\SalesApendColumnModel->new_update_sales_general_item_disc()
#2 D:\backup_trupti\new_klamp_accounting\new_klamp_accounting\system\CodeIgniter.php(918): App\Controllers\SalesApendColumn->sales_general_item_disc()
#3 D:\backup_trupti\new_klamp_accounting\new_klamp_accounting\system\CodeIgniter.php(404): CodeIgniter\CodeIgniter->runController(Object(App\Controllers\SalesApendColumn))
#4 D:\backup_trupti\new_klamp_accounting\new_klamp_accounting\system\CodeIgniter.php(312): CodeIgniter\CodeIgniter->handleRequest(NULL, Object(Config\Cache), false)
#5 D:\backup_trupti\new_klamp_accounting\new_klamp_accounting\public\index.php(45): CodeIgniter\CodeIgniter->run()
#6 D:\backup_trupti\new_klamp_accounting\new_klamp_accounting\system\Commands\Server\rewrite.php(34): require_once('D:\\backup_trupt...')
#7 {main}
CRITICAL - 2022-11-22 17:42:03 --> Undefined index: rate
#0 D:\backup_trupti\new_klamp_accounting\new_klamp_accounting\app\Models\PurchaseApendColumnModel.php(1429): CodeIgniter\Debug\Exceptions->errorHandler(8, 'Undefined index...', 'D:\\backup_trupt...', 1429, Array)
#1 D:\backup_trupti\new_klamp_accounting\new_klamp_accounting\app\Controllers\purchaseApendColumn.php(122): App\Models\PurchaseApendColumnModel->new_update_purchase_general_item_disc()
#2 D:\backup_trupti\new_klamp_accounting\new_klamp_accounting\system\CodeIgniter.php(918): App\Controllers\PurchaseApendColumn->purchase_general_item_disc()
#3 D:\backup_trupti\new_klamp_accounting\new_klamp_accounting\system\CodeIgniter.php(404): CodeIgniter\CodeIgniter->runController(Object(App\Controllers\PurchaseApendColumn))
#4 D:\backup_trupti\new_klamp_accounting\new_klamp_accounting\system\CodeIgniter.php(312): CodeIgniter\CodeIgniter->handleRequest(NULL, Object(Config\Cache), false)
#5 D:\backup_trupti\new_klamp_accounting\new_klamp_accounting\public\index.php(45): CodeIgniter\CodeIgniter->run()
#6 D:\backup_trupti\new_klamp_accounting\new_klamp_accounting\system\Commands\Server\rewrite.php(34): require_once('D:\\backup_trupt...')
#7 {main}
